01:32:52.975 [main] INFO  - log file in /home/daveroar/Graduation_Studies/ThesisWork/JRefactoring/JRefactoring-Template/results/jmeter_5.1.1/log.log
01:32:52.979 [main] INFO  - Testing refactorabiliy of clones in /home/daveroar/Graduation_Studies/ThesisWork/JRefactoring/JRefactoring-Template/results/jmeter_5.1.1/jmeter-5.1.1-deckard-50-0.95-0-selected.xls
01:32:53.827 [main] INFO  - 1%: Reading information from row 2 (Clone group ID 8, clone #1)
01:32:53.842 [main] INFO  - 1%: Generating PDG for method "testPause2True" in "org.apache.jmeter.samplers.TestSampleResult"
01:33:00.562 [main] INFO  - 1%: Reading information from row 3 (Clone group ID 8, clone #2)
01:33:00.564 [main] INFO  - 1%: Generating PDG for method "testPause2False" in "org.apache.jmeter.samplers.TestSampleResult"
01:33:00.568 [main] INFO  - 1%: Analyzing Clone #1 (Group 8, Pair 1-2): org.apache.jmeter.samplers.TestSampleResult#testPause2True (row 2) and org.apache.jmeter.samplers.TestSampleResult#testPause2False (row 3)
01:33:00.583 [main] INFO  - CDT 1 depth = 0, CDT 2 depth = 0
01:33:00.583 [main] INFO  - CDT 1 leaves = 1, CDT 2 leaves = 1
01:33:00.628 [main] INFO  - start to refactor clone pair
01:33:00.642 [main] INFO  - 2%: Reading information from row 4 (Clone group ID 36, clone #1)
01:33:00.664 [main] INFO  - 2%: Generating PDG for method "testFailSimpleParse2" in "org.apache.jmeter.protocol.http.modifier.TestAnchorModifier"
01:33:01.325 [main] INFO  - 2%: Reading information from row 5 (Clone group ID 36, clone #2)
01:33:01.328 [main] INFO  - 2%: Generating PDG for method "testSimpleParse3" in "org.apache.jmeter.protocol.http.modifier.TestAnchorModifier"
01:33:01.332 [main] INFO  - 2%: Analyzing Clone #2 (Group 36, Pair 1-2): org.apache.jmeter.protocol.http.modifier.TestAnchorModifier#testFailSimpleParse2 (row 4) and org.apache.jmeter.protocol.http.modifier.TestAnchorModifier#testSimpleParse3 (row 5)
01:33:01.347 [main] INFO  - CDT 1 depth = 0, CDT 2 depth = 0
01:33:01.348 [main] INFO  - CDT 1 leaves = 1, CDT 2 leaves = 1
01:33:01.430 [main] INFO  - start to refactor clone pair
01:33:01.431 [main] INFO  - Non refactorable CloneType: Type 3
01:33:01.431 [main] INFO  - 4%: Reading information from row 6 (Clone group ID 40, clone #1)
01:33:01.441 [main] INFO  - 4%: Generating PDG for method "testGetResult_positive_regexp" in "org.apache.jmeter.assertions.TestJSONPathAssertion"
01:33:01.510 [main] INFO  - 4%: Reading information from row 7 (Clone group ID 40, clone #2)
01:33:01.511 [main] INFO  - 4%: Generating PDG for method "testGetResult_match_msg_problem" in "org.apache.jmeter.assertions.TestJSONPathAssertion"
01:33:01.513 [main] INFO  - 4%: Analyzing Clone #3 (Group 40, Pair 1-2): org.apache.jmeter.assertions.TestJSONPathAssertion#testGetResult_positive_regexp (row 6) and org.apache.jmeter.assertions.TestJSONPathAssertion#testGetResult_match_msg_problem (row 7)
01:33:01.523 [main] INFO  - CDT 1 depth = 0, CDT 2 depth = 0
01:33:01.524 [main] INFO  - CDT 1 leaves = 1, CDT 2 leaves = 1
01:33:01.542 [main] INFO  - start to refactor clone pair
01:33:01.542 [main] INFO  - Non refactorable CloneType: Type 3
01:33:01.543 [main] INFO  - 5%: Reading information from row 8 (Clone group ID 44, clone #1)
01:33:01.550 [main] INFO  - 5%: Generating PDG for method "testProcessAllElementsSingleMatch" in "org.apache.jmeter.extractor.TestHtmlExtractorJSoup"
01:33:03.238 [main] INFO  - 5%: Reading information from row 9 (Clone group ID 44, clone #2)
01:33:03.249 [main] INFO  - 5%: Generating PDG for method "testProcessAllElementsSingleMatch" in "org.apache.jmeter.extractor.TestRegexExtractor"
01:33:03.392 [main] INFO  - 5%: Analyzing Clone #4 (Group 44, Pair 1-2): org.apache.jmeter.extractor.TestHtmlExtractorJSoup#testProcessAllElementsSingleMatch (row 8) and org.apache.jmeter.extractor.TestRegexExtractor#testProcessAllElementsSingleMatch (row 9)
01:33:03.508 [main] INFO  - CDT 1 depth = 0, CDT 2 depth = 0
01:33:03.508 [main] INFO  - CDT 1 leaves = 1, CDT 2 leaves = 1
01:33:03.718 [main] INFO  - start to refactor clone pair
01:33:03.724 [main] INFO  - non-refactored node pair with SimpleName field node: extractor  <--->  extractor  (SUBCLASS_TYPE_MISMATCH)
01:33:03.727 [main] INFO  - 7%: Reading information from row 10 (Clone group ID 60, clone #1)
01:33:03.743 [main] INFO  - 7%: Generating PDG for method "testVariable1" in "org.apache.jmeter.control.TestWhileController"
01:33:22.660 [main] INFO  - 7%: Reading information from row 11 (Clone group ID 60, clone #2)
01:33:22.661 [main] INFO  - 7%: Generating PDG for method "testVariable2" in "org.apache.jmeter.control.TestWhileController"
01:33:22.694 [main] INFO  - 7%: Analyzing Clone #5 (Group 60, Pair 1-2): org.apache.jmeter.control.TestWhileController#testVariable1 (row 10) and org.apache.jmeter.control.TestWhileController#testVariable2 (row 11)
01:33:22.705 [main] INFO  - CDT 1 depth = 2, CDT 2 depth = 2
01:33:22.706 [main] INFO  - CDT 1 leaves = 3, CDT 2 leaves = 3
01:33:22.709 [main] INFO  - Start mapping
01:33:28.648 [main] INFO  - End mapping
01:33:28.649 [main] INFO  - start to refactor clone pair
01:33:28.653 [main] INFO  - non-refactored node pair with ClassInstanceCreation node: new TestSampler("one")  <--->  simple  (SUBCLASS_TYPE_MISMATCH, TYPE_COMPATIBLE_REPLACEMENT)
01:33:28.654 [main] INFO  - 8%: Reading information from row 12 (Clone group ID 77, clone #1)
01:33:28.660 [main] INFO  - 8%: Generating PDG for method "testParseArgumentsLF" in "org.apache.jmeter.protocol.http.config.MultipartUrlConfigTest"
01:33:28.752 [main] INFO  - 8%: Reading information from row 13 (Clone group ID 77, clone #2)
01:33:28.753 [main] INFO  - 8%: Generating PDG for method "testParseArgumentsCRLF" in "org.apache.jmeter.protocol.http.config.MultipartUrlConfigTest"
01:33:28.755 [main] INFO  - 8%: Analyzing Clone #6 (Group 77, Pair 1-2): org.apache.jmeter.protocol.http.config.MultipartUrlConfigTest#testParseArgumentsLF (row 12) and org.apache.jmeter.protocol.http.config.MultipartUrlConfigTest#testParseArgumentsCRLF (row 13)
01:33:28.761 [main] INFO  - CDT 1 depth = 0, CDT 2 depth = 0
01:33:28.761 [main] INFO  - CDT 1 leaves = 1, CDT 2 leaves = 1
01:33:28.835 [main] INFO  - start to refactor clone pair
01:33:28.840 [main] INFO  - 9%: Reading information from row 14 (Clone group ID 83, clone #1)
01:33:28.857 [main] INFO  - 9%: Generating PDG for method "testOptionalArgWithSpace" in "org.apache.commons.cli.avalon.ClutilTestCase"
01:33:29.084 [main] INFO  - 9%: Reading information from row 15 (Clone group ID 83, clone #2)
01:33:29.085 [main] INFO  - 9%: Generating PDG for method "testOptionalArgLong" in "org.apache.commons.cli.avalon.ClutilTestCase"
01:33:29.094 [main] INFO  - 9%: Analyzing Clone #7 (Group 83, Pair 1-2): org.apache.commons.cli.avalon.ClutilTestCase#testOptionalArgWithSpace (row 14) and org.apache.commons.cli.avalon.ClutilTestCase#testOptionalArgLong (row 15)
01:33:29.104 [main] INFO  - CDT 1 depth = 0, CDT 2 depth = 0
01:33:29.105 [main] INFO  - CDT 1 leaves = 1, CDT 2 leaves = 1
01:33:29.147 [main] INFO  - start to refactor clone pair
01:33:29.149 [main] INFO  - non-refactored node pair with MethodInvocation node: option1.getDescriptor().getId()  <--->  CLOption.TEXT_ARGUMENT  (TYPE_COMPATIBLE_REPLACEMENT)
01:33:29.150 [main] INFO  - 11%: Reading information from row 16 (Clone group ID 105, clone #1)
01:33:29.162 [main] INFO  - 11%: Generating PDG for method "testProcessing" in "org.apache.jmeter.control.TestInterleaveControl"
01:33:30.561 [main] INFO  - 11%: Reading information from row 17 (Clone group ID 105, clone #2)
01:33:30.568 [main] INFO  - 11%: Generating PDG for method "testProcessing2" in "org.apache.jmeter.control.TestOnceOnlyController"
01:33:30.603 [main] INFO  - 11%: Analyzing Clone #8 (Group 105, Pair 1-2): org.apache.jmeter.control.TestInterleaveControl#testProcessing (row 16) and org.apache.jmeter.control.TestOnceOnlyController#testProcessing2 (row 17)
01:33:30.618 [main] INFO  - CDT 1 depth = 3, CDT 2 depth = 3
01:33:30.618 [main] INFO  - CDT 1 leaves = 2, CDT 2 leaves = 3
01:33:30.619 [main] INFO  - Start mapping
01:33:30.857 [main] INFO  - End mapping
01:33:30.857 [main] INFO  - start to refactor clone pair
01:33:30.857 [main] INFO  - Non refactorable CloneType: Type 3
01:33:30.857 [main] INFO  - 12%: Reading information from row 18 (Clone group ID 160, clone #1)
01:33:30.869 [main] INFO  - 12%: Generating PDG for method "testProcessingTrue" in "org.apache.jmeter.control.TestIfController"
01:33:38.535 [main] INFO  - 12%: Reading information from row 19 (Clone group ID 160, clone #2)
01:33:38.535 [main] INFO  - 12%: Generating PDG for method "testProcessingTrueWithExpression" in "org.apache.jmeter.control.TestIfController"
01:33:38.572 [main] INFO  - 12%: Analyzing Clone #9 (Group 160, Pair 1-2): org.apache.jmeter.control.TestIfController#testProcessingTrue (row 18) and org.apache.jmeter.control.TestIfController#testProcessingTrueWithExpression (row 19)
01:33:38.582 [main] INFO  - CDT 1 depth = 1, CDT 2 depth = 1
01:33:38.582 [main] INFO  - CDT 1 leaves = 1, CDT 2 leaves = 1
01:33:38.583 [main] INFO  - Start mapping
01:33:38.958 [main] INFO  - End mapping
01:33:38.959 [main] INFO  - start to refactor clone pair
01:33:38.959 [main] INFO  - Non refactorable CloneType: Type 3
01:33:38.959 [main] INFO  - 14%: Reading information from row 20 (Clone group ID 163, clone #1)
01:33:38.969 [main] INFO  - 14%: Generating PDG for method "testVariableExtraction7" in "org.apache.jmeter.extractor.TestRegexExtractor"
01:33:40.039 [main] INFO  - 14%: Reading information from row 21 (Clone group ID 163, clone #2)
01:33:40.040 [main] INFO  - 14%: Generating PDG for method "testVariableExtraction9" in "org.apache.jmeter.extractor.TestRegexExtractor"
01:33:40.041 [main] INFO  - 14%: Analyzing Clone #10 (Group 163, Pair 1-2): org.apache.jmeter.extractor.TestRegexExtractor#testVariableExtraction7 (row 20) and org.apache.jmeter.extractor.TestRegexExtractor#testVariableExtraction9 (row 21)
01:33:40.050 [main] INFO  - CDT 1 depth = 0, CDT 2 depth = 0
01:33:40.050 [main] INFO  - CDT 1 leaves = 1, CDT 2 leaves = 1
01:33:40.089 [main] INFO  - start to refactor clone pair
01:33:40.090 [main] ERROR - CloneStructure has PDG gap node.
01:33:40.090 [main] INFO  - 15%: Reading information from row 22 (Clone group ID 165, clone #1)
01:33:40.101 [main] INFO  - 15%: Generating PDG for method "testOptionalArgLongEquals" in "org.apache.commons.cli.avalon.ClutilTestCase"
01:33:40.566 [main] INFO  - 15%: Reading information from row 23 (Clone group ID 165, clone #2)
01:33:40.567 [main] INFO  - 15%: Generating PDG for method "testShortOptArgUnenteredBeforeOtherOpt" in "org.apache.commons.cli.avalon.ClutilTestCase"
01:33:40.571 [main] INFO  - 15%: Analyzing Clone #11 (Group 165, Pair 1-2): org.apache.commons.cli.avalon.ClutilTestCase#testOptionalArgLongEquals (row 22) and org.apache.commons.cli.avalon.ClutilTestCase#testShortOptArgUnenteredBeforeOtherOpt (row 23)
01:33:40.580 [main] INFO  - CDT 1 depth = 0, CDT 2 depth = 0
01:33:40.580 [main] INFO  - CDT 1 leaves = 1, CDT 2 leaves = 1
01:33:40.599 [main] INFO  - start to refactor clone pair
01:33:40.600 [main] ERROR - CloneStructure has PDG gap node.
01:33:40.600 [main] INFO  - 17%: Reading information from row 24 (Clone group ID 180, clone #1)
01:33:40.610 [main] INFO  - 17%: Generating PDG for method "setUp" in "org.apache.jmeter.functions.TestTimeRandomDateFunction"
01:33:40.687 [main] INFO  - 17%: Reading information from row 25 (Clone group ID 180, clone #2)
01:33:40.699 [main] INFO  - 17%: Generating PDG for method "setUp" in "org.apache.jmeter.functions.TestTimeShiftFunction"
01:33:40.708 [main] INFO  - 17%: Analyzing Clone #12 (Group 180, Pair 1-2): org.apache.jmeter.functions.TestTimeRandomDateFunction#setUp (row 24) and org.apache.jmeter.functions.TestTimeShiftFunction#setUp (row 25)
01:33:40.726 [main] INFO  - CDT 1 depth = 0, CDT 2 depth = 0
01:33:40.726 [main] INFO  - CDT 1 leaves = 1, CDT 2 leaves = 1
01:33:41.189 [main] INFO  - start to refactor clone pair
01:33:41.190 [main] INFO  - Containing unrefactorable private field access: jmctx
01:33:41.190 [main] INFO  - Containing unrefactorable private field access: vars
01:33:41.190 [main] INFO  - Containing unrefactorable private field access: jmctx
01:33:41.190 [main] INFO  - Containing unrefactorable private field access: vars
01:33:41.190 [main] INFO  - Containing unrefactorable private field access: result
01:33:41.190 [main] INFO  - Containing unrefactorable private field access: jmctx
01:33:41.190 [main] INFO  - Containing unrefactorable private field access: result
01:33:41.191 [main] INFO  - Containing unrefactorable private field access: function
01:33:41.191 [main] INFO  - non-refactored node pair with SimpleName field node: function  <--->  function  (SUBCLASS_TYPE_MISMATCH)
01:33:41.191 [main] INFO  - 18%: Reading information from row 26 (Clone group ID 201, clone #1)
01:33:41.200 [main] INFO  - 18%: Generating PDG for method "testisEqualOrMatches" in "org.apache.jmeter.protocol.http.parser.TestHtmlParsingUtils"
01:33:41.237 [main] INFO  - 18%: Reading information from row 27 (Clone group ID 201, clone #2)
01:33:41.238 [main] INFO  - 18%: Generating PDG for method "testisEqualOrMatchesCaseBlind" in "org.apache.jmeter.protocol.http.parser.TestHtmlParsingUtils"
01:33:41.238 [main] INFO  - 18%: Analyzing Clone #13 (Group 201, Pair 1-2): org.apache.jmeter.protocol.http.parser.TestHtmlParsingUtils#testisEqualOrMatches (row 26) and org.apache.jmeter.protocol.http.parser.TestHtmlParsingUtils#testisEqualOrMatchesCaseBlind (row 27)
01:33:41.247 [main] INFO  - CDT 1 depth = 0, CDT 2 depth = 0
01:33:41.247 [main] INFO  - CDT 1 leaves = 1, CDT 2 leaves = 1
01:33:41.265 [main] INFO  - start to refactor clone pair
01:33:41.267 [main] INFO  - 20%: Reading information from row 28 (Clone group ID 203, clone #1)
01:33:41.280 [main] INFO  - 20%: Generating PDG for method "testSignerEmail" in "org.apache.jmeter.assertions.SMIMEAssertionTest"
01:33:41.408 [main] INFO  - 20%: Reading information from row 29 (Clone group ID 203, clone #2)
01:33:41.409 [main] INFO  - 20%: Generating PDG for method "testSignerSerial" in "org.apache.jmeter.assertions.SMIMEAssertionTest"
01:33:41.409 [main] INFO  - 20%: Analyzing Clone #14 (Group 203, Pair 1-2): org.apache.jmeter.assertions.SMIMEAssertionTest#testSignerEmail (row 28) and org.apache.jmeter.assertions.SMIMEAssertionTest#testSignerSerial (row 29)
01:33:41.418 [main] INFO  - CDT 1 depth = 0, CDT 2 depth = 0
01:33:41.418 [main] INFO  - CDT 1 leaves = 1, CDT 2 leaves = 1
01:33:41.429 [main] INFO  - start to refactor clone pair
01:33:41.430 [main] INFO  - 21%: Reading information from row 30 (Clone group ID 210, clone #1)
01:33:41.437 [main] INFO  - 21%: Generating PDG for method "testDateConvertErrorFormat" in "org.apache.jmeter.functions.TestDateTimeConvertFunction"
01:33:54.953 [main] INFO  - 21%: Reading information from row 31 (Clone group ID 210, clone #2)
01:33:54.953 [main] INFO  - 21%: Generating PDG for method "testDateConvertDateError" in "org.apache.jmeter.functions.TestDateTimeConvertFunction"
01:34:00.789 [main] INFO  - 21%: Analyzing Clone #15 (Group 210, Pair 1-2): org.apache.jmeter.functions.TestDateTimeConvertFunction#testDateConvertErrorFormat (row 30) and org.apache.jmeter.functions.TestDateTimeConvertFunction#testDateConvertDateError (row 31)
01:34:00.796 [main] INFO  - CDT 1 depth = 0, CDT 2 depth = 0
01:34:00.796 [main] INFO  - CDT 1 leaves = 1, CDT 2 leaves = 1
01:34:00.831 [main] INFO  - start to refactor clone pair
01:34:00.833 [main] INFO  - 23%: Reading information from row 32 (Clone group ID 214, clone #1)
01:34:00.841 [main] INFO  - 23%: Generating PDG for method "testSplitStringStringFalseTruncate" in "org.apache.jorphan.util.TestJorphanUtils"
01:34:00.850 [main] INFO  - 23%: Reading information from row 33 (Clone group ID 214, clone #2)
01:34:00.850 [main] INFO  - 23%: Generating PDG for method "testSplitStringStringFalseDoubledSplitChar" in "org.apache.jorphan.util.TestJorphanUtils"
01:34:00.851 [main] INFO  - 23%: Analyzing Clone #16 (Group 214, Pair 1-2): org.apache.jorphan.util.TestJorphanUtils#testSplitStringStringFalseTruncate (row 32) and org.apache.jorphan.util.TestJorphanUtils#testSplitStringStringFalseDoubledSplitChar (row 33)
01:34:00.859 [main] INFO  - CDT 1 depth = 0, CDT 2 depth = 0
01:34:00.859 [main] INFO  - CDT 1 leaves = 1, CDT 2 leaves = 1
01:34:00.861 [main] INFO  - start to refactor clone pair
01:34:00.862 [main] INFO  - 24%: Reading information from row 34 (Clone group ID 227, clone #1)
01:34:00.866 [main] INFO  - 24%: Generating PDG for method "testGetCalendarObjectCalendarWithValidStringAndNullDefault" in "org.apache.jorphan.util.TestConverter"
01:34:01.308 [main] INFO  - 24%: Reading information from row 35 (Clone group ID 227, clone #2)
01:34:01.309 [main] INFO  - 24%: Generating PDG for method "testGetDateObjectDateWithValidStringAndNullDefault" in "org.apache.jorphan.util.TestConverter"
01:34:01.311 [main] INFO  - 24%: Analyzing Clone #17 (Group 227, Pair 1-2): org.apache.jorphan.util.TestConverter#testGetCalendarObjectCalendarWithValidStringAndNullDefault (row 34) and org.apache.jorphan.util.TestConverter#testGetDateObjectDateWithValidStringAndNullDefault (row 35)
01:34:01.316 [main] INFO  - CDT 1 depth = 1, CDT 2 depth = 1
01:34:01.316 [main] INFO  - CDT 1 leaves = 1, CDT 2 leaves = 1
01:34:01.317 [main] INFO  - Start mapping
01:34:01.338 [main] INFO  - End mapping
01:34:01.339 [main] INFO  - start to refactor clone pair
01:34:01.340 [main] ERROR - CloneStructure has PDG gap node.
01:34:01.340 [main] INFO  - 26%: Reading information from row 36 (Clone group ID 233, clone #1)
01:34:01.347 [main] INFO  - 26%: Generating PDG for method "checkResetOkAndAllStats" in "org.apache.jmeter.visualizers.backend.SamplerMetricTimedModeTest"
01:34:02.277 [main] INFO  - 26%: Reading information from row 37 (Clone group ID 233, clone #2)
01:34:02.277 [main] INFO  - 26%: Generating PDG for method "checkResetKoAndAllStats" in "org.apache.jmeter.visualizers.backend.SamplerMetricTimedModeTest"
01:34:02.278 [main] INFO  - 26%: Analyzing Clone #18 (Group 233, Pair 1-2): org.apache.jmeter.visualizers.backend.SamplerMetricTimedModeTest#checkResetOkAndAllStats (row 36) and org.apache.jmeter.visualizers.backend.SamplerMetricTimedModeTest#checkResetKoAndAllStats (row 37)
01:34:02.283 [main] INFO  - CDT 1 depth = 0, CDT 2 depth = 0
01:34:02.283 [main] INFO  - CDT 1 leaves = 1, CDT 2 leaves = 1
01:34:02.315 [main] INFO  - start to refactor clone pair
01:34:02.316 [main] INFO  - 27%: Reading information from row 38 (Clone group ID 234, clone #1)
01:34:02.326 [main] INFO  - 27%: Generating PDG for method "testProcessing4" in "org.apache.jmeter.control.TestInterleaveControl"
01:34:04.108 [main] INFO  - 27%: Reading information from row 39 (Clone group ID 234, clone #2)
01:34:04.108 [main] INFO  - 27%: Generating PDG for method "testProcessing5" in "org.apache.jmeter.control.TestInterleaveControl"
01:34:04.135 [main] INFO  - 27%: Analyzing Clone #19 (Group 234, Pair 1-2): org.apache.jmeter.control.TestInterleaveControl#testProcessing4 (row 38) and org.apache.jmeter.control.TestInterleaveControl#testProcessing5 (row 39)
01:34:04.143 [main] INFO  - CDT 1 depth = 2, CDT 2 depth = 2
01:34:04.143 [main] INFO  - CDT 1 leaves = 1, CDT 2 leaves = 1
01:34:04.144 [main] INFO  - Start mapping
01:34:04.194 [main] INFO  - End mapping
01:34:04.194 [main] INFO  - start to refactor clone pair
01:34:04.196 [main] INFO  - 28%: Reading information from row 40 (Clone group ID 247, clone #1)
01:34:04.201 [main] INFO  - 28%: Generating PDG for method "testGetQueryMapAmpInValue" in "org.apache.jmeter.protocol.http.visualizers.RequestViewHTTPTest"
01:34:04.260 [main] INFO  - 28%: Reading information from row 41 (Clone group ID 247, clone #2)
01:34:04.261 [main] INFO  - 28%: Generating PDG for method "testGetQueryMapBug54055" in "org.apache.jmeter.protocol.http.visualizers.RequestViewHTTPTest"
01:34:04.272 [main] INFO  - 28%: Analyzing Clone #20 (Group 247, Pair 1-2): org.apache.jmeter.protocol.http.visualizers.RequestViewHTTPTest#testGetQueryMapAmpInValue (row 40) and org.apache.jmeter.protocol.http.visualizers.RequestViewHTTPTest#testGetQueryMapBug54055 (row 41)
01:34:04.277 [main] INFO  - CDT 1 depth = 0, CDT 2 depth = 0
01:34:04.277 [main] INFO  - CDT 1 leaves = 1, CDT 2 leaves = 1
01:34:04.299 [main] INFO  - start to refactor clone pair
01:34:04.301 [main] INFO  - 30%: Reading information from row 42 (Clone group ID 254, clone #1)
01:34:04.301 [main] INFO  - 30%: Generating PDG for method "testGetQueryMapValueContainingAmpersand" in "org.apache.jmeter.protocol.http.visualizers.RequestViewHTTPTest"
01:34:04.326 [main] INFO  - 30%: Reading information from row 43 (Clone group ID 254, clone #2)
01:34:04.327 [main] INFO  - 30%: Generating PDG for method "testGetQueryMapWithEmptyValue" in "org.apache.jmeter.protocol.http.visualizers.RequestViewHTTPTest"
01:34:04.336 [main] INFO  - 30%: Analyzing Clone #21 (Group 254, Pair 1-2): org.apache.jmeter.protocol.http.visualizers.RequestViewHTTPTest#testGetQueryMapValueContainingAmpersand (row 42) and org.apache.jmeter.protocol.http.visualizers.RequestViewHTTPTest#testGetQueryMapWithEmptyValue (row 43)
01:34:04.340 [main] INFO  - CDT 1 depth = 0, CDT 2 depth = 0
01:34:04.340 [main] INFO  - CDT 1 leaves = 1, CDT 2 leaves = 1
01:34:04.350 [main] INFO  - start to refactor clone pair
01:34:04.352 [main] INFO  - 31%: Reading information from row 44 (Clone group ID 255, clone #1)
01:34:04.368 [main] INFO  - 31%: Generating PDG for method "testSimpleFormParse" in "org.apache.jmeter.protocol.http.modifier.TestAnchorModifier"
01:34:04.520 [main] INFO  - 31%: Reading information from row 45 (Clone group ID 255, clone #2)
01:34:04.521 [main] INFO  - 31%: Generating PDG for method "testBadCharParse" in "org.apache.jmeter.protocol.http.modifier.TestAnchorModifier"
01:34:04.523 [main] INFO  - 31%: Analyzing Clone #22 (Group 255, Pair 1-2): org.apache.jmeter.protocol.http.modifier.TestAnchorModifier#testSimpleFormParse (row 44) and org.apache.jmeter.protocol.http.modifier.TestAnchorModifier#testBadCharParse (row 45)
01:34:04.536 [main] INFO  - CDT 1 depth = 0, CDT 2 depth = 0
01:34:04.536 [main] INFO  - CDT 1 leaves = 1, CDT 2 leaves = 1
01:34:04.548 [main] INFO  - start to refactor clone pair
01:34:04.549 [main] INFO  - 33%: Reading information from row 46 (Clone group ID 260, clone #1)
01:34:04.555 [main] INFO  - 33%: Generating PDG for method "SFFTest2" in "org.apache.jmeter.functions.StringFromFileFunctionTest"
01:34:04.591 [main] INFO  - 33%: Reading information from row 47 (Clone group ID 260, clone #2)
01:34:04.592 [main] INFO  - 33%: Generating PDG for method "SFFTest3" in "org.apache.jmeter.functions.StringFromFileFunctionTest"
01:34:04.593 [main] INFO  - 33%: Analyzing Clone #23 (Group 260, Pair 1-2): org.apache.jmeter.functions.StringFromFileFunctionTest#SFFTest2 (row 46) and org.apache.jmeter.functions.StringFromFileFunctionTest#SFFTest3 (row 47)
01:34:04.599 [main] INFO  - CDT 1 depth = 0, CDT 2 depth = 0
01:34:04.599 [main] INFO  - CDT 1 leaves = 1, CDT 2 leaves = 1
01:34:04.783 [main] INFO  - start to refactor clone pair
01:34:04.784 [main] INFO  - non-refactored node pair with NullLiteral node: null  <--->  ""  (TYPE_COMPATIBLE_REPLACEMENT)
01:34:04.784 [main] INFO  - non-refactored node pair with NullLiteral node: null  <--->  ""  (TYPE_COMPATIBLE_REPLACEMENT)
01:34:04.784 [main] INFO  - 34%: Reading information from row 48 (Clone group ID 261, clone #1)
01:34:04.793 [main] INFO  - 34%: Generating PDG for method "testDefault" in "org.apache.jmeter.functions.TestTimeRandomDateFunction"
01:36:17.848 [main] INFO  - 34%: Reading information from row 49 (Clone group ID 261, clone #2)
01:36:17.849 [main] INFO  - 34%: Generating PDG for method "testFormatDate" in "org.apache.jmeter.functions.TestTimeRandomDateFunction"
01:36:17.852 [main] INFO  - 34%: Analyzing Clone #24 (Group 261, Pair 1-2): org.apache.jmeter.functions.TestTimeRandomDateFunction#testDefault (row 48) and org.apache.jmeter.functions.TestTimeRandomDateFunction#testFormatDate (row 49)
01:36:17.860 [main] INFO  - CDT 1 depth = 0, CDT 2 depth = 0
01:36:17.861 [main] INFO  - CDT 1 leaves = 1, CDT 2 leaves = 1
01:36:17.878 [main] INFO  - start to refactor clone pair
01:36:17.879 [main] INFO  - 36%: Reading information from row 50 (Clone group ID 262, clone #1)
01:36:17.885 [main] INFO  - 36%: Generating PDG for method "testProcessAllElementsMultipleMatches" in "org.apache.jmeter.extractor.TestHtmlExtractorJSoup"
01:36:17.996 [main] INFO  - 36%: Reading information from row 51 (Clone group ID 262, clone #2)
01:36:18.005 [main] INFO  - 36%: Generating PDG for method "testProcessAllElementsMultipleMatches" in "org.apache.jmeter.extractor.TestRegexExtractor"
01:36:18.052 [main] INFO  - 36%: Analyzing Clone #25 (Group 262, Pair 1-2): org.apache.jmeter.extractor.TestHtmlExtractorJSoup#testProcessAllElementsMultipleMatches (row 50) and org.apache.jmeter.extractor.TestRegexExtractor#testProcessAllElementsMultipleMatches (row 51)
01:36:18.067 [main] INFO  - CDT 1 depth = 0, CDT 2 depth = 0
01:36:18.067 [main] INFO  - CDT 1 leaves = 1, CDT 2 leaves = 1
01:36:18.132 [main] INFO  - start to refactor clone pair
01:36:18.133 [main] INFO  - non-refactored node pair with SimpleName field node: extractor  <--->  extractor  (SUBCLASS_TYPE_MISMATCH)
01:36:18.134 [main] INFO  - 37%: Reading information from row 52 (Clone group ID 280, clone #1)
01:36:18.138 [main] INFO  - 37%: Generating PDG for method "testExcludeFiles" in "org.apache.jmeter.protocol.http.util.accesslog.TestLogFilter"
01:36:18.183 [main] INFO  - 37%: Reading information from row 53 (Clone group ID 280, clone #2)
01:36:18.184 [main] INFO  - 37%: Generating PDG for method "testIncludeFiles" in "org.apache.jmeter.protocol.http.util.accesslog.TestLogFilter"
01:36:18.185 [main] INFO  - 37%: Analyzing Clone #26 (Group 280, Pair 1-2): org.apache.jmeter.protocol.http.util.accesslog.TestLogFilter#testExcludeFiles (row 52) and org.apache.jmeter.protocol.http.util.accesslog.TestLogFilter#testIncludeFiles (row 53)
01:36:18.189 [main] INFO  - CDT 1 depth = 2, CDT 2 depth = 2
01:36:18.189 [main] INFO  - CDT 1 leaves = 2, CDT 2 leaves = 2
01:36:18.189 [main] INFO  - Start mapping
01:36:18.199 [main] INFO  - End mapping
01:36:18.199 [main] INFO  - start to refactor clone pair
01:36:18.200 [main] INFO  - 39%: Reading information from row 54 (Clone group ID 282, clone #1)
01:36:18.216 [main] INFO  - 39%: Generating PDG for method "testParse1" in "org.apache.jmeter.protocol.http.proxy.TestHttpRequestHdr"
01:36:18.283 [main] INFO  - 39%: Reading information from row 55 (Clone group ID 282, clone #2)
01:36:18.284 [main] INFO  - 39%: Generating PDG for method "testParse2" in "org.apache.jmeter.protocol.http.proxy.TestHttpRequestHdr"
01:36:18.285 [main] INFO  - 39%: Analyzing Clone #27 (Group 282, Pair 1-2): org.apache.jmeter.protocol.http.proxy.TestHttpRequestHdr#testParse1 (row 54) and org.apache.jmeter.protocol.http.proxy.TestHttpRequestHdr#testParse2 (row 55)
01:36:18.300 [main] INFO  - CDT 1 depth = 0, CDT 2 depth = 0
01:36:18.300 [main] INFO  - CDT 1 leaves = 1, CDT 2 leaves = 1
01:36:18.305 [main] INFO  - start to refactor clone pair
01:36:18.306 [main] INFO  - continue to resolve inner expression diff without creating new adapter action
01:36:18.307 [main] INFO  - 40%: Reading information from row 56 (Clone group ID 284, clone #1)
01:36:18.317 [main] INFO  - 40%: Generating PDG for method "testAssertionNoResult" in "org.apache.jmeter.assertions.XPathAssertionTest"
01:36:18.434 [main] INFO  - 40%: Reading information from row 57 (Clone group ID 284, clone #2)
01:36:18.435 [main] INFO  - 40%: Generating PDG for method "testAssertionEmptyResult" in "org.apache.jmeter.assertions.XPathAssertionTest"
01:36:18.436 [main] INFO  - 40%: Analyzing Clone #28 (Group 284, Pair 1-2): org.apache.jmeter.assertions.XPathAssertionTest#testAssertionNoResult (row 56) and org.apache.jmeter.assertions.XPathAssertionTest#testAssertionEmptyResult (row 57)
01:36:18.446 [main] INFO  - CDT 1 depth = 0, CDT 2 depth = 0
01:36:18.446 [main] INFO  - CDT 1 leaves = 1, CDT 2 leaves = 1
01:36:18.457 [main] INFO  - start to refactor clone pair
01:36:18.457 [main] ERROR - CloneStructure has PDG gap node.
01:36:18.457 [main] INFO  - 42%: Reading information from row 58 (Clone group ID 286, clone #1)
01:36:18.467 [main] INFO  - 42%: Generating PDG for method "testAssertionEmptyResult" in "org.apache.jmeter.assertions.XMLSchemaAssertionTest"
01:36:18.504 [main] INFO  - 42%: Reading information from row 59 (Clone group ID 286, clone #2)
01:36:18.504 [main] INFO  - 42%: Generating PDG for method "testAssertionNoFile" in "org.apache.jmeter.assertions.XMLSchemaAssertionTest"
01:36:18.505 [main] INFO  - 42%: Analyzing Clone #29 (Group 286, Pair 1-2): org.apache.jmeter.assertions.XMLSchemaAssertionTest#testAssertionEmptyResult (row 58) and org.apache.jmeter.assertions.XMLSchemaAssertionTest#testAssertionNoFile (row 59)
01:36:18.514 [main] INFO  - CDT 1 depth = 0, CDT 2 depth = 0
01:36:18.514 [main] INFO  - CDT 1 leaves = 1, CDT 2 leaves = 1
01:36:18.543 [main] INFO  - start to refactor clone pair
01:36:18.544 [main] INFO  - non-refactored node pair with MethodInvocation node: result.setResponseData("",null)  <--->  result.setResponseData(readFile("testfiles/XMLSchematest.xml"))  (ARGUMENT_NUMBER_MISMATCH)
01:36:18.544 [main] INFO  - 43%: Reading information from row 60 (Clone group ID 296, clone #1)
01:36:18.558 [main] INFO  - 43%: Generating PDG for method "testFailSimpleParse1" in "org.apache.jmeter.protocol.http.modifier.TestAnchorModifier"
01:36:18.685 [main] INFO  - 43%: Reading information from row 61 (Clone group ID 296, clone #2)
01:36:18.686 [main] INFO  - 43%: Generating PDG for method "testFailSimpleParse3" in "org.apache.jmeter.protocol.http.modifier.TestAnchorModifier"
01:36:18.687 [main] INFO  - 43%: Analyzing Clone #30 (Group 296, Pair 1-2): org.apache.jmeter.protocol.http.modifier.TestAnchorModifier#testFailSimpleParse1 (row 60) and org.apache.jmeter.protocol.http.modifier.TestAnchorModifier#testFailSimpleParse3 (row 61)
01:36:18.702 [main] INFO  - CDT 1 depth = 0, CDT 2 depth = 0
01:36:18.702 [main] INFO  - CDT 1 leaves = 1, CDT 2 leaves = 1
01:36:18.709 [main] INFO  - start to refactor clone pair
01:36:18.710 [main] INFO  - non-refactored node pair with SimpleName node: newUrl  <--->  newUrl + "?param1=value1"  (TYPE_COMPATIBLE_REPLACEMENT)
01:36:18.710 [main] INFO  - 45%: Reading information from row 62 (Clone group ID 299, clone #1)
01:36:18.719 [main] INFO  - 45%: Generating PDG for method "testDefault" in "org.apache.jmeter.functions.TestTimeShiftFunction"
01:38:16.144 [main] INFO  - 45%: Reading information from row 63 (Clone group ID 299, clone #2)
01:38:16.144 [main] INFO  - 45%: Generating PDG for method "testWrongAmountToAdd" in "org.apache.jmeter.functions.TestTimeShiftFunction"
01:38:16.147 [main] INFO  - 45%: Analyzing Clone #31 (Group 299, Pair 1-2): org.apache.jmeter.functions.TestTimeShiftFunction#testDefault (row 62) and org.apache.jmeter.functions.TestTimeShiftFunction#testWrongAmountToAdd (row 63)
01:38:16.155 [main] INFO  - CDT 1 depth = 0, CDT 2 depth = 0
01:38:16.155 [main] INFO  - CDT 1 leaves = 1, CDT 2 leaves = 1
01:38:16.167 [main] INFO  - start to refactor clone pair
01:38:16.169 [main] INFO  - 46%: Reading information from row 64 (Clone group ID 300, clone #1)
01:38:16.180 [main] INFO  - 46%: Generating PDG for method "testNonXmlDocument" in "org.apache.jmeter.extractor.TestXPathExtractor"
01:38:17.610 [main] INFO  - 46%: Reading information from row 65 (Clone group ID 300, clone #2)
01:38:17.610 [main] INFO  - 46%: Generating PDG for method "testInvalidDocument" in "org.apache.jmeter.extractor.TestXPathExtractor"
01:38:17.611 [main] INFO  - 46%: Analyzing Clone #32 (Group 300, Pair 1-2): org.apache.jmeter.extractor.TestXPathExtractor#testNonXmlDocument (row 64) and org.apache.jmeter.extractor.TestXPathExtractor#testInvalidDocument (row 65)
01:38:17.618 [main] INFO  - CDT 1 depth = 0, CDT 2 depth = 0
01:38:17.618 [main] INFO  - CDT 1 leaves = 1, CDT 2 leaves = 1
01:38:17.649 [main] INFO  - start to refactor clone pair
01:38:17.650 [main] INFO  - non-refactored node pair with MethodInvocation node: org.junit.Assert.assertTrue(result.getAssertionResults()[0].getFailureMessage().contains("Content is not allowed in prolog"))  <--->  org.junit.Assert.assertThat(result.getAssertionResults()[0].getFailureMessage(),CoreMatchers.containsString("XML document structures must start and end within the same entity"))  (ARGUMENT_NUMBER_MISMATCH)
01:38:17.650 [main] INFO  - 47%: Reading information from row 66 (Clone group ID 312, clone #1)
01:38:17.656 [main] INFO  - 47%: Generating PDG for method "testInsideInnerLoop" in "org.apache.jmeter.control.TestOnceOnlyController"
01:38:18.625 [main] INFO  - 47%: Reading information from row 67 (Clone group ID 312, clone #2)
01:38:18.626 [main] INFO  - 47%: Generating PDG for method "testInOuterLoop" in "org.apache.jmeter.control.TestOnceOnlyController"
01:38:18.653 [main] INFO  - 47%: Analyzing Clone #33 (Group 312, Pair 1-2): org.apache.jmeter.control.TestOnceOnlyController#testInsideInnerLoop (row 66) and org.apache.jmeter.control.TestOnceOnlyController#testInOuterLoop (row 67)
01:38:18.659 [main] INFO  - CDT 1 depth = 1, CDT 2 depth = 1
01:38:18.659 [main] INFO  - CDT 1 leaves = 2, CDT 2 leaves = 2
01:38:18.661 [main] INFO  - Start mapping
01:38:18.748 [main] INFO  - End mapping
01:38:18.749 [main] INFO  - start to refactor clone pair
01:38:18.749 [main] INFO  - Non refactorable CloneType: Type 3
01:38:18.749 [main] INFO  - 49%: Reading information from row 68 (Clone group ID 325, clone #1)
01:38:18.764 [main] INFO  - 49%: Generating PDG for method "testBug56358" in "org.apache.jmeter.protocol.http.control.TestHC4CookieManager"
01:38:18.920 [main] INFO  - 49%: Reading information from row 69 (Clone group ID 325, clone #2)
01:38:18.920 [main] INFO  - 49%: Generating PDG for method "testAddCookieFromHeaderWithWildcard2" in "org.apache.jmeter.protocol.http.control.TestHC4CookieManager"
01:38:18.922 [main] INFO  - 49%: Analyzing Clone #34 (Group 325, Pair 1-2): org.apache.jmeter.protocol.http.control.TestHC4CookieManager#testBug56358 (row 68) and org.apache.jmeter.protocol.http.control.TestHC4CookieManager#testAddCookieFromHeaderWithWildcard2 (row 69)
01:38:18.937 [main] INFO  - CDT 1 depth = 1, CDT 2 depth = 1
01:38:18.937 [main] INFO  - CDT 1 leaves = 1, CDT 2 leaves = 1
01:38:18.939 [main] INFO  - Start mapping
01:38:18.951 [main] INFO  - End mapping
01:38:18.951 [main] INFO  - start to refactor clone pair
01:38:18.951 [main] INFO  - Non refactorable CloneType: Type 3
01:38:18.951 [main] INFO  - 50%: Reading information from row 70 (Clone group ID 328, clone #1)
01:38:18.959 [main] INFO  - 50%: Generating PDG for method "checkMoveRow_from_5_11_to_0" in "org.apache.jorphan.gui.ObjectTableModelTest"
01:38:19.112 [main] INFO  - 50%: Reading information from row 71 (Clone group ID 328, clone #2)
01:38:19.112 [main] INFO  - 50%: Generating PDG for method "checkMoveRow_from_0_6_to_10" in "org.apache.jorphan.gui.ObjectTableModelTest"
01:38:19.113 [main] INFO  - 50%: Analyzing Clone #35 (Group 328, Pair 1-2): org.apache.jorphan.gui.ObjectTableModelTest#checkMoveRow_from_5_11_to_0 (row 70) and org.apache.jorphan.gui.ObjectTableModelTest#checkMoveRow_from_0_6_to_10 (row 71)
01:38:19.119 [main] INFO  - CDT 1 depth = 1, CDT 2 depth = 1
01:38:19.119 [main] INFO  - CDT 1 leaves = 1, CDT 2 leaves = 1
01:38:19.119 [main] INFO  - Start mapping
01:38:19.129 [main] INFO  - End mapping
01:38:19.129 [main] INFO  - start to refactor clone pair
01:38:19.130 [main] INFO  - 52%: Reading information from row 72 (Clone group ID 333, clone #1)
01:38:19.141 [main] INFO  - 52%: Generating PDG for method "testExpiresBug59962" in "org.apache.jmeter.protocol.http.control.TestCacheManagerBase"
01:38:19.328 [main] INFO  - 52%: Reading information from row 73 (Clone group ID 333, clone #2)
01:38:19.329 [main] INFO  - 52%: Generating PDG for method "testExpires" in "org.apache.jmeter.protocol.http.control.TestCacheManagerBase"
01:38:19.330 [main] INFO  - 52%: Analyzing Clone #36 (Group 333, Pair 1-2): org.apache.jmeter.protocol.http.control.TestCacheManagerBase#testExpiresBug59962 (row 72) and org.apache.jmeter.protocol.http.control.TestCacheManagerBase#testExpires (row 73)
01:38:19.341 [main] INFO  - CDT 1 depth = 0, CDT 2 depth = 0
01:38:19.341 [main] INFO  - CDT 1 leaves = 1, CDT 2 leaves = 1
01:38:19.352 [main] INFO  - start to refactor clone pair
01:38:19.352 [main] ERROR - CloneStructure has PDG gap node.
01:38:19.352 [main] INFO  - 53%: Reading information from row 74 (Clone group ID 337, clone #1)
01:38:19.364 [main] INFO  - 53%: Generating PDG for method "testProcessAllElementsMultipleMatches" in "org.apache.jmeter.extractor.TestJSONPostProcessor"
01:38:19.440 [main] INFO  - 53%: Reading information from row 75 (Clone group ID 337, clone #2)
01:38:19.440 [main] INFO  - 53%: Generating PDG for method "testProcessAllElementsOneMatch" in "org.apache.jmeter.extractor.TestJSONPostProcessor"
01:38:19.441 [main] INFO  - 53%: Analyzing Clone #37 (Group 337, Pair 1-2): org.apache.jmeter.extractor.TestJSONPostProcessor#testProcessAllElementsMultipleMatches (row 74) and org.apache.jmeter.extractor.TestJSONPostProcessor#testProcessAllElementsOneMatch (row 75)
01:38:19.451 [main] INFO  - CDT 1 depth = 0, CDT 2 depth = 0
01:38:19.451 [main] INFO  - CDT 1 leaves = 1, CDT 2 leaves = 1
01:38:19.470 [main] INFO  - start to refactor clone pair
01:38:19.470 [main] ERROR - CloneStructure has PDG gap node.
01:38:19.470 [main] INFO  - 55%: Reading information from row 76 (Clone group ID 340, clone #1)
01:38:19.480 [main] INFO  - 55%: Generating PDG for method "test2ArgsParse2" in "org.apache.commons.cli.avalon.ClutilTestCase"
01:38:19.887 [main] INFO  - 55%: Reading information from row 77 (Clone group ID 340, clone #2)
01:38:19.887 [main] INFO  - 55%: Generating PDG for method "test2ArgsParse3" in "org.apache.commons.cli.avalon.ClutilTestCase"
01:38:19.890 [main] INFO  - 55%: Analyzing Clone #38 (Group 340, Pair 1-2): org.apache.commons.cli.avalon.ClutilTestCase#test2ArgsParse2 (row 76) and org.apache.commons.cli.avalon.ClutilTestCase#test2ArgsParse3 (row 77)
01:38:19.899 [main] INFO  - CDT 1 depth = 0, CDT 2 depth = 0
01:38:19.899 [main] INFO  - CDT 1 leaves = 1, CDT 2 leaves = 1
01:38:19.910 [main] INFO  - start to refactor clone pair
01:38:19.912 [main] INFO  - 56%: Reading information from row 78 (Clone group ID 348, clone #1)
01:38:19.918 [main] INFO  - 56%: Generating PDG for method "testResponseAssertionResponseHeaders" in "org.apache.jmeter.assertions.ResponseAssertionTest"
01:38:19.984 [main] INFO  - 56%: Reading information from row 79 (Clone group ID 348, clone #2)
01:38:19.984 [main] INFO  - 56%: Generating PDG for method "testResponseAssertionRequestHeaders" in "org.apache.jmeter.assertions.ResponseAssertionTest"
01:38:19.985 [main] INFO  - 56%: Analyzing Clone #39 (Group 348, Pair 1-2): org.apache.jmeter.assertions.ResponseAssertionTest#testResponseAssertionResponseHeaders (row 78) and org.apache.jmeter.assertions.ResponseAssertionTest#testResponseAssertionRequestHeaders (row 79)
01:38:19.992 [main] INFO  - CDT 1 depth = 0, CDT 2 depth = 0
01:38:19.992 [main] INFO  - CDT 1 leaves = 1, CDT 2 leaves = 1
01:38:20.013 [main] INFO  - start to refactor clone pair
01:38:20.014 [main] INFO  - 58%: Reading information from row 80 (Clone group ID 350, clone #1)
01:38:20.019 [main] INFO  - 58%: Generating PDG for method "testNormalizeListWithEmptyArrayList" in "org.apache.jmeter.testelement.property.AbstractPropertyTest"
01:38:20.031 [main] INFO  - 58%: Reading information from row 81 (Clone group ID 350, clone #2)
01:38:20.032 [main] INFO  - 58%: Generating PDG for method "testNormalizeMapWithEmptyHashMap" in "org.apache.jmeter.testelement.property.AbstractPropertyTest"
01:38:20.763 [main] INFO  - 58%: Analyzing Clone #40 (Group 350, Pair 1-2): org.apache.jmeter.testelement.property.AbstractPropertyTest#testNormalizeListWithEmptyArrayList (row 80) and org.apache.jmeter.testelement.property.AbstractPropertyTest#testNormalizeMapWithEmptyHashMap (row 81)
01:38:20.768 [main] INFO  - CDT 1 depth = 0, CDT 2 depth = 0
01:38:20.769 [main] INFO  - CDT 1 leaves = 1, CDT 2 leaves = 1
01:38:20.772 [main] INFO  - start to refactor clone pair
01:38:20.772 [main] ERROR - CloneStructure has PDG gap node.
01:38:20.772 [main] INFO  - 59%: Reading information from row 82 (Clone group ID 354, clone #1)
01:38:20.778 [main] INFO  - 59%: Generating PDG for method "setUp" in "org.apache.jmeter.functions.TestMachineIPName"
01:38:20.829 [main] INFO  - 59%: Reading information from row 83 (Clone group ID 354, clone #2)
01:38:20.834 [main] INFO  - 59%: Generating PDG for method "setUp" in "org.apache.jmeter.functions.TestUrlEncodeDecode"
01:38:20.834 [main] INFO  - 59%: Analyzing Clone #41 (Group 354, Pair 1-2): org.apache.jmeter.functions.TestMachineIPName#setUp (row 82) and org.apache.jmeter.functions.TestUrlEncodeDecode#setUp (row 83)
01:38:20.844 [main] INFO  - CDT 1 depth = 0, CDT 2 depth = 0
01:38:20.844 [main] INFO  - CDT 1 leaves = 1, CDT 2 leaves = 1
01:38:20.848 [main] INFO  - start to refactor clone pair
01:38:20.848 [main] INFO  - Containing unrefactorable private field access: result
01:38:20.849 [main] INFO  - Containing unrefactorable private field access: jmctx
01:38:20.849 [main] INFO  - Containing unrefactorable private field access: result
01:38:20.849 [main] INFO  - Containing unrefactorable private field access: vars
01:38:20.849 [main] INFO  - Containing unrefactorable private field access: jmctx
01:38:20.849 [main] INFO  - Containing unrefactorable private field access: vars
01:38:20.849 [main] INFO  - Containing unrefactorable private field access: jmctx
01:38:20.849 [main] INFO  - Containing unrefactorable private field access: result
01:38:20.849 [main] INFO  - Containing unrefactorable private field access: params
01:38:20.849 [main] INFO  - 61%: Reading information from row 84 (Clone group ID 360, clone #1)
01:38:20.853 [main] INFO  - 61%: Generating PDG for method "testExcludePattern" in "org.apache.jmeter.protocol.http.util.accesslog.TestLogFilter"
01:38:20.887 [main] INFO  - 61%: Reading information from row 85 (Clone group ID 360, clone #2)
01:38:20.888 [main] INFO  - 61%: Generating PDG for method "testIncludePattern" in "org.apache.jmeter.protocol.http.util.accesslog.TestLogFilter"
01:38:20.888 [main] INFO  - 61%: Analyzing Clone #42 (Group 360, Pair 1-2): org.apache.jmeter.protocol.http.util.accesslog.TestLogFilter#testExcludePattern (row 84) and org.apache.jmeter.protocol.http.util.accesslog.TestLogFilter#testIncludePattern (row 85)
01:38:20.892 [main] INFO  - CDT 1 depth = 2, CDT 2 depth = 2
01:38:20.892 [main] INFO  - CDT 1 leaves = 2, CDT 2 leaves = 2
01:38:20.893 [main] INFO  - Start mapping
01:38:20.906 [main] INFO  - End mapping
01:38:20.906 [main] INFO  - start to refactor clone pair
01:38:20.907 [main] INFO  - 62%: Reading information from row 86 (Clone group ID 361, clone #1)
01:38:20.914 [main] INFO  - 62%: Generating PDG for method "testFailure1" in "org.apache.jmeter.engine.DistributedRunnerTest"
01:38:22.273 [main] INFO  - 62%: Reading information from row 87 (Clone group ID 361, clone #2)
01:38:22.274 [main] INFO  - 62%: Generating PDG for method "testFailure3" in "org.apache.jmeter.engine.DistributedRunnerTest"
01:38:22.307 [main] INFO  - 62%: Analyzing Clone #43 (Group 361, Pair 1-2): org.apache.jmeter.engine.DistributedRunnerTest#testFailure1 (row 86) and org.apache.jmeter.engine.DistributedRunnerTest#testFailure3 (row 87)
01:38:22.314 [main] INFO  - CDT 1 depth = 0, CDT 2 depth = 0
01:38:22.314 [main] INFO  - CDT 1 leaves = 1, CDT 2 leaves = 1
01:38:22.362 [main] INFO  - start to refactor clone pair
01:38:22.363 [main] INFO  - non-refactored node pair with MethodInvocation node: obj.start()  <--->  obj.start(hosts)  (ARGUMENT_NUMBER_MISMATCH)
01:38:22.363 [main] INFO  - 64%: Reading information from row 88 (Clone group ID 367, clone #1)
01:38:22.368 [main] INFO  - 64%: Generating PDG for method "evalTest1" in "org.apache.jmeter.functions.EvalFunctionTest"
01:38:26.659 [main] INFO  - 64%: Reading information from row 89 (Clone group ID 367, clone #2)
01:38:26.659 [main] INFO  - 64%: Generating PDG for method "evalTest2" in "org.apache.jmeter.functions.EvalFunctionTest"
01:38:31.016 [main] INFO  - 64%: Analyzing Clone #44 (Group 367, Pair 1-2): org.apache.jmeter.functions.EvalFunctionTest#evalTest1 (row 88) and org.apache.jmeter.functions.EvalFunctionTest#evalTest2 (row 89)
01:38:31.021 [main] INFO  - CDT 1 depth = 0, CDT 2 depth = 0
01:38:31.021 [main] INFO  - CDT 1 leaves = 1, CDT 2 leaves = 1
01:38:31.043 [main] INFO  - start to refactor clone pair
01:38:31.044 [main] INFO  - Same method found in common super class [org.apache.jmeter.functions.AbstractFunction]: setParameters
01:38:31.044 [main] INFO  - Same method found in common super class [org.apache.jmeter.functions.AbstractFunction]: execute
01:38:31.045 [main] INFO  - 65%: Reading information from row 90 (Clone group ID 384, clone #1)
01:38:31.052 [main] INFO  - 65%: Generating PDG for method "testProcessing2" in "org.apache.jmeter.control.TestInterleaveControl"
01:38:33.357 [main] INFO  - 65%: Reading information from row 91 (Clone group ID 384, clone #2)
01:38:33.358 [main] INFO  - 65%: Generating PDG for method "testProcessing3" in "org.apache.jmeter.control.TestInterleaveControl"
01:38:33.388 [main] INFO  - 65%: Analyzing Clone #45 (Group 384, Pair 1-2): org.apache.jmeter.control.TestInterleaveControl#testProcessing2 (row 90) and org.apache.jmeter.control.TestInterleaveControl#testProcessing3 (row 91)
01:38:33.396 [main] INFO  - CDT 1 depth = 2, CDT 2 depth = 2
01:38:33.396 [main] INFO  - CDT 1 leaves = 1, CDT 2 leaves = 1
01:38:33.397 [main] INFO  - Start mapping
01:38:33.476 [main] INFO  - End mapping
01:38:33.476 [main] INFO  - start to refactor clone pair
01:38:33.478 [main] INFO  - 66%: Reading information from row 92 (Clone group ID 396, clone #1)
01:38:33.487 [main] INFO  - 66%: Generating PDG for method "testIncomplete2ArgsMixed" in "org.apache.commons.cli.avalon.ClutilTestCase"
01:38:33.511 [main] INFO  - 66%: Reading information from row 93 (Clone group ID 396, clone #2)
01:38:33.512 [main] INFO  - 66%: Generating PDG for method "testIncomplete2ArgsMixedNoEq" in "org.apache.commons.cli.avalon.ClutilTestCase"
01:38:33.515 [main] INFO  - 66%: Analyzing Clone #46 (Group 396, Pair 1-2): org.apache.commons.cli.avalon.ClutilTestCase#testIncomplete2ArgsMixed (row 92) and org.apache.commons.cli.avalon.ClutilTestCase#testIncomplete2ArgsMixedNoEq (row 93)
01:38:33.525 [main] INFO  - CDT 1 depth = 0, CDT 2 depth = 0
01:38:33.525 [main] INFO  - CDT 1 leaves = 1, CDT 2 leaves = 1
01:38:33.540 [main] INFO  - start to refactor clone pair
01:38:33.541 [main] INFO  - 68%: Reading information from row 94 (Clone group ID 407, clone #1)
01:38:33.551 [main] INFO  - 68%: Generating PDG for method "testNoStore" in "org.apache.jmeter.protocol.http.control.TestCacheManagerBase"
01:38:33.684 [main] INFO  - 68%: Reading information from row 95 (Clone group ID 407, clone #2)
01:38:33.685 [main] INFO  - 68%: Generating PDG for method "testNoCache" in "org.apache.jmeter.protocol.http.control.TestCacheManagerBase"
01:38:33.686 [main] INFO  - 68%: Analyzing Clone #47 (Group 407, Pair 1-2): org.apache.jmeter.protocol.http.control.TestCacheManagerBase#testNoStore (row 94) and org.apache.jmeter.protocol.http.control.TestCacheManagerBase#testNoCache (row 95)
01:38:33.696 [main] INFO  - CDT 1 depth = 0, CDT 2 depth = 0
01:38:33.696 [main] INFO  - CDT 1 leaves = 1, CDT 2 leaves = 1
01:38:33.701 [main] INFO  - start to refactor clone pair
01:38:33.702 [main] INFO  - 69%: Reading information from row 96 (Clone group ID 412, clone #1)
01:38:33.711 [main] INFO  - 69%: Generating PDG for method "testAssertionOK" in "org.apache.jmeter.assertions.XMLSchemaAssertionTest"
01:38:33.748 [main] INFO  - 69%: Reading information from row 97 (Clone group ID 412, clone #2)
01:38:33.749 [main] INFO  - 69%: Generating PDG for method "testAssertionBlankResult" in "org.apache.jmeter.assertions.XMLSchemaAssertionTest"
01:38:33.749 [main] INFO  - 69%: Analyzing Clone #48 (Group 412, Pair 1-2): org.apache.jmeter.assertions.XMLSchemaAssertionTest#testAssertionOK (row 96) and org.apache.jmeter.assertions.XMLSchemaAssertionTest#testAssertionBlankResult (row 97)
01:38:33.757 [main] INFO  - CDT 1 depth = 0, CDT 2 depth = 0
01:38:33.757 [main] INFO  - CDT 1 leaves = 1, CDT 2 leaves = 1
01:38:33.784 [main] INFO  - start to refactor clone pair
01:38:33.784 [main] INFO  - Non refactorable CloneType: Type 3
01:38:33.784 [main] INFO  - 71%: Reading information from row 98 (Clone group ID 415, clone #1)
01:38:33.790 [main] INFO  - 71%: Generating PDG for method "testRowNumRelative" in "org.apache.jmeter.functions.TestFileRowColContainer"
01:38:33.807 [main] INFO  - 71%: Reading information from row 99 (Clone group ID 415, clone #2)
01:38:33.807 [main] INFO  - 71%: Generating PDG for method "testrowNum" in "org.apache.jmeter.functions.TestFileRowColContainer"
01:38:33.808 [main] INFO  - 71%: Analyzing Clone #49 (Group 415, Pair 1-2): org.apache.jmeter.functions.TestFileRowColContainer#testRowNumRelative (row 98) and org.apache.jmeter.functions.TestFileRowColContainer#testrowNum (row 99)
01:38:33.813 [main] INFO  - CDT 1 depth = 0, CDT 2 depth = 0
01:38:33.813 [main] INFO  - CDT 1 leaves = 1, CDT 2 leaves = 1
01:38:33.829 [main] INFO  - start to refactor clone pair
01:38:33.829 [main] INFO  - 72%: Reading information from row 100 (Clone group ID 416, clone #1)
01:38:33.835 [main] INFO  - 72%: Generating PDG for method "testSha1Variable" in "org.apache.jmeter.functions.TestDigestFunction"
01:38:43.906 [main] INFO  - 72%: Reading information from row 101 (Clone group ID 416, clone #2)
01:38:43.906 [main] INFO  - 72%: Generating PDG for method "testSha512Variable" in "org.apache.jmeter.functions.TestDigestFunction"
01:38:52.529 [main] INFO  - 72%: Analyzing Clone #50 (Group 416, Pair 1-2): org.apache.jmeter.functions.TestDigestFunction#testSha1Variable (row 100) and org.apache.jmeter.functions.TestDigestFunction#testSha512Variable (row 101)
01:38:52.535 [main] INFO  - CDT 1 depth = 0, CDT 2 depth = 0
01:38:52.535 [main] INFO  - CDT 1 leaves = 1, CDT 2 leaves = 1
01:38:52.708 [main] INFO  - start to refactor clone pair
01:38:52.709 [main] INFO  - 74%: Reading information from row 102 (Clone group ID 432, clone #1)
01:38:52.714 [main] INFO  - 74%: Generating PDG for method "testColumnsComma" in "org.apache.jmeter.functions.TestFileRowColContainer"
01:38:52.993 [main] INFO  - 74%: Reading information from row 103 (Clone group ID 432, clone #2)
01:38:52.993 [main] INFO  - 74%: Generating PDG for method "testColumnsTab" in "org.apache.jmeter.functions.TestFileRowColContainer"
01:38:52.994 [main] INFO  - 74%: Analyzing Clone #51 (Group 432, Pair 1-2): org.apache.jmeter.functions.TestFileRowColContainer#testColumnsComma (row 102) and org.apache.jmeter.functions.TestFileRowColContainer#testColumnsTab (row 103)
01:38:52.999 [main] INFO  - CDT 1 depth = 1, CDT 2 depth = 1
01:38:52.999 [main] INFO  - CDT 1 leaves = 1, CDT 2 leaves = 1
01:38:53.000 [main] INFO  - Start mapping
01:38:53.023 [main] INFO  - End mapping
01:38:53.023 [main] INFO  - start to refactor clone pair
01:38:53.024 [main] INFO  - 75%: Reading information from row 104 (Clone group ID 436, clone #1)
01:38:53.033 [main] INFO  - 75%: Generating PDG for method "testDuplicateOptions" in "org.apache.commons.cli.avalon.ClutilTestCase"
01:38:53.074 [main] INFO  - 75%: Reading information from row 105 (Clone group ID 436, clone #2)
01:38:53.074 [main] INFO  - 75%: Generating PDG for method "testIncompatableOptions" in "org.apache.commons.cli.avalon.ClutilTestCase"
01:38:53.079 [main] INFO  - 75%: Analyzing Clone #52 (Group 436, Pair 1-2): org.apache.commons.cli.avalon.ClutilTestCase#testDuplicateOptions (row 104) and org.apache.commons.cli.avalon.ClutilTestCase#testIncompatableOptions (row 105)
01:38:53.088 [main] INFO  - CDT 1 depth = 0, CDT 2 depth = 0
01:38:53.088 [main] INFO  - CDT 1 leaves = 1, CDT 2 leaves = 1
01:38:53.107 [main] INFO  - start to refactor clone pair
01:38:53.107 [main] INFO  - non-refactored node pair with MethodInvocation node: assertNull(parser.getErrorString(),parser.getErrorString())  <--->  assertNotNull(parser.getErrorString())  (ARGUMENT_NUMBER_MISMATCH)
01:38:53.108 [main] INFO  - 77%: Reading information from row 106 (Clone group ID 439, clone #1)
01:38:53.120 [main] INFO  - 77%: Generating PDG for method "testSimpleParse4" in "org.apache.jmeter.protocol.http.modifier.TestAnchorModifier"
01:38:53.259 [main] INFO  - 77%: Reading information from row 107 (Clone group ID 439, clone #2)
01:38:53.260 [main] INFO  - 77%: Generating PDG for method "testSimpleParse5" in "org.apache.jmeter.protocol.http.modifier.TestAnchorModifier"
01:38:53.260 [main] INFO  - 77%: Analyzing Clone #53 (Group 439, Pair 1-2): org.apache.jmeter.protocol.http.modifier.TestAnchorModifier#testSimpleParse4 (row 106) and org.apache.jmeter.protocol.http.modifier.TestAnchorModifier#testSimpleParse5 (row 107)
01:38:53.273 [main] INFO  - CDT 1 depth = 0, CDT 2 depth = 0
01:38:53.273 [main] INFO  - CDT 1 leaves = 1, CDT 2 leaves = 1
01:38:53.280 [main] INFO  - start to refactor clone pair
01:38:53.281 [main] INFO  - 78%: Reading information from row 108 (Clone group ID 442, clone #1)
01:38:53.290 [main] INFO  - 78%: Generating PDG for method "testTolerance" in "org.apache.jmeter.assertions.XPathAssertionTest"
01:38:54.107 [main] INFO  - 78%: Reading information from row 109 (Clone group ID 442, clone #2)
01:38:54.108 [main] INFO  - 78%: Generating PDG for method "testNoTolerance" in "org.apache.jmeter.assertions.XPathAssertionTest"
01:38:54.108 [main] INFO  - 78%: Analyzing Clone #54 (Group 442, Pair 1-2): org.apache.jmeter.assertions.XPathAssertionTest#testTolerance (row 108) and org.apache.jmeter.assertions.XPathAssertionTest#testNoTolerance (row 109)
01:38:54.117 [main] INFO  - CDT 1 depth = 0, CDT 2 depth = 0
01:38:54.117 [main] INFO  - CDT 1 leaves = 1, CDT 2 leaves = 1
01:38:54.128 [main] INFO  - start to refactor clone pair
01:38:54.128 [main] INFO  - 80%: Reading information from row 110 (Clone group ID 447, clone #1)
01:38:54.138 [main] INFO  - 80%: Generating PDG for method "testElapsedTrue" in "org.apache.jmeter.samplers.TestSampleResult"
01:38:54.165 [main] INFO  - 80%: Reading information from row 111 (Clone group ID 447, clone #2)
01:38:54.165 [main] INFO  - 80%: Generating PDG for method "testElapsedFalse" in "org.apache.jmeter.samplers.TestSampleResult"
01:38:54.166 [main] INFO  - 80%: Analyzing Clone #55 (Group 447, Pair 1-2): org.apache.jmeter.samplers.TestSampleResult#testElapsedTrue (row 110) and org.apache.jmeter.samplers.TestSampleResult#testElapsedFalse (row 111)
01:38:54.175 [main] INFO  - CDT 1 depth = 1, CDT 2 depth = 1
01:38:54.175 [main] INFO  - CDT 1 leaves = 1, CDT 2 leaves = 1
01:38:54.176 [main] INFO  - Start mapping
01:38:54.178 [main] INFO  - End mapping
01:38:54.178 [main] INFO  - start to refactor clone pair
01:38:54.178 [main] INFO  - 81%: Reading information from row 112 (Clone group ID 449, clone #1)
01:38:54.184 [main] INFO  - 81%: Generating PDG for method "testValidXML" in "org.apache.jmeter.assertions.XmlAssertionTest"
01:38:54.204 [main] INFO  - 81%: Reading information from row 113 (Clone group ID 449, clone #2)
01:38:54.204 [main] INFO  - 81%: Generating PDG for method "testInvalidXML" in "org.apache.jmeter.assertions.XmlAssertionTest"
01:38:54.205 [main] INFO  - 81%: Analyzing Clone #56 (Group 449, Pair 1-2): org.apache.jmeter.assertions.XmlAssertionTest#testValidXML (row 112) and org.apache.jmeter.assertions.XmlAssertionTest#testInvalidXML (row 113)
01:38:54.209 [main] INFO  - CDT 1 depth = 0, CDT 2 depth = 0
01:38:54.209 [main] INFO  - CDT 1 leaves = 1, CDT 2 leaves = 1
01:38:54.214 [main] INFO  - start to refactor clone pair
01:38:54.214 [main] INFO  - 82%: Reading information from row 114 (Clone group ID 454, clone #1)
01:38:54.220 [main] INFO  - 82%: Generating PDG for method "setUp" in "org.apache.jmeter.functions.TestSamplerNameFunction"
01:38:54.272 [main] INFO  - 82%: Reading information from row 115 (Clone group ID 454, clone #2)
01:38:54.279 [main] INFO  - 82%: Generating PDG for method "setUp" in "org.apache.jmeter.functions.TestTimeFunction"
01:38:54.286 [main] INFO  - 82%: Analyzing Clone #57 (Group 454, Pair 1-2): org.apache.jmeter.functions.TestSamplerNameFunction#setUp (row 114) and org.apache.jmeter.functions.TestTimeFunction#setUp (row 115)
01:38:54.297 [main] INFO  - CDT 1 depth = 0, CDT 2 depth = 0
01:38:54.297 [main] INFO  - CDT 1 leaves = 1, CDT 2 leaves = 1
01:38:54.306 [main] INFO  - start to refactor clone pair
01:38:54.306 [main] INFO  - Containing unrefactorable private field access: jmctx
01:38:54.307 [main] INFO  - Containing unrefactorable private field access: vars
01:38:54.307 [main] INFO  - Containing unrefactorable private field access: jmctx
01:38:54.307 [main] INFO  - Containing unrefactorable private field access: vars
01:38:54.307 [main] INFO  - Containing unrefactorable private field access: jmctx
01:38:54.307 [main] INFO  - Containing unrefactorable private field access: result
01:38:54.307 [main] INFO  - Containing unrefactorable private field access: params
01:38:54.307 [main] INFO  - Containing unrefactorable private field access: result
01:38:54.307 [main] INFO  - Containing unrefactorable private field access: variable
01:38:54.307 [main] INFO  - 84%: Reading information from row 116 (Clone group ID 460, clone #1)
01:38:54.313 [main] INFO  - 84%: Generating PDG for method "testEmptyDefaultVariable" in "org.apache.jmeter.extractor.TestHtmlExtractorJSoup"
01:38:54.401 [main] INFO  - 84%: Reading information from row 117 (Clone group ID 460, clone #2)
01:38:54.410 [main] INFO  - 84%: Generating PDG for method "testNotEmptyDefaultVariable" in "org.apache.jmeter.extractor.TestRegexExtractor"
01:38:54.454 [main] INFO  - 84%: Analyzing Clone #58 (Group 460, Pair 1-2): org.apache.jmeter.extractor.TestHtmlExtractorJSoup#testEmptyDefaultVariable (row 116) and org.apache.jmeter.extractor.TestRegexExtractor#testNotEmptyDefaultVariable (row 117)
01:38:54.467 [main] INFO  - CDT 1 depth = 0, CDT 2 depth = 0
01:38:54.467 [main] INFO  - CDT 1 leaves = 1, CDT 2 leaves = 1
01:38:54.496 [main] INFO  - start to refactor clone pair
01:38:54.496 [main] INFO  - Non refactorable CloneType: Type 3
01:38:54.496 [main] INFO  - 85%: Reading information from row 118 (Clone group ID 464, clone #1)
01:38:54.505 [main] INFO  - 85%: Generating PDG for method "testPauseFalse" in "org.apache.jmeter.samplers.TestSampleResult"
01:38:54.522 [main] INFO  - 85%: Reading information from row 119 (Clone group ID 464, clone #2)
01:38:54.522 [main] INFO  - 85%: Generating PDG for method "testPauseTrue" in "org.apache.jmeter.samplers.TestSampleResult"
01:38:54.522 [main] INFO  - 85%: Analyzing Clone #59 (Group 464, Pair 1-2): org.apache.jmeter.samplers.TestSampleResult#testPauseFalse (row 118) and org.apache.jmeter.samplers.TestSampleResult#testPauseTrue (row 119)
01:38:54.532 [main] INFO  - CDT 1 depth = 0, CDT 2 depth = 0
01:38:54.532 [main] INFO  - CDT 1 leaves = 1, CDT 2 leaves = 1
01:38:54.536 [main] INFO  - start to refactor clone pair
01:38:54.536 [main] INFO  - 87%: Reading information from row 120 (Clone group ID 473, clone #1)
01:38:54.542 [main] INFO  - 87%: Generating PDG for method "testSizeAssertionLessThan" in "org.apache.jmeter.assertions.SizeAssertionTest"
01:38:54.602 [main] INFO  - 87%: Reading information from row 121 (Clone group ID 473, clone #2)
01:38:54.603 [main] INFO  - 87%: Generating PDG for method "testSizeAssertionLessThanEqual" in "org.apache.jmeter.assertions.SizeAssertionTest"
01:38:54.603 [main] INFO  - 87%: Analyzing Clone #60 (Group 473, Pair 1-2): org.apache.jmeter.assertions.SizeAssertionTest#testSizeAssertionLessThan (row 120) and org.apache.jmeter.assertions.SizeAssertionTest#testSizeAssertionLessThanEqual (row 121)
01:38:54.609 [main] INFO  - CDT 1 depth = 0, CDT 2 depth = 0
01:38:54.610 [main] INFO  - CDT 1 leaves = 1, CDT 2 leaves = 1
01:38:54.614 [main] INFO  - start to refactor clone pair
01:38:54.615 [main] INFO  - 88%: Reading information from row 122 (Clone group ID 474, clone #1)
01:38:54.620 [main] INFO  - 88%: Generating PDG for method "testNormalizeListWithFilledArrayList" in "org.apache.jmeter.testelement.property.AbstractPropertyTest"
01:38:54.793 [main] INFO  - 88%: Reading information from row 123 (Clone group ID 474, clone #2)
01:38:54.794 [main] INFO  - 88%: Generating PDG for method "testNormalizeMapWithFilledHashMap" in "org.apache.jmeter.testelement.property.AbstractPropertyTest"
01:38:54.798 [main] INFO  - 88%: Analyzing Clone #61 (Group 474, Pair 1-2): org.apache.jmeter.testelement.property.AbstractPropertyTest#testNormalizeListWithFilledArrayList (row 122) and org.apache.jmeter.testelement.property.AbstractPropertyTest#testNormalizeMapWithFilledHashMap (row 123)
01:38:54.802 [main] INFO  - CDT 1 depth = 0, CDT 2 depth = 0
01:38:54.802 [main] INFO  - CDT 1 leaves = 1, CDT 2 leaves = 1
01:38:54.805 [main] INFO  - start to refactor clone pair
01:38:54.806 [main] ERROR - CloneStructure has PDG gap node.
01:38:54.806 [main] INFO  - 90%: Reading information from row 124 (Clone group ID 475, clone #1)
01:38:54.813 [main] INFO  - 90%: Generating PDG for method "testTimerWithLongerScheduledEndpointThanTimeoutForTimer" in "org.apache.jmeter.timers.SyncTimerTest"
01:38:54.885 [main] INFO  - 90%: Reading information from row 125 (Clone group ID 475, clone #2)
01:38:54.885 [main] INFO  - 90%: Generating PDG for method "testTimerWithShorterScheduledEndpointThanTimeoutForTimer" in "org.apache.jmeter.timers.SyncTimerTest"
01:38:54.886 [main] INFO  - 90%: Analyzing Clone #62 (Group 475, Pair 1-2): org.apache.jmeter.timers.SyncTimerTest#testTimerWithLongerScheduledEndpointThanTimeoutForTimer (row 124) and org.apache.jmeter.timers.SyncTimerTest#testTimerWithShorterScheduledEndpointThanTimeoutForTimer (row 125)
01:38:54.894 [main] INFO  - CDT 1 depth = 0, CDT 2 depth = 0
01:38:54.894 [main] INFO  - CDT 1 leaves = 1, CDT 2 leaves = 1
01:38:54.897 [main] INFO  - start to refactor clone pair
01:38:54.898 [main] ERROR - CloneStructure has PDG gap node.
01:38:54.898 [main] INFO  - 91%: Reading information from row 126 (Clone group ID 508, clone #1)
01:38:54.907 [main] INFO  - 91%: Generating PDG for method "testFalse" in "org.apache.jmeter.samplers.TestSampleSaveConfiguration"
01:38:54.941 [main] INFO  - 91%: Reading information from row 127 (Clone group ID 508, clone #2)
01:38:54.941 [main] INFO  - 91%: Generating PDG for method "testTrue" in "org.apache.jmeter.samplers.TestSampleSaveConfiguration"
01:38:54.942 [main] INFO  - 91%: Analyzing Clone #63 (Group 508, Pair 1-2): org.apache.jmeter.samplers.TestSampleSaveConfiguration#testFalse (row 126) and org.apache.jmeter.samplers.TestSampleSaveConfiguration#testTrue (row 127)
01:38:54.950 [main] INFO  - CDT 1 depth = 0, CDT 2 depth = 0
01:38:54.950 [main] INFO  - CDT 1 leaves = 1, CDT 2 leaves = 1
01:38:54.956 [main] INFO  - start to refactor clone pair
01:38:54.956 [main] INFO  - 93%: Reading information from row 128 (Clone group ID 514, clone #1)
01:38:54.965 [main] INFO  - 93%: Generating PDG for method "testSignerSignerDN" in "org.apache.jmeter.assertions.SMIMEAssertionTest"
01:38:54.997 [main] INFO  - 93%: Reading information from row 129 (Clone group ID 514, clone #2)
01:38:54.997 [main] INFO  - 93%: Generating PDG for method "testSignerIssuerDN" in "org.apache.jmeter.assertions.SMIMEAssertionTest"
01:38:54.998 [main] INFO  - 93%: Analyzing Clone #64 (Group 514, Pair 1-2): org.apache.jmeter.assertions.SMIMEAssertionTest#testSignerSignerDN (row 128) and org.apache.jmeter.assertions.SMIMEAssertionTest#testSignerIssuerDN (row 129)
01:38:55.006 [main] INFO  - CDT 1 depth = 0, CDT 2 depth = 0
01:38:55.007 [main] INFO  - CDT 1 leaves = 1, CDT 2 leaves = 1
01:38:55.016 [main] INFO  - start to refactor clone pair
01:38:55.017 [main] INFO  - 94%: Reading information from row 130 (Clone group ID 520, clone #1)
01:38:55.024 [main] INFO  - 94%: Generating PDG for method "testReplaceStringWithBackslash" in "org.apache.jmeter.engine.util.TestValueReplacer"
01:39:04.162 [main] INFO  - 94%: Reading information from row 131 (Clone group ID 520, clone #2)
01:39:04.162 [main] INFO  - 94%: Generating PDG for method "testReplaceFunctionWithBackslash" in "org.apache.jmeter.engine.util.TestValueReplacer"
01:39:04.180 [main] INFO  - 94%: Analyzing Clone #65 (Group 520, Pair 1-2): org.apache.jmeter.engine.util.TestValueReplacer#testReplaceStringWithBackslash (row 130) and org.apache.jmeter.engine.util.TestValueReplacer#testReplaceFunctionWithBackslash (row 131)
01:39:04.186 [main] INFO  - CDT 1 depth = 0, CDT 2 depth = 0
01:39:04.186 [main] INFO  - CDT 1 leaves = 1, CDT 2 leaves = 1
01:39:04.224 [main] INFO  - start to refactor clone pair
01:39:04.224 [main] INFO  - non-refactored node pair with SimpleName node: input  <--->  "jakarta.apache.org \\ \\ \\\\ , "  (TYPE_COMPATIBLE_REPLACEMENT)
01:39:04.225 [main] INFO  - 96%: Reading information from row 132 (Clone group ID 522, clone #1)
01:39:04.232 [main] INFO  - 96%: Generating PDG for method "testAssertionNoResult" in "org.apache.jmeter.assertions.XMLSchemaAssertionTest"
01:39:04.250 [main] INFO  - 96%: Reading information from row 133 (Clone group ID 522, clone #2)
01:39:04.250 [main] INFO  - 96%: Generating PDG for method "testAssertionFail" in "org.apache.jmeter.assertions.XMLSchemaAssertionTest"
01:39:04.367 [main] INFO  - 96%: Analyzing Clone #66 (Group 522, Pair 1-2): org.apache.jmeter.assertions.XMLSchemaAssertionTest#testAssertionNoResult (row 132) and org.apache.jmeter.assertions.XMLSchemaAssertionTest#testAssertionFail (row 133)
01:39:04.375 [main] INFO  - CDT 1 depth = 0, CDT 2 depth = 0
01:39:04.375 [main] INFO  - CDT 1 leaves = 1, CDT 2 leaves = 1
01:39:04.387 [main] INFO  - start to refactor clone pair
01:39:04.387 [main] ERROR - CloneStructure has PDG gap node.
01:39:04.387 [main] INFO  - 97%: Reading information from row 134 (Clone group ID 535, clone #1)
01:39:04.391 [main] INFO  - 97%: Generating PDG for method "testReplace" in "org.apache.jmeter.testelement.TestHeaderManager"
01:39:04.457 [main] INFO  - 97%: Reading information from row 135 (Clone group ID 535, clone #2)
01:39:04.457 [main] INFO  - 97%: Generating PDG for method "testReplaceNoMatch" in "org.apache.jmeter.testelement.TestHeaderManager"
01:39:04.457 [main] INFO  - 97%: Analyzing Clone #67 (Group 535, Pair 1-2): org.apache.jmeter.testelement.TestHeaderManager#testReplace (row 134) and org.apache.jmeter.testelement.TestHeaderManager#testReplaceNoMatch (row 135)
01:39:04.461 [main] INFO  - CDT 1 depth = 0, CDT 2 depth = 0
01:39:04.462 [main] INFO  - CDT 1 leaves = 1, CDT 2 leaves = 1
01:39:04.480 [main] INFO  - start to refactor clone pair
01:39:04.481 [main] INFO  - 99%: Reading information from row 136 (Clone group ID 560, clone #1)
01:39:04.487 [main] INFO  - 99%: Generating PDG for method "testSha1" in "org.apache.jmeter.functions.TestDigestFunction"
01:39:09.437 [main] INFO  - 99%: Reading information from row 137 (Clone group ID 560, clone #2)
01:39:09.444 [main] INFO  - 99%: Generating PDG for method "testYMDnoV" in "org.apache.jmeter.functions.TestTimeFunction"
01:39:13.289 [main] INFO  - 99%: Analyzing Clone #68 (Group 560, Pair 1-2): org.apache.jmeter.functions.TestDigestFunction#testSha1 (row 136) and org.apache.jmeter.functions.TestTimeFunction#testYMDnoV (row 137)
01:39:13.300 [main] INFO  - CDT 1 depth = 0, CDT 2 depth = 0
01:39:13.300 [main] INFO  - CDT 1 leaves = 1, CDT 2 leaves = 1
01:39:13.334 [main] INFO  - start to refactor clone pair
01:39:13.334 [main] ERROR - CloneStructure has PDG gap node.
01:39:14.284 [main] INFO  - Applying changes to source files
01:39:14.285 [main] INFO  - refactoring 34 clone method pairs.
01:39:14.285 [main] INFO  - skipping 26 clone method pairs:
01:39:14.285 [main] INFO  - 	0 not test cases
01:39:14.285 [main] INFO  - 	11 containing gap nodes (type3)
01:39:14.285 [main] INFO  - 	14 not refactorable
01:39:14.285 [main] INFO  - 	1 repeated naming
01:39:14.285 [main] INFO  - 	3 access issues
01:39:14.285 [main] INFO  - 	 *org.apache.jmeter.control.TestInterleaveControl: void testProcessing4() <---> org.apache.jmeter.control.TestInterleaveControl: void testProcessing5()
01:39:14.285 [main] INFO  - 	  org.apache.jmeter.control.TestInterleaveControl: void testProcessing2() <---> org.apache.jmeter.control.TestInterleaveControl: void testProcessing3()
01:39:14.285 [main] INFO  - type1 count: 1
01:39:14.285 [main] INFO  - type2 count: 59
01:39:14.285 [main] INFO  - type3 count: 8
01:39:14.286 [main] INFO  - effective refactoring ratio: 34/48 = 70.8%
01:39:14.286 [main] INFO  - refactoring method pair: org.apache.jmeter.samplers.TestSampleResult.java#testPause2True <---> org.apache.jmeter.samplers.TestSampleResult.java#testPause2False
01:39:14.706 [main] INFO  - refactoring method pair: org.apache.jmeter.protocol.http.config.MultipartUrlConfigTest.java#testParseArgumentsLF <---> org.apache.jmeter.protocol.http.config.MultipartUrlConfigTest.java#testParseArgumentsCRLF
01:39:14.948 [main] INFO  - refactoring method pair: org.apache.jmeter.protocol.http.parser.TestHtmlParsingUtils.java#testisEqualOrMatches <---> org.apache.jmeter.protocol.http.parser.TestHtmlParsingUtils.java#testisEqualOrMatchesCaseBlind
01:39:15.214 [main] INFO  - refactoring method pair: org.apache.jmeter.assertions.SMIMEAssertionTest.java#testSignerEmail <---> org.apache.jmeter.assertions.SMIMEAssertionTest.java#testSignerSerial
01:39:15.481 [main] INFO  - refactoring method pair: org.apache.jmeter.functions.TestDateTimeConvertFunction.java#testDateConvertErrorFormat <---> org.apache.jmeter.functions.TestDateTimeConvertFunction.java#testDateConvertDateError
01:39:15.830 [main] INFO  - refactoring method pair: org.apache.jorphan.util.TestJorphanUtils.java#testSplitStringStringFalseTruncate <---> org.apache.jorphan.util.TestJorphanUtils.java#testSplitStringStringFalseDoubledSplitChar
01:39:16.093 [main] INFO  - refactoring method pair: org.apache.jmeter.visualizers.backend.SamplerMetricTimedModeTest.java#checkResetOkAndAllStats <---> org.apache.jmeter.visualizers.backend.SamplerMetricTimedModeTest.java#checkResetKoAndAllStats
01:39:16.370 [main] INFO  - refactoring method pair: org.apache.jmeter.control.TestInterleaveControl.java#testProcessing4 <---> org.apache.jmeter.control.TestInterleaveControl.java#testProcessing5
01:39:16.616 [main] INFO  - refactoring method pair: org.apache.jmeter.protocol.http.visualizers.RequestViewHTTPTest.java#testGetQueryMapAmpInValue <---> org.apache.jmeter.protocol.http.visualizers.RequestViewHTTPTest.java#testGetQueryMapBug54055
01:39:16.863 [main] INFO  - refactoring method pair: org.apache.jmeter.protocol.http.visualizers.RequestViewHTTPTest.java#testGetQueryMapValueContainingAmpersand <---> org.apache.jmeter.protocol.http.visualizers.RequestViewHTTPTest.java#testGetQueryMapWithEmptyValue
01:39:17.111 [main] INFO  - refactoring method pair: org.apache.jmeter.protocol.http.modifier.TestAnchorModifier.java#testSimpleFormParse <---> org.apache.jmeter.protocol.http.modifier.TestAnchorModifier.java#testBadCharParse
01:39:17.367 [main] INFO  - refactoring method pair: org.apache.jmeter.functions.TestTimeRandomDateFunction.java#testDefault <---> org.apache.jmeter.functions.TestTimeRandomDateFunction.java#testFormatDate
01:39:17.634 [main] INFO  - refactoring method pair: org.apache.jmeter.protocol.http.util.accesslog.TestLogFilter.java#testExcludeFiles <---> org.apache.jmeter.protocol.http.util.accesslog.TestLogFilter.java#testIncludeFiles
01:39:17.920 [main] INFO  - refactoring method pair: org.apache.jmeter.protocol.http.proxy.TestHttpRequestHdr.java#testParse1 <---> org.apache.jmeter.protocol.http.proxy.TestHttpRequestHdr.java#testParse2
01:39:18.191 [main] INFO  - refactoring method pair: org.apache.jmeter.functions.TestTimeShiftFunction.java#testDefault <---> org.apache.jmeter.functions.TestTimeShiftFunction.java#testWrongAmountToAdd
01:39:18.424 [main] INFO  - refactoring method pair: org.apache.jorphan.gui.ObjectTableModelTest.java#checkMoveRow_from_5_11_to_0 <---> org.apache.jorphan.gui.ObjectTableModelTest.java#checkMoveRow_from_0_6_to_10
01:39:18.663 [main] INFO  - refactoring method pair: org.apache.commons.cli.avalon.ClutilTestCase.java#test2ArgsParse2 <---> org.apache.commons.cli.avalon.ClutilTestCase.java#test2ArgsParse3
01:39:18.929 [main] INFO  - refactoring method pair: org.apache.jmeter.assertions.ResponseAssertionTest.java#testResponseAssertionResponseHeaders <---> org.apache.jmeter.assertions.ResponseAssertionTest.java#testResponseAssertionRequestHeaders
01:39:19.257 [main] INFO  - refactoring method pair: org.apache.jmeter.protocol.http.util.accesslog.TestLogFilter.java#testExcludePattern <---> org.apache.jmeter.protocol.http.util.accesslog.TestLogFilter.java#testIncludePattern
01:39:19.622 [main] INFO  - refactoring method pair: org.apache.jmeter.functions.EvalFunctionTest.java#evalTest1 <---> org.apache.jmeter.functions.EvalFunctionTest.java#evalTest2
01:39:19.878 [main] INFO  - refactoring method pair: org.apache.commons.cli.avalon.ClutilTestCase.java#testIncomplete2ArgsMixed <---> org.apache.commons.cli.avalon.ClutilTestCase.java#testIncomplete2ArgsMixedNoEq
01:39:20.126 [main] INFO  - refactoring method pair: org.apache.jmeter.protocol.http.control.TestCacheManagerBase.java#testNoStore <---> org.apache.jmeter.protocol.http.control.TestCacheManagerBase.java#testNoCache
01:39:20.432 [main] INFO  - refactoring method pair: org.apache.jmeter.functions.TestFileRowColContainer.java#testRowNumRelative <---> org.apache.jmeter.functions.TestFileRowColContainer.java#testrowNum
01:39:20.701 [main] INFO  - refactoring method pair: org.apache.jmeter.functions.TestDigestFunction.java#testSha1Variable <---> org.apache.jmeter.functions.TestDigestFunction.java#testSha512Variable
01:39:20.962 [main] INFO  - refactoring method pair: org.apache.jmeter.functions.TestFileRowColContainer.java#testColumnsComma <---> org.apache.jmeter.functions.TestFileRowColContainer.java#testColumnsTab
01:39:21.204 [main] INFO  - refactoring method pair: org.apache.jmeter.protocol.http.modifier.TestAnchorModifier.java#testSimpleParse4 <---> org.apache.jmeter.protocol.http.modifier.TestAnchorModifier.java#testSimpleParse5
01:39:21.605 [main] INFO  - refactoring method pair: org.apache.jmeter.assertions.XPathAssertionTest.java#testTolerance <---> org.apache.jmeter.assertions.XPathAssertionTest.java#testNoTolerance
01:39:21.930 [main] INFO  - refactoring method pair: org.apache.jmeter.samplers.TestSampleResult.java#testElapsedTrue <---> org.apache.jmeter.samplers.TestSampleResult.java#testElapsedFalse
01:39:22.178 [main] INFO  - refactoring method pair: org.apache.jmeter.assertions.XmlAssertionTest.java#testValidXML <---> org.apache.jmeter.assertions.XmlAssertionTest.java#testInvalidXML
01:39:22.415 [main] INFO  - refactoring method pair: org.apache.jmeter.samplers.TestSampleResult.java#testPauseFalse <---> org.apache.jmeter.samplers.TestSampleResult.java#testPauseTrue
01:39:22.631 [main] INFO  - refactoring method pair: org.apache.jmeter.assertions.SizeAssertionTest.java#testSizeAssertionLessThan <---> org.apache.jmeter.assertions.SizeAssertionTest.java#testSizeAssertionLessThanEqual
01:39:22.920 [main] INFO  - refactoring method pair: org.apache.jmeter.samplers.TestSampleSaveConfiguration.java#testFalse <---> org.apache.jmeter.samplers.TestSampleSaveConfiguration.java#testTrue
01:39:23.144 [main] INFO  - refactoring method pair: org.apache.jmeter.assertions.SMIMEAssertionTest.java#testSignerSignerDN <---> org.apache.jmeter.assertions.SMIMEAssertionTest.java#testSignerIssuerDN
01:39:23.381 [main] INFO  - refactoring method pair: org.apache.jmeter.testelement.TestHeaderManager.java#testReplace <---> org.apache.jmeter.testelement.TestHeaderManager.java#testReplaceNoMatch
01:39:23.629 [main] INFO  - Finished testing refactorabiliy of clones in /home/daveroar/Graduation_Studies/ThesisWork/JRefactoring/JRefactoring-Template/results/jmeter_5.1.1/jmeter-5.1.1-deckard-50-0.95-0-selected.xls, output file: /home/daveroar/Graduation_Studies/ThesisWork/JRefactoring/JRefactoring-Template/results/jmeter_5.1.1/jmeter-5.1.1-deckard-50-0.95-0-selected-analyzed.xls
