21:14:55.362 [main] INFO  - log file in /home/daveroar/Graduation_Studies/ThesisWork/JRefactoring/JRefactoring-Template/results/zookeeper-3.5.4/log.log
21:14:55.368 [main] INFO  - Testing refactorabiliy of clones in /home/daveroar/Graduation_Studies/ThesisWork/JRefactoring/JRefactoring-Template/results/zookeeper-3.5.4/zookeeper-3.5.4-deckard-50-0.95-0-selected.xls
21:14:56.057 [main] INFO  - 2%: Reading information from row 2 (Clone group ID 11, clone #1)
21:14:56.065 [main] INFO  - 2%: Generating PDG for method "testEmptyRoundTrip" in "org.apache.zookeeper.MultiResponseTest"
21:14:56.116 [main] INFO  - 2%: Reading information from row 3 (Clone group ID 11, clone #2)
21:14:56.123 [main] INFO  - 2%: Generating PDG for method "testEmptyRoundTrip" in "org.apache.zookeeper.MultiTransactionRecordTest"
21:14:56.133 [main] INFO  - 2%: Analyzing Clone #1 (Group 11, Pair 1-2): org.apache.zookeeper.MultiResponseTest#testEmptyRoundTrip (row 2) and org.apache.zookeeper.MultiTransactionRecordTest#testEmptyRoundTrip (row 3)
21:14:56.148 [main] INFO  - CDT 1 depth = 0, CDT 2 depth = 0
21:14:56.148 [main] INFO  - CDT 1 leaves = 1, CDT 2 leaves = 1
21:14:57.139 [main] INFO  - start to refactor clone pair
21:14:57.153 [main] INFO  - different local method access: codeDecode, codeDecode
21:14:57.155 [main] INFO  - 5%: Reading information from row 4 (Clone group ID 26, clone #1)
21:14:57.206 [main] INFO  - 5%: Generating PDG for method "testRemoveAllDataWatchers" in "org.apache.zookeeper.RemoveWatchesTest"
21:14:57.440 [main] INFO  - 5%: Reading information from row 5 (Clone group ID 26, clone #2)
21:14:57.443 [main] INFO  - 5%: Generating PDG for method "testRemoveAllChildWatchers" in "org.apache.zookeeper.RemoveWatchesTest"
21:14:57.450 [main] INFO  - 5%: Analyzing Clone #2 (Group 26, Pair 1-2): org.apache.zookeeper.RemoveWatchesTest#testRemoveAllDataWatchers (row 4) and org.apache.zookeeper.RemoveWatchesTest#testRemoveAllChildWatchers (row 5)
21:14:57.493 [main] INFO  - CDT 1 depth = 2, CDT 2 depth = 2
21:14:57.493 [main] INFO  - CDT 1 leaves = 1, CDT 2 leaves = 1
21:14:57.498 [main] INFO  - Start mapping
21:14:57.666 [main] INFO  - End mapping
21:14:57.667 [main] INFO  - start to refactor clone pair
21:14:57.671 [main] ERROR - CloneStructure has PDG gap node.
21:14:57.672 [main] INFO  - 8%: Reading information from row 6 (Clone group ID 57, clone #1)
21:14:57.692 [main] INFO  - 8%: Generating PDG for method "testValidSaslIds" in "org.apache.zookeeper.SaslAuthTest"
21:14:57.837 [main] INFO  - 8%: Reading information from row 7 (Clone group ID 57, clone #2)
21:14:57.838 [main] INFO  - 8%: Generating PDG for method "testInvalidSaslIds" in "org.apache.zookeeper.SaslAuthTest"
21:14:57.840 [main] INFO  - 8%: Analyzing Clone #3 (Group 57, Pair 1-2): org.apache.zookeeper.SaslAuthTest#testValidSaslIds (row 6) and org.apache.zookeeper.SaslAuthTest#testInvalidSaslIds (row 7)
21:14:57.858 [main] INFO  - CDT 1 depth = 1, CDT 2 depth = 2
21:14:57.858 [main] INFO  - CDT 1 leaves = 1, CDT 2 leaves = 1
21:14:57.859 [main] INFO  - Start mapping
21:14:57.860 [main] INFO  - End mapping
21:14:57.860 [main] INFO  - start to refactor clone pair
21:14:57.861 [main] INFO  - 11%: Reading information from row 8 (Clone group ID 58, clone #1)
21:14:57.868 [main] INFO  - 11%: Generating PDG for method "testWriterSuccess" in "org.apache.zookeeper.common.AtomicFileWritingIdiomTest"
21:14:57.871 [main] INFO  - 11%: Reading information from row 9 (Clone group ID 58, clone #2)
21:14:57.871 [main] INFO  - 11%: Generating PDG for method "testOutputStreamSuccess" in "org.apache.zookeeper.common.AtomicFileWritingIdiomTest"
21:14:57.873 [main] INFO  - 11%: Analyzing Clone #4 (Group 58, Pair 1-2): org.apache.zookeeper.common.AtomicFileWritingIdiomTest#testWriterSuccess (row 8) and org.apache.zookeeper.common.AtomicFileWritingIdiomTest#testOutputStreamSuccess (row 9)
21:14:57.879 [main] INFO  - CDT 1 depth = 0, CDT 2 depth = 0
21:14:57.880 [main] INFO  - CDT 1 leaves = 1, CDT 2 leaves = 1
21:14:57.889 [main] INFO  - start to refactor clone pair
21:14:57.890 [main] INFO  - cannot refactor ClassInstanceCreation node with with anonymous class declaration
21:14:57.890 [main] INFO  - cannot find common interface: org.apache.zookeeper.common.AtomicFileWritingIdiom$WriterStatement, org.apache.zookeeper.common.AtomicFileWritingIdiom$OutputStreamStatement
21:14:57.890 [main] INFO  - 14%: Reading information from row 10 (Clone group ID 108, clone #1)
21:14:57.905 [main] INFO  - 14%: Generating PDG for method "testDefaultWatcherAutoResetWithChroot" in "org.apache.zookeeper.test.DisconnectedWatcherTest"
21:14:58.247 [main] INFO  - 14%: Reading information from row 11 (Clone group ID 108, clone #2)
21:14:58.248 [main] INFO  - 14%: Generating PDG for method "testChildWatcherAutoResetWithChroot" in "org.apache.zookeeper.test.DisconnectedWatcherTest"
21:14:58.252 [main] INFO  - 14%: Analyzing Clone #5 (Group 108, Pair 1-2): org.apache.zookeeper.test.DisconnectedWatcherTest#testDefaultWatcherAutoResetWithChroot (row 10) and org.apache.zookeeper.test.DisconnectedWatcherTest#testChildWatcherAutoResetWithChroot (row 11)
21:14:58.268 [main] INFO  - CDT 1 depth = 0, CDT 2 depth = 0
21:14:58.269 [main] INFO  - CDT 1 leaves = 1, CDT 2 leaves = 1
21:14:58.321 [main] INFO  - start to refactor clone pair
21:14:58.321 [main] INFO  - Non refactorable CloneType: Type 3
21:14:58.321 [main] INFO  - 17%: Reading information from row 12 (Clone group ID 127, clone #1)
21:14:58.341 [main] INFO  - 17%: Generating PDG for method "testACLWithExtraAgruments" in "org.apache.zookeeper.ZooKeeperTest"
21:14:58.445 [main] INFO  - 17%: Reading information from row 13 (Clone group ID 127, clone #2)
21:14:58.446 [main] INFO  - 17%: Generating PDG for method "testCreatePersistentNode" in "org.apache.zookeeper.ZooKeeperTest"
21:14:58.447 [main] INFO  - 17%: Analyzing Clone #6 (Group 127, Pair 1-2): org.apache.zookeeper.ZooKeeperTest#testACLWithExtraAgruments (row 12) and org.apache.zookeeper.ZooKeeperTest#testCreatePersistentNode (row 13)
21:14:58.467 [main] INFO  - CDT 1 depth = 0, CDT 2 depth = 0
21:14:58.467 [main] INFO  - CDT 1 leaves = 1, CDT 2 leaves = 1
21:14:58.491 [main] INFO  - start to refactor clone pair
21:14:58.492 [main] INFO  - 21%: Reading information from row 14 (Clone group ID 128, clone #1)
21:14:58.500 [main] INFO  - 21%: Generating PDG for method "testTrustedAuth" in "org.apache.zookeeper.test.X509AuthTest"
21:14:58.598 [main] INFO  - 21%: Reading information from row 15 (Clone group ID 128, clone #2)
21:14:58.599 [main] INFO  - 21%: Generating PDG for method "testUntrustedAuth" in "org.apache.zookeeper.test.X509AuthTest"
21:14:58.599 [main] INFO  - 21%: Analyzing Clone #7 (Group 128, Pair 1-2): org.apache.zookeeper.test.X509AuthTest#testTrustedAuth (row 14) and org.apache.zookeeper.test.X509AuthTest#testUntrustedAuth (row 15)
21:14:58.608 [main] INFO  - CDT 1 depth = 0, CDT 2 depth = 0
21:14:58.609 [main] INFO  - CDT 1 leaves = 1, CDT 2 leaves = 1
21:14:58.611 [main] INFO  - start to refactor clone pair
21:14:58.614 [main] INFO  - 24%: Reading information from row 16 (Clone group ID 129, clone #1)
21:14:58.618 [main] INFO  - 24%: Generating PDG for method "testGetOpenFileDescriptorCount" in "org.apache.zookeeper.test.OSMXBeanTest"
21:14:58.626 [main] INFO  - 24%: Reading information from row 17 (Clone group ID 129, clone #2)
21:14:58.627 [main] INFO  - 24%: Generating PDG for method "testGetMaxFileDescriptorCount" in "org.apache.zookeeper.test.OSMXBeanTest"
21:14:58.628 [main] INFO  - 24%: Analyzing Clone #8 (Group 129, Pair 1-2): org.apache.zookeeper.test.OSMXBeanTest#testGetOpenFileDescriptorCount (row 16) and org.apache.zookeeper.test.OSMXBeanTest#testGetMaxFileDescriptorCount (row 17)
21:14:58.631 [main] INFO  - CDT 1 depth = 1, CDT 2 depth = 1
21:14:58.632 [main] INFO  - CDT 1 leaves = 1, CDT 2 leaves = 1
21:14:58.632 [main] INFO  - Start mapping
21:14:58.641 [main] INFO  - End mapping
21:14:58.642 [main] INFO  - start to refactor clone pair
21:14:58.645 [main] INFO  - 27%: Reading information from row 18 (Clone group ID 133, clone #1)
21:14:58.669 [main] INFO  - 27%: Generating PDG for method "testWatcherAutoResetWithGlobal" in "org.apache.zookeeper.test.WatcherTest"
21:14:58.828 [main] INFO  - 27%: Reading information from row 19 (Clone group ID 133, clone #2)
21:14:58.829 [main] INFO  - 27%: Generating PDG for method "testWatcherAutoResetWithLocal" in "org.apache.zookeeper.test.WatcherTest"
21:14:58.830 [main] INFO  - 27%: Analyzing Clone #9 (Group 133, Pair 1-2): org.apache.zookeeper.test.WatcherTest#testWatcherAutoResetWithGlobal (row 18) and org.apache.zookeeper.test.WatcherTest#testWatcherAutoResetWithLocal (row 19)
21:14:58.847 [main] INFO  - CDT 1 depth = 0, CDT 2 depth = 0
21:14:58.847 [main] INFO  - CDT 1 leaves = 1, CDT 2 leaves = 1
21:14:58.872 [main] INFO  - start to refactor clone pair
21:14:58.873 [main] INFO  - non-refactored node pair with SimpleName node: watcher  <--->  new MyWatcher()  (TYPE_COMPATIBLE_REPLACEMENT)
21:14:58.874 [main] INFO  - 30%: Reading information from row 20 (Clone group ID 198, clone #1)
21:14:58.888 [main] INFO  - 30%: Generating PDG for method "testClientPortInDynamicFile" in "org.apache.zookeeper.test.StandaloneTest"
21:14:58.921 [main] INFO  - 30%: Reading information from row 21 (Clone group ID 198, clone #2)
21:14:58.922 [main] INFO  - 30%: Generating PDG for method "testClientPortInStaticFile" in "org.apache.zookeeper.test.StandaloneTest"
21:14:58.923 [main] INFO  - 30%: Analyzing Clone #10 (Group 198, Pair 1-2): org.apache.zookeeper.test.StandaloneTest#testClientPortInDynamicFile (row 20) and org.apache.zookeeper.test.StandaloneTest#testClientPortInStaticFile (row 21)
21:14:58.936 [main] INFO  - CDT 1 depth = 0, CDT 2 depth = 0
21:14:58.936 [main] INFO  - CDT 1 leaves = 1, CDT 2 leaves = 1
21:14:58.952 [main] INFO  - start to refactor clone pair
21:14:58.953 [main] INFO  - 33%: Reading information from row 22 (Clone group ID 215, clone #1)
21:14:58.983 [main] INFO  - 33%: Generating PDG for method "testRemoveAllWatchers" in "org.apache.zookeeper.RemoveWatchesTest"
21:14:59.078 [main] INFO  - 33%: Reading information from row 23 (Clone group ID 215, clone #2)
21:14:59.079 [main] INFO  - 33%: Generating PDG for method "testRemoveWatcherWhenNoConnection" in "org.apache.zookeeper.RemoveWatchesTest"
21:14:59.119 [main] INFO  - 33%: Analyzing Clone #11 (Group 215, Pair 1-2): org.apache.zookeeper.RemoveWatchesTest#testRemoveAllWatchers (row 22) and org.apache.zookeeper.RemoveWatchesTest#testRemoveWatcherWhenNoConnection (row 23)
21:14:59.150 [main] INFO  - CDT 1 depth = 0, CDT 2 depth = 1
21:14:59.151 [main] INFO  - CDT 1 leaves = 1, CDT 2 leaves = 1
21:14:59.223 [main] INFO  - start to refactor clone pair
21:14:59.223 [main] ERROR - CloneStructure has PDG gap node.
21:14:59.224 [main] INFO  - 37%: Reading information from row 24 (Clone group ID 216, clone #1)
21:14:59.225 [main] INFO  - 37%: Generating PDG for method "testRemoveAllDataWatchesOnAPath" in "org.apache.zookeeper.RemoveWatchesTest"
21:14:59.462 [main] INFO  - 37%: Reading information from row 25 (Clone group ID 216, clone #2)
21:14:59.463 [main] INFO  - 37%: Generating PDG for method "testRemoveAllChildWatchesOnAPath" in "org.apache.zookeeper.RemoveWatchesTest"
21:14:59.466 [main] INFO  - 37%: Analyzing Clone #12 (Group 216, Pair 1-2): org.apache.zookeeper.RemoveWatchesTest#testRemoveAllDataWatchesOnAPath (row 24) and org.apache.zookeeper.RemoveWatchesTest#testRemoveAllChildWatchesOnAPath (row 25)
21:14:59.496 [main] INFO  - CDT 1 depth = 0, CDT 2 depth = 0
21:14:59.497 [main] INFO  - CDT 1 leaves = 1, CDT 2 leaves = 1
21:14:59.588 [main] INFO  - start to refactor clone pair
21:14:59.590 [main] INFO  - cannot refactor ClassInstanceCreation node with with anonymous class declaration
21:14:59.590 [main] INFO  - cannot refactor ClassInstanceCreation node with with anonymous class declaration
21:14:59.591 [main] INFO  - non-refactored node pair with MethodInvocation node: Assert.assertNotNull("Didn't set data watches",zk2.exists("/node1",w1))  <--->  Assert.assertEquals("Didn't set child watches",0,zk2.getChildren("/node1",w1).size())  (ARGUMENT_NUMBER_MISMATCH)
21:14:59.591 [main] INFO  - non-refactored node pair with MethodInvocation node: Assert.assertNotNull("Didn't set data watches",zk2.exists("/node1",w2))  <--->  Assert.assertEquals("Didn't set child watches",0,zk2.getChildren("/node1",w2).size())  (ARGUMENT_NUMBER_MISMATCH)
21:14:59.592 [main] INFO  - 40%: Reading information from row 26 (Clone group ID 253, clone #1)
21:14:59.606 [main] INFO  - 40%: Generating PDG for method "tearDown" in "org.apache.zookeeper.test.FLENewEpochTest"
21:14:59.607 [main] INFO  - 40%: Reading information from row 27 (Clone group ID 253, clone #2)
21:14:59.620 [main] INFO  - 40%: Generating PDG for method "tearDown" in "org.apache.zookeeper.test.FLERestartTest"
21:14:59.620 [main] INFO  - 40%: Analyzing Clone #13 (Group 253, Pair 1-2): org.apache.zookeeper.test.FLENewEpochTest#tearDown (row 26) and org.apache.zookeeper.test.FLERestartTest#tearDown (row 27)
21:14:59.645 [main] INFO  - CDT 1 depth = 1, CDT 2 depth = 1
21:14:59.645 [main] INFO  - CDT 1 leaves = 1, CDT 2 leaves = 1
21:14:59.646 [main] INFO  - Start mapping
21:14:59.649 [main] INFO  - End mapping
21:14:59.649 [main] INFO  - start to refactor clone pair
21:14:59.651 [main] INFO  - Same method found in common super class [java.util.ArrayList<org.apache.zookeeper.test.FLENewEpochTest.LEThread>]: size
21:14:59.653 [main] INFO  - exception: java.lang.IllegalArgumentException: Invalid identifier : >arrayListFLENewEpochTest.LEThread1<
21:14:59.653 [main] INFO  - 43%: Reading information from row 28 (Clone group ID 283, clone #1)
21:14:59.657 [main] INFO  - 43%: Generating PDG for method "testWithZeroPurgeInterval" in "org.apache.zookeeper.server.DatadirCleanupManagerTest"
21:14:59.662 [main] INFO  - 43%: Reading information from row 29 (Clone group ID 283, clone #2)
21:14:59.663 [main] INFO  - 43%: Generating PDG for method "testWithNegativePurgeInterval" in "org.apache.zookeeper.server.DatadirCleanupManagerTest"
21:14:59.664 [main] INFO  - 43%: Analyzing Clone #14 (Group 283, Pair 1-2): org.apache.zookeeper.server.DatadirCleanupManagerTest#testWithZeroPurgeInterval (row 28) and org.apache.zookeeper.server.DatadirCleanupManagerTest#testWithNegativePurgeInterval (row 29)
21:14:59.668 [main] INFO  - CDT 1 depth = 0, CDT 2 depth = 0
21:14:59.669 [main] INFO  - CDT 1 leaves = 1, CDT 2 leaves = 1
21:14:59.674 [main] INFO  - start to refactor clone pair
21:14:59.676 [main] INFO  - 46%: Reading information from row 30 (Clone group ID 290, clone #1)
21:14:59.701 [main] INFO  - 46%: Generating PDG for method "testSetAndGetData" in "org.apache.zookeeper.server.quorum.QuorumRequestPipelineTest"
21:14:59.798 [main] INFO  - 46%: Reading information from row 31 (Clone group ID 290, clone #2)
21:14:59.799 [main] INFO  - 46%: Generating PDG for method "testCreate2" in "org.apache.zookeeper.server.quorum.QuorumRequestPipelineTest"
21:14:59.805 [main] INFO  - 46%: Analyzing Clone #15 (Group 290, Pair 1-2): org.apache.zookeeper.server.quorum.QuorumRequestPipelineTest#testSetAndGetData (row 30) and org.apache.zookeeper.server.quorum.QuorumRequestPipelineTest#testCreate2 (row 31)
21:14:59.822 [main] INFO  - CDT 1 depth = 0, CDT 2 depth = 0
21:14:59.822 [main] INFO  - CDT 1 leaves = 1, CDT 2 leaves = 1
21:14:59.825 [main] INFO  - start to refactor clone pair
21:14:59.826 [main] INFO  - Non refactorable CloneType: Type 3
21:14:59.826 [main] INFO  - 49%: Reading information from row 32 (Clone group ID 315, clone #1)
21:14:59.839 [main] INFO  - 49%: Generating PDG for method "testTooFewRemainingPariticipants" in "org.apache.zookeeper.server.quorum.ReconfigFailureCasesTest"
21:14:59.930 [main] INFO  - 49%: Reading information from row 33 (Clone group ID 315, clone #2)
21:14:59.931 [main] INFO  - 49%: Generating PDG for method "testReconfigVersionConditionFails" in "org.apache.zookeeper.server.quorum.ReconfigFailureCasesTest"
21:14:59.932 [main] INFO  - 49%: Analyzing Clone #16 (Group 315, Pair 1-2): org.apache.zookeeper.server.quorum.ReconfigFailureCasesTest#testTooFewRemainingPariticipants (row 32) and org.apache.zookeeper.server.quorum.ReconfigFailureCasesTest#testReconfigVersionConditionFails (row 33)
21:14:59.945 [main] INFO  - CDT 1 depth = 1, CDT 2 depth = 1
21:14:59.945 [main] INFO  - CDT 1 leaves = 1, CDT 2 leaves = 1
21:14:59.947 [main] INFO  - Start mapping
21:14:59.955 [main] INFO  - End mapping
21:14:59.955 [main] INFO  - start to refactor clone pair
21:14:59.956 [main] INFO  - Non refactorable CloneType: Type 3
21:14:59.956 [main] INFO  - 52%: Reading information from row 34 (Clone group ID 316, clone #1)
21:14:59.973 [main] INFO  - 52%: Generating PDG for method "testCreate" in "org.apache.zookeeper.server.CreateTTLTest"
21:15:01.522 [main] INFO  - 52%: Reading information from row 35 (Clone group ID 316, clone #2)
21:15:01.537 [main] INFO  - 52%: Generating PDG for method "testCreate" in "org.apache.zookeeper.server.Emulate353TTLTest"
21:15:01.552 [main] INFO  - 52%: Analyzing Clone #17 (Group 316, Pair 1-2): org.apache.zookeeper.server.CreateTTLTest#testCreate (row 34) and org.apache.zookeeper.server.Emulate353TTLTest#testCreate (row 35)
21:15:01.583 [main] INFO  - CDT 1 depth = 0, CDT 2 depth = 0
21:15:01.583 [main] INFO  - CDT 1 leaves = 1, CDT 2 leaves = 1
21:15:01.625 [main] INFO  - start to refactor clone pair
21:15:01.626 [main] INFO  - Containing unrefactorable private field access: zk
21:15:01.627 [main] INFO  - different local method access: newContainerManager
21:15:01.627 [main] INFO  - Containing unrefactorable private field access: zk
21:15:01.628 [main] INFO  - Containing unrefactorable private field access: zk
21:15:01.628 [main] INFO  - 56%: Reading information from row 36 (Clone group ID 323, clone #1)
21:15:01.639 [main] INFO  - 56%: Generating PDG for method "testSortDataDirAscending" in "org.apache.zookeeper.server.ZooKeeperServerTest"
21:15:01.657 [main] INFO  - 56%: Reading information from row 37 (Clone group ID 323, clone #2)
21:15:01.658 [main] INFO  - 56%: Generating PDG for method "testSortDataDirDescending" in "org.apache.zookeeper.server.ZooKeeperServerTest"
21:15:01.659 [main] INFO  - 56%: Analyzing Clone #18 (Group 323, Pair 1-2): org.apache.zookeeper.server.ZooKeeperServerTest#testSortDataDirAscending (row 36) and org.apache.zookeeper.server.ZooKeeperServerTest#testSortDataDirDescending (row 37)
21:15:01.668 [main] INFO  - CDT 1 depth = 0, CDT 2 depth = 0
21:15:01.668 [main] INFO  - CDT 1 leaves = 1, CDT 2 leaves = 1
21:15:01.700 [main] INFO  - start to refactor clone pair
21:15:01.703 [main] INFO  - 59%: Reading information from row 38 (Clone group ID 336, clone #1)
21:15:01.734 [main] INFO  - 59%: Generating PDG for method "testRemoveAnyDataWatcher" in "org.apache.zookeeper.RemoveWatchesTest"
21:15:01.827 [main] INFO  - 59%: Reading information from row 39 (Clone group ID 336, clone #2)
21:15:01.827 [main] INFO  - 59%: Generating PDG for method "testMultipleDataWatchers" in "org.apache.zookeeper.RemoveWatchesTest"
21:15:01.831 [main] INFO  - 59%: Analyzing Clone #19 (Group 336, Pair 1-2): org.apache.zookeeper.RemoveWatchesTest#testRemoveAnyDataWatcher (row 38) and org.apache.zookeeper.RemoveWatchesTest#testMultipleDataWatchers (row 39)
21:15:01.865 [main] INFO  - CDT 1 depth = 0, CDT 2 depth = 1
21:15:01.865 [main] INFO  - CDT 1 leaves = 1, CDT 2 leaves = 1
21:15:01.935 [main] INFO  - start to refactor clone pair
21:15:01.935 [main] INFO  - Non refactorable CloneType: Type 3
21:15:01.935 [main] INFO  - 62%: Reading information from row 40 (Clone group ID 350, clone #1)
21:15:01.949 [main] INFO  - 62%: Generating PDG for method "testValidCredentials" in "org.apache.zookeeper.server.quorum.auth.QuorumKerberosAuthTest"
21:15:02.042 [main] INFO  - 62%: Reading information from row 41 (Clone group ID 350, clone #2)
21:15:02.055 [main] INFO  - 62%: Generating PDG for method "testValidCredentials" in "org.apache.zookeeper.server.quorum.auth.QuorumKerberosHostBasedAuthTest"
21:15:02.056 [main] INFO  - 62%: Analyzing Clone #20 (Group 350, Pair 1-2): org.apache.zookeeper.server.quorum.auth.QuorumKerberosAuthTest#testValidCredentials (row 40) and org.apache.zookeeper.server.quorum.auth.QuorumKerberosHostBasedAuthTest#testValidCredentials (row 41)
21:15:02.080 [main] INFO  - CDT 1 depth = 1, CDT 2 depth = 1
21:15:02.080 [main] INFO  - CDT 1 leaves = 1, CDT 2 leaves = 1
21:15:02.081 [main] INFO  - Start mapping
21:15:02.190 [main] INFO  - End mapping
21:15:02.190 [main] INFO  - start to refactor clone pair
21:15:02.190 [main] INFO  - Non refactorable CloneType: Type 3
21:15:02.191 [main] INFO  - 65%: Reading information from row 42 (Clone group ID 354, clone #1)
21:15:02.197 [main] INFO  - 65%: Generating PDG for method "testWriterFailureNE" in "org.apache.zookeeper.common.AtomicFileWritingIdiomTest"
21:15:02.198 [main] INFO  - 65%: Reading information from row 43 (Clone group ID 354, clone #2)
21:15:02.199 [main] INFO  - 65%: Generating PDG for method "testOutputStreamFailureNE" in "org.apache.zookeeper.common.AtomicFileWritingIdiomTest"
21:15:02.199 [main] INFO  - 65%: Analyzing Clone #21 (Group 354, Pair 1-2): org.apache.zookeeper.common.AtomicFileWritingIdiomTest#testWriterFailureNE (row 42) and org.apache.zookeeper.common.AtomicFileWritingIdiomTest#testOutputStreamFailureNE (row 43)
21:15:02.205 [main] INFO  - CDT 1 depth = 1, CDT 2 depth = 1
21:15:02.205 [main] INFO  - CDT 1 leaves = 1, CDT 2 leaves = 1
21:15:02.206 [main] INFO  - Start mapping
21:15:02.210 [main] INFO  - End mapping
21:15:02.210 [main] INFO  - start to refactor clone pair
21:15:02.211 [main] INFO  - cannot refactor ClassInstanceCreation node with with anonymous class declaration
21:15:02.211 [main] INFO  - cannot find common interface: org.apache.zookeeper.common.AtomicFileWritingIdiom$WriterStatement, org.apache.zookeeper.common.AtomicFileWritingIdiom$OutputStreamStatement
21:15:02.211 [main] INFO  - 68%: Reading information from row 44 (Clone group ID 360, clone #1)
21:15:02.229 [main] INFO  - 68%: Generating PDG for method "testParseWithMultipleQuotes" in "org.apache.zookeeper.ZooKeeperTest"
21:15:02.275 [main] INFO  - 68%: Reading information from row 45 (Clone group ID 360, clone #2)
21:15:02.275 [main] INFO  - 68%: Generating PDG for method "testParseWithQuotes" in "org.apache.zookeeper.ZooKeeperTest"
21:15:02.276 [main] INFO  - 68%: Analyzing Clone #22 (Group 360, Pair 1-2): org.apache.zookeeper.ZooKeeperTest#testParseWithMultipleQuotes (row 44) and org.apache.zookeeper.ZooKeeperTest#testParseWithQuotes (row 45)
21:15:02.294 [main] INFO  - CDT 1 depth = 0, CDT 2 depth = 1
21:15:02.294 [main] INFO  - CDT 1 leaves = 1, CDT 2 leaves = 1
21:15:02.315 [main] INFO  - start to refactor clone pair
21:15:02.315 [main] INFO  - Non refactorable CloneType: Type 3
21:15:02.315 [main] INFO  - 71%: Reading information from row 46 (Clone group ID 414, clone #1)
21:15:02.328 [main] INFO  - 71%: Generating PDG for method "testReconfigEnabledWithAuthAndACL" in "org.apache.zookeeper.test.ReconfigExceptionTest"
21:15:02.437 [main] INFO  - 71%: Reading information from row 47 (Clone group ID 414, clone #2)
21:15:02.437 [main] INFO  - 71%: Generating PDG for method "testReconfigEnabledWithAuthAndWrongACL" in "org.apache.zookeeper.test.ReconfigExceptionTest"
21:15:02.438 [main] INFO  - 71%: Analyzing Clone #23 (Group 414, Pair 1-2): org.apache.zookeeper.test.ReconfigExceptionTest#testReconfigEnabledWithAuthAndACL (row 46) and org.apache.zookeeper.test.ReconfigExceptionTest#testReconfigEnabledWithAuthAndWrongACL (row 47)
21:15:02.451 [main] INFO  - CDT 1 depth = 1, CDT 2 depth = 1
21:15:02.452 [main] INFO  - CDT 1 leaves = 1, CDT 2 leaves = 1
21:15:02.452 [main] INFO  - Start mapping
21:15:02.466 [main] INFO  - End mapping
21:15:02.467 [main] INFO  - start to refactor clone pair
21:15:02.467 [main] INFO  - Non refactorable CloneType: Type 3
21:15:02.467 [main] INFO  - 75%: Reading information from row 48 (Clone group ID 448, clone #1)
21:15:02.482 [main] INFO  - 75%: Generating PDG for method "testValidCredentials" in "org.apache.zookeeper.server.quorum.auth.QuorumDigestAuthTest"
21:15:02.595 [main] INFO  - 75%: Reading information from row 49 (Clone group ID 448, clone #2)
21:15:02.595 [main] INFO  - 75%: Generating PDG for method "testSaslNotRequiredWithInvalidCredentials" in "org.apache.zookeeper.server.quorum.auth.QuorumDigestAuthTest"
21:15:02.596 [main] INFO  - 75%: Analyzing Clone #24 (Group 448, Pair 1-2): org.apache.zookeeper.server.quorum.auth.QuorumDigestAuthTest#testValidCredentials (row 48) and org.apache.zookeeper.server.quorum.auth.QuorumDigestAuthTest#testSaslNotRequiredWithInvalidCredentials (row 49)
21:15:02.610 [main] INFO  - CDT 1 depth = 1, CDT 2 depth = 1
21:15:02.610 [main] INFO  - CDT 1 leaves = 1, CDT 2 leaves = 1
21:15:02.610 [main] INFO  - Start mapping
21:15:02.621 [main] INFO  - End mapping
21:15:02.621 [main] INFO  - start to refactor clone pair
21:15:02.623 [main] INFO  - 78%: Reading information from row 50 (Clone group ID 525, clone #1)
21:15:02.642 [main] INFO  - 78%: Generating PDG for method "testReadOnlyTxnLogDir" in "org.apache.zookeeper.server.ZooKeeperServerMainTest"
21:15:03.688 [main] INFO  - 78%: Reading information from row 51 (Clone group ID 525, clone #2)
21:15:03.689 [main] INFO  - 78%: Generating PDG for method "testReadOnlySnapshotDir" in "org.apache.zookeeper.server.ZooKeeperServerMainTest"
21:15:03.693 [main] INFO  - 78%: Analyzing Clone #25 (Group 525, Pair 1-2): org.apache.zookeeper.server.ZooKeeperServerMainTest#testReadOnlyTxnLogDir (row 50) and org.apache.zookeeper.server.ZooKeeperServerMainTest#testReadOnlySnapshotDir (row 51)
21:15:03.712 [main] INFO  - CDT 1 depth = 0, CDT 2 depth = 0
21:15:03.712 [main] INFO  - CDT 1 leaves = 1, CDT 2 leaves = 1
21:15:03.744 [main] INFO  - start to refactor clone pair
21:15:03.746 [main] INFO  - continue to resolve inner expression diff without creating new adapter action
21:15:03.747 [main] INFO  - continue to resolve inner expression diff without creating new adapter action
21:15:03.747 [main] INFO  - 81%: Reading information from row 52 (Clone group ID 526, clone #1)
21:15:03.756 [main] INFO  - 81%: Generating PDG for method "testRecoveryFixBrokenFile" in "org.apache.zookeeper.server.persistence.TxnLogToolkitTest"
21:15:03.789 [main] INFO  - 81%: Reading information from row 53 (Clone group ID 526, clone #2)
21:15:03.790 [main] INFO  - 81%: Generating PDG for method "testRecoveryInteractiveMode" in "org.apache.zookeeper.server.persistence.TxnLogToolkitTest"
21:15:03.790 [main] INFO  - 81%: Analyzing Clone #26 (Group 526, Pair 1-2): org.apache.zookeeper.server.persistence.TxnLogToolkitTest#testRecoveryFixBrokenFile (row 52) and org.apache.zookeeper.server.persistence.TxnLogToolkitTest#testRecoveryInteractiveMode (row 53)
21:15:03.796 [main] INFO  - CDT 1 depth = 0, CDT 2 depth = 0
21:15:03.796 [main] INFO  - CDT 1 leaves = 1, CDT 2 leaves = 1
21:15:03.812 [main] INFO  - start to refactor clone pair
21:15:03.813 [main] INFO  - non-refactored node pair with NullLiteral node: null  <--->  new Scanner("y\n")  (TYPE_COMPATIBLE_REPLACEMENT)
21:15:03.814 [main] INFO  - 84%: Reading information from row 54 (Clone group ID 576, clone #1)
21:15:03.820 [main] INFO  - 84%: Generating PDG for method "testWriterSuccessNE" in "org.apache.zookeeper.common.AtomicFileWritingIdiomTest"
21:15:03.821 [main] INFO  - 84%: Reading information from row 55 (Clone group ID 576, clone #2)
21:15:03.821 [main] INFO  - 84%: Generating PDG for method "testOutputStreamSuccessNE" in "org.apache.zookeeper.common.AtomicFileWritingIdiomTest"
21:15:03.822 [main] INFO  - 84%: Analyzing Clone #27 (Group 576, Pair 1-2): org.apache.zookeeper.common.AtomicFileWritingIdiomTest#testWriterSuccessNE (row 54) and org.apache.zookeeper.common.AtomicFileWritingIdiomTest#testOutputStreamSuccessNE (row 55)
21:15:03.828 [main] INFO  - CDT 1 depth = 0, CDT 2 depth = 0
21:15:03.828 [main] INFO  - CDT 1 leaves = 1, CDT 2 leaves = 1
21:15:03.831 [main] INFO  - start to refactor clone pair
21:15:03.832 [main] INFO  - Non refactorable CloneType: Type 3
21:15:03.832 [main] INFO  - 87%: Reading information from row 56 (Clone group ID 578, clone #1)
21:15:03.850 [main] INFO  - 87%: Generating PDG for method "testStatCommand" in "org.apache.zookeeper.ZooKeeperTest"
21:15:03.976 [main] INFO  - 87%: Reading information from row 57 (Clone group ID 578, clone #2)
21:15:03.977 [main] INFO  - 87%: Generating PDG for method "testDelete" in "org.apache.zookeeper.ZooKeeperTest"
21:15:03.978 [main] INFO  - 87%: Analyzing Clone #28 (Group 578, Pair 1-2): org.apache.zookeeper.ZooKeeperTest#testStatCommand (row 56) and org.apache.zookeeper.ZooKeeperTest#testDelete (row 57)
21:15:03.997 [main] INFO  - CDT 1 depth = 0, CDT 2 depth = 0
21:15:03.997 [main] INFO  - CDT 1 leaves = 1, CDT 2 leaves = 1
21:15:04.049 [main] INFO  - start to refactor clone pair
21:15:04.050 [main] INFO  - non-refactored node pair with MethodInvocation node: Assert.assertFalse(zkMain.processZKCmd(zkMain.cl))  <--->  Assert.assertFalse("",zkMain.processCmd(zkMain.cl))  (ARGUMENT_NUMBER_MISMATCH)
21:15:04.050 [main] INFO  - 90%: Reading information from row 58 (Clone group ID 592, clone #1)
21:15:04.075 [main] INFO  - 90%: Generating PDG for method "tearDown" in "org.apache.zookeeper.server.quorum.RaceConditionTest"
21:15:04.076 [main] INFO  - 90%: Reading information from row 59 (Clone group ID 592, clone #2)
21:15:04.098 [main] INFO  - 90%: Generating PDG for method "tearDown" in "org.apache.zookeeper.server.quorum.ReconfigDuringLeaderSyncTest"
21:15:04.098 [main] INFO  - 90%: Analyzing Clone #29 (Group 592, Pair 1-2): org.apache.zookeeper.server.quorum.RaceConditionTest#tearDown (row 58) and org.apache.zookeeper.server.quorum.ReconfigDuringLeaderSyncTest#tearDown (row 59)
21:15:04.143 [main] INFO  - CDT 1 depth = 3, CDT 2 depth = 3
21:15:04.143 [main] INFO  - CDT 1 leaves = 1, CDT 2 leaves = 1
21:15:04.144 [main] INFO  - Start mapping
21:15:04.246 [main] INFO  - End mapping
21:15:04.246 [main] INFO  - start to refactor clone pair
21:15:04.247 [main] INFO  - Containing unrefactorable private field access: mt
21:15:04.247 [main] INFO  - Containing unrefactorable private field access: SERVER_COUNT
21:15:04.247 [main] INFO  - Containing unrefactorable private field access: mt
21:15:04.247 [main] INFO  - non-refactored node pair with SimpleName node: SERVER_COUNT  <--->  mt.length  (TYPE_COMPATIBLE_REPLACEMENT)
21:15:04.247 [main] INFO  - 94%: Reading information from row 60 (Clone group ID 653, clone #1)
21:15:04.282 [main] INFO  - 94%: Generating PDG for method "testMinMaxSessionTimeOut" in "org.apache.zookeeper.server.quorum.QuorumPeerMainTest"
21:15:04.360 [main] INFO  - 94%: Reading information from row 61 (Clone group ID 653, clone #2)
21:15:04.361 [main] INFO  - 94%: Generating PDG for method "testWithOnlyMinSessionTimeout" in "org.apache.zookeeper.server.quorum.QuorumPeerMainTest"
21:15:04.362 [main] INFO  - 94%: Analyzing Clone #30 (Group 653, Pair 1-2): org.apache.zookeeper.server.quorum.QuorumPeerMainTest#testMinMaxSessionTimeOut (row 60) and org.apache.zookeeper.server.quorum.QuorumPeerMainTest#testWithOnlyMinSessionTimeout (row 61)
21:15:04.397 [main] INFO  - CDT 1 depth = 0, CDT 2 depth = 0
21:15:04.397 [main] INFO  - CDT 1 leaves = 1, CDT 2 leaves = 1
21:15:04.411 [main] INFO  - start to refactor clone pair
21:15:04.412 [main] INFO  - non-refactored node pair with initializer node: 15000  <--->  quorumPeer.tickTime * 20  (TYPE_COMPATIBLE_REPLACEMENT)
21:15:04.412 [main] INFO  - unrefactorable InfixExpr node pair containing local variables: "maxSessionTimeout=" + maxSessionTimeOut + "\n"+ "minSessionTimeout="+ minSessionTimeOut+ "\n"  <--->  "minSessionTimeout=" + minSessionTimeOut + "\n"  (INFIX_EXTENDED_OPERAND_NUMBER_MISMATCH)
21:15:04.413 [main] INFO  - 97%: Reading information from row 62 (Clone group ID 684, clone #1)
21:15:04.430 [main] INFO  - 97%: Generating PDG for method "testSetAndGetChildren" in "org.apache.zookeeper.server.quorum.QuorumRequestPipelineTest"
21:15:04.506 [main] INFO  - 97%: Reading information from row 63 (Clone group ID 684, clone #2)
21:15:04.506 [main] INFO  - 97%: Generating PDG for method "testSetAndGetChildren2" in "org.apache.zookeeper.server.quorum.QuorumRequestPipelineTest"
21:15:04.530 [main] INFO  - 97%: Analyzing Clone #31 (Group 684, Pair 1-2): org.apache.zookeeper.server.quorum.QuorumRequestPipelineTest#testSetAndGetChildren (row 62) and org.apache.zookeeper.server.quorum.QuorumRequestPipelineTest#testSetAndGetChildren2 (row 63)
21:15:04.547 [main] INFO  - CDT 1 depth = 1, CDT 2 depth = 1
21:15:04.547 [main] INFO  - CDT 1 leaves = 1, CDT 2 leaves = 1
21:15:04.547 [main] INFO  - Start mapping
21:15:04.584 [main] INFO  - End mapping
21:15:04.584 [main] INFO  - start to refactor clone pair
21:15:04.585 [main] INFO  - non-refactored node pair with MethodInvocation node: zkClient.getChildren(PARENT_PATH,false)  <--->  zkClient.getChildren(PARENT_PATH,false,null)  (ARGUMENT_NUMBER_MISMATCH)
21:15:05.317 [main] INFO  - Applying changes to source files
21:15:05.317 [main] INFO  - refactoring 7 clone method pairs.
21:15:05.317 [main] INFO  - skipping 15 clone method pairs:
21:15:05.317 [main] INFO  - 	0 not test cases
21:15:05.317 [main] INFO  - 	2 containing gap nodes (type3)
21:15:05.317 [main] INFO  - 	12 not refactorable
21:15:05.317 [main] INFO  - 	1 repeated naming
21:15:05.317 [main] INFO  - 	2 access issues
21:15:05.317 [main] INFO  - 	 *org.apache.zookeeper.ZooKeeperTest: void testACLWithExtraAgruments() <---> org.apache.zookeeper.ZooKeeperTest: void testCreatePersistentNode()
21:15:05.317 [main] INFO  - 	  org.apache.zookeeper.ZooKeeperTest: void testStatCommand() <---> org.apache.zookeeper.ZooKeeperTest: void testDelete()
21:15:05.317 [main] INFO  - type1 count: 1
21:15:05.317 [main] INFO  - type2 count: 21
21:15:05.317 [main] INFO  - type3 count: 8
21:15:05.318 [main] INFO  - effective refactoring ratio: 7/19 = 36.8%
21:15:05.318 [main] INFO  - refactoring method pair: org.apache.zookeeper.ZooKeeperTest.java#testACLWithExtraAgruments <---> org.apache.zookeeper.ZooKeeperTest.java#testCreatePersistentNode
21:15:05.743 [main] INFO  - refactoring method pair: org.apache.zookeeper.test.X509AuthTest.java#testTrustedAuth <---> org.apache.zookeeper.test.X509AuthTest.java#testUntrustedAuth
21:15:05.916 [main] INFO  - refactoring method pair: org.apache.zookeeper.test.OSMXBeanTest.java#testGetOpenFileDescriptorCount <---> org.apache.zookeeper.test.OSMXBeanTest.java#testGetMaxFileDescriptorCount
21:15:06.136 [main] INFO  - refactoring method pair: org.apache.zookeeper.server.DatadirCleanupManagerTest.java#testWithZeroPurgeInterval <---> org.apache.zookeeper.server.DatadirCleanupManagerTest.java#testWithNegativePurgeInterval
21:15:06.264 [main] INFO  - refactoring method pair: org.apache.zookeeper.server.ZooKeeperServerTest.java#testSortDataDirAscending <---> org.apache.zookeeper.server.ZooKeeperServerTest.java#testSortDataDirDescending
21:15:06.399 [main] INFO  - refactoring method pair: org.apache.zookeeper.server.quorum.auth.QuorumDigestAuthTest.java#testValidCredentials <---> org.apache.zookeeper.server.quorum.auth.QuorumDigestAuthTest.java#testSaslNotRequiredWithInvalidCredentials
21:15:06.891 [main] INFO  - refactoring method pair: org.apache.zookeeper.server.ZooKeeperServerMainTest.java#testReadOnlyTxnLogDir <---> org.apache.zookeeper.server.ZooKeeperServerMainTest.java#testReadOnlySnapshotDir
21:15:07.043 [main] INFO  - Finished testing refactorabiliy of clones in /home/daveroar/Graduation_Studies/ThesisWork/JRefactoring/JRefactoring-Template/results/zookeeper-3.5.4/zookeeper-3.5.4-deckard-50-0.95-0-selected.xls, output file: /home/daveroar/Graduation_Studies/ThesisWork/JRefactoring/JRefactoring-Template/results/zookeeper-3.5.4/zookeeper-3.5.4-deckard-50-0.95-0-selected-analyzed.xls
