21:05:51.355 [main] INFO  - log file in /home/daveroar/Graduation_Studies/ThesisWork/JRefactoring/JRefactoring-Template/results/zookeeper-3.5.4/log.log
21:05:51.367 [main] INFO  - Testing refactorabiliy of clones in /home/daveroar/Graduation_Studies/ThesisWork/JRefactoring/JRefactoring-Template/results/zookeeper-3.5.4/zookeeper-3.5.4-deckard-30-0.95-0-selected.xls
21:05:52.045 [main] INFO  - 1%: Reading information from row 2 (Clone group ID 36, clone #1)
21:05:52.062 [main] INFO  - 1%: Generating PDG for method "tearDown" in "org.apache.zookeeper.test.FLENewEpochTest"
21:05:52.129 [main] INFO  - 1%: Reading information from row 3 (Clone group ID 36, clone #2)
21:05:52.149 [main] INFO  - 1%: Generating PDG for method "tearDown" in "org.apache.zookeeper.test.FLERestartTest"
21:05:52.157 [main] INFO  - 1%: Analyzing Clone #1 (Group 36, Pair 1-2): org.apache.zookeeper.test.FLENewEpochTest#tearDown (row 2) and org.apache.zookeeper.test.FLERestartTest#tearDown (row 3)
21:05:52.189 [main] INFO  - CDT 1 depth = 1, CDT 2 depth = 1
21:05:52.189 [main] INFO  - CDT 1 leaves = 1, CDT 2 leaves = 1
21:05:52.229 [main] INFO  - Start mapping
21:05:52.260 [main] INFO  - End mapping
21:05:52.271 [main] INFO  - start to refactor clone pair
21:05:52.302 [main] INFO  - Same method found in common super class [java.util.ArrayList<org.apache.zookeeper.test.FLENewEpochTest.LEThread>]: size
21:05:52.304 [main] INFO  - exception: java.lang.IllegalArgumentException: Invalid identifier : >arrayListFLENewEpochTest.LEThread1<
21:05:52.304 [main] INFO  - 4%: Reading information from row 4 (Clone group ID 39, clone #1)
21:05:52.328 [main] INFO  - 4%: Generating PDG for method "tearDown" in "org.apache.zookeeper.test.FLETest"
21:05:52.358 [main] INFO  - 4%: Reading information from row 5 (Clone group ID 39, clone #2)
21:05:52.404 [main] INFO  - 4%: Generating PDG for method "tearDown" in "org.apache.zookeeper.test.FLEZeroWeightTest"
21:05:52.406 [main] INFO  - 4%: Analyzing Clone #2 (Group 39, Pair 1-2): org.apache.zookeeper.test.FLETest#tearDown (row 4) and org.apache.zookeeper.test.FLEZeroWeightTest#tearDown (row 5)
21:05:52.438 [main] INFO  - CDT 1 depth = 1, CDT 2 depth = 1
21:05:52.438 [main] INFO  - CDT 1 leaves = 1, CDT 2 leaves = 1
21:05:52.439 [main] INFO  - Start mapping
21:05:53.685 [main] INFO  - End mapping
21:05:53.685 [main] INFO  - start to refactor clone pair
21:05:53.686 [main] ERROR - CloneStructure has PDG gap node.
21:05:53.687 [main] INFO  - 6%: Reading information from row 6 (Clone group ID 116, clone #1)
21:05:53.717 [main] INFO  - 6%: Generating PDG for method "testSetAndGetChildren" in "org.apache.zookeeper.server.quorum.QuorumRequestPipelineTest"
21:05:53.920 [main] INFO  - 6%: Reading information from row 7 (Clone group ID 116, clone #2)
21:05:53.923 [main] INFO  - 6%: Generating PDG for method "testSetAndGetChildren2" in "org.apache.zookeeper.server.quorum.QuorumRequestPipelineTest"
21:05:53.961 [main] INFO  - 6%: Analyzing Clone #3 (Group 116, Pair 1-2): org.apache.zookeeper.server.quorum.QuorumRequestPipelineTest#testSetAndGetChildren (row 6) and org.apache.zookeeper.server.quorum.QuorumRequestPipelineTest#testSetAndGetChildren2 (row 7)
21:05:53.988 [main] INFO  - CDT 1 depth = 1, CDT 2 depth = 1
21:05:53.988 [main] INFO  - CDT 1 leaves = 1, CDT 2 leaves = 1
21:05:53.989 [main] INFO  - Start mapping
21:05:54.047 [main] INFO  - End mapping
21:05:54.047 [main] INFO  - start to refactor clone pair
21:05:54.050 [main] INFO  - non-refactored node pair with MethodInvocation node: zkClient.getChildren(PARENT_PATH,false)  <--->  zkClient.getChildren(PARENT_PATH,false,null)  (ARGUMENT_NUMBER_MISMATCH)
21:05:54.052 [main] INFO  - 9%: Reading information from row 8 (Clone group ID 154, clone #1)
21:05:54.062 [main] INFO  - 9%: Generating PDG for method "testWriterFailureNE" in "org.apache.zookeeper.common.AtomicFileWritingIdiomTest"
21:05:54.065 [main] INFO  - 9%: Reading information from row 9 (Clone group ID 154, clone #2)
21:05:54.066 [main] INFO  - 9%: Generating PDG for method "testOutputStreamFailureNE" in "org.apache.zookeeper.common.AtomicFileWritingIdiomTest"
21:05:54.068 [main] INFO  - 9%: Analyzing Clone #4 (Group 154, Pair 1-2): org.apache.zookeeper.common.AtomicFileWritingIdiomTest#testWriterFailureNE (row 8) and org.apache.zookeeper.common.AtomicFileWritingIdiomTest#testOutputStreamFailureNE (row 9)
21:05:54.077 [main] INFO  - CDT 1 depth = 1, CDT 2 depth = 1
21:05:54.077 [main] INFO  - CDT 1 leaves = 1, CDT 2 leaves = 1
21:05:54.077 [main] INFO  - Start mapping
21:05:54.087 [main] INFO  - End mapping
21:05:54.088 [main] INFO  - start to refactor clone pair
21:05:54.089 [main] INFO  - cannot refactor ClassInstanceCreation node with with anonymous class declaration
21:05:54.089 [main] INFO  - cannot find common interface: org.apache.zookeeper.common.AtomicFileWritingIdiom$WriterStatement, org.apache.zookeeper.common.AtomicFileWritingIdiom$OutputStreamStatement
21:05:54.090 [main] INFO  - 11%: Reading information from row 10 (Clone group ID 158, clone #1)
21:05:54.111 [main] INFO  - 11%: Generating PDG for method "testCreate" in "org.apache.zookeeper.server.CreateTTLTest"
21:05:55.896 [main] INFO  - 11%: Reading information from row 11 (Clone group ID 158, clone #2)
21:05:55.911 [main] INFO  - 11%: Generating PDG for method "testCreate" in "org.apache.zookeeper.server.Emulate353TTLTest"
21:05:55.965 [main] INFO  - 11%: Analyzing Clone #5 (Group 158, Pair 1-2): org.apache.zookeeper.server.CreateTTLTest#testCreate (row 10) and org.apache.zookeeper.server.Emulate353TTLTest#testCreate (row 11)
21:05:55.997 [main] INFO  - CDT 1 depth = 0, CDT 2 depth = 0
21:05:55.997 [main] INFO  - CDT 1 leaves = 1, CDT 2 leaves = 1
21:05:56.060 [main] INFO  - start to refactor clone pair
21:05:56.061 [main] INFO  - Containing unrefactorable private field access: zk
21:05:56.062 [main] INFO  - different local method access: newContainerManager
21:05:56.062 [main] INFO  - Containing unrefactorable private field access: zk
21:05:56.062 [main] INFO  - Containing unrefactorable private field access: zk
21:05:56.063 [main] INFO  - 14%: Reading information from row 12 (Clone group ID 160, clone #1)
21:05:56.084 [main] INFO  - 14%: Generating PDG for method "testParseWithMultipleQuotes" in "org.apache.zookeeper.ZooKeeperTest"
21:05:56.118 [main] INFO  - 14%: Reading information from row 13 (Clone group ID 160, clone #2)
21:05:56.119 [main] INFO  - 14%: Generating PDG for method "testParseWithQuotes" in "org.apache.zookeeper.ZooKeeperTest"
21:05:56.120 [main] INFO  - 14%: Analyzing Clone #6 (Group 160, Pair 1-2): org.apache.zookeeper.ZooKeeperTest#testParseWithMultipleQuotes (row 12) and org.apache.zookeeper.ZooKeeperTest#testParseWithQuotes (row 13)
21:05:56.141 [main] INFO  - CDT 1 depth = 0, CDT 2 depth = 1
21:05:56.142 [main] INFO  - CDT 1 leaves = 1, CDT 2 leaves = 1
21:05:56.165 [main] INFO  - start to refactor clone pair
21:05:56.165 [main] INFO  - Non refactorable CloneType: Type 3
21:05:56.165 [main] INFO  - 16%: Reading information from row 14 (Clone group ID 172, clone #1)
21:05:56.199 [main] INFO  - 16%: Generating PDG for method "testRemoveAllDataWatchers" in "org.apache.zookeeper.RemoveWatchesTest"
21:05:56.294 [main] INFO  - 16%: Reading information from row 15 (Clone group ID 172, clone #2)
21:05:56.295 [main] INFO  - 16%: Generating PDG for method "testRemoveAllChildWatchers" in "org.apache.zookeeper.RemoveWatchesTest"
21:05:56.299 [main] INFO  - 16%: Analyzing Clone #7 (Group 172, Pair 1-2): org.apache.zookeeper.RemoveWatchesTest#testRemoveAllDataWatchers (row 14) and org.apache.zookeeper.RemoveWatchesTest#testRemoveAllChildWatchers (row 15)
21:05:56.330 [main] INFO  - CDT 1 depth = 2, CDT 2 depth = 2
21:05:56.330 [main] INFO  - CDT 1 leaves = 1, CDT 2 leaves = 1
21:05:56.332 [main] INFO  - Start mapping
21:05:56.428 [main] INFO  - End mapping
21:05:56.429 [main] INFO  - start to refactor clone pair
21:05:56.430 [main] ERROR - CloneStructure has PDG gap node.
21:05:56.430 [main] INFO  - 19%: Reading information from row 16 (Clone group ID 223, clone #1)
21:05:56.447 [main] INFO  - 19%: Generating PDG for method "testValidSaslIds" in "org.apache.zookeeper.SaslAuthTest"
21:05:56.570 [main] INFO  - 19%: Reading information from row 17 (Clone group ID 223, clone #2)
21:05:56.571 [main] INFO  - 19%: Generating PDG for method "testInvalidSaslIds" in "org.apache.zookeeper.SaslAuthTest"
21:05:56.572 [main] INFO  - 19%: Analyzing Clone #8 (Group 223, Pair 1-2): org.apache.zookeeper.SaslAuthTest#testValidSaslIds (row 16) and org.apache.zookeeper.SaslAuthTest#testInvalidSaslIds (row 17)
21:05:56.588 [main] INFO  - CDT 1 depth = 1, CDT 2 depth = 2
21:05:56.588 [main] INFO  - CDT 1 leaves = 1, CDT 2 leaves = 1
21:05:56.588 [main] INFO  - Start mapping
21:05:56.589 [main] INFO  - End mapping
21:05:56.590 [main] INFO  - start to refactor clone pair
21:05:56.590 [main] INFO  - 21%: Reading information from row 18 (Clone group ID 226, clone #1)
21:05:56.605 [main] INFO  - 21%: Generating PDG for method "testTooFewRemainingPariticipants" in "org.apache.zookeeper.server.quorum.ReconfigFailureCasesTest"
21:05:56.713 [main] INFO  - 21%: Reading information from row 19 (Clone group ID 226, clone #2)
21:05:56.714 [main] INFO  - 21%: Generating PDG for method "testReconfigVersionConditionFails" in "org.apache.zookeeper.server.quorum.ReconfigFailureCasesTest"
21:05:56.715 [main] INFO  - 21%: Analyzing Clone #9 (Group 226, Pair 1-2): org.apache.zookeeper.server.quorum.ReconfigFailureCasesTest#testTooFewRemainingPariticipants (row 18) and org.apache.zookeeper.server.quorum.ReconfigFailureCasesTest#testReconfigVersionConditionFails (row 19)
21:05:56.729 [main] INFO  - CDT 1 depth = 1, CDT 2 depth = 1
21:05:56.729 [main] INFO  - CDT 1 leaves = 1, CDT 2 leaves = 1
21:05:56.731 [main] INFO  - Start mapping
21:05:56.742 [main] INFO  - End mapping
21:05:56.742 [main] INFO  - start to refactor clone pair
21:05:56.742 [main] INFO  - Non refactorable CloneType: Type 3
21:05:56.743 [main] INFO  - 23%: Reading information from row 20 (Clone group ID 265, clone #1)
21:05:56.763 [main] INFO  - 23%: Generating PDG for method "testReadOnlyTxnLogDir" in "org.apache.zookeeper.server.ZooKeeperServerMainTest"
21:05:57.837 [main] INFO  - 23%: Reading information from row 21 (Clone group ID 265, clone #2)
21:05:57.838 [main] INFO  - 23%: Generating PDG for method "testReadOnlySnapshotDir" in "org.apache.zookeeper.server.ZooKeeperServerMainTest"
21:05:57.843 [main] INFO  - 23%: Analyzing Clone #10 (Group 265, Pair 1-2): org.apache.zookeeper.server.ZooKeeperServerMainTest#testReadOnlyTxnLogDir (row 20) and org.apache.zookeeper.server.ZooKeeperServerMainTest#testReadOnlySnapshotDir (row 21)
21:05:57.860 [main] INFO  - CDT 1 depth = 0, CDT 2 depth = 0
21:05:57.860 [main] INFO  - CDT 1 leaves = 1, CDT 2 leaves = 1
21:05:57.890 [main] INFO  - start to refactor clone pair
21:05:57.891 [main] INFO  - continue to resolve inner expression diff without creating new adapter action
21:05:57.892 [main] INFO  - continue to resolve inner expression diff without creating new adapter action
21:05:57.892 [main] INFO  - 26%: Reading information from row 22 (Clone group ID 266, clone #1)
21:05:57.899 [main] INFO  - 26%: Generating PDG for method "testRecoveryFixBrokenFile" in "org.apache.zookeeper.server.persistence.TxnLogToolkitTest"
21:05:57.938 [main] INFO  - 26%: Reading information from row 23 (Clone group ID 266, clone #2)
21:05:57.938 [main] INFO  - 26%: Generating PDG for method "testRecoveryInteractiveMode" in "org.apache.zookeeper.server.persistence.TxnLogToolkitTest"
21:05:57.939 [main] INFO  - 26%: Analyzing Clone #11 (Group 266, Pair 1-2): org.apache.zookeeper.server.persistence.TxnLogToolkitTest#testRecoveryFixBrokenFile (row 22) and org.apache.zookeeper.server.persistence.TxnLogToolkitTest#testRecoveryInteractiveMode (row 23)
21:05:57.945 [main] INFO  - CDT 1 depth = 0, CDT 2 depth = 0
21:05:57.946 [main] INFO  - CDT 1 leaves = 1, CDT 2 leaves = 1
21:05:57.965 [main] INFO  - start to refactor clone pair
21:05:57.967 [main] INFO  - non-refactored node pair with NullLiteral node: null  <--->  new Scanner("y\n")  (TYPE_COMPATIBLE_REPLACEMENT)
21:05:57.967 [main] INFO  - 28%: Reading information from row 24 (Clone group ID 309, clone #1)
21:05:57.970 [main] INFO  - 28%: Generating PDG for method "testInvalidIntConversion" in "org.apache.zookeeper.test.EventTypeTest"
21:05:57.974 [main] INFO  - 28%: Reading information from row 25 (Clone group ID 309, clone #2)
21:05:57.978 [main] INFO  - 28%: Generating PDG for method "testInvalidIntConversion" in "org.apache.zookeeper.test.KeeperStateTest"
21:05:57.979 [main] INFO  - 28%: Analyzing Clone #12 (Group 309, Pair 1-2): org.apache.zookeeper.test.EventTypeTest#testInvalidIntConversion (row 24) and org.apache.zookeeper.test.KeeperStateTest#testInvalidIntConversion (row 25)
21:05:57.985 [main] INFO  - CDT 1 depth = 1, CDT 2 depth = 1
21:05:57.985 [main] INFO  - CDT 1 leaves = 1, CDT 2 leaves = 1
21:05:57.986 [main] INFO  - Start mapping
21:05:57.987 [main] INFO  - End mapping
21:05:57.988 [main] INFO  - start to refactor clone pair
21:05:57.988 [main] ERROR - CloneStructure has PDG gap node.
21:05:57.989 [main] INFO  - 31%: Reading information from row 26 (Clone group ID 310, clone #1)
21:05:58.001 [main] INFO  - 31%: Generating PDG for method "setUp" in "org.apache.zookeeper.test.MultiAsyncTransactionTest"
21:05:58.027 [main] INFO  - 31%: Reading information from row 27 (Clone group ID 310, clone #2)
21:05:58.052 [main] INFO  - 31%: Generating PDG for method "setUp" in "org.apache.zookeeper.test.MultiTransactionTest"
21:05:58.060 [main] INFO  - 31%: Analyzing Clone #13 (Group 310, Pair 1-2): org.apache.zookeeper.test.MultiAsyncTransactionTest#setUp (row 26) and org.apache.zookeeper.test.MultiTransactionTest#setUp (row 27)
21:05:58.094 [main] INFO  - CDT 1 depth = 0, CDT 2 depth = 0
21:05:58.095 [main] INFO  - CDT 1 leaves = 1, CDT 2 leaves = 1
21:05:58.123 [main] INFO  - start to refactor clone pair
21:05:58.124 [main] INFO  - Containing unrefactorable private field access: zk
21:05:58.124 [main] INFO  - Containing unrefactorable private field access: pendingOps
21:05:58.124 [main] INFO  - non-refactored node pair with MethodInvocation node: pendingOps.set(0)  <--->  super.setUp()  (TYPE_COMPATIBLE_REPLACEMENT)
21:05:58.124 [main] INFO  - 33%: Reading information from row 28 (Clone group ID 342, clone #1)
21:05:58.143 [main] INFO  - 33%: Generating PDG for method "testACLWithExtraAgruments" in "org.apache.zookeeper.ZooKeeperTest"
21:05:58.285 [main] INFO  - 33%: Reading information from row 29 (Clone group ID 342, clone #2)
21:05:58.286 [main] INFO  - 33%: Generating PDG for method "testCreatePersistentNode" in "org.apache.zookeeper.ZooKeeperTest"
21:05:58.287 [main] INFO  - 33%: Analyzing Clone #14 (Group 342, Pair 1-2): org.apache.zookeeper.ZooKeeperTest#testACLWithExtraAgruments (row 28) and org.apache.zookeeper.ZooKeeperTest#testCreatePersistentNode (row 29)
21:05:58.305 [main] INFO  - CDT 1 depth = 0, CDT 2 depth = 0
21:05:58.305 [main] INFO  - CDT 1 leaves = 1, CDT 2 leaves = 1
21:05:58.327 [main] INFO  - start to refactor clone pair
21:05:58.328 [main] INFO  - 36%: Reading information from row 30 (Clone group ID 343, clone #1)
21:05:58.336 [main] INFO  - 36%: Generating PDG for method "testTrustedAuth" in "org.apache.zookeeper.test.X509AuthTest"
21:05:58.411 [main] INFO  - 36%: Reading information from row 31 (Clone group ID 343, clone #2)
21:05:58.412 [main] INFO  - 36%: Generating PDG for method "testUntrustedAuth" in "org.apache.zookeeper.test.X509AuthTest"
21:05:58.412 [main] INFO  - 36%: Analyzing Clone #15 (Group 343, Pair 1-2): org.apache.zookeeper.test.X509AuthTest#testTrustedAuth (row 30) and org.apache.zookeeper.test.X509AuthTest#testUntrustedAuth (row 31)
21:05:58.419 [main] INFO  - CDT 1 depth = 0, CDT 2 depth = 0
21:05:58.419 [main] INFO  - CDT 1 leaves = 1, CDT 2 leaves = 1
21:05:58.422 [main] INFO  - start to refactor clone pair
21:05:58.423 [main] INFO  - 38%: Reading information from row 32 (Clone group ID 345, clone #1)
21:05:58.426 [main] INFO  - 38%: Generating PDG for method "testGetOpenFileDescriptorCount" in "org.apache.zookeeper.test.OSMXBeanTest"
21:05:58.432 [main] INFO  - 38%: Reading information from row 33 (Clone group ID 345, clone #2)
21:05:58.433 [main] INFO  - 38%: Generating PDG for method "testGetMaxFileDescriptorCount" in "org.apache.zookeeper.test.OSMXBeanTest"
21:05:58.433 [main] INFO  - 38%: Analyzing Clone #16 (Group 345, Pair 1-2): org.apache.zookeeper.test.OSMXBeanTest#testGetOpenFileDescriptorCount (row 32) and org.apache.zookeeper.test.OSMXBeanTest#testGetMaxFileDescriptorCount (row 33)
21:05:58.436 [main] INFO  - CDT 1 depth = 1, CDT 2 depth = 1
21:05:58.436 [main] INFO  - CDT 1 leaves = 1, CDT 2 leaves = 1
21:05:58.436 [main] INFO  - Start mapping
21:05:58.442 [main] INFO  - End mapping
21:05:58.442 [main] INFO  - start to refactor clone pair
21:05:58.445 [main] INFO  - 41%: Reading information from row 34 (Clone group ID 349, clone #1)
21:05:58.461 [main] INFO  - 41%: Generating PDG for method "testWatcherAutoResetWithGlobal" in "org.apache.zookeeper.test.WatcherTest"
21:05:58.592 [main] INFO  - 41%: Reading information from row 35 (Clone group ID 349, clone #2)
21:05:58.593 [main] INFO  - 41%: Generating PDG for method "testWatcherAutoResetWithLocal" in "org.apache.zookeeper.test.WatcherTest"
21:05:58.593 [main] INFO  - 41%: Analyzing Clone #17 (Group 349, Pair 1-2): org.apache.zookeeper.test.WatcherTest#testWatcherAutoResetWithGlobal (row 34) and org.apache.zookeeper.test.WatcherTest#testWatcherAutoResetWithLocal (row 35)
21:05:58.610 [main] INFO  - CDT 1 depth = 0, CDT 2 depth = 0
21:05:58.610 [main] INFO  - CDT 1 leaves = 1, CDT 2 leaves = 1
21:05:58.632 [main] INFO  - start to refactor clone pair
21:05:58.633 [main] INFO  - non-refactored node pair with SimpleName node: watcher  <--->  new MyWatcher()  (TYPE_COMPATIBLE_REPLACEMENT)
21:05:58.633 [main] INFO  - 43%: Reading information from row 36 (Clone group ID 364, clone #1)
21:05:58.662 [main] INFO  - 43%: Generating PDG for method "testRemoveAnyDataWatcher" in "org.apache.zookeeper.RemoveWatchesTest"
21:05:58.744 [main] INFO  - 43%: Reading information from row 37 (Clone group ID 364, clone #2)
21:05:58.745 [main] INFO  - 43%: Generating PDG for method "testMultipleDataWatchers" in "org.apache.zookeeper.RemoveWatchesTest"
21:05:58.747 [main] INFO  - 43%: Analyzing Clone #18 (Group 364, Pair 1-2): org.apache.zookeeper.RemoveWatchesTest#testRemoveAnyDataWatcher (row 36) and org.apache.zookeeper.RemoveWatchesTest#testMultipleDataWatchers (row 37)
21:05:58.776 [main] INFO  - CDT 1 depth = 0, CDT 2 depth = 1
21:05:58.776 [main] INFO  - CDT 1 leaves = 1, CDT 2 leaves = 1
21:05:58.844 [main] INFO  - start to refactor clone pair
21:05:58.844 [main] INFO  - Non refactorable CloneType: Type 3
21:05:58.845 [main] INFO  - 46%: Reading information from row 38 (Clone group ID 376, clone #1)
21:05:58.848 [main] INFO  - 46%: Generating PDG for method "testWithZeroPurgeInterval" in "org.apache.zookeeper.server.DatadirCleanupManagerTest"
21:05:58.853 [main] INFO  - 46%: Reading information from row 39 (Clone group ID 376, clone #2)
21:05:58.854 [main] INFO  - 46%: Generating PDG for method "testWithNegativePurgeInterval" in "org.apache.zookeeper.server.DatadirCleanupManagerTest"
21:05:58.855 [main] INFO  - 46%: Analyzing Clone #19 (Group 376, Pair 1-2): org.apache.zookeeper.server.DatadirCleanupManagerTest#testWithZeroPurgeInterval (row 38) and org.apache.zookeeper.server.DatadirCleanupManagerTest#testWithNegativePurgeInterval (row 39)
21:05:58.860 [main] INFO  - CDT 1 depth = 0, CDT 2 depth = 0
21:05:58.860 [main] INFO  - CDT 1 leaves = 1, CDT 2 leaves = 1
21:05:58.865 [main] INFO  - start to refactor clone pair
21:05:58.866 [main] INFO  - 48%: Reading information from row 40 (Clone group ID 415, clone #1)
21:05:58.877 [main] INFO  - 48%: Generating PDG for method "setUp" in "org.apache.zookeeper.test.ServerCnxnTest"
21:05:58.878 [main] INFO  - 48%: Reading information from row 41 (Clone group ID 415, clone #2)
21:05:58.896 [main] INFO  - 48%: Generating PDG for method "tearDown" in "org.apache.zookeeper.test.TruncateTest"
21:05:58.918 [main] INFO  - 48%: Analyzing Clone #20 (Group 415, Pair 1-2): org.apache.zookeeper.test.ServerCnxnTest#setUp (row 40) and org.apache.zookeeper.test.TruncateTest#tearDown (row 41)
21:05:58.945 [main] INFO  - CDT 1 depth = 0, CDT 2 depth = 0
21:05:58.945 [main] INFO  - CDT 1 leaves = 1, CDT 2 leaves = 1
21:05:58.946 [main] INFO  - start to refactor clone pair
21:05:58.946 [main] INFO  - 51%: Reading information from row 42 (Clone group ID 416, clone #1)
21:05:58.962 [main] INFO  - 51%: Generating PDG for method "verify" in "org.apache.zookeeper.test.AsyncOps"
21:05:58.964 [main] INFO  - 51%: Reading information from row 43 (Clone group ID 416, clone #2)
21:05:58.964 [main] INFO  - 51%: Analyzing Clone #21 (Group 416, Pair 1-2): org.apache.zookeeper.test.AsyncOps#verify (row 42) and org.apache.zookeeper.test.AsyncOps#verify (row 43)
21:05:58.979 [main] INFO  - CDT 1 depth = 1, CDT 2 depth = 1
21:05:58.979 [main] INFO  - CDT 1 leaves = 1, CDT 2 leaves = 1
21:05:58.980 [main] INFO  - Start mapping
21:05:58.981 [main] INFO  - End mapping
21:05:58.982 [main] INFO  - skip the pairs with same method
21:05:58.982 [main] INFO  - 53%: Reading information from row 44 (Clone group ID 429, clone #1)
21:05:58.988 [main] INFO  - 53%: Generating PDG for method "testWriterSuccessNE" in "org.apache.zookeeper.common.AtomicFileWritingIdiomTest"
21:05:58.989 [main] INFO  - 53%: Reading information from row 45 (Clone group ID 429, clone #2)
21:05:58.989 [main] INFO  - 53%: Generating PDG for method "testOutputStreamSuccessNE" in "org.apache.zookeeper.common.AtomicFileWritingIdiomTest"
21:05:58.990 [main] INFO  - 53%: Analyzing Clone #22 (Group 429, Pair 1-2): org.apache.zookeeper.common.AtomicFileWritingIdiomTest#testWriterSuccessNE (row 44) and org.apache.zookeeper.common.AtomicFileWritingIdiomTest#testOutputStreamSuccessNE (row 45)
21:05:58.995 [main] INFO  - CDT 1 depth = 0, CDT 2 depth = 0
21:05:58.996 [main] INFO  - CDT 1 leaves = 1, CDT 2 leaves = 1
21:05:58.999 [main] INFO  - start to refactor clone pair
21:05:59.000 [main] INFO  - Non refactorable CloneType: Type 3
21:05:59.000 [main] INFO  - 56%: Reading information from row 46 (Clone group ID 431, clone #1)
21:05:59.019 [main] INFO  - 56%: Generating PDG for method "testStatCommand" in "org.apache.zookeeper.ZooKeeperTest"
21:05:59.146 [main] INFO  - 56%: Reading information from row 47 (Clone group ID 431, clone #2)
21:05:59.147 [main] INFO  - 56%: Generating PDG for method "testDelete" in "org.apache.zookeeper.ZooKeeperTest"
21:05:59.148 [main] INFO  - 56%: Analyzing Clone #23 (Group 431, Pair 1-2): org.apache.zookeeper.ZooKeeperTest#testStatCommand (row 46) and org.apache.zookeeper.ZooKeeperTest#testDelete (row 47)
21:05:59.166 [main] INFO  - CDT 1 depth = 0, CDT 2 depth = 0
21:05:59.167 [main] INFO  - CDT 1 leaves = 1, CDT 2 leaves = 1
21:05:59.223 [main] INFO  - start to refactor clone pair
21:05:59.224 [main] INFO  - non-refactored node pair with MethodInvocation node: Assert.assertFalse(zkMain.processZKCmd(zkMain.cl))  <--->  Assert.assertFalse("",zkMain.processCmd(zkMain.cl))  (ARGUMENT_NUMBER_MISMATCH)
21:05:59.224 [main] INFO  - 58%: Reading information from row 48 (Clone group ID 450, clone #1)
21:05:59.237 [main] INFO  - 58%: Generating PDG for method "testClientPortInDynamicFile" in "org.apache.zookeeper.test.StandaloneTest"
21:05:59.265 [main] INFO  - 58%: Reading information from row 49 (Clone group ID 450, clone #2)
21:05:59.265 [main] INFO  - 58%: Generating PDG for method "testClientPortInStaticFile" in "org.apache.zookeeper.test.StandaloneTest"
21:05:59.266 [main] INFO  - 58%: Analyzing Clone #24 (Group 450, Pair 1-2): org.apache.zookeeper.test.StandaloneTest#testClientPortInDynamicFile (row 48) and org.apache.zookeeper.test.StandaloneTest#testClientPortInStaticFile (row 49)
21:05:59.278 [main] INFO  - CDT 1 depth = 0, CDT 2 depth = 0
21:05:59.279 [main] INFO  - CDT 1 leaves = 1, CDT 2 leaves = 1
21:05:59.291 [main] INFO  - start to refactor clone pair
21:05:59.292 [main] INFO  - 60%: Reading information from row 50 (Clone group ID 460, clone #1)
21:05:59.297 [main] INFO  - 60%: Generating PDG for method "testSortDataDirAscending" in "org.apache.zookeeper.server.ZooKeeperServerTest"
21:05:59.305 [main] INFO  - 60%: Reading information from row 51 (Clone group ID 460, clone #2)
21:05:59.305 [main] INFO  - 60%: Generating PDG for method "testSortDataDirDescending" in "org.apache.zookeeper.server.ZooKeeperServerTest"
21:05:59.306 [main] INFO  - 60%: Analyzing Clone #25 (Group 460, Pair 1-2): org.apache.zookeeper.server.ZooKeeperServerTest#testSortDataDirAscending (row 50) and org.apache.zookeeper.server.ZooKeeperServerTest#testSortDataDirDescending (row 51)
21:05:59.311 [main] INFO  - CDT 1 depth = 0, CDT 2 depth = 0
21:05:59.311 [main] INFO  - CDT 1 leaves = 1, CDT 2 leaves = 1
21:05:59.343 [main] INFO  - start to refactor clone pair
21:05:59.345 [main] INFO  - 63%: Reading information from row 52 (Clone group ID 515, clone #1)
21:05:59.351 [main] INFO  - 63%: Generating PDG for method "constructionUnderstandsIpv6LiteralsInServerConfig" in "org.apache.zookeeper.server.quorum.QuorumServerTest"
21:05:59.387 [main] INFO  - 63%: Reading information from row 53 (Clone group ID 515, clone #2)
21:05:59.387 [main] INFO  - 63%: Generating PDG for method "constructionUnderstandsIpv6LiteralsInClientConfig" in "org.apache.zookeeper.server.quorum.QuorumServerTest"
21:05:59.388 [main] INFO  - 63%: Analyzing Clone #26 (Group 515, Pair 1-2): org.apache.zookeeper.server.quorum.QuorumServerTest#constructionUnderstandsIpv6LiteralsInServerConfig (row 52) and org.apache.zookeeper.server.quorum.QuorumServerTest#constructionUnderstandsIpv6LiteralsInClientConfig (row 53)
21:05:59.392 [main] INFO  - CDT 1 depth = 0, CDT 2 depth = 0
21:05:59.392 [main] INFO  - CDT 1 leaves = 1, CDT 2 leaves = 1
21:05:59.394 [main] INFO  - start to refactor clone pair
21:05:59.395 [main] INFO  - 65%: Reading information from row 54 (Clone group ID 584, clone #1)
21:05:59.398 [main] INFO  - 65%: Generating PDG for method "setUp" in "org.apache.zookeeper.test.QuorumHammerTest"
21:05:59.778 [main] INFO  - 65%: Reading information from row 55 (Clone group ID 584, clone #2)
21:05:59.795 [main] INFO  - 65%: Generating PDG for method "setUp" in "org.apache.zookeeper.test.QuorumTest"
21:05:59.796 [main] INFO  - 65%: Analyzing Clone #27 (Group 584, Pair 1-2): org.apache.zookeeper.test.QuorumHammerTest#setUp (row 54) and org.apache.zookeeper.test.QuorumTest#setUp (row 55)
21:05:59.816 [main] INFO  - CDT 1 depth = 0, CDT 2 depth = 0
21:05:59.816 [main] INFO  - CDT 1 leaves = 1, CDT 2 leaves = 1
21:05:59.824 [main] INFO  - start to refactor clone pair
21:05:59.825 [main] INFO  - Skip refactoring field level SimpleName node pair: cht, ct
21:05:59.825 [main] INFO  - 68%: Reading information from row 56 (Clone group ID 597, clone #1)
21:05:59.828 [main] INFO  - 68%: Generating PDG for method "testForWarningOnRelativePath" in "org.apache.zookeeper.server.util.VerifyingFileFactoryTest"
21:05:59.830 [main] INFO  - 68%: Reading information from row 57 (Clone group ID 597, clone #2)
21:05:59.830 [main] INFO  - 68%: Generating PDG for method "testForNoWarningOnIntendedRelativePath" in "org.apache.zookeeper.server.util.VerifyingFileFactoryTest"
21:05:59.830 [main] INFO  - 68%: Analyzing Clone #28 (Group 597, Pair 1-2): org.apache.zookeeper.server.util.VerifyingFileFactoryTest#testForWarningOnRelativePath (row 56) and org.apache.zookeeper.server.util.VerifyingFileFactoryTest#testForNoWarningOnIntendedRelativePath (row 57)
21:05:59.832 [main] INFO  - CDT 1 depth = 0, CDT 2 depth = 0
21:05:59.832 [main] INFO  - CDT 1 leaves = 1, CDT 2 leaves = 1
21:05:59.833 [main] INFO  - start to refactor clone pair
21:05:59.834 [main] INFO  - 70%: Reading information from row 58 (Clone group ID 684, clone #1)
21:05:59.863 [main] INFO  - 70%: Generating PDG for method "testRemoveAllWatchers" in "org.apache.zookeeper.RemoveWatchesTest"
21:05:59.944 [main] INFO  - 70%: Reading information from row 59 (Clone group ID 684, clone #2)
21:05:59.945 [main] INFO  - 70%: Generating PDG for method "testRemoveWatcherWhenNoConnection" in "org.apache.zookeeper.RemoveWatchesTest"
21:05:59.982 [main] INFO  - 70%: Analyzing Clone #29 (Group 684, Pair 1-2): org.apache.zookeeper.RemoveWatchesTest#testRemoveAllWatchers (row 58) and org.apache.zookeeper.RemoveWatchesTest#testRemoveWatcherWhenNoConnection (row 59)
21:06:00.014 [main] INFO  - CDT 1 depth = 0, CDT 2 depth = 1
21:06:00.014 [main] INFO  - CDT 1 leaves = 1, CDT 2 leaves = 1
21:06:00.087 [main] INFO  - start to refactor clone pair
21:06:00.088 [main] ERROR - CloneStructure has PDG gap node.
21:06:00.088 [main] INFO  - 73%: Reading information from row 60 (Clone group ID 685, clone #1)
21:06:00.089 [main] INFO  - 73%: Generating PDG for method "testRemoveAllDataWatchesOnAPath" in "org.apache.zookeeper.RemoveWatchesTest"
21:06:00.234 [main] INFO  - 73%: Reading information from row 61 (Clone group ID 685, clone #2)
21:06:00.235 [main] INFO  - 73%: Generating PDG for method "testRemoveAllChildWatchesOnAPath" in "org.apache.zookeeper.RemoveWatchesTest"
21:06:00.237 [main] INFO  - 73%: Analyzing Clone #30 (Group 685, Pair 1-2): org.apache.zookeeper.RemoveWatchesTest#testRemoveAllDataWatchesOnAPath (row 60) and org.apache.zookeeper.RemoveWatchesTest#testRemoveAllChildWatchesOnAPath (row 61)
21:06:00.265 [main] INFO  - CDT 1 depth = 0, CDT 2 depth = 0
21:06:00.265 [main] INFO  - CDT 1 leaves = 1, CDT 2 leaves = 1
21:06:00.344 [main] INFO  - start to refactor clone pair
21:06:00.345 [main] INFO  - cannot refactor ClassInstanceCreation node with with anonymous class declaration
21:06:00.345 [main] INFO  - cannot refactor ClassInstanceCreation node with with anonymous class declaration
21:06:00.345 [main] INFO  - non-refactored node pair with MethodInvocation node: Assert.assertNotNull("Didn't set data watches",zk2.exists("/node1",w1))  <--->  Assert.assertEquals("Didn't set child watches",0,zk2.getChildren("/node1",w1).size())  (ARGUMENT_NUMBER_MISMATCH)
21:06:00.346 [main] INFO  - non-refactored node pair with MethodInvocation node: Assert.assertNotNull("Didn't set data watches",zk2.exists("/node1",w2))  <--->  Assert.assertEquals("Didn't set child watches",0,zk2.getChildren("/node1",w2).size())  (ARGUMENT_NUMBER_MISMATCH)
21:06:00.346 [main] INFO  - 75%: Reading information from row 62 (Clone group ID 697, clone #1)
21:06:00.350 [main] INFO  - 75%: Generating PDG for method "testEmptyRoundTrip" in "org.apache.zookeeper.MultiResponseTest"
21:06:00.361 [main] INFO  - 75%: Reading information from row 63 (Clone group ID 697, clone #2)
21:06:00.366 [main] INFO  - 75%: Generating PDG for method "testEmptyRoundTrip" in "org.apache.zookeeper.MultiTransactionRecordTest"
21:06:00.372 [main] INFO  - 75%: Analyzing Clone #31 (Group 697, Pair 1-2): org.apache.zookeeper.MultiResponseTest#testEmptyRoundTrip (row 62) and org.apache.zookeeper.MultiTransactionRecordTest#testEmptyRoundTrip (row 63)
21:06:00.380 [main] INFO  - CDT 1 depth = 0, CDT 2 depth = 0
21:06:00.380 [main] INFO  - CDT 1 leaves = 1, CDT 2 leaves = 1
21:06:00.390 [main] INFO  - start to refactor clone pair
21:06:00.391 [main] INFO  - different local method access: codeDecode, codeDecode
21:06:00.391 [main] INFO  - 78%: Reading information from row 64 (Clone group ID 753, clone #1)
21:06:00.417 [main] INFO  - 78%: Generating PDG for method "tearDown" in "org.apache.zookeeper.server.quorum.RaceConditionTest"
21:06:00.417 [main] INFO  - 78%: Reading information from row 65 (Clone group ID 753, clone #2)
21:06:00.439 [main] INFO  - 78%: Generating PDG for method "tearDown" in "org.apache.zookeeper.server.quorum.ReconfigDuringLeaderSyncTest"
21:06:00.439 [main] INFO  - 78%: Analyzing Clone #32 (Group 753, Pair 1-2): org.apache.zookeeper.server.quorum.RaceConditionTest#tearDown (row 64) and org.apache.zookeeper.server.quorum.ReconfigDuringLeaderSyncTest#tearDown (row 65)
21:06:00.483 [main] INFO  - CDT 1 depth = 3, CDT 2 depth = 3
21:06:00.483 [main] INFO  - CDT 1 leaves = 1, CDT 2 leaves = 1
21:06:00.484 [main] INFO  - Start mapping
21:06:00.578 [main] INFO  - End mapping
21:06:00.578 [main] INFO  - start to refactor clone pair
21:06:00.579 [main] INFO  - Containing unrefactorable private field access: mt
21:06:00.579 [main] INFO  - Containing unrefactorable private field access: SERVER_COUNT
21:06:00.579 [main] INFO  - Containing unrefactorable private field access: mt
21:06:00.579 [main] INFO  - non-refactored node pair with SimpleName node: SERVER_COUNT  <--->  mt.length  (TYPE_COMPATIBLE_REPLACEMENT)
21:06:00.579 [main] INFO  - 80%: Reading information from row 66 (Clone group ID 844, clone #1)
21:06:00.597 [main] INFO  - 80%: Generating PDG for method "testSetAndGetData" in "org.apache.zookeeper.server.quorum.QuorumRequestPipelineTest"
21:06:00.691 [main] INFO  - 80%: Reading information from row 67 (Clone group ID 844, clone #2)
21:06:00.692 [main] INFO  - 80%: Generating PDG for method "testCreate2" in "org.apache.zookeeper.server.quorum.QuorumRequestPipelineTest"
21:06:00.697 [main] INFO  - 80%: Analyzing Clone #33 (Group 844, Pair 1-2): org.apache.zookeeper.server.quorum.QuorumRequestPipelineTest#testSetAndGetData (row 66) and org.apache.zookeeper.server.quorum.QuorumRequestPipelineTest#testCreate2 (row 67)
21:06:00.715 [main] INFO  - CDT 1 depth = 0, CDT 2 depth = 0
21:06:00.715 [main] INFO  - CDT 1 leaves = 1, CDT 2 leaves = 1
21:06:00.717 [main] INFO  - start to refactor clone pair
21:06:00.717 [main] INFO  - Non refactorable CloneType: Type 3
21:06:00.718 [main] INFO  - 83%: Reading information from row 68 (Clone group ID 868, clone #1)
21:06:00.724 [main] INFO  - 83%: Generating PDG for method "testWriterSuccess" in "org.apache.zookeeper.common.AtomicFileWritingIdiomTest"
21:06:00.724 [main] INFO  - 83%: Reading information from row 69 (Clone group ID 868, clone #2)
21:06:00.725 [main] INFO  - 83%: Generating PDG for method "testOutputStreamSuccess" in "org.apache.zookeeper.common.AtomicFileWritingIdiomTest"
21:06:00.725 [main] INFO  - 83%: Analyzing Clone #34 (Group 868, Pair 1-2): org.apache.zookeeper.common.AtomicFileWritingIdiomTest#testWriterSuccess (row 68) and org.apache.zookeeper.common.AtomicFileWritingIdiomTest#testOutputStreamSuccess (row 69)
21:06:00.731 [main] INFO  - CDT 1 depth = 0, CDT 2 depth = 0
21:06:00.731 [main] INFO  - CDT 1 leaves = 1, CDT 2 leaves = 1
21:06:00.737 [main] INFO  - start to refactor clone pair
21:06:00.738 [main] INFO  - cannot refactor ClassInstanceCreation node with with anonymous class declaration
21:06:00.738 [main] INFO  - cannot find common interface: org.apache.zookeeper.common.AtomicFileWritingIdiom$WriterStatement, org.apache.zookeeper.common.AtomicFileWritingIdiom$OutputStreamStatement
21:06:00.738 [main] INFO  - 85%: Reading information from row 70 (Clone group ID 881, clone #1)
21:06:00.752 [main] INFO  - 85%: Generating PDG for method "testDefaultWatcherAutoResetWithChroot" in "org.apache.zookeeper.test.DisconnectedWatcherTest"
21:06:00.911 [main] INFO  - 85%: Reading information from row 71 (Clone group ID 881, clone #2)
21:06:00.911 [main] INFO  - 85%: Generating PDG for method "testChildWatcherAutoResetWithChroot" in "org.apache.zookeeper.test.DisconnectedWatcherTest"
21:06:00.913 [main] INFO  - 85%: Analyzing Clone #35 (Group 881, Pair 1-2): org.apache.zookeeper.test.DisconnectedWatcherTest#testDefaultWatcherAutoResetWithChroot (row 70) and org.apache.zookeeper.test.DisconnectedWatcherTest#testChildWatcherAutoResetWithChroot (row 71)
21:06:00.926 [main] INFO  - CDT 1 depth = 0, CDT 2 depth = 0
21:06:00.926 [main] INFO  - CDT 1 leaves = 1, CDT 2 leaves = 1
21:06:00.961 [main] INFO  - start to refactor clone pair
21:06:00.961 [main] INFO  - Non refactorable CloneType: Type 3
21:06:00.961 [main] INFO  - 88%: Reading information from row 72 (Clone group ID 927, clone #1)
21:06:00.975 [main] INFO  - 88%: Generating PDG for method "testReconfigEnabledWithAuthAndACL" in "org.apache.zookeeper.test.ReconfigExceptionTest"
21:06:01.087 [main] INFO  - 88%: Reading information from row 73 (Clone group ID 927, clone #2)
21:06:01.087 [main] INFO  - 88%: Generating PDG for method "testReconfigEnabledWithAuthAndWrongACL" in "org.apache.zookeeper.test.ReconfigExceptionTest"
21:06:01.088 [main] INFO  - 88%: Analyzing Clone #36 (Group 927, Pair 1-2): org.apache.zookeeper.test.ReconfigExceptionTest#testReconfigEnabledWithAuthAndACL (row 72) and org.apache.zookeeper.test.ReconfigExceptionTest#testReconfigEnabledWithAuthAndWrongACL (row 73)
21:06:01.103 [main] INFO  - CDT 1 depth = 1, CDT 2 depth = 1
21:06:01.103 [main] INFO  - CDT 1 leaves = 1, CDT 2 leaves = 1
21:06:01.103 [main] INFO  - Start mapping
21:06:01.118 [main] INFO  - End mapping
21:06:01.118 [main] INFO  - start to refactor clone pair
21:06:01.118 [main] INFO  - Non refactorable CloneType: Type 3
21:06:01.118 [main] INFO  - 90%: Reading information from row 74 (Clone group ID 963, clone #1)
21:06:01.133 [main] INFO  - 90%: Generating PDG for method "testValidCredentials" in "org.apache.zookeeper.server.quorum.auth.QuorumDigestAuthTest"
21:06:01.251 [main] INFO  - 90%: Reading information from row 75 (Clone group ID 963, clone #2)
21:06:01.251 [main] INFO  - 90%: Generating PDG for method "testSaslNotRequiredWithInvalidCredentials" in "org.apache.zookeeper.server.quorum.auth.QuorumDigestAuthTest"
21:06:01.252 [main] INFO  - 90%: Analyzing Clone #37 (Group 963, Pair 1-2): org.apache.zookeeper.server.quorum.auth.QuorumDigestAuthTest#testValidCredentials (row 74) and org.apache.zookeeper.server.quorum.auth.QuorumDigestAuthTest#testSaslNotRequiredWithInvalidCredentials (row 75)
21:06:01.265 [main] INFO  - CDT 1 depth = 1, CDT 2 depth = 1
21:06:01.265 [main] INFO  - CDT 1 leaves = 1, CDT 2 leaves = 1
21:06:01.266 [main] INFO  - Start mapping
21:06:01.277 [main] INFO  - End mapping
21:06:01.277 [main] INFO  - start to refactor clone pair
21:06:01.278 [main] INFO  - 93%: Reading information from row 76 (Clone group ID 1008, clone #1)
21:06:01.315 [main] INFO  - 93%: Generating PDG for method "testMinMaxSessionTimeOut" in "org.apache.zookeeper.server.quorum.QuorumPeerMainTest"
21:06:01.395 [main] INFO  - 93%: Reading information from row 77 (Clone group ID 1008, clone #2)
21:06:01.396 [main] INFO  - 93%: Generating PDG for method "testWithOnlyMinSessionTimeout" in "org.apache.zookeeper.server.quorum.QuorumPeerMainTest"
21:06:01.397 [main] INFO  - 93%: Analyzing Clone #38 (Group 1008, Pair 1-2): org.apache.zookeeper.server.quorum.QuorumPeerMainTest#testMinMaxSessionTimeOut (row 76) and org.apache.zookeeper.server.quorum.QuorumPeerMainTest#testWithOnlyMinSessionTimeout (row 77)
21:06:01.433 [main] INFO  - CDT 1 depth = 0, CDT 2 depth = 0
21:06:01.433 [main] INFO  - CDT 1 leaves = 1, CDT 2 leaves = 1
21:06:01.444 [main] INFO  - start to refactor clone pair
21:06:01.445 [main] INFO  - non-refactored node pair with initializer node: 15000  <--->  quorumPeer.tickTime * 20  (TYPE_COMPATIBLE_REPLACEMENT)
21:06:01.445 [main] INFO  - unrefactorable InfixExpr node pair containing local variables: "maxSessionTimeout=" + maxSessionTimeOut + "\n"+ "minSessionTimeout="+ minSessionTimeOut+ "\n"  <--->  "minSessionTimeout=" + minSessionTimeOut + "\n"  (INFIX_EXTENDED_OPERAND_NUMBER_MISMATCH)
21:06:01.446 [main] INFO  - 95%: Reading information from row 78 (Clone group ID 1016, clone #1)
21:06:01.457 [main] INFO  - 95%: Generating PDG for method "testValidCredentials" in "org.apache.zookeeper.server.quorum.auth.QuorumKerberosAuthTest"
21:06:01.575 [main] INFO  - 95%: Reading information from row 79 (Clone group ID 1016, clone #2)
21:06:01.587 [main] INFO  - 95%: Generating PDG for method "testValidCredentials" in "org.apache.zookeeper.server.quorum.auth.QuorumKerberosHostBasedAuthTest"
21:06:01.588 [main] INFO  - 95%: Analyzing Clone #39 (Group 1016, Pair 1-2): org.apache.zookeeper.server.quorum.auth.QuorumKerberosAuthTest#testValidCredentials (row 78) and org.apache.zookeeper.server.quorum.auth.QuorumKerberosHostBasedAuthTest#testValidCredentials (row 79)
21:06:01.610 [main] INFO  - CDT 1 depth = 1, CDT 2 depth = 1
21:06:01.610 [main] INFO  - CDT 1 leaves = 1, CDT 2 leaves = 1
21:06:01.610 [main] INFO  - Start mapping
21:06:01.691 [main] INFO  - End mapping
21:06:01.692 [main] INFO  - start to refactor clone pair
21:06:01.692 [main] INFO  - Non refactorable CloneType: Type 3
21:06:01.692 [main] INFO  - 98%: Reading information from row 80 (Clone group ID 1058, clone #1)
21:06:01.694 [main] INFO  - 98%: Generating PDG for method "testSingleServerChrootPath" in "org.apache.zookeeper.test.ConnectStringParserTest"
21:06:01.694 [main] INFO  - 98%: Reading information from row 81 (Clone group ID 1058, clone #2)
21:06:01.695 [main] INFO  - 98%: Generating PDG for method "testMultipleServersChrootPath" in "org.apache.zookeeper.test.ConnectStringParserTest"
21:06:01.695 [main] INFO  - 98%: Analyzing Clone #40 (Group 1058, Pair 1-2): org.apache.zookeeper.test.ConnectStringParserTest#testSingleServerChrootPath (row 80) and org.apache.zookeeper.test.ConnectStringParserTest#testMultipleServersChrootPath (row 81)
21:06:01.697 [main] INFO  - CDT 1 depth = 0, CDT 2 depth = 0
21:06:01.697 [main] INFO  - CDT 1 leaves = 1, CDT 2 leaves = 1
21:06:01.698 [main] INFO  - start to refactor clone pair
21:06:02.486 [main] INFO  - Applying changes to source files
21:06:02.486 [main] INFO  - refactoring 11 clone method pairs.
21:06:02.486 [main] INFO  - skipping 18 clone method pairs:
21:06:02.486 [main] INFO  - 	0 not test cases
21:06:02.486 [main] INFO  - 	4 containing gap nodes (type3)
21:06:02.486 [main] INFO  - 	13 not refactorable
21:06:02.486 [main] INFO  - 	1 repeated naming
21:06:02.486 [main] INFO  - 	3 access issues
21:06:02.486 [main] INFO  - 	 *org.apache.zookeeper.ZooKeeperTest: void testACLWithExtraAgruments() <---> org.apache.zookeeper.ZooKeeperTest: void testCreatePersistentNode()
21:06:02.486 [main] INFO  - 	  org.apache.zookeeper.ZooKeeperTest: void testStatCommand() <---> org.apache.zookeeper.ZooKeeperTest: void testDelete()
21:06:02.486 [main] INFO  - type1 count: 1
21:06:02.486 [main] INFO  - type2 count: 28
21:06:02.486 [main] INFO  - type3 count: 8
21:06:02.487 [main] INFO  - effective refactoring ratio: 11/24 = 45.8%
21:06:02.487 [main] INFO  - refactoring method pair: org.apache.zookeeper.server.ZooKeeperServerMainTest.java#testReadOnlyTxnLogDir <---> org.apache.zookeeper.server.ZooKeeperServerMainTest.java#testReadOnlySnapshotDir
21:06:02.951 [main] INFO  - refactoring method pair: org.apache.zookeeper.ZooKeeperTest.java#testACLWithExtraAgruments <---> org.apache.zookeeper.ZooKeeperTest.java#testCreatePersistentNode
21:06:03.466 [main] INFO  - refactoring method pair: org.apache.zookeeper.test.X509AuthTest.java#testTrustedAuth <---> org.apache.zookeeper.test.X509AuthTest.java#testUntrustedAuth
21:06:03.639 [main] INFO  - refactoring method pair: org.apache.zookeeper.test.OSMXBeanTest.java#testGetOpenFileDescriptorCount <---> org.apache.zookeeper.test.OSMXBeanTest.java#testGetMaxFileDescriptorCount
21:06:03.824 [main] INFO  - refactoring method pair: org.apache.zookeeper.server.DatadirCleanupManagerTest.java#testWithZeroPurgeInterval <---> org.apache.zookeeper.server.DatadirCleanupManagerTest.java#testWithNegativePurgeInterval
21:06:03.952 [main] INFO  - refactoring method pair: org.apache.zookeeper.server.ZooKeeperServerTest.java#testSortDataDirAscending <---> org.apache.zookeeper.server.ZooKeeperServerTest.java#testSortDataDirDescending
21:06:04.068 [main] INFO  - refactoring method pair: org.apache.zookeeper.server.quorum.QuorumServerTest.java#constructionUnderstandsIpv6LiteralsInServerConfig <---> org.apache.zookeeper.server.quorum.QuorumServerTest.java#constructionUnderstandsIpv6LiteralsInClientConfig
21:06:04.178 [main] INFO  - refactoring method pair: org.apache.zookeeper.test.QuorumHammerTest.java#setUp <---> org.apache.zookeeper.test.QuorumTest.java#setUp
21:06:04.329 [main] INFO  - refactoring method pair: org.apache.zookeeper.server.util.VerifyingFileFactoryTest.java#testForWarningOnRelativePath <---> org.apache.zookeeper.server.util.VerifyingFileFactoryTest.java#testForNoWarningOnIntendedRelativePath
21:06:04.436 [main] INFO  - refactoring method pair: org.apache.zookeeper.server.quorum.auth.QuorumDigestAuthTest.java#testValidCredentials <---> org.apache.zookeeper.server.quorum.auth.QuorumDigestAuthTest.java#testSaslNotRequiredWithInvalidCredentials
21:06:04.550 [main] INFO  - refactoring method pair: org.apache.zookeeper.test.ConnectStringParserTest.java#testSingleServerChrootPath <---> org.apache.zookeeper.test.ConnectStringParserTest.java#testMultipleServersChrootPath
21:06:04.651 [main] INFO  - Finished testing refactorabiliy of clones in /home/daveroar/Graduation_Studies/ThesisWork/JRefactoring/JRefactoring-Template/results/zookeeper-3.5.4/zookeeper-3.5.4-deckard-30-0.95-0-selected.xls, output file: /home/daveroar/Graduation_Studies/ThesisWork/JRefactoring/JRefactoring-Template/results/zookeeper-3.5.4/zookeeper-3.5.4-deckard-30-0.95-0-selected-analyzed.xls
