14:31:26.549 [main] INFO  - log file in /home/daveroar/Graduation_Studies/ThesisWork/JRefactoring/JRefactoring-Template/results/solr-6.6.6/log.log
14:31:26.577 [main] INFO  - Testing refactorabiliy of clones in /home/daveroar/Graduation_Studies/ThesisWork/JRefactoring/JRefactoring-Template/results/solr-6.6.6/solr-6.6.6-deckard-30-0.95-0-selected.xls
14:31:31.354 [main] INFO  - 1%: Reading information from row 2 (Clone group ID 52, clone #1)
14:31:31.422 [main] INFO  - 1%: Generating PDG for method "test" in "org.apache.solr.handler.component.SpellCheckComponentTest"
14:31:31.711 [main] INFO  - 1%: Reading information from row 3 (Clone group ID 52, clone #2)
14:31:31.712 [main] INFO  - 1%: Generating PDG for method "testNumericQuery" in "org.apache.solr.handler.component.SpellCheckComponentTest"
14:31:31.744 [main] INFO  - 1%: Analyzing Clone #1 (Group 52, Pair 1-2): org.apache.solr.handler.component.SpellCheckComponentTest#test (row 2) and org.apache.solr.handler.component.SpellCheckComponentTest#testNumericQuery (row 3)
14:31:31.813 [main] INFO  - CDT 1 depth = 0, CDT 2 depth = 0
14:31:31.813 [main] INFO  - CDT 1 leaves = 1, CDT 2 leaves = 1
14:31:32.091 [main] INFO  - start to refactor clone pair
14:31:32.092 [main] INFO  - CloneType: Type 2
14:31:32.159 [main] INFO  - 2%: Reading information from row 4 (Clone group ID 148, clone #1)
14:31:32.183 [main] INFO  - 2%: Generating PDG for method "testExceptionIfSkipInsertParamNonBoolean" in "org.apache.solr.update.processor.SkipExistingDocumentsProcessorFactoryTest"
14:31:32.258 [main] INFO  - 2%: Reading information from row 5 (Clone group ID 148, clone #2)
14:31:32.259 [main] INFO  - 2%: Generating PDG for method "testExceptionIfSkipUpdateParamNonBoolean" in "org.apache.solr.update.processor.SkipExistingDocumentsProcessorFactoryTest"
14:31:32.260 [main] INFO  - 2%: Analyzing Clone #2 (Group 148, Pair 1-2): org.apache.solr.update.processor.SkipExistingDocumentsProcessorFactoryTest#testExceptionIfSkipInsertParamNonBoolean (row 4) and org.apache.solr.update.processor.SkipExistingDocumentsProcessorFactoryTest#testExceptionIfSkipUpdateParamNonBoolean (row 5)
14:31:32.279 [main] INFO  - CDT 1 depth = 0, CDT 2 depth = 0
14:31:32.279 [main] INFO  - CDT 1 leaves = 1, CDT 2 leaves = 1
14:31:32.289 [main] INFO  - start to refactor clone pair
14:31:32.289 [main] INFO  - CloneType: Type 2
14:31:32.291 [main] ERROR - CloneStructure has PDG gap node.
14:31:32.291 [main] INFO  - 3%: Reading information from row 6 (Clone group ID 216, clone #1)
14:31:32.362 [main] INFO  - 3%: Generating PDG for method "setupCluster" in "org.apache.solr.cloud.CleanupOldIndexTest"
14:31:32.811 [main] INFO  - 3%: Reading information from row 7 (Clone group ID 216, clone #2)
14:31:32.855 [main] INFO  - 3%: Generating PDG for method "createCluster" in "org.apache.solr.cloud.CreateCollectionCleanupTest"
14:31:32.856 [main] INFO  - 3%: Analyzing Clone #3 (Group 216, Pair 1-2): org.apache.solr.cloud.CleanupOldIndexTest#setupCluster (row 6) and org.apache.solr.cloud.CreateCollectionCleanupTest#createCluster (row 7)
14:31:32.960 [main] INFO  - CDT 1 depth = 0, CDT 2 depth = 0
14:31:32.960 [main] INFO  - CDT 1 leaves = 1, CDT 2 leaves = 1
14:31:33.154 [main] INFO  - start to refactor clone pair
14:31:33.154 [main] INFO  - Non refactorable CloneType: Type 3
14:31:33.154 [main] INFO  - 4%: Reading information from row 8 (Clone group ID 273, clone #1)
14:31:33.222 [main] INFO  - 4%: Generating PDG for method "testProxyNoConfigHosts" in "org.apache.solr.cloud.TestSolrCloudWithSecureImpersonation"
14:31:49.430 [main] INFO  - 4%: Reading information from row 9 (Clone group ID 273, clone #2)
14:31:49.433 [main] INFO  - 4%: Generating PDG for method "testProxyNullProxyUser" in "org.apache.solr.cloud.TestSolrCloudWithSecureImpersonation"
14:31:49.434 [main] INFO  - 4%: Analyzing Clone #4 (Group 273, Pair 1-2): org.apache.solr.cloud.TestSolrCloudWithSecureImpersonation#testProxyNoConfigHosts (row 8) and org.apache.solr.cloud.TestSolrCloudWithSecureImpersonation#testProxyNullProxyUser (row 9)
14:31:49.503 [main] INFO  - CDT 1 depth = 1, CDT 2 depth = 1
14:31:49.503 [main] INFO  - CDT 1 leaves = 1, CDT 2 leaves = 1
14:31:49.514 [main] INFO  - Start mapping
14:31:49.519 [main] INFO  - End mapping
14:31:49.520 [main] INFO  - start to refactor clone pair
14:31:49.520 [main] INFO  - CloneType: Type 2
14:31:49.522 [main] INFO  - 5%: Reading information from row 10 (Clone group ID 280, clone #1)
14:31:49.635 [main] INFO  - 5%: Generating PDG for method "setupClass" in "org.apache.solr.cloud.hdfs.HdfsNNFailoverTest"
14:31:49.991 [main] INFO  - 5%: Reading information from row 11 (Clone group ID 280, clone #2)
14:31:50.031 [main] INFO  - 5%: Generating PDG for method "beforeClass" in "org.apache.solr.cloud.hdfs.HdfsThreadLeakTest"
14:31:50.032 [main] INFO  - 5%: Analyzing Clone #5 (Group 280, Pair 1-2): org.apache.solr.cloud.hdfs.HdfsNNFailoverTest#setupClass (row 10) and org.apache.solr.cloud.hdfs.HdfsThreadLeakTest#beforeClass (row 11)
14:31:50.132 [main] INFO  - CDT 1 depth = 0, CDT 2 depth = 0
14:31:50.132 [main] INFO  - CDT 1 leaves = 1, CDT 2 leaves = 1
14:31:50.136 [main] INFO  - start to refactor clone pair
14:31:50.136 [main] INFO  - CloneType: Type 2
14:31:50.137 [main] INFO  - Containing unrefactorable private field access: dfsCluster
14:31:50.147 [main] INFO  - 6%: Reading information from row 12 (Clone group ID 313, clone #1)
14:31:50.230 [main] INFO  - 6%: Generating PDG for method "testBuildAllSuggester" in "org.apache.solr.handler.component.SuggestComponentTest"
14:31:50.424 [main] INFO  - 6%: Reading information from row 13 (Clone group ID 313, clone #2)
14:31:50.425 [main] INFO  - 6%: Generating PDG for method "testReloadAllSuggester" in "org.apache.solr.handler.component.SuggestComponentTest"
14:31:50.426 [main] INFO  - 6%: Analyzing Clone #6 (Group 313, Pair 1-2): org.apache.solr.handler.component.SuggestComponentTest#testBuildAllSuggester (row 12) and org.apache.solr.handler.component.SuggestComponentTest#testReloadAllSuggester (row 13)
14:31:50.473 [main] INFO  - CDT 1 depth = 0, CDT 2 depth = 0
14:31:50.473 [main] INFO  - CDT 1 leaves = 1, CDT 2 leaves = 1
14:31:50.622 [main] INFO  - start to refactor clone pair
14:31:50.622 [main] INFO  - CloneType: Type 2
14:31:50.623 [main] INFO  - 8%: Reading information from row 14 (Clone group ID 342, clone #1)
14:31:50.687 [main] INFO  - 8%: Generating PDG for method "init" in "org.apache.solr.rest.schema.TestClassNameShortening"
14:31:51.036 [main] INFO  - 8%: Reading information from row 15 (Clone group ID 342, clone #2)
14:31:51.078 [main] INFO  - 8%: Generating PDG for method "init" in "org.apache.solr.rest.schema.TestSerializedLuceneMatchVersion"
14:31:51.079 [main] INFO  - 8%: Analyzing Clone #7 (Group 342, Pair 1-2): org.apache.solr.rest.schema.TestClassNameShortening#init (row 14) and org.apache.solr.rest.schema.TestSerializedLuceneMatchVersion#init (row 15)
14:31:51.176 [main] INFO  - CDT 1 depth = 0, CDT 2 depth = 0
14:31:51.177 [main] INFO  - CDT 1 leaves = 1, CDT 2 leaves = 1
14:31:51.236 [main] INFO  - start to refactor clone pair
14:31:51.237 [main] INFO  - CloneType: Type 2
14:31:51.238 [main] INFO  - 9%: Reading information from row 16 (Clone group ID 451, clone #1)
14:31:51.471 [main] INFO  - 9%: Generating PDG for method "knnMonoClass_sampleParams_shouldAssignCorrectClass" in "org.apache.solr.update.processor.ClassificationUpdateProcessorTest"
14:35:31.212 [main] INFO  - 9%: Reading information from row 17 (Clone group ID 451, clone #2)
14:35:31.213 [main] INFO  - 9%: Generating PDG for method "bayesMonoClass_sampleParams_shouldAssignCorrectClass" in "org.apache.solr.update.processor.ClassificationUpdateProcessorTest"
14:35:31.445 [main] INFO  - 9%: Analyzing Clone #8 (Group 451, Pair 1-2): org.apache.solr.update.processor.ClassificationUpdateProcessorTest#knnMonoClass_sampleParams_shouldAssignCorrectClass (row 16) and org.apache.solr.update.processor.ClassificationUpdateProcessorTest#bayesMonoClass_sampleParams_shouldAssignCorrectClass (row 17)
14:35:31.549 [main] INFO  - CDT 1 depth = 0, CDT 2 depth = 0
14:35:31.549 [main] INFO  - CDT 1 leaves = 1, CDT 2 leaves = 1
14:35:31.693 [main] INFO  - start to refactor clone pair
14:35:31.693 [main] INFO  - CloneType: Type 2
14:35:31.695 [main] INFO  - 10%: Reading information from row 18 (Clone group ID 453, clone #1)
14:35:31.754 [main] INFO  - 10%: Generating PDG for method "testCopyFieldWithFieldBoost" in "org.apache.solr.update.DocumentBuilderTest"
14:35:32.453 [main] INFO  - 10%: Reading information from row 19 (Clone group ID 453, clone #2)
14:35:32.453 [main] INFO  - 10%: Generating PDG for method "testCopyFieldWithDocumentBoost" in "org.apache.solr.update.DocumentBuilderTest"
14:35:32.489 [main] INFO  - 10%: Analyzing Clone #9 (Group 453, Pair 1-2): org.apache.solr.update.DocumentBuilderTest#testCopyFieldWithFieldBoost (row 18) and org.apache.solr.update.DocumentBuilderTest#testCopyFieldWithDocumentBoost (row 19)
14:35:32.565 [main] INFO  - CDT 1 depth = 0, CDT 2 depth = 0
14:35:32.566 [main] INFO  - CDT 1 leaves = 1, CDT 2 leaves = 1
14:35:32.717 [main] INFO  - start to refactor clone pair
14:35:32.717 [main] INFO  - Non refactorable CloneType: Type 3
14:35:32.717 [main] INFO  - 11%: Reading information from row 20 (Clone group ID 474, clone #1)
14:35:32.783 [main] INFO  - 11%: Generating PDG for method "testToLogIds" in "org.apache.solr.handler.component.ResponseLogComponentTest"
14:36:29.428 [main] INFO  - 11%: Reading information from row 21 (Clone group ID 474, clone #2)
14:36:29.428 [main] INFO  - 11%: Generating PDG for method "testToLogScores" in "org.apache.solr.handler.component.ResponseLogComponentTest"
14:36:29.586 [main] INFO  - 11%: Analyzing Clone #10 (Group 474, Pair 1-2): org.apache.solr.handler.component.ResponseLogComponentTest#testToLogIds (row 20) and org.apache.solr.handler.component.ResponseLogComponentTest#testToLogScores (row 21)
14:36:29.626 [main] INFO  - CDT 1 depth = 1, CDT 2 depth = 1
14:36:29.626 [main] INFO  - CDT 1 leaves = 1, CDT 2 leaves = 1
14:36:29.626 [main] INFO  - Start mapping
14:36:29.772 [main] INFO  - End mapping
14:36:29.772 [main] INFO  - start to refactor clone pair
14:36:29.772 [main] INFO  - CloneType: Type 2
14:36:29.775 [main] INFO  - 12%: Reading information from row 22 (Clone group ID 495, clone #1)
14:36:29.859 [main] INFO  - 12%: Generating PDG for method "testExternalFileFieldStringKeys" in "org.apache.solr.search.function.TestFunctionQuery"
14:36:31.281 [main] INFO  - 12%: Reading information from row 23 (Clone group ID 495, clone #2)
14:36:31.282 [main] INFO  - 12%: Generating PDG for method "testExternalFileFieldNumericKey" in "org.apache.solr.search.function.TestFunctionQuery"
14:36:31.284 [main] INFO  - 12%: Analyzing Clone #11 (Group 495, Pair 1-2): org.apache.solr.search.function.TestFunctionQuery#testExternalFileFieldStringKeys (row 22) and org.apache.solr.search.function.TestFunctionQuery#testExternalFileFieldNumericKey (row 23)
14:36:31.339 [main] INFO  - CDT 1 depth = 0, CDT 2 depth = 0
14:36:31.339 [main] INFO  - CDT 1 leaves = 1, CDT 2 leaves = 1
14:36:31.472 [main] INFO  - start to refactor clone pair
14:36:31.472 [main] INFO  - CloneType: Type 2
14:36:31.474 [main] INFO  - 13%: Reading information from row 24 (Clone group ID 595, clone #1)
14:36:31.507 [main] INFO  - 13%: Generating PDG for method "testException" in "org.apache.solr.response.TestSolrQueryResponse"
14:36:31.653 [main] INFO  - 13%: Reading information from row 25 (Clone group ID 595, clone #2)
14:36:31.653 [main] INFO  - 13%: Generating PDG for method "testResponse" in "org.apache.solr.response.TestSolrQueryResponse"
14:36:31.665 [main] INFO  - 13%: Analyzing Clone #12 (Group 595, Pair 1-2): org.apache.solr.response.TestSolrQueryResponse#testException (row 24) and org.apache.solr.response.TestSolrQueryResponse#testResponse (row 25)
14:36:31.691 [main] INFO  - CDT 1 depth = 0, CDT 2 depth = 0
14:36:31.691 [main] INFO  - CDT 1 leaves = 1, CDT 2 leaves = 1
14:36:31.705 [main] INFO  - start to refactor clone pair
14:36:31.705 [main] INFO  - CloneType: Type 2
14:36:31.706 [main] ERROR - CloneStructure has PDG gap node.
14:36:31.706 [main] INFO  - 15%: Reading information from row 26 (Clone group ID 599, clone #1)
14:36:31.777 [main] INFO  - 15%: Generating PDG for method "testRandomFaceting" in "org.apache.solr.TestRandomDVFaceting"
14:36:33.213 [main] INFO  - 15%: Reading information from row 27 (Clone group ID 599, clone #2)
14:36:33.270 [main] INFO  - 15%: Generating PDG for method "testRandomFaceting" in "org.apache.solr.TestRandomFaceting"
14:36:34.554 [main] INFO  - 15%: Analyzing Clone #13 (Group 599, Pair 1-2): org.apache.solr.TestRandomDVFaceting#testRandomFaceting (row 26) and org.apache.solr.TestRandomFaceting#testRandomFaceting (row 27)
14:36:34.665 [main] INFO  - CDT 1 depth = 2, CDT 2 depth = 2
14:36:34.665 [main] INFO  - CDT 1 leaves = 2, CDT 2 leaves = 2
14:36:34.668 [main] INFO  - Start mapping
14:36:49.362 [main] INFO  - End mapping
14:36:49.363 [main] INFO  - start to refactor clone pair
14:36:49.363 [main] INFO  - CloneType: Type 1
14:36:49.364 [main] INFO  - different local method access: init
14:36:49.364 [main] INFO  - different local method access: addMoreDocs
14:36:49.364 [main] INFO  - different local method access: doFacetTests
14:36:49.364 [main] INFO  - different local method access: init
14:36:49.364 [main] INFO  - different local method access: addMoreDocs
14:36:49.364 [main] INFO  - different local method access: deleteSomeDocs
14:36:49.364 [main] INFO  - 16%: Reading information from row 28 (Clone group ID 618, clone #1)
14:36:49.432 [main] INFO  - 16%: Generating PDG for method "run" in "org.apache.solr.cloud.ChaosMonkeyShardSplitTest"
14:36:49.722 [main] INFO  - 16%: Reading information from row 29 (Clone group ID 618, clone #2)
14:36:49.814 [main] INFO  - 16%: Generating PDG for method "run" in "org.apache.solr.cloud.OverseerTest"
14:36:49.839 [main] INFO  - 16%: Analyzing Clone #14 (Group 618, Pair 1-2): org.apache.solr.cloud.ChaosMonkeyShardSplitTest#run (row 28) and org.apache.solr.cloud.OverseerTest#run (row 29)
14:36:49.983 [main] INFO  - CDT 1 depth = 2, CDT 2 depth = 4
14:36:49.983 [main] INFO  - CDT 1 leaves = 1, CDT 2 leaves = 2
14:36:49.984 [main] INFO  - Start mapping
14:36:49.985 [main] INFO  - End mapping
14:36:49.985 [main] INFO  - start to refactor clone pair
14:36:49.986 [main] INFO  - 17%: Reading information from row 30 (Clone group ID 644, clone #1)
14:36:50.064 [main] INFO  - 17%: Generating PDG for method "testDocBoost" in "org.apache.solr.BasicFunctionalityTest"
14:36:51.198 [main] INFO  - 17%: Reading information from row 31 (Clone group ID 644, clone #2)
14:36:51.198 [main] INFO  - 17%: Generating PDG for method "testFieldBoost" in "org.apache.solr.BasicFunctionalityTest"
14:36:51.199 [main] INFO  - 17%: Analyzing Clone #15 (Group 644, Pair 1-2): org.apache.solr.BasicFunctionalityTest#testDocBoost (row 30) and org.apache.solr.BasicFunctionalityTest#testFieldBoost (row 31)
14:36:51.258 [main] INFO  - CDT 1 depth = 0, CDT 2 depth = 0
14:36:51.258 [main] INFO  - CDT 1 leaves = 1, CDT 2 leaves = 1
14:36:51.381 [main] INFO  - start to refactor clone pair
14:36:51.381 [main] INFO  - CloneType: Type 2
14:36:51.383 [main] INFO  - 18%: Reading information from row 32 (Clone group ID 688, clone #1)
14:36:51.436 [main] INFO  - 18%: Generating PDG for method "testHighestScoring" in "org.apache.solr.HelloWorldSolrCloudTestCase"
14:36:51.537 [main] INFO  - 18%: Reading information from row 33 (Clone group ID 688, clone #2)
14:36:51.538 [main] INFO  - 18%: Generating PDG for method "testLowestScoring" in "org.apache.solr.HelloWorldSolrCloudTestCase"
14:36:51.539 [main] INFO  - 18%: Analyzing Clone #16 (Group 688, Pair 1-2): org.apache.solr.HelloWorldSolrCloudTestCase#testHighestScoring (row 32) and org.apache.solr.HelloWorldSolrCloudTestCase#testLowestScoring (row 33)
14:36:51.592 [main] INFO  - CDT 1 depth = 0, CDT 2 depth = 0
14:36:51.592 [main] INFO  - CDT 1 leaves = 1, CDT 2 leaves = 1
14:36:51.644 [main] INFO  - start to refactor clone pair
14:36:51.644 [main] INFO  - CloneType: Type 2
14:36:51.647 [main] INFO  - exception: java.lang.IndexOutOfBoundsException: Index: 5, Size: 3
14:36:51.648 [main] INFO  - 19%: Reading information from row 34 (Clone group ID 702, clone #1)
14:36:51.672 [main] INFO  - 19%: Generating PDG for method "testSkipUpdatesFalseIfInitArgsTrueButFalseBooleanInRequest" in "org.apache.solr.update.processor.SkipExistingDocumentsProcessorFactoryTest"
14:36:51.819 [main] INFO  - 19%: Reading information from row 35 (Clone group ID 702, clone #2)
14:36:51.820 [main] INFO  - 19%: Generating PDG for method "testSkipInsertsFalseIfInitArgsTrueButFalseStringInRequest" in "org.apache.solr.update.processor.SkipExistingDocumentsProcessorFactoryTest"
14:36:51.821 [main] INFO  - 19%: Analyzing Clone #17 (Group 702, Pair 1-2): org.apache.solr.update.processor.SkipExistingDocumentsProcessorFactoryTest#testSkipUpdatesFalseIfInitArgsTrueButFalseBooleanInRequest (row 34) and org.apache.solr.update.processor.SkipExistingDocumentsProcessorFactoryTest#testSkipInsertsFalseIfInitArgsTrueButFalseStringInRequest (row 35)
14:36:51.839 [main] INFO  - CDT 1 depth = 0, CDT 2 depth = 0
14:36:51.839 [main] INFO  - CDT 1 leaves = 1, CDT 2 leaves = 1
14:36:51.897 [main] INFO  - start to refactor clone pair
14:36:51.897 [main] INFO  - CloneType: Type 2
14:36:51.898 [main] ERROR - CloneStructure has PDG gap node.
14:36:51.898 [main] INFO  - 20%: Reading information from row 36 (Clone group ID 703, clone #1)
14:36:51.941 [main] INFO  - 20%: Generating PDG for method "testMultiClone" in "org.apache.solr.update.processor.CloneFieldUpdateProcessorFactoryTest"
14:36:52.447 [main] INFO  - 20%: Reading information from row 37 (Clone group ID 703, clone #2)
14:36:52.447 [main] INFO  - 20%: Generating PDG for method "testArrayClone" in "org.apache.solr.update.processor.CloneFieldUpdateProcessorFactoryTest"
14:36:52.448 [main] INFO  - 20%: Analyzing Clone #18 (Group 703, Pair 1-2): org.apache.solr.update.processor.CloneFieldUpdateProcessorFactoryTest#testMultiClone (row 36) and org.apache.solr.update.processor.CloneFieldUpdateProcessorFactoryTest#testArrayClone (row 37)
14:36:52.494 [main] INFO  - CDT 1 depth = 0, CDT 2 depth = 0
14:36:52.494 [main] INFO  - CDT 1 leaves = 1, CDT 2 leaves = 1
14:36:52.668 [main] INFO  - start to refactor clone pair
14:36:52.668 [main] INFO  - CloneType: Type 2
14:36:52.669 [main] INFO  - 22%: Reading information from row 38 (Clone group ID 726, clone #1)
14:36:52.731 [main] INFO  - 22%: Generating PDG for method "testNameRequired" in "org.apache.solr.core.PluginInfoTest"
14:36:52.831 [main] INFO  - 22%: Reading information from row 39 (Clone group ID 726, clone #2)
14:36:52.832 [main] INFO  - 22%: Generating PDG for method "testClassRequired" in "org.apache.solr.core.PluginInfoTest"
14:36:52.832 [main] INFO  - 22%: Analyzing Clone #19 (Group 726, Pair 1-2): org.apache.solr.core.PluginInfoTest#testNameRequired (row 38) and org.apache.solr.core.PluginInfoTest#testClassRequired (row 39)
14:36:52.861 [main] INFO  - CDT 1 depth = 1, CDT 2 depth = 1
14:36:52.862 [main] INFO  - CDT 1 leaves = 1, CDT 2 leaves = 1
14:36:52.862 [main] INFO  - Start mapping
14:36:52.888 [main] INFO  - End mapping
14:36:52.888 [main] INFO  - start to refactor clone pair
14:36:52.888 [main] INFO  - CloneType: Type 2
14:36:52.889 [main] ERROR - CloneStructure has PDG gap node.
14:36:52.889 [main] INFO  - 23%: Reading information from row 40 (Clone group ID 733, clone #1)
14:36:52.940 [main] INFO  - 23%: Generating PDG for method "testList" in "org.apache.solr.cloud.ZkCLITest"
14:36:53.341 [main] INFO  - 23%: Reading information from row 41 (Clone group ID 733, clone #2)
14:36:53.342 [main] INFO  - 23%: Generating PDG for method "testLs" in "org.apache.solr.cloud.ZkCLITest"
14:36:53.342 [main] INFO  - 23%: Analyzing Clone #20 (Group 733, Pair 1-2): org.apache.solr.cloud.ZkCLITest#testList (row 40) and org.apache.solr.cloud.ZkCLITest#testLs (row 41)
14:36:53.397 [main] INFO  - CDT 1 depth = 0, CDT 2 depth = 0
14:36:53.397 [main] INFO  - CDT 1 leaves = 1, CDT 2 leaves = 1
14:36:53.419 [main] INFO  - start to refactor clone pair
14:36:53.419 [main] INFO  - CloneType: Type 2
14:36:53.421 [main] INFO  - 24%: Reading information from row 42 (Clone group ID 792, clone #1)
14:36:53.441 [main] INFO  - 24%: Generating PDG for method "testSkipInsertsFalseIfInInitArgs" in "org.apache.solr.update.processor.SkipExistingDocumentsProcessorFactoryTest"
14:36:53.516 [main] INFO  - 24%: Reading information from row 43 (Clone group ID 792, clone #2)
14:36:53.517 [main] INFO  - 24%: Generating PDG for method "testSkipUpdatesFalseIfInInitArgs" in "org.apache.solr.update.processor.SkipExistingDocumentsProcessorFactoryTest"
14:36:53.518 [main] INFO  - 24%: Analyzing Clone #21 (Group 792, Pair 1-2): org.apache.solr.update.processor.SkipExistingDocumentsProcessorFactoryTest#testSkipInsertsFalseIfInInitArgs (row 42) and org.apache.solr.update.processor.SkipExistingDocumentsProcessorFactoryTest#testSkipUpdatesFalseIfInInitArgs (row 43)
14:36:53.536 [main] INFO  - CDT 1 depth = 0, CDT 2 depth = 0
14:36:53.536 [main] INFO  - CDT 1 leaves = 1, CDT 2 leaves = 1
14:36:53.590 [main] INFO  - start to refactor clone pair
14:36:53.590 [main] INFO  - CloneType: Type 2
14:36:53.597 [main] INFO  - 25%: Reading information from row 44 (Clone group ID 816, clone #1)
14:36:53.630 [main] INFO  - 25%: Generating PDG for method "testIsEnabled" in "org.apache.solr.core.PluginInfoTest"
14:36:53.686 [main] INFO  - 25%: Reading information from row 45 (Clone group ID 816, clone #2)
14:36:53.686 [main] INFO  - 25%: Generating PDG for method "testIsDefault" in "org.apache.solr.core.PluginInfoTest"
14:36:53.687 [main] INFO  - 25%: Analyzing Clone #22 (Group 816, Pair 1-2): org.apache.solr.core.PluginInfoTest#testIsEnabled (row 44) and org.apache.solr.core.PluginInfoTest#testIsDefault (row 45)
14:36:53.718 [main] INFO  - CDT 1 depth = 0, CDT 2 depth = 0
14:36:53.718 [main] INFO  - CDT 1 leaves = 1, CDT 2 leaves = 1
14:36:53.761 [main] INFO  - start to refactor clone pair
14:36:53.761 [main] INFO  - CloneType: Type 2
14:36:53.762 [main] INFO  - 26%: Reading information from row 46 (Clone group ID 835, clone #1)
14:36:53.810 [main] INFO  - 26%: Generating PDG for method "setUp" in "org.apache.solr.highlight.TestPostingsSolrHighlighter"
14:36:54.977 [main] INFO  - 26%: Reading information from row 47 (Clone group ID 835, clone #2)
14:36:55.020 [main] INFO  - 26%: Generating PDG for method "setUp" in "org.apache.solr.highlight.TestUnifiedSolrHighlighter"
14:36:55.021 [main] INFO  - 26%: Analyzing Clone #23 (Group 835, Pair 1-2): org.apache.solr.highlight.TestPostingsSolrHighlighter#setUp (row 46) and org.apache.solr.highlight.TestUnifiedSolrHighlighter#setUp (row 47)
14:36:55.106 [main] INFO  - CDT 1 depth = 0, CDT 2 depth = 0
14:36:55.106 [main] INFO  - CDT 1 leaves = 1, CDT 2 leaves = 1
14:36:55.239 [main] INFO  - start to refactor clone pair
14:36:55.239 [main] INFO  - CloneType: Type 1
14:36:55.240 [main] INFO  - 27%: Reading information from row 48 (Clone group ID 899, clone #1)
14:36:55.296 [main] INFO  - 27%: Generating PDG for method "knnMonoClass_boostFields_shouldAssignCorrectClass" in "org.apache.solr.update.processor.ClassificationUpdateProcessorTest"
14:37:26.074 [main] INFO  - 27%: Reading information from row 49 (Clone group ID 899, clone #2)
14:37:26.074 [main] INFO  - 27%: Generating PDG for method "bayesMonoClass_boostFields_shouldAssignCorrectClass" in "org.apache.solr.update.processor.ClassificationUpdateProcessorTest"
14:37:26.218 [main] INFO  - 27%: Analyzing Clone #24 (Group 899, Pair 1-2): org.apache.solr.update.processor.ClassificationUpdateProcessorTest#knnMonoClass_boostFields_shouldAssignCorrectClass (row 48) and org.apache.solr.update.processor.ClassificationUpdateProcessorTest#bayesMonoClass_boostFields_shouldAssignCorrectClass (row 49)
14:37:26.270 [main] INFO  - CDT 1 depth = 0, CDT 2 depth = 0
14:37:26.270 [main] INFO  - CDT 1 leaves = 1, CDT 2 leaves = 1
14:37:26.400 [main] INFO  - start to refactor clone pair
14:37:26.400 [main] INFO  - CloneType: Type 2
14:37:26.401 [main] INFO  - 29%: Reading information from row 50 (Clone group ID 919, clone #1)
14:37:26.455 [main] INFO  - 29%: Generating PDG for method "testCharsetInDocument" in "org.apache.solr.handler.DocumentAnalysisRequestHandlerTest"
14:37:26.974 [main] INFO  - 29%: Reading information from row 51 (Clone group ID 919, clone #2)
14:37:26.974 [main] INFO  - 29%: Generating PDG for method "testCharsetOutsideDocument" in "org.apache.solr.handler.DocumentAnalysisRequestHandlerTest"
14:37:27.014 [main] INFO  - 29%: Analyzing Clone #25 (Group 919, Pair 1-2): org.apache.solr.handler.DocumentAnalysisRequestHandlerTest#testCharsetInDocument (row 50) and org.apache.solr.handler.DocumentAnalysisRequestHandlerTest#testCharsetOutsideDocument (row 51)
14:37:27.068 [main] INFO  - CDT 1 depth = 0, CDT 2 depth = 0
14:37:27.068 [main] INFO  - CDT 1 leaves = 1, CDT 2 leaves = 1
14:37:27.202 [main] INFO  - start to refactor clone pair
14:37:27.203 [main] INFO  - CloneType: Type 2
14:37:27.203 [main] INFO  - continue to resolve inner expression diff without creating new adapter action
14:37:27.204 [main] INFO  - 30%: Reading information from row 52 (Clone group ID 922, clone #1)
14:37:27.250 [main] INFO  - 30%: Generating PDG for method "testMultiInitParams" in "org.apache.solr.core.TestInitParams"
14:37:41.491 [main] INFO  - 30%: Reading information from row 53 (Clone group ID 922, clone #2)
14:37:41.491 [main] INFO  - 30%: Generating PDG for method "testComponentWithConflictingInitParams" in "org.apache.solr.core.TestInitParams"
14:37:41.497 [main] INFO  - 30%: Analyzing Clone #26 (Group 922, Pair 1-2): org.apache.solr.core.TestInitParams#testMultiInitParams (row 52) and org.apache.solr.core.TestInitParams#testComponentWithConflictingInitParams (row 53)
14:37:41.547 [main] INFO  - CDT 1 depth = 0, CDT 2 depth = 0
14:37:41.547 [main] INFO  - CDT 1 leaves = 1, CDT 2 leaves = 1
14:37:41.681 [main] INFO  - start to refactor clone pair
14:37:41.681 [main] INFO  - Non refactorable CloneType: Type 3
14:37:41.681 [main] INFO  - 31%: Reading information from row 54 (Clone group ID 937, clone #1)
14:37:41.727 [main] INFO  - 31%: Generating PDG for method "test" in "org.apache.solr.highlight.FastVectorHighlighterTest"
14:37:42.391 [main] INFO  - 31%: Reading information from row 55 (Clone group ID 937, clone #2)
14:37:42.452 [main] INFO  - 31%: Generating PDG for method "testDisMaxHighlight" in "org.apache.solr.highlight.HighlighterTest"
14:37:42.453 [main] INFO  - 31%: Analyzing Clone #27 (Group 937, Pair 1-2): org.apache.solr.highlight.FastVectorHighlighterTest#test (row 54) and org.apache.solr.highlight.HighlighterTest#testDisMaxHighlight (row 55)
14:37:42.559 [main] INFO  - CDT 1 depth = 1, CDT 2 depth = 0
14:37:42.559 [main] INFO  - CDT 1 leaves = 2, CDT 2 leaves = 1
14:37:42.695 [main] INFO  - start to refactor clone pair
14:37:42.695 [main] INFO  - Non refactorable CloneType: Type 3
14:37:42.695 [main] INFO  - 32%: Reading information from row 56 (Clone group ID 991, clone #1)
14:37:42.756 [main] INFO  - 32%: Generating PDG for method "createMiniSolrCloudCluster" in "org.apache.solr.cloud.TestCloudDeleteByQuery"
14:37:43.234 [main] INFO  - 32%: Reading information from row 57 (Clone group ID 991, clone #2)
14:37:43.298 [main] INFO  - 32%: Generating PDG for method "createMiniSolrCloudCluster" in "org.apache.solr.cloud.TestTolerantUpdateProcessorCloud"
14:37:43.611 [main] INFO  - 32%: Analyzing Clone #28 (Group 991, Pair 1-2): org.apache.solr.cloud.TestCloudDeleteByQuery#createMiniSolrCloudCluster (row 56) and org.apache.solr.cloud.TestTolerantUpdateProcessorCloud#createMiniSolrCloudCluster (row 57)
14:37:43.724 [main] INFO  - CDT 1 depth = 3, CDT 2 depth = 3
14:37:43.724 [main] INFO  - CDT 1 leaves = 6, CDT 2 leaves = 6
14:37:43.739 [main] INFO  - Start mapping
14:37:43.967 [main] INFO  - End mapping
14:37:43.968 [main] INFO  - start to refactor clone pair
14:37:43.968 [main] INFO  - Non refactorable CloneType: Type 3
14:37:43.968 [main] INFO  - 33%: Reading information from row 58 (Clone group ID 1048, clone #1)
14:37:44.031 [main] INFO  - 33%: Generating PDG for method "setUp" in "org.apache.solr.update.AutoCommitTest"
14:37:45.107 [main] INFO  - 33%: Reading information from row 59 (Clone group ID 1048, clone #2)
14:37:45.168 [main] INFO  - 33%: Generating PDG for method "setUp" in "org.apache.solr.update.HardAutoCommitTest"
14:37:45.324 [main] INFO  - 33%: Analyzing Clone #29 (Group 1048, Pair 1-2): org.apache.solr.update.AutoCommitTest#setUp (row 58) and org.apache.solr.update.HardAutoCommitTest#setUp (row 59)
14:37:45.447 [main] INFO  - CDT 1 depth = 0, CDT 2 depth = 0
14:37:45.448 [main] INFO  - CDT 1 leaves = 1, CDT 2 leaves = 1
14:37:45.568 [main] INFO  - start to refactor clone pair
14:37:45.568 [main] INFO  - CloneType: Type 1
14:37:45.570 [main] INFO  - 35%: Reading information from row 60 (Clone group ID 1093, clone #1)
14:37:45.619 [main] INFO  - 35%: Generating PDG for method "testTrivialXsltWriter" in "org.apache.solr.OutputWriterTest"
14:37:45.663 [main] INFO  - 35%: Reading information from row 61 (Clone group ID 1093, clone #2)
14:37:45.663 [main] INFO  - 35%: Generating PDG for method "testTrivialXsltWriterInclude" in "org.apache.solr.OutputWriterTest"
14:37:45.663 [main] INFO  - 35%: Analyzing Clone #30 (Group 1093, Pair 1-2): org.apache.solr.OutputWriterTest#testTrivialXsltWriter (row 60) and org.apache.solr.OutputWriterTest#testTrivialXsltWriterInclude (row 61)
14:37:45.705 [main] INFO  - CDT 1 depth = 0, CDT 2 depth = 0
14:37:45.705 [main] INFO  - CDT 1 leaves = 1, CDT 2 leaves = 1
14:37:45.826 [main] INFO  - start to refactor clone pair
14:37:45.826 [main] INFO  - CloneType: Type 2
14:37:45.827 [main] INFO  - 36%: Reading information from row 62 (Clone group ID 1128, clone #1)
14:37:45.906 [main] INFO  - 36%: Generating PDG for method "setupClass" in "org.apache.solr.core.snapshots.TestSolrCloudSnapshots"
14:37:46.067 [main] INFO  - 36%: Reading information from row 63 (Clone group ID 1128, clone #2)
14:37:46.145 [main] INFO  - 36%: Generating PDG for method "setupClass" in "org.apache.solr.core.snapshots.TestSolrCoreSnapshots"
14:37:46.145 [main] INFO  - 36%: Analyzing Clone #31 (Group 1128, Pair 1-2): org.apache.solr.core.snapshots.TestSolrCloudSnapshots#setupClass (row 62) and org.apache.solr.core.snapshots.TestSolrCoreSnapshots#setupClass (row 63)
14:37:46.299 [main] INFO  - CDT 1 depth = 0, CDT 2 depth = 0
14:37:46.299 [main] INFO  - CDT 1 leaves = 1, CDT 2 leaves = 1
14:37:46.350 [main] INFO  - start to refactor clone pair
14:37:46.350 [main] INFO  - CloneType: Type 2
14:37:46.350 [main] INFO  - Containing unrefactorable private field access: NUM_NODES
14:37:46.350 [main] INFO  - Containing unrefactorable private field access: docsSeed
14:37:46.350 [main] INFO  - 37%: Reading information from row 64 (Clone group ID 1149, clone #1)
14:37:46.390 [main] INFO  - 37%: Generating PDG for method "testGetBestCreateUrlMultipleCollections4" in "org.apache.solr.cloud.SharedFSAutoReplicaFailoverUtilsTest"
14:37:46.431 [main] INFO  - 37%: Reading information from row 65 (Clone group ID 1149, clone #2)
14:37:46.432 [main] INFO  - 37%: Generating PDG for method "testFailOverToEmptySolrInstance" in "org.apache.solr.cloud.SharedFSAutoReplicaFailoverUtilsTest"
14:37:46.432 [main] INFO  - 37%: Analyzing Clone #32 (Group 1149, Pair 1-2): org.apache.solr.cloud.SharedFSAutoReplicaFailoverUtilsTest#testGetBestCreateUrlMultipleCollections4 (row 64) and org.apache.solr.cloud.SharedFSAutoReplicaFailoverUtilsTest#testFailOverToEmptySolrInstance (row 65)
14:37:46.473 [main] INFO  - CDT 1 depth = 0, CDT 2 depth = 0
14:37:46.473 [main] INFO  - CDT 1 leaves = 1, CDT 2 leaves = 1
14:37:46.475 [main] INFO  - start to refactor clone pair
14:37:46.475 [main] INFO  - CloneType: Type 2
14:37:46.476 [main] INFO  - 38%: Reading information from row 66 (Clone group ID 1156, clone #1)
14:37:46.567 [main] INFO  - 38%: Generating PDG for method "testProxyWrongHost" in "org.apache.solr.security.hadoop.TestImpersonationWithHadoopAuth"
14:37:47.647 [main] INFO  - 38%: Reading information from row 67 (Clone group ID 1156, clone #2)
14:37:47.647 [main] INFO  - 38%: Generating PDG for method "testProxyNoConfigHosts" in "org.apache.solr.security.hadoop.TestImpersonationWithHadoopAuth"
14:37:47.648 [main] INFO  - 38%: Analyzing Clone #33 (Group 1156, Pair 1-2): org.apache.solr.security.hadoop.TestImpersonationWithHadoopAuth#testProxyWrongHost (row 66) and org.apache.solr.security.hadoop.TestImpersonationWithHadoopAuth#testProxyNoConfigHosts (row 67)
14:37:47.709 [main] INFO  - CDT 1 depth = 1, CDT 2 depth = 1
14:37:47.709 [main] INFO  - CDT 1 leaves = 1, CDT 2 leaves = 1
14:37:47.710 [main] INFO  - Start mapping
14:37:47.759 [main] INFO  - End mapping
14:37:47.760 [main] INFO  - start to refactor clone pair
14:37:47.760 [main] INFO  - CloneType: Type 2
14:37:47.761 [main] INFO  - 39%: Reading information from row 68 (Clone group ID 1158, clone #1)
14:37:47.800 [main] INFO  - 39%: Generating PDG for method "testWildcardRange" in "org.apache.solr.search.TestFoldingMultitermQuery"
14:37:47.967 [main] INFO  - 39%: Reading information from row 69 (Clone group ID 1158, clone #2)
14:37:47.967 [main] INFO  - 39%: Generating PDG for method "testGreek" in "org.apache.solr.search.TestFoldingMultitermQuery"
14:37:47.968 [main] INFO  - 39%: Analyzing Clone #34 (Group 1158, Pair 1-2): org.apache.solr.search.TestFoldingMultitermQuery#testWildcardRange (row 68) and org.apache.solr.search.TestFoldingMultitermQuery#testGreek (row 69)
14:37:48.006 [main] INFO  - CDT 1 depth = 0, CDT 2 depth = 0
14:37:48.006 [main] INFO  - CDT 1 leaves = 1, CDT 2 leaves = 1
14:37:48.128 [main] INFO  - start to refactor clone pair
14:37:48.129 [main] INFO  - CloneType: Type 2
14:37:48.129 [main] INFO  - 40%: Reading information from row 70 (Clone group ID 1177, clone #1)
14:37:48.169 [main] INFO  - 40%: Generating PDG for method "beforeClass" in "org.apache.solr.schema.TestCollationField"
14:37:48.805 [main] INFO  - 40%: Reading information from row 71 (Clone group ID 1177, clone #2)
14:37:48.844 [main] INFO  - 40%: Generating PDG for method "beforeClass" in "org.apache.solr.schema.TestCollationFieldDocValues"
14:37:48.959 [main] INFO  - 40%: Analyzing Clone #35 (Group 1177, Pair 1-2): org.apache.solr.schema.TestCollationField#beforeClass (row 70) and org.apache.solr.schema.TestCollationFieldDocValues#beforeClass (row 71)
14:37:49.037 [main] INFO  - CDT 1 depth = 0, CDT 2 depth = 0
14:37:49.037 [main] INFO  - CDT 1 leaves = 1, CDT 2 leaves = 1
14:37:49.211 [main] INFO  - start to refactor clone pair
14:37:49.211 [main] INFO  - CloneType: Type 1
14:37:49.211 [main] INFO  - different local method access: setupSolrHome
14:37:49.212 [main] INFO  - 42%: Reading information from row 72 (Clone group ID 1241, clone #1)
14:37:49.252 [main] INFO  - 42%: Generating PDG for method "testDisabledRedaction" in "org.apache.solr.handler.admin.PropertiesRequestHandlerTest"
14:37:49.359 [main] INFO  - 42%: Reading information from row 73 (Clone group ID 1241, clone #2)
14:37:49.359 [main] INFO  - 42%: Generating PDG for method "testRedaction" in "org.apache.solr.handler.admin.PropertiesRequestHandlerTest"
14:37:49.360 [main] INFO  - 42%: Analyzing Clone #36 (Group 1241, Pair 1-2): org.apache.solr.handler.admin.PropertiesRequestHandlerTest#testDisabledRedaction (row 72) and org.apache.solr.handler.admin.PropertiesRequestHandlerTest#testRedaction (row 73)
14:37:49.399 [main] INFO  - CDT 1 depth = 1, CDT 2 depth = 1
14:37:49.399 [main] INFO  - CDT 1 leaves = 1, CDT 2 leaves = 1
14:37:49.399 [main] INFO  - Start mapping
14:37:49.522 [main] INFO  - End mapping
14:37:49.522 [main] INFO  - start to refactor clone pair
14:37:49.522 [main] INFO  - CloneType: Type 2
14:37:49.523 [main] INFO  - 43%: Reading information from row 74 (Clone group ID 1319, clone #1)
14:37:49.566 [main] INFO  - 43%: Generating PDG for method "testMaxIndexedVersionFromIndex" in "org.apache.solr.update.VersionInfoTest"
14:37:50.119 [main] INFO  - 43%: Reading information from row 75 (Clone group ID 1319, clone #2)
14:37:50.120 [main] INFO  - 43%: Generating PDG for method "testMaxDocValuesVersionFromIndex" in "org.apache.solr.update.VersionInfoTest"
14:37:50.120 [main] INFO  - 43%: Analyzing Clone #37 (Group 1319, Pair 1-2): org.apache.solr.update.VersionInfoTest#testMaxIndexedVersionFromIndex (row 74) and org.apache.solr.update.VersionInfoTest#testMaxDocValuesVersionFromIndex (row 75)
14:37:50.161 [main] INFO  - CDT 1 depth = 1, CDT 2 depth = 1
14:37:50.162 [main] INFO  - CDT 1 leaves = 1, CDT 2 leaves = 1
14:37:50.162 [main] INFO  - Start mapping
14:37:50.282 [main] INFO  - End mapping
14:37:50.283 [main] INFO  - start to refactor clone pair
14:37:50.283 [main] INFO  - CloneType: Type 2
14:37:50.283 [main] INFO  - 44%: Reading information from row 76 (Clone group ID 1326, clone #1)
14:37:50.325 [main] INFO  - 44%: Generating PDG for method "setupLoader" in "org.apache.solr.core.TestBackupRepositoryFactory"
14:37:50.569 [main] INFO  - 44%: Reading information from row 77 (Clone group ID 1326, clone #2)
14:37:50.613 [main] INFO  - 44%: Generating PDG for method "setupLoader" in "org.apache.solr.core.TestSolrXml"
14:37:50.614 [main] INFO  - 44%: Analyzing Clone #38 (Group 1326, Pair 1-2): org.apache.solr.core.TestBackupRepositoryFactory#setupLoader (row 76) and org.apache.solr.core.TestSolrXml#setupLoader (row 77)
14:37:50.699 [main] INFO  - CDT 1 depth = 0, CDT 2 depth = 0
14:37:50.699 [main] INFO  - CDT 1 leaves = 1, CDT 2 leaves = 1
14:37:50.701 [main] INFO  - start to refactor clone pair
14:37:50.701 [main] INFO  - CloneType: Type 1
14:37:50.701 [main] INFO  - Containing unrefactorable private field access: solrHome
14:37:50.701 [main] INFO  - Containing unrefactorable private field access: loader
14:37:50.701 [main] INFO  - Containing unrefactorable private field access: solrHome
14:37:50.701 [main] INFO  - 45%: Reading information from row 78 (Clone group ID 1400, clone #1)
14:37:50.743 [main] INFO  - 45%: Generating PDG for method "testFavorForeignSlices" in "org.apache.solr.cloud.SharedFSAutoReplicaFailoverUtilsTest"
14:37:50.783 [main] INFO  - 45%: Reading information from row 79 (Clone group ID 1400, clone #2)
14:37:50.784 [main] INFO  - 45%: Generating PDG for method "testGetBestCreateUrlMultipleCollections2" in "org.apache.solr.cloud.SharedFSAutoReplicaFailoverUtilsTest"
14:37:50.784 [main] INFO  - 45%: Analyzing Clone #39 (Group 1400, Pair 1-2): org.apache.solr.cloud.SharedFSAutoReplicaFailoverUtilsTest#testFavorForeignSlices (row 78) and org.apache.solr.cloud.SharedFSAutoReplicaFailoverUtilsTest#testGetBestCreateUrlMultipleCollections2 (row 79)
14:37:50.824 [main] INFO  - CDT 1 depth = 0, CDT 2 depth = 0
14:37:50.824 [main] INFO  - CDT 1 leaves = 1, CDT 2 leaves = 1
14:37:50.841 [main] INFO  - start to refactor clone pair
14:37:50.841 [main] INFO  - CloneType: Type 2
14:37:50.841 [main] INFO  - non-refactored node pair with MethodInvocation node: buildClusterState(results,"csr*sr2csr3r3",NODE2,NODE3)  <--->  buildClusterState(results,"csr*r2sr3cr2",NODE1)  (ARGUMENT_NUMBER_MISMATCH)
14:37:50.841 [main] INFO  - non-refactored node pair with MethodInvocation node: assertEquals(NODE3_URL,createUrl)  <--->  assertNull(createUrl)  (ARGUMENT_NUMBER_MISMATCH)
14:37:50.841 [main] INFO  - non-refactored node pair with MethodInvocation node: buildClusterState(results,"csr*sr2csr3r3r3r3r3r3r3",NODE2,NODE3)  <--->  buildClusterState(results,"csr*r2sr3cr2",NODE1,NODE2,NODE3)  (ARGUMENT_NUMBER_MISMATCH)
14:37:50.842 [main] INFO  - 46%: Reading information from row 80 (Clone group ID 1440, clone #1)
14:37:50.881 [main] INFO  - 46%: Generating PDG for method "testGetDynamicField" in "org.apache.solr.rest.schema.TestDynamicFieldResource"
14:37:51.364 [main] INFO  - 46%: Reading information from row 81 (Clone group ID 1440, clone #2)
14:37:51.403 [main] INFO  - 46%: Generating PDG for method "testJsonGetField" in "org.apache.solr.rest.schema.TestFieldResource"
14:37:51.530 [main] INFO  - 46%: Analyzing Clone #40 (Group 1440, Pair 1-2): org.apache.solr.rest.schema.TestDynamicFieldResource#testGetDynamicField (row 80) and org.apache.solr.rest.schema.TestFieldResource#testJsonGetField (row 81)
14:37:51.607 [main] INFO  - CDT 1 depth = 0, CDT 2 depth = 0
14:37:51.607 [main] INFO  - CDT 1 leaves = 1, CDT 2 leaves = 1
14:37:51.654 [main] INFO  - start to refactor clone pair
14:37:51.654 [main] INFO  - CloneType: Type 2
14:37:51.656 [main] INFO  - 47%: Reading information from row 82 (Clone group ID 1462, clone #1)
14:37:51.705 [main] INFO  - 47%: Generating PDG for method "setupCluster" in "org.apache.solr.cloud.CloudExitableDirectoryReaderTest"
14:37:52.056 [main] INFO  - 47%: Reading information from row 83 (Clone group ID 1462, clone #2)
14:37:52.119 [main] INFO  - 47%: Generating PDG for method "setupCluster" in "org.apache.solr.cloud.DistribDocExpirationUpdateProcessorTest"
14:37:52.119 [main] INFO  - 47%: Analyzing Clone #41 (Group 1462, Pair 1-2): org.apache.solr.cloud.CloudExitableDirectoryReaderTest#setupCluster (row 82) and org.apache.solr.cloud.DistribDocExpirationUpdateProcessorTest#setupCluster (row 83)
14:37:52.227 [main] INFO  - CDT 1 depth = 0, CDT 2 depth = 0
14:37:52.227 [main] INFO  - CDT 1 leaves = 1, CDT 2 leaves = 1
14:37:52.281 [main] INFO  - start to refactor clone pair
14:37:52.281 [main] INFO  - CloneType: Type 2
14:37:52.282 [main] INFO  - continue to resolve inner expression diff without creating new adapter action
14:37:52.282 [main] INFO  - continue to resolve inner expression diff without creating new adapter action
14:37:52.282 [main] INFO  - Containing unrefactorable private field access: COLLECTION
14:37:52.282 [main] INFO  - Containing unrefactorable private field access: COLLECTION
14:37:52.283 [main] INFO  - 49%: Reading information from row 84 (Clone group ID 1495, clone #1)
14:37:52.316 [main] INFO  - 49%: Generating PDG for method "smallRangeSmokeTest" in "org.apache.solr.util.hll.FullHLLTest"
14:37:52.345 [main] INFO  - 49%: Reading information from row 85 (Clone group ID 1495, clone #2)
14:37:52.372 [main] INFO  - 49%: Generating PDG for method "smallRangeSmokeTest" in "org.apache.solr.util.hll.SparseHLLTest"
14:37:52.373 [main] INFO  - 49%: Analyzing Clone #42 (Group 1495, Pair 1-2): org.apache.solr.util.hll.FullHLLTest#smallRangeSmokeTest (row 84) and org.apache.solr.util.hll.SparseHLLTest#smallRangeSmokeTest (row 85)
14:37:52.424 [main] INFO  - CDT 1 depth = 1, CDT 2 depth = 1
14:37:52.424 [main] INFO  - CDT 1 leaves = 1, CDT 2 leaves = 1
14:37:52.424 [main] INFO  - Start mapping
14:37:52.434 [main] INFO  - End mapping
14:37:52.434 [main] INFO  - start to refactor clone pair
14:37:52.434 [main] INFO  - CloneType: Type 2
14:37:52.436 [main] INFO  - 50%: Reading information from row 86 (Clone group ID 1496, clone #1)
14:37:52.436 [main] INFO  - 50%: Generating PDG for method "largeRangeSmokeTest" in "org.apache.solr.util.hll.FullHLLTest"
14:37:52.462 [main] INFO  - 50%: Reading information from row 87 (Clone group ID 1496, clone #2)
14:37:52.462 [main] INFO  - 50%: Generating PDG for method "largeRangeSmokeTest" in "org.apache.solr.util.hll.SparseHLLTest"
14:37:52.463 [main] INFO  - 50%: Analyzing Clone #43 (Group 1496, Pair 1-2): org.apache.solr.util.hll.FullHLLTest#largeRangeSmokeTest (row 86) and org.apache.solr.util.hll.SparseHLLTest#largeRangeSmokeTest (row 87)
14:37:52.514 [main] INFO  - CDT 1 depth = 1, CDT 2 depth = 1
14:37:52.514 [main] INFO  - CDT 1 leaves = 1, CDT 2 leaves = 1
14:37:52.514 [main] INFO  - Start mapping
14:37:52.523 [main] INFO  - End mapping
14:37:52.524 [main] INFO  - start to refactor clone pair
14:37:52.524 [main] INFO  - CloneType: Type 2
14:37:52.525 [main] INFO  - 51%: Reading information from row 88 (Clone group ID 1499, clone #1)
14:37:52.579 [main] INFO  - 51%: Generating PDG for method "knnMultiClass_boostFieldsMaxOutputClasses2_shouldAssignMax2Classes" in "org.apache.solr.update.processor.ClassificationUpdateProcessorTest"
14:38:24.593 [main] INFO  - 51%: Reading information from row 89 (Clone group ID 1499, clone #2)
14:38:24.594 [main] INFO  - 51%: Generating PDG for method "bayesMultiClass_boostFieldsMaxOutputClasses2_shouldAssignMax2Classes" in "org.apache.solr.update.processor.ClassificationUpdateProcessorTest"
14:38:25.093 [main] INFO  - 51%: Analyzing Clone #44 (Group 1499, Pair 1-2): org.apache.solr.update.processor.ClassificationUpdateProcessorTest#knnMultiClass_boostFieldsMaxOutputClasses2_shouldAssignMax2Classes (row 88) and org.apache.solr.update.processor.ClassificationUpdateProcessorTest#bayesMultiClass_boostFieldsMaxOutputClasses2_shouldAssignMax2Classes (row 89)
14:38:25.176 [main] INFO  - CDT 1 depth = 0, CDT 2 depth = 0
14:38:25.176 [main] INFO  - CDT 1 leaves = 1, CDT 2 leaves = 1
14:38:25.311 [main] INFO  - start to refactor clone pair
14:38:25.311 [main] INFO  - CloneType: Type 2
14:38:25.312 [main] INFO  - 52%: Reading information from row 90 (Clone group ID 1620, clone #1)
14:38:25.349 [main] INFO  - 52%: Generating PDG for method "testGetTags_with_wrong_ipv4_format_ip_returns_nothing" in "org.apache.solr.cloud.rule.ImplicitSnitchTest"
14:38:28.077 [main] INFO  - 52%: Reading information from row 91 (Clone group ID 1620, clone #2)
14:38:28.077 [main] INFO  - 52%: Generating PDG for method "testGetTags_with_correct_ipv6_format_ip_returns_nothing" in "org.apache.solr.cloud.rule.ImplicitSnitchTest"
14:38:28.077 [main] INFO  - 52%: Analyzing Clone #45 (Group 1620, Pair 1-2): org.apache.solr.cloud.rule.ImplicitSnitchTest#testGetTags_with_wrong_ipv4_format_ip_returns_nothing (row 90) and org.apache.solr.cloud.rule.ImplicitSnitchTest#testGetTags_with_correct_ipv6_format_ip_returns_nothing (row 91)
14:38:28.087 [main] INFO  - CDT 1 depth = 0, CDT 2 depth = 0
14:38:28.087 [main] INFO  - CDT 1 leaves = 1, CDT 2 leaves = 1
14:38:28.090 [main] INFO  - start to refactor clone pair
14:38:28.090 [main] INFO  - CloneType: Type 2
14:38:28.091 [main] INFO  - 53%: Reading information from row 92 (Clone group ID 1678, clone #1)
14:38:28.243 [main] INFO  - 53%: Generating PDG for method "testAnalyzingInfixSuggesterBuildThenReload" in "org.apache.solr.handler.component.InfixSuggestersTest"
14:38:29.054 [main] INFO  - 53%: Reading information from row 93 (Clone group ID 1678, clone #2)
14:38:29.054 [main] INFO  - 53%: Generating PDG for method "testBlendedInfixSuggesterBuildThenReload" in "org.apache.solr.handler.component.InfixSuggestersTest"
14:38:29.175 [main] INFO  - 53%: Analyzing Clone #46 (Group 1678, Pair 1-2): org.apache.solr.handler.component.InfixSuggestersTest#testAnalyzingInfixSuggesterBuildThenReload (row 92) and org.apache.solr.handler.component.InfixSuggestersTest#testBlendedInfixSuggesterBuildThenReload (row 93)
14:38:29.217 [main] INFO  - CDT 1 depth = 0, CDT 2 depth = 0
14:38:29.217 [main] INFO  - CDT 1 leaves = 1, CDT 2 leaves = 1
14:38:29.336 [main] INFO  - start to refactor clone pair
14:38:29.337 [main] INFO  - CloneType: Type 2
14:38:29.337 [main] INFO  - 54%: Reading information from row 94 (Clone group ID 1679, clone #1)
14:38:29.400 [main] INFO  - 54%: Generating PDG for method "setUp" in "org.apache.solr.handler.component.FacetPivotSmallTest"
14:38:30.462 [main] INFO  - 54%: Reading information from row 95 (Clone group ID 1679, clone #2)
14:38:30.583 [main] INFO  - 54%: Generating PDG for method "setUp" in "org.apache.solr.handler.component.StatsComponentTest"
14:38:30.583 [main] INFO  - 54%: Analyzing Clone #47 (Group 1679, Pair 1-2): org.apache.solr.handler.component.FacetPivotSmallTest#setUp (row 94) and org.apache.solr.handler.component.StatsComponentTest#setUp (row 95)
14:38:30.700 [main] INFO  - CDT 1 depth = 0, CDT 2 depth = 0
14:38:30.700 [main] INFO  - CDT 1 leaves = 1, CDT 2 leaves = 1
14:38:30.822 [main] INFO  - start to refactor clone pair
14:38:30.822 [main] INFO  - CloneType: Type 1
14:38:30.823 [main] INFO  - 56%: Reading information from row 96 (Clone group ID 1689, clone #1)
14:38:30.885 [main] INFO  - 56%: Generating PDG for method "afterClass" in "org.apache.solr.uninverting.TestNumericTerms32"
14:38:38.970 [main] INFO  - 56%: Reading information from row 97 (Clone group ID 1689, clone #2)
14:38:39.037 [main] INFO  - 56%: Generating PDG for method "afterClass" in "org.apache.solr.uninverting.TestNumericTerms64"
14:38:39.053 [main] INFO  - 56%: Analyzing Clone #48 (Group 1689, Pair 1-2): org.apache.solr.uninverting.TestNumericTerms32#afterClass (row 96) and org.apache.solr.uninverting.TestNumericTerms64#afterClass (row 97)
14:38:39.121 [main] INFO  - CDT 1 depth = 0, CDT 2 depth = 0
14:38:39.121 [main] INFO  - CDT 1 leaves = 1, CDT 2 leaves = 1
14:38:39.123 [main] INFO  - start to refactor clone pair
14:38:39.123 [main] INFO  - CloneType: Type 1
14:38:39.123 [main] INFO  - Containing unrefactorable private field access: searcher
14:38:39.124 [main] INFO  - Containing unrefactorable private field access: reader
14:38:39.124 [main] INFO  - Containing unrefactorable private field access: reader
14:38:39.124 [main] INFO  - Containing unrefactorable private field access: reader
14:38:39.124 [main] INFO  - Containing unrefactorable private field access: directory
14:38:39.124 [main] INFO  - Containing unrefactorable private field access: directory
14:38:39.124 [main] INFO  - 57%: Reading information from row 98 (Clone group ID 1699, clone #1)
14:38:39.233 [main] INFO  - 57%: Generating PDG for method "testRequestHandlerRegistry" in "org.apache.solr.core.TestQuerySenderListener"
14:38:39.702 [main] INFO  - 57%: Reading information from row 99 (Clone group ID 1699, clone #2)
14:38:39.750 [main] INFO  - 57%: Generating PDG for method "testRequestHandlerRegistry" in "org.apache.solr.core.TestQuerySenderNoQuery"
14:38:39.784 [main] INFO  - 57%: Analyzing Clone #49 (Group 1699, Pair 1-2): org.apache.solr.core.TestQuerySenderListener#testRequestHandlerRegistry (row 98) and org.apache.solr.core.TestQuerySenderNoQuery#testRequestHandlerRegistry (row 99)
14:38:39.874 [main] INFO  - CDT 1 depth = 0, CDT 2 depth = 0
14:38:39.875 [main] INFO  - CDT 1 leaves = 1, CDT 2 leaves = 1
14:38:40.084 [main] INFO  - start to refactor clone pair
14:38:40.084 [main] INFO  - CloneType: Type 1
14:38:40.085 [main] INFO  - 58%: Reading information from row 100 (Clone group ID 1726, clone #1)
14:38:40.175 [main] INFO  - 58%: Generating PDG for method "clearCloudCollection" in "org.apache.solr.cloud.TestCloudDeleteByQuery"
14:38:40.193 [main] INFO  - 58%: Reading information from row 101 (Clone group ID 1726, clone #2)
14:38:40.264 [main] INFO  - 58%: Generating PDG for method "clearCollection" in "org.apache.solr.cloud.TestTolerantUpdateProcessorCloud"
14:38:40.264 [main] INFO  - 58%: Analyzing Clone #50 (Group 1726, Pair 1-2): org.apache.solr.cloud.TestCloudDeleteByQuery#clearCloudCollection (row 100) and org.apache.solr.cloud.TestTolerantUpdateProcessorCloud#clearCollection (row 101)
14:38:40.374 [main] INFO  - CDT 1 depth = 0, CDT 2 depth = 0
14:38:40.374 [main] INFO  - CDT 1 leaves = 1, CDT 2 leaves = 1
14:38:40.376 [main] INFO  - start to refactor clone pair
14:38:40.376 [main] INFO  - CloneType: Type 1
14:38:40.376 [main] INFO  - method pair are not test cases!
14:38:40.376 [main] INFO  - 59%: Reading information from row 102 (Clone group ID 1736, clone #1)
14:38:40.417 [main] INFO  - 59%: Generating PDG for method "normalRangeSmokeTest" in "org.apache.solr.util.hll.FullHLLTest"
14:38:40.448 [main] INFO  - 59%: Reading information from row 103 (Clone group ID 1736, clone #2)
14:38:40.472 [main] INFO  - 59%: Generating PDG for method "normalRangeSmokeTest" in "org.apache.solr.util.hll.SparseHLLTest"
14:38:40.473 [main] INFO  - 59%: Analyzing Clone #51 (Group 1736, Pair 1-2): org.apache.solr.util.hll.FullHLLTest#normalRangeSmokeTest (row 102) and org.apache.solr.util.hll.SparseHLLTest#normalRangeSmokeTest (row 103)
14:38:40.521 [main] INFO  - CDT 1 depth = 1, CDT 2 depth = 1
14:38:40.521 [main] INFO  - CDT 1 leaves = 1, CDT 2 leaves = 1
14:38:40.521 [main] INFO  - Start mapping
14:38:40.529 [main] INFO  - End mapping
14:38:40.529 [main] INFO  - start to refactor clone pair
14:38:40.529 [main] INFO  - CloneType: Type 2
14:38:40.530 [main] INFO  - 60%: Reading information from row 104 (Clone group ID 1744, clone #1)
14:38:40.590 [main] INFO  - 60%: Generating PDG for method "knnMultiClass_maxOutputClasses2_shouldAssignMax2Classes" in "org.apache.solr.update.processor.ClassificationUpdateProcessorTest"
14:39:21.624 [main] INFO  - 60%: Reading information from row 105 (Clone group ID 1744, clone #2)
14:39:21.624 [main] INFO  - 60%: Generating PDG for method "bayesMultiClass_maxOutputClasses2_shouldAssignMax2Classes" in "org.apache.solr.update.processor.ClassificationUpdateProcessorTest"
14:39:22.154 [main] INFO  - 60%: Analyzing Clone #52 (Group 1744, Pair 1-2): org.apache.solr.update.processor.ClassificationUpdateProcessorTest#knnMultiClass_maxOutputClasses2_shouldAssignMax2Classes (row 104) and org.apache.solr.update.processor.ClassificationUpdateProcessorTest#bayesMultiClass_maxOutputClasses2_shouldAssignMax2Classes (row 105)
14:39:22.225 [main] INFO  - CDT 1 depth = 0, CDT 2 depth = 0
14:39:22.225 [main] INFO  - CDT 1 leaves = 1, CDT 2 leaves = 1
14:39:22.379 [main] INFO  - start to refactor clone pair
14:39:22.379 [main] INFO  - CloneType: Type 2
14:39:22.381 [main] INFO  - 61%: Reading information from row 106 (Clone group ID 1775, clone #1)
14:39:22.514 [main] INFO  - 61%: Generating PDG for method "beforeTests" in "org.apache.solr.search.TestPseudoReturnFields"
14:39:23.265 [main] INFO  - 61%: Reading information from row 107 (Clone group ID 1775, clone #2)
14:39:23.309 [main] INFO  - 61%: Generating PDG for method "testDefaultField" in "org.apache.solr.search.TestSimpleQParserPlugin"
14:39:23.364 [main] INFO  - 61%: Analyzing Clone #53 (Group 1775, Pair 1-2): org.apache.solr.search.TestPseudoReturnFields#beforeTests (row 106) and org.apache.solr.search.TestSimpleQParserPlugin#testDefaultField (row 107)
14:39:23.452 [main] INFO  - CDT 1 depth = 0, CDT 2 depth = 0
14:39:23.452 [main] INFO  - CDT 1 leaves = 1, CDT 2 leaves = 1
14:39:23.454 [main] INFO  - start to refactor clone pair
14:39:23.455 [main] INFO  - 63%: Reading information from row 108 (Clone group ID 1819, clone #1)
14:39:23.563 [main] INFO  - 63%: Generating PDG for method "testMultipleFields" in "org.apache.solr.request.TestIntervalFaceting"
14:39:24.280 [main] INFO  - 63%: Reading information from row 109 (Clone group ID 1819, clone #2)
14:39:24.280 [main] INFO  - 63%: Generating PDG for method "testWithFieldCache" in "org.apache.solr.request.TestIntervalFaceting"
14:39:24.282 [main] INFO  - 63%: Analyzing Clone #54 (Group 1819, Pair 1-2): org.apache.solr.request.TestIntervalFaceting#testMultipleFields (row 108) and org.apache.solr.request.TestIntervalFaceting#testWithFieldCache (row 109)
14:39:24.353 [main] INFO  - CDT 1 depth = 0, CDT 2 depth = 0
14:39:24.353 [main] INFO  - CDT 1 leaves = 1, CDT 2 leaves = 1
14:39:24.502 [main] INFO  - start to refactor clone pair
14:39:24.502 [main] INFO  - CloneType: Type 2
14:39:24.504 [main] INFO  - 64%: Reading information from row 110 (Clone group ID 1849, clone #1)
14:39:24.624 [main] INFO  - 64%: Generating PDG for method "distribTearDown" in "org.apache.solr.schema.TestCloudManagedSchemaConcurrent"
14:39:24.631 [main] INFO  - 64%: Reading information from row 111 (Clone group ID 1849, clone #2)
14:39:24.701 [main] INFO  - 64%: Generating PDG for method "teardDown" in "org.apache.solr.schema.TestCloudSchemaless"
14:39:24.701 [main] INFO  - 64%: Analyzing Clone #55 (Group 1849, Pair 1-2): org.apache.solr.schema.TestCloudManagedSchemaConcurrent#distribTearDown (row 110) and org.apache.solr.schema.TestCloudSchemaless#teardDown (row 111)
14:39:24.830 [main] INFO  - CDT 1 depth = 1, CDT 2 depth = 1
14:39:24.830 [main] INFO  - CDT 1 leaves = 1, CDT 2 leaves = 1
14:39:24.831 [main] INFO  - Start mapping
14:39:24.833 [main] INFO  - End mapping
14:39:24.833 [main] INFO  - start to refactor clone pair
14:39:24.833 [main] INFO  - CloneType: Type 2
14:39:24.834 [main] INFO  - exception: java.lang.ClassCastException: org.eclipse.jdt.core.dom.MethodInvocation cannot be cast to org.eclipse.jdt.core.dom.SimpleName
14:39:24.834 [main] INFO  - 65%: Reading information from row 112 (Clone group ID 1903, clone #1)
14:39:24.934 [main] INFO  - 65%: Generating PDG for method "teardown" in "org.apache.solr.cloud.MissingSegmentRecoveryTest"
14:39:25.011 [main] INFO  - 65%: Reading information from row 113 (Clone group ID 1903, clone #2)
14:39:25.097 [main] INFO  - 65%: Generating PDG for method "resetCollection" in "org.apache.solr.cloud.TestCloudRecovery"
14:39:25.097 [main] INFO  - 65%: Analyzing Clone #56 (Group 1903, Pair 1-2): org.apache.solr.cloud.MissingSegmentRecoveryTest#teardown (row 112) and org.apache.solr.cloud.TestCloudRecovery#resetCollection (row 113)
14:39:25.218 [main] INFO  - CDT 1 depth = 0, CDT 2 depth = 0
14:39:25.218 [main] INFO  - CDT 1 leaves = 1, CDT 2 leaves = 1
14:39:25.314 [main] INFO  - start to refactor clone pair
14:39:25.315 [main] INFO  - 66%: Reading information from row 114 (Clone group ID 1910, clone #1)
14:39:25.369 [main] INFO  - 66%: Generating PDG for method "tearDown" in "org.apache.solr.search.TestComponentsName"
14:39:26.026 [main] INFO  - 66%: Reading information from row 115 (Clone group ID 1910, clone #2)
14:39:26.101 [main] INFO  - 66%: Generating PDG for method "tearDown" in "org.apache.solr.search.TestIndexSearcher"
14:39:26.102 [main] INFO  - 66%: Analyzing Clone #57 (Group 1910, Pair 1-2): org.apache.solr.search.TestComponentsName#tearDown (row 114) and org.apache.solr.search.TestIndexSearcher#tearDown (row 115)
14:39:26.199 [main] INFO  - CDT 1 depth = 0, CDT 2 depth = 0
14:39:26.199 [main] INFO  - CDT 1 leaves = 1, CDT 2 leaves = 1
14:39:26.320 [main] INFO  - start to refactor clone pair
14:39:26.320 [main] INFO  - CloneType: Type 1
14:39:26.320 [main] INFO  - 67%: Reading information from row 116 (Clone group ID 2034, clone #1)
14:39:26.377 [main] INFO  - 67%: Generating PDG for method "testHyphenInFieldName" in "org.apache.solr.search.ReturnFieldsTest"
14:39:29.232 [main] INFO  - 67%: Reading information from row 117 (Clone group ID 2034, clone #2)
14:39:29.232 [main] INFO  - 67%: Generating PDG for method "testTrailingDollarInFieldName" in "org.apache.solr.search.ReturnFieldsTest"
14:39:29.233 [main] INFO  - 67%: Analyzing Clone #58 (Group 2034, Pair 1-2): org.apache.solr.search.ReturnFieldsTest#testHyphenInFieldName (row 116) and org.apache.solr.search.ReturnFieldsTest#testTrailingDollarInFieldName (row 117)
14:39:29.277 [main] INFO  - CDT 1 depth = 0, CDT 2 depth = 0
14:39:29.277 [main] INFO  - CDT 1 leaves = 1, CDT 2 leaves = 1
14:39:29.402 [main] INFO  - start to refactor clone pair
14:39:29.403 [main] INFO  - CloneType: Type 2
14:39:29.404 [main] INFO  - 68%: Reading information from row 118 (Clone group ID 2067, clone #1)
14:39:29.503 [main] INFO  - 68%: Generating PDG for method "testLowerExclusive" in "org.apache.solr.handler.component.TermsComponentTest"
14:39:29.615 [main] INFO  - 68%: Reading information from row 119 (Clone group ID 2067, clone #2)
14:39:29.616 [main] INFO  - 68%: Generating PDG for method "testMinMaxFreq" in "org.apache.solr.handler.component.TermsComponentTest"
14:39:29.616 [main] INFO  - 68%: Analyzing Clone #59 (Group 2067, Pair 1-2): org.apache.solr.handler.component.TermsComponentTest#testLowerExclusive (row 118) and org.apache.solr.handler.component.TermsComponentTest#testMinMaxFreq (row 119)
14:39:29.672 [main] INFO  - CDT 1 depth = 0, CDT 2 depth = 0
14:39:29.672 [main] INFO  - CDT 1 leaves = 1, CDT 2 leaves = 1
14:39:29.794 [main] INFO  - start to refactor clone pair
14:39:29.794 [main] INFO  - CloneType: Type 2
14:39:29.795 [main] INFO  - non-refactored node pair with MethodInvocation node: assertQ(req("indent","true","qt","/terms","terms","true","terms.fl","lowerfilt","terms.lower","a","terms.lower.incl","false","terms.upper","b"),"count(//lst[@name='lowerfilt']/*)=5","//int[@name='aa'] ","//int[@name='aaa'] ","//int[@name='ab'] ","//int[@name='abb'] ","//int[@name='abc'] ")  <--->  assertQ(req("indent","true","qt","/terms","terms","true","terms.fl","lowerfilt","terms.lower","a","terms.mincount","2","terms.maxcount","-1","terms.limit","50"),"count(//lst[@name='lowerfilt']/*)=1")  (ARGUMENT_NUMBER_MISMATCH)
14:39:29.795 [main] INFO  - 70%: Reading information from row 120 (Clone group ID 2084, clone #1)
14:39:29.812 [main] INFO  - 70%: Generating PDG for method "testGetTags_withAllIPv4RequestedTags_with_omitted_zeros_returns_four_tags" in "org.apache.solr.cloud.rule.ImplicitSnitchTest"
14:39:29.885 [main] INFO  - 70%: Reading information from row 121 (Clone group ID 2084, clone #2)
14:39:29.885 [main] INFO  - 70%: Generating PDG for method "testGetTags_withAllIPv4RequestedTags_returns_four_tags" in "org.apache.solr.cloud.rule.ImplicitSnitchTest"
14:39:29.886 [main] INFO  - 70%: Analyzing Clone #60 (Group 2084, Pair 1-2): org.apache.solr.cloud.rule.ImplicitSnitchTest#testGetTags_withAllIPv4RequestedTags_with_omitted_zeros_returns_four_tags (row 120) and org.apache.solr.cloud.rule.ImplicitSnitchTest#testGetTags_withAllIPv4RequestedTags_returns_four_tags (row 121)
14:39:29.895 [main] INFO  - CDT 1 depth = 0, CDT 2 depth = 0
14:39:29.895 [main] INFO  - CDT 1 leaves = 1, CDT 2 leaves = 1
14:39:29.903 [main] INFO  - start to refactor clone pair
14:39:29.903 [main] INFO  - CloneType: Type 2
14:39:29.905 [main] INFO  - 71%: Reading information from row 122 (Clone group ID 2090, clone #1)
14:39:29.948 [main] INFO  - 71%: Generating PDG for method "testPoints" in "org.apache.solr.search.SpatialFilterTest"
14:39:30.829 [main] INFO  - 71%: Reading information from row 123 (Clone group ID 2090, clone #2)
14:39:30.829 [main] INFO  - 71%: Generating PDG for method "testGeoHash" in "org.apache.solr.search.SpatialFilterTest"
14:39:30.830 [main] INFO  - 71%: Analyzing Clone #61 (Group 2090, Pair 1-2): org.apache.solr.search.SpatialFilterTest#testPoints (row 122) and org.apache.solr.search.SpatialFilterTest#testGeoHash (row 123)
14:39:30.869 [main] INFO  - CDT 1 depth = 0, CDT 2 depth = 0
14:39:30.869 [main] INFO  - CDT 1 leaves = 1, CDT 2 leaves = 1
14:39:30.890 [main] INFO  - start to refactor clone pair
14:39:30.890 [main] INFO  - Non refactorable CloneType: Type 3
14:39:30.891 [main] INFO  - 72%: Reading information from row 124 (Clone group ID 2134, clone #1)
14:39:30.929 [main] INFO  - 72%: Generating PDG for method "toFromBytesTest" in "org.apache.solr.util.hll.FullHLLTest"
14:39:31.074 [main] INFO  - 72%: Reading information from row 125 (Clone group ID 2134, clone #2)
14:39:31.101 [main] INFO  - 72%: Generating PDG for method "toFromBytesTest" in "org.apache.solr.util.hll.SparseHLLTest"
14:39:31.103 [main] INFO  - 72%: Analyzing Clone #62 (Group 2134, Pair 1-2): org.apache.solr.util.hll.FullHLLTest#toFromBytesTest (row 124) and org.apache.solr.util.hll.SparseHLLTest#toFromBytesTest (row 125)
14:39:31.156 [main] INFO  - CDT 1 depth = 1, CDT 2 depth = 1
14:39:31.156 [main] INFO  - CDT 1 leaves = 2, CDT 2 leaves = 2
14:39:31.156 [main] INFO  - Start mapping
14:39:31.180 [main] INFO  - End mapping
14:39:31.180 [main] INFO  - start to refactor clone pair
14:39:31.180 [main] INFO  - CloneType: Type 2
14:39:31.181 [main] ERROR - CloneStructure has PDG gap node.
14:39:31.181 [main] INFO  - 73%: Reading information from row 126 (Clone group ID 2137, clone #1)
14:39:31.267 [main] INFO  - 73%: Generating PDG for method "testGetFieldsPhaseError" in "org.apache.solr.TestTolerantSearch"
14:39:31.475 [main] INFO  - 73%: Reading information from row 127 (Clone group ID 2137, clone #2)
14:39:31.476 [main] INFO  - 73%: Generating PDG for method "testGetTopIdsPhaseError" in "org.apache.solr.TestTolerantSearch"
14:39:31.478 [main] INFO  - 73%: Analyzing Clone #63 (Group 2137, Pair 1-2): org.apache.solr.TestTolerantSearch#testGetFieldsPhaseError (row 126) and org.apache.solr.TestTolerantSearch#testGetTopIdsPhaseError (row 127)
14:39:31.529 [main] INFO  - CDT 1 depth = 2, CDT 2 depth = 2
14:39:31.529 [main] INFO  - CDT 1 leaves = 2, CDT 2 leaves = 2
14:39:31.530 [main] INFO  - Start mapping
14:39:31.596 [main] INFO  - End mapping
14:39:31.596 [main] INFO  - start to refactor clone pair
14:39:31.596 [main] INFO  - CloneType: Type 2
14:39:31.598 [main] INFO  - 74%: Reading information from row 128 (Clone group ID 2169, clone #1)
14:39:31.701 [main] INFO  - 74%: Generating PDG for method "testNumericMultiValuedDV" in "org.apache.solr.request.TestFacetMethods"
14:39:31.873 [main] INFO  - 74%: Reading information from row 129 (Clone group ID 2169, clone #2)
14:39:31.873 [main] INFO  - 74%: Generating PDG for method "testTextMultiValuedDV" in "org.apache.solr.request.TestFacetMethods"
14:39:31.874 [main] INFO  - 74%: Analyzing Clone #64 (Group 2169, Pair 1-2): org.apache.solr.request.TestFacetMethods#testNumericMultiValuedDV (row 128) and org.apache.solr.request.TestFacetMethods#testTextMultiValuedDV (row 129)
14:39:31.916 [main] INFO  - CDT 1 depth = 0, CDT 2 depth = 0
14:39:31.916 [main] INFO  - CDT 1 leaves = 1, CDT 2 leaves = 1
14:39:31.943 [main] INFO  - start to refactor clone pair
14:39:31.943 [main] INFO  - CloneType: Type 2
14:39:31.944 [main] INFO  - 75%: Reading information from row 130 (Clone group ID 2172, clone #1)
14:39:31.971 [main] INFO  - 75%: Generating PDG for method "testAddHttpHeader" in "org.apache.solr.response.TestSolrQueryResponse"
14:39:31.990 [main] INFO  - 75%: Reading information from row 131 (Clone group ID 2172, clone #2)
14:39:31.991 [main] INFO  - 75%: Generating PDG for method "testSetHttpHeader" in "org.apache.solr.response.TestSolrQueryResponse"
14:39:31.992 [main] INFO  - 75%: Analyzing Clone #65 (Group 2172, Pair 1-2): org.apache.solr.response.TestSolrQueryResponse#testAddHttpHeader (row 130) and org.apache.solr.response.TestSolrQueryResponse#testSetHttpHeader (row 131)
14:39:32.019 [main] INFO  - CDT 1 depth = 0, CDT 2 depth = 0
14:39:32.019 [main] INFO  - CDT 1 leaves = 1, CDT 2 leaves = 1
14:39:32.065 [main] INFO  - start to refactor clone pair
14:39:32.065 [main] INFO  - CloneType: Type 2
14:39:32.066 [main] ERROR - CloneStructure has PDG gap node.
14:39:32.066 [main] INFO  - 77%: Reading information from row 132 (Clone group ID 2175, clone #1)
14:39:32.159 [main] INFO  - 77%: Generating PDG for method "testGroupingGroupSortingScore_basicWithGroupSortEqualToSort" in "org.apache.solr.TestGroupingSearch"
14:39:32.900 [main] INFO  - 77%: Reading information from row 133 (Clone group ID 2175, clone #2)
14:39:32.901 [main] INFO  - 77%: Generating PDG for method "testGroupingGroupedBasedFacetingWithTaggedFilter" in "org.apache.solr.TestGroupingSearch"
14:40:39.038 [main] INFO  - 77%: Analyzing Clone #66 (Group 2175, Pair 1-2): org.apache.solr.TestGroupingSearch#testGroupingGroupSortingScore_basicWithGroupSortEqualToSort (row 132) and org.apache.solr.TestGroupingSearch#testGroupingGroupedBasedFacetingWithTaggedFilter (row 133)
14:40:39.149 [main] INFO  - CDT 1 depth = 0, CDT 2 depth = 0
14:40:39.149 [main] INFO  - CDT 1 leaves = 1, CDT 2 leaves = 1
14:40:39.410 [main] INFO  - start to refactor clone pair
14:40:39.410 [main] INFO  - Non refactorable CloneType: Type 3
14:40:39.410 [main] INFO  - 78%: Reading information from row 134 (Clone group ID 2389, clone #1)
14:40:39.444 [main] INFO  - 78%: Generating PDG for method "testNoChildren" in "org.apache.solr.core.PluginInfoTest"
14:40:39.505 [main] INFO  - 78%: Reading information from row 135 (Clone group ID 2389, clone #2)
14:40:39.505 [main] INFO  - 78%: Generating PDG for method "testHasChildren" in "org.apache.solr.core.PluginInfoTest"
14:40:39.506 [main] INFO  - 78%: Analyzing Clone #67 (Group 2389, Pair 1-2): org.apache.solr.core.PluginInfoTest#testNoChildren (row 134) and org.apache.solr.core.PluginInfoTest#testHasChildren (row 135)
14:40:39.536 [main] INFO  - CDT 1 depth = 0, CDT 2 depth = 0
14:40:39.536 [main] INFO  - CDT 1 leaves = 1, CDT 2 leaves = 1
14:40:39.559 [main] INFO  - start to refactor clone pair
14:40:39.559 [main] INFO  - CloneType: Type 2
14:40:39.560 [main] INFO  - non-refactored node pair with MethodInvocation node: pi.children.isEmpty()  <--->  pi.children.size() == 2  (TYPE_COMPATIBLE_REPLACEMENT)
14:40:39.560 [main] INFO  - 79%: Reading information from row 136 (Clone group ID 2404, clone #1)
14:40:39.669 [main] INFO  - 79%: Generating PDG for method "testProxyNoConfigGroups" in "org.apache.solr.cloud.TestSolrCloudWithSecureImpersonation"
14:40:40.928 [main] INFO  - 79%: Reading information from row 137 (Clone group ID 2404, clone #2)
14:40:40.929 [main] INFO  - 79%: Generating PDG for method "testProxyInvalidProxyUser" in "org.apache.solr.cloud.TestSolrCloudWithSecureImpersonation"
14:40:40.929 [main] INFO  - 79%: Analyzing Clone #68 (Group 2404, Pair 1-2): org.apache.solr.cloud.TestSolrCloudWithSecureImpersonation#testProxyNoConfigGroups (row 136) and org.apache.solr.cloud.TestSolrCloudWithSecureImpersonation#testProxyInvalidProxyUser (row 137)
14:40:40.989 [main] INFO  - CDT 1 depth = 1, CDT 2 depth = 1
14:40:40.989 [main] INFO  - CDT 1 leaves = 1, CDT 2 leaves = 1
14:40:40.990 [main] INFO  - Start mapping
14:40:40.992 [main] INFO  - End mapping
14:40:40.992 [main] INFO  - start to refactor clone pair
14:40:40.992 [main] INFO  - CloneType: Type 2
14:40:40.993 [main] INFO  - 80%: Reading information from row 138 (Clone group ID 2523, clone #1)
14:40:41.036 [main] INFO  - 80%: Generating PDG for method "testIndexedSingleValued" in "org.apache.solr.highlight.HighlighterMaxOffsetTest"
14:40:41.748 [main] INFO  - 80%: Reading information from row 139 (Clone group ID 2523, clone #2)
14:40:41.748 [main] INFO  - 80%: Generating PDG for method "testNonIndexedSingleValued" in "org.apache.solr.highlight.HighlighterMaxOffsetTest"
14:40:41.749 [main] INFO  - 80%: Analyzing Clone #69 (Group 2523, Pair 1-2): org.apache.solr.highlight.HighlighterMaxOffsetTest#testIndexedSingleValued (row 138) and org.apache.solr.highlight.HighlighterMaxOffsetTest#testNonIndexedSingleValued (row 139)
14:40:41.787 [main] INFO  - CDT 1 depth = 0, CDT 2 depth = 0
14:40:41.787 [main] INFO  - CDT 1 leaves = 1, CDT 2 leaves = 1
14:40:41.913 [main] INFO  - start to refactor clone pair
14:40:41.913 [main] INFO  - CloneType: Type 2
14:40:41.914 [main] INFO  - 81%: Reading information from row 140 (Clone group ID 2577, clone #1)
14:40:41.985 [main] INFO  - 81%: Generating PDG for method "testJsonGetDynamicField" in "org.apache.solr.rest.schema.TestDynamicFieldResource"
14:40:42.244 [main] INFO  - 81%: Reading information from row 141 (Clone group ID 2577, clone #2)
14:40:42.291 [main] INFO  - 81%: Generating PDG for method "testJsonGetFieldType" in "org.apache.solr.rest.schema.TestFieldTypeResource"
14:40:42.291 [main] INFO  - 81%: Analyzing Clone #70 (Group 2577, Pair 1-2): org.apache.solr.rest.schema.TestDynamicFieldResource#testJsonGetDynamicField (row 140) and org.apache.solr.rest.schema.TestFieldTypeResource#testJsonGetFieldType (row 141)
14:40:42.370 [main] INFO  - CDT 1 depth = 0, CDT 2 depth = 0
14:40:42.370 [main] INFO  - CDT 1 leaves = 1, CDT 2 leaves = 1
14:40:42.371 [main] INFO  - start to refactor clone pair
14:40:42.371 [main] INFO  - CloneType: Type 2
14:40:42.372 [main] INFO  - 82%: Reading information from row 142 (Clone group ID 2684, clone #1)
14:40:42.462 [main] INFO  - 82%: Generating PDG for method "testTermsList" in "org.apache.solr.handler.component.TermsComponentTest"
14:40:42.634 [main] INFO  - 82%: Reading information from row 143 (Clone group ID 2684, clone #2)
14:40:42.635 [main] INFO  - 82%: Generating PDG for method "testDocFreqAndTotalTermFreqForMultipleFields" in "org.apache.solr.handler.component.TermsComponentTest"
14:41:31.581 [main] INFO  - 82%: Analyzing Clone #71 (Group 2684, Pair 1-2): org.apache.solr.handler.component.TermsComponentTest#testTermsList (row 142) and org.apache.solr.handler.component.TermsComponentTest#testDocFreqAndTotalTermFreqForMultipleFields (row 143)
14:41:31.705 [main] INFO  - CDT 1 depth = 0, CDT 2 depth = 0
14:41:31.705 [main] INFO  - CDT 1 leaves = 1, CDT 2 leaves = 1
14:41:31.875 [main] INFO  - start to refactor clone pair
14:41:31.875 [main] INFO  - CloneType: Type 2
14:41:31.875 [main] ERROR - CloneStructure has PDG gap node.
14:41:31.875 [main] INFO  - 84%: Reading information from row 144 (Clone group ID 2712, clone #1)
14:41:31.954 [main] INFO  - 84%: Generating PDG for method "testCollateWithGrouping" in "org.apache.solr.spelling.SpellCheckCollatorTest"
14:42:37.782 [main] INFO  - 84%: Reading information from row 145 (Clone group ID 2712, clone #2)
14:42:37.783 [main] INFO  - 84%: Generating PDG for method "testCollationWithRangeQuery" in "org.apache.solr.spelling.SpellCheckCollatorTest"
14:42:37.995 [main] INFO  - 84%: Analyzing Clone #72 (Group 2712, Pair 1-2): org.apache.solr.spelling.SpellCheckCollatorTest#testCollateWithGrouping (row 144) and org.apache.solr.spelling.SpellCheckCollatorTest#testCollationWithRangeQuery (row 145)
14:42:38.124 [main] INFO  - CDT 1 depth = 0, CDT 2 depth = 0
14:42:38.124 [main] INFO  - CDT 1 leaves = 1, CDT 2 leaves = 1
14:42:38.452 [main] INFO  - start to refactor clone pair
14:42:38.452 [main] INFO  - CloneType: Type 2
14:42:38.453 [main] ERROR - CloneStructure has PDG gap node.
14:42:38.453 [main] INFO  - 85%: Reading information from row 146 (Clone group ID 2735, clone #1)
14:42:38.515 [main] INFO  - 85%: Generating PDG for method "testTrieDoubleRangeSearch" in "org.apache.solr.TestTrie"
14:42:39.239 [main] INFO  - 85%: Reading information from row 147 (Clone group ID 2735, clone #2)
14:42:39.239 [main] INFO  - 85%: Generating PDG for method "testTrieLongRangeSearch" in "org.apache.solr.TestTrie"
14:43:39.919 [main] INFO  - 85%: Analyzing Clone #73 (Group 2735, Pair 1-2): org.apache.solr.TestTrie#testTrieDoubleRangeSearch (row 146) and org.apache.solr.TestTrie#testTrieLongRangeSearch (row 147)
14:43:39.977 [main] INFO  - CDT 1 depth = 1, CDT 2 depth = 1
14:43:39.978 [main] INFO  - CDT 1 leaves = 1, CDT 2 leaves = 1
14:43:39.978 [main] INFO  - Start mapping
14:43:40.104 [main] INFO  - End mapping
14:43:40.104 [main] INFO  - start to refactor clone pair
14:43:40.104 [main] INFO  - Non refactorable CloneType: Type 3
14:43:40.105 [main] INFO  - 86%: Reading information from row 148 (Clone group ID 2767, clone #1)
14:43:40.197 [main] INFO  - 86%: Generating PDG for method "testWithDeletedDocs" in "org.apache.solr.request.TestIntervalFaceting"
14:43:40.848 [main] INFO  - 86%: Reading information from row 149 (Clone group ID 2767, clone #2)
14:43:40.849 [main] INFO  - 86%: Generating PDG for method "testMultiValueFields" in "org.apache.solr.request.TestIntervalFaceting"
14:43:40.851 [main] INFO  - 86%: Analyzing Clone #74 (Group 2767, Pair 1-2): org.apache.solr.request.TestIntervalFaceting#testWithDeletedDocs (row 148) and org.apache.solr.request.TestIntervalFaceting#testMultiValueFields (row 149)
14:43:40.927 [main] INFO  - CDT 1 depth = 0, CDT 2 depth = 0
14:43:40.927 [main] INFO  - CDT 1 leaves = 1, CDT 2 leaves = 1
14:43:41.106 [main] INFO  - start to refactor clone pair
14:43:41.106 [main] INFO  - Non refactorable CloneType: Type 3
14:43:41.106 [main] INFO  - 87%: Reading information from row 150 (Clone group ID 2794, clone #1)
14:43:41.220 [main] INFO  - 87%: Generating PDG for method "postCommit" in "org.apache.solr.update.SoftAutoCommitTest"
14:43:41.221 [main] INFO  - 87%: Reading information from row 151 (Clone group ID 2794, clone #2)
14:43:41.222 [main] INFO  - 87%: Generating PDG for method "postSoftCommit" in "org.apache.solr.update.SoftAutoCommitTest"
14:43:41.222 [main] INFO  - 87%: Analyzing Clone #75 (Group 2794, Pair 1-2): org.apache.solr.update.SoftAutoCommitTest#postCommit (row 150) and org.apache.solr.update.SoftAutoCommitTest#postSoftCommit (row 151)
14:43:41.282 [main] INFO  - CDT 1 depth = 1, CDT 2 depth = 1
14:43:41.282 [main] INFO  - CDT 1 leaves = 1, CDT 2 leaves = 1
14:43:41.282 [main] INFO  - Start mapping
14:43:41.283 [main] INFO  - End mapping
14:43:41.284 [main] INFO  - start to refactor clone pair
14:43:41.284 [main] INFO  - CloneType: Type 2
14:43:41.284 [main] INFO  - 88%: Reading information from row 152 (Clone group ID 2796, clone #1)
14:43:41.341 [main] INFO  - 88%: Generating PDG for method "init_emptyInputFields_shouldThrowExceptionWithDetailedMessage" in "org.apache.solr.update.processor.ClassificationUpdateProcessorFactoryTest"
14:43:41.457 [main] INFO  - 88%: Reading information from row 153 (Clone group ID 2796, clone #2)
14:43:41.457 [main] INFO  - 88%: Generating PDG for method "init_emptyClassField_shouldThrowExceptionWithDetailedMessage" in "org.apache.solr.update.processor.ClassificationUpdateProcessorFactoryTest"
14:43:41.458 [main] INFO  - 88%: Analyzing Clone #76 (Group 2796, Pair 1-2): org.apache.solr.update.processor.ClassificationUpdateProcessorFactoryTest#init_emptyInputFields_shouldThrowExceptionWithDetailedMessage (row 152) and org.apache.solr.update.processor.ClassificationUpdateProcessorFactoryTest#init_emptyClassField_shouldThrowExceptionWithDetailedMessage (row 153)
14:43:41.500 [main] INFO  - CDT 1 depth = 1, CDT 2 depth = 1
14:43:41.500 [main] INFO  - CDT 1 leaves = 1, CDT 2 leaves = 1
14:43:41.500 [main] INFO  - Start mapping
14:43:41.501 [main] INFO  - End mapping
14:43:41.501 [main] INFO  - start to refactor clone pair
14:43:41.501 [main] INFO  - CloneType: Type 2
14:43:41.502 [main] INFO  - 89%: Reading information from row 154 (Clone group ID 2861, clone #1)
14:43:41.552 [main] INFO  - 89%: Generating PDG for method "testHelloQuery" in "org.apache.solr.search.TestXmlQParserPlugin"
14:43:42.532 [main] INFO  - 89%: Reading information from row 155 (Clone group ID 2861, clone #2)
14:43:42.533 [main] INFO  - 89%: Generating PDG for method "testGoodbyeQuery" in "org.apache.solr.search.TestXmlQParserPlugin"
14:43:42.533 [main] INFO  - 89%: Analyzing Clone #77 (Group 2861, Pair 1-2): org.apache.solr.search.TestXmlQParserPlugin#testHelloQuery (row 154) and org.apache.solr.search.TestXmlQParserPlugin#testGoodbyeQuery (row 155)
14:43:42.573 [main] INFO  - CDT 1 depth = 0, CDT 2 depth = 0
14:43:42.573 [main] INFO  - CDT 1 leaves = 1, CDT 2 leaves = 1
14:43:42.574 [main] INFO  - start to refactor clone pair
14:43:42.574 [main] INFO  - CloneType: Type 2
14:43:42.574 [main] INFO  - non-refactored node pair with SimpleName node: numDocs  <--->  0  (TYPE_COMPATIBLE_REPLACEMENT)
14:43:42.575 [main] INFO  - 91%: Reading information from row 156 (Clone group ID 2875, clone #1)
14:43:42.628 [main] INFO  - 91%: Generating PDG for method "testSkippableInsertIsSkippedIfSkipInsertsTrue" in "org.apache.solr.update.processor.SkipExistingDocumentsProcessorFactoryTest"
14:43:47.065 [main] INFO  - 91%: Reading information from row 157 (Clone group ID 2875, clone #2)
14:43:47.066 [main] INFO  - 91%: Generating PDG for method "testSkippableUpdateIsSkippedIfSkipUpdatesTrue" in "org.apache.solr.update.processor.SkipExistingDocumentsProcessorFactoryTest"
14:43:47.067 [main] INFO  - 91%: Analyzing Clone #78 (Group 2875, Pair 1-2): org.apache.solr.update.processor.SkipExistingDocumentsProcessorFactoryTest#testSkippableInsertIsSkippedIfSkipInsertsTrue (row 156) and org.apache.solr.update.processor.SkipExistingDocumentsProcessorFactoryTest#testSkippableUpdateIsSkippedIfSkipUpdatesTrue (row 157)
14:43:47.084 [main] INFO  - CDT 1 depth = 0, CDT 2 depth = 0
14:43:47.084 [main] INFO  - CDT 1 leaves = 1, CDT 2 leaves = 1
14:43:47.087 [main] INFO  - start to refactor clone pair
14:43:47.087 [main] INFO  - CloneType: Type 2
14:43:47.089 [main] INFO  - continue to resolve inner expression diff without creating new adapter action
14:43:47.089 [main] INFO  - continue to resolve inner expression diff without creating new adapter action
14:43:47.089 [main] INFO  - 92%: Reading information from row 158 (Clone group ID 2878, clone #1)
14:43:47.208 [main] INFO  - 92%: Generating PDG for method "testQueryCopiedToMulti" in "org.apache.solr.schema.MultiTermTest"
14:43:47.616 [main] INFO  - 92%: Reading information from row 159 (Clone group ID 2878, clone #2)
14:43:47.617 [main] INFO  - 92%: Generating PDG for method "testDefaultCopiedToMulti" in "org.apache.solr.schema.MultiTermTest"
14:43:47.650 [main] INFO  - 92%: Analyzing Clone #79 (Group 2878, Pair 1-2): org.apache.solr.schema.MultiTermTest#testQueryCopiedToMulti (row 158) and org.apache.solr.schema.MultiTermTest#testDefaultCopiedToMulti (row 159)
14:43:47.695 [main] INFO  - CDT 1 depth = 1, CDT 2 depth = 1
14:43:47.695 [main] INFO  - CDT 1 leaves = 1, CDT 2 leaves = 1
14:43:47.696 [main] INFO  - Start mapping
14:43:47.816 [main] INFO  - End mapping
14:43:47.816 [main] INFO  - start to refactor clone pair
14:43:47.816 [main] INFO  - Non refactorable CloneType: Type 3
14:43:47.816 [main] INFO  - 93%: Reading information from row 160 (Clone group ID 2906, clone #1)
14:43:48.337 [main] INFO  - 93%: Generating PDG for method "testTermVectorWithoutOffsetsHighlight" in "org.apache.solr.highlight.HighlighterTest"
14:43:48.918 [main] INFO  - 93%: Reading information from row 161 (Clone group ID 2906, clone #2)
14:43:48.919 [main] INFO  - 93%: Generating PDG for method "testHighlightDisabled" in "org.apache.solr.highlight.HighlighterTest"
14:43:48.920 [main] INFO  - 93%: Analyzing Clone #80 (Group 2906, Pair 1-2): org.apache.solr.highlight.HighlighterTest#testTermVectorWithoutOffsetsHighlight (row 160) and org.apache.solr.highlight.HighlighterTest#testHighlightDisabled (row 161)
14:43:48.984 [main] INFO  - CDT 1 depth = 0, CDT 2 depth = 0
14:43:48.984 [main] INFO  - CDT 1 leaves = 1, CDT 2 leaves = 1
14:43:49.112 [main] INFO  - start to refactor clone pair
14:43:49.112 [main] INFO  - CloneType: Type 2
14:43:49.113 [main] INFO  - 94%: Reading information from row 162 (Clone group ID 2974, clone #1)
14:43:49.153 [main] INFO  - 94%: Generating PDG for method "testQueryFields" in "org.apache.solr.search.TestSimpleQParserPlugin"
14:43:49.207 [main] INFO  - 94%: Reading information from row 163 (Clone group ID 2974, clone #2)
14:43:49.314 [main] INFO  - 94%: Generating PDG for method "testNestedQueryModifiers" in "org.apache.solr.search.TestSolrQueryParser"
14:43:49.315 [main] INFO  - 94%: Analyzing Clone #81 (Group 2974, Pair 1-2): org.apache.solr.search.TestSimpleQParserPlugin#testQueryFields (row 162) and org.apache.solr.search.TestSolrQueryParser#testNestedQueryModifiers (row 163)
14:43:49.409 [main] INFO  - CDT 1 depth = 0, CDT 2 depth = 0
14:43:49.409 [main] INFO  - CDT 1 leaves = 1, CDT 2 leaves = 1
14:43:49.543 [main] INFO  - start to refactor clone pair
14:43:49.543 [main] INFO  - CloneType: Type 2
14:43:49.543 [main] ERROR - CloneStructure has PDG gap node.
14:43:49.544 [main] INFO  - 95%: Reading information from row 164 (Clone group ID 3048, clone #1)
14:43:49.614 [main] INFO  - 95%: Generating PDG for method "testStringSort" in "org.apache.solr.schema.DocValuesMissingTest"
14:43:50.231 [main] INFO  - 95%: Reading information from row 165 (Clone group ID 3048, clone #2)
14:43:50.233 [main] INFO  - 95%: Generating PDG for method "testBoolSort" in "org.apache.solr.schema.DocValuesMissingTest"
14:43:50.234 [main] INFO  - 95%: Analyzing Clone #82 (Group 3048, Pair 1-2): org.apache.solr.schema.DocValuesMissingTest#testStringSort (row 164) and org.apache.solr.schema.DocValuesMissingTest#testBoolSort (row 165)
14:43:50.277 [main] INFO  - CDT 1 depth = 1, CDT 2 depth = 1
14:43:50.277 [main] INFO  - CDT 1 leaves = 1, CDT 2 leaves = 1
14:43:50.277 [main] INFO  - Start mapping
14:43:50.403 [main] INFO  - End mapping
14:43:50.404 [main] INFO  - start to refactor clone pair
14:43:50.404 [main] INFO  - CloneType: Type 2
14:43:50.405 [main] INFO  - 96%: Reading information from row 166 (Clone group ID 3099, clone #1)
14:43:50.479 [main] INFO  - 96%: Generating PDG for method "testStandardParseParamsAndFillStreamsISO88591" in "org.apache.solr.servlet.SolrRequestParserTest"
14:43:50.679 [main] INFO  - 96%: Reading information from row 167 (Clone group ID 3099, clone #2)
14:43:50.679 [main] INFO  - 96%: Generating PDG for method "testStandardParseParamsAndFillStreams" in "org.apache.solr.servlet.SolrRequestParserTest"
14:43:50.680 [main] INFO  - 96%: Analyzing Clone #83 (Group 3099, Pair 1-2): org.apache.solr.servlet.SolrRequestParserTest#testStandardParseParamsAndFillStreamsISO88591 (row 166) and org.apache.solr.servlet.SolrRequestParserTest#testStandardParseParamsAndFillStreams (row 167)
14:43:50.728 [main] INFO  - CDT 1 depth = 0, CDT 2 depth = 1
14:43:50.728 [main] INFO  - CDT 1 leaves = 1, CDT 2 leaves = 1
14:43:50.730 [main] INFO  - start to refactor clone pair
14:43:50.730 [main] INFO  - Non refactorable CloneType: Type 3
14:43:50.730 [main] INFO  - 98%: Reading information from row 168 (Clone group ID 3130, clone #1)
14:43:50.842 [main] INFO  - 98%: Generating PDG for method "testFieldType" in "org.apache.solr.handler.component.QueryElevationComponentTest"
14:43:52.569 [main] INFO  - 98%: Reading information from row 169 (Clone group ID 3130, clone #2)
14:43:52.570 [main] INFO  - 98%: Generating PDG for method "testTrieFieldType" in "org.apache.solr.handler.component.QueryElevationComponentTest"
14:43:52.572 [main] INFO  - 98%: Analyzing Clone #84 (Group 3130, Pair 1-2): org.apache.solr.handler.component.QueryElevationComponentTest#testFieldType (row 168) and org.apache.solr.handler.component.QueryElevationComponentTest#testTrieFieldType (row 169)
14:43:52.632 [main] INFO  - CDT 1 depth = 1, CDT 2 depth = 1
14:43:52.632 [main] INFO  - CDT 1 leaves = 1, CDT 2 leaves = 1
14:43:52.632 [main] INFO  - Start mapping
14:43:52.827 [main] INFO  - End mapping
14:43:52.827 [main] INFO  - start to refactor clone pair
14:43:52.827 [main] INFO  - CloneType: Type 2
14:43:52.828 [main] INFO  - 99%: Reading information from row 170 (Clone group ID 3339, clone #1)
14:43:52.886 [main] INFO  - 99%: Generating PDG for method "ascendingSmokeTest" in "org.apache.solr.util.hll.BigEndianAscendingWordDeserializerTest"
14:43:52.886 [main] INFO  - 99%: Reading information from row 171 (Clone group ID 3339, clone #2)
14:43:52.887 [main] INFO  - 99%: Generating PDG for method "randomSmokeTest" in "org.apache.solr.util.hll.BigEndianAscendingWordDeserializerTest"
14:43:52.887 [main] INFO  - 99%: Analyzing Clone #85 (Group 3339, Pair 1-2): org.apache.solr.util.hll.BigEndianAscendingWordDeserializerTest#ascendingSmokeTest (row 170) and org.apache.solr.util.hll.BigEndianAscendingWordDeserializerTest#randomSmokeTest (row 171)
14:43:52.908 [main] INFO  - CDT 1 depth = 1, CDT 2 depth = 1
14:43:52.908 [main] INFO  - CDT 1 leaves = 1, CDT 2 leaves = 1
14:43:52.909 [main] INFO  - Start mapping
14:43:52.910 [main] INFO  - End mapping
14:43:52.910 [main] INFO  - start to refactor clone pair
14:43:52.910 [main] INFO  - CloneType: Type 2
14:44:01.992 [main] INFO  - Applying changes to source files
14:44:01.992 [main] INFO  - refactoring 47 clone method pairs.
14:44:01.992 [main] INFO  - skipping 24 clone method pairs:
14:44:01.992 [main] INFO  - 	1 not test cases
14:44:01.992 [main] INFO  - 	9 containing gap nodes (type3)
14:44:01.992 [main] INFO  - 	12 not refactorable
14:44:01.992 [main] INFO  - 	2 repeated naming
14:44:01.992 [main] INFO  - 	5 access issues
14:44:01.992 [main] INFO  - 	 *org.apache.solr.cloud.SharedFSAutoReplicaFailoverUtilsTest: void testGetBestCreateUrlMultipleCollections4() <---> org.apache.solr.cloud.SharedFSAutoReplicaFailoverUtilsTest: void testFailOverToEmptySolrInstance()
14:44:01.992 [main] INFO  - 	  org.apache.solr.cloud.SharedFSAutoReplicaFailoverUtilsTest: void testFavorForeignSlices() <---> org.apache.solr.cloud.SharedFSAutoReplicaFailoverUtilsTest: void testGetBestCreateUrlMultipleCollections2()
14:44:01.992 [main] INFO  - 	 *org.apache.solr.cloud.TestSolrCloudWithSecureImpersonation: void testProxyNoConfigHosts() <---> org.apache.solr.cloud.TestSolrCloudWithSecureImpersonation: void testProxyNullProxyUser()
14:44:01.992 [main] INFO  - 	  org.apache.solr.cloud.TestSolrCloudWithSecureImpersonation: void testProxyNoConfigGroups() <---> org.apache.solr.cloud.TestSolrCloudWithSecureImpersonation: void testProxyInvalidProxyUser()
14:44:01.992 [main] INFO  - type1 count: 10
14:44:01.992 [main] INFO  - type2 count: 61
14:44:01.992 [main] INFO  - type3 count: 11
14:44:01.993 [main] INFO  - effective refactoring ratio: 47/59 = 79.7%
14:44:01.993 [main] INFO  - refactoring method pair: org.apache.solr.handler.component.SpellCheckComponentTest.java#test <---> org.apache.solr.handler.component.SpellCheckComponentTest.java#testNumericQuery
14:44:03.408 [main] INFO  - refactoring method pair: org.apache.solr.cloud.TestSolrCloudWithSecureImpersonation.java#testProxyNoConfigHosts <---> org.apache.solr.cloud.TestSolrCloudWithSecureImpersonation.java#testProxyNullProxyUser
14:44:03.971 [main] INFO  - refactoring method pair: org.apache.solr.handler.component.SuggestComponentTest.java#testBuildAllSuggester <---> org.apache.solr.handler.component.SuggestComponentTest.java#testReloadAllSuggester
14:44:04.678 [main] INFO  - refactoring method pair: org.apache.solr.rest.schema.TestClassNameShortening.java#init <---> org.apache.solr.rest.schema.TestSerializedLuceneMatchVersion.java#init
14:44:05.127 [main] INFO  - refactoring method pair: org.apache.solr.update.processor.ClassificationUpdateProcessorTest.java#knnMonoClass_sampleParams_shouldAssignCorrectClass <---> org.apache.solr.update.processor.ClassificationUpdateProcessorTest.java#bayesMonoClass_sampleParams_shouldAssignCorrectClass
14:44:05.552 [main] INFO  - refactoring method pair: org.apache.solr.handler.component.ResponseLogComponentTest.java#testToLogIds <---> org.apache.solr.handler.component.ResponseLogComponentTest.java#testToLogScores
14:44:05.980 [main] INFO  - refactoring method pair: org.apache.solr.search.function.TestFunctionQuery.java#testExternalFileFieldStringKeys <---> org.apache.solr.search.function.TestFunctionQuery.java#testExternalFileFieldNumericKey
14:44:10.263 [main] INFO  - refactoring method pair: org.apache.solr.BasicFunctionalityTest.java#testDocBoost <---> org.apache.solr.BasicFunctionalityTest.java#testFieldBoost
14:44:10.775 [main] INFO  - refactoring method pair: org.apache.solr.update.processor.CloneFieldUpdateProcessorFactoryTest.java#testMultiClone <---> org.apache.solr.update.processor.CloneFieldUpdateProcessorFactoryTest.java#testArrayClone
14:44:11.141 [main] INFO  - refactoring method pair: org.apache.solr.cloud.ZkCLITest.java#testList <---> org.apache.solr.cloud.ZkCLITest.java#testLs
14:44:11.754 [main] INFO  - refactoring method pair: org.apache.solr.update.processor.SkipExistingDocumentsProcessorFactoryTest.java#testSkipInsertsFalseIfInInitArgs <---> org.apache.solr.update.processor.SkipExistingDocumentsProcessorFactoryTest.java#testSkipUpdatesFalseIfInInitArgs
14:44:12.136 [main] INFO  - refactoring method pair: org.apache.solr.core.PluginInfoTest.java#testIsEnabled <---> org.apache.solr.core.PluginInfoTest.java#testIsDefault
14:44:12.579 [main] INFO  - refactoring method pair: org.apache.solr.highlight.TestPostingsSolrHighlighter.java#setUp <---> org.apache.solr.highlight.TestUnifiedSolrHighlighter.java#setUp
14:44:12.956 [main] INFO  - refactoring method pair: org.apache.solr.update.processor.ClassificationUpdateProcessorTest.java#knnMonoClass_boostFields_shouldAssignCorrectClass <---> org.apache.solr.update.processor.ClassificationUpdateProcessorTest.java#bayesMonoClass_boostFields_shouldAssignCorrectClass
14:44:13.683 [main] INFO  - refactoring method pair: org.apache.solr.handler.DocumentAnalysisRequestHandlerTest.java#testCharsetInDocument <---> org.apache.solr.handler.DocumentAnalysisRequestHandlerTest.java#testCharsetOutsideDocument
14:44:14.095 [main] INFO  - refactoring method pair: org.apache.solr.update.AutoCommitTest.java#setUp <---> org.apache.solr.update.HardAutoCommitTest.java#setUp
14:44:14.480 [main] INFO  - refactoring method pair: org.apache.solr.OutputWriterTest.java#testTrivialXsltWriter <---> org.apache.solr.OutputWriterTest.java#testTrivialXsltWriterInclude
14:44:15.093 [main] INFO  - refactoring method pair: org.apache.solr.cloud.SharedFSAutoReplicaFailoverUtilsTest.java#testGetBestCreateUrlMultipleCollections4 <---> org.apache.solr.cloud.SharedFSAutoReplicaFailoverUtilsTest.java#testFailOverToEmptySolrInstance
14:44:15.504 [main] INFO  - refactoring method pair: org.apache.solr.security.hadoop.TestImpersonationWithHadoopAuth.java#testProxyWrongHost <---> org.apache.solr.security.hadoop.TestImpersonationWithHadoopAuth.java#testProxyNoConfigHosts
14:44:15.877 [main] INFO  - refactoring method pair: org.apache.solr.search.TestFoldingMultitermQuery.java#testWildcardRange <---> org.apache.solr.search.TestFoldingMultitermQuery.java#testGreek
14:44:16.398 [main] INFO  - refactoring method pair: org.apache.solr.handler.admin.PropertiesRequestHandlerTest.java#testDisabledRedaction <---> org.apache.solr.handler.admin.PropertiesRequestHandlerTest.java#testRedaction
14:44:16.775 [main] INFO  - refactoring method pair: org.apache.solr.update.VersionInfoTest.java#testMaxIndexedVersionFromIndex <---> org.apache.solr.update.VersionInfoTest.java#testMaxDocValuesVersionFromIndex
14:44:17.158 [main] INFO  - refactoring method pair: org.apache.solr.rest.schema.TestDynamicFieldResource.java#testGetDynamicField <---> org.apache.solr.rest.schema.TestFieldResource.java#testJsonGetField
14:44:17.537 [main] INFO  - refactoring method pair: org.apache.solr.util.hll.FullHLLTest.java#smallRangeSmokeTest <---> org.apache.solr.util.hll.SparseHLLTest.java#smallRangeSmokeTest
14:44:17.891 [main] INFO  - refactoring method pair: org.apache.solr.util.hll.FullHLLTest.java#largeRangeSmokeTest <---> org.apache.solr.util.hll.SparseHLLTest.java#largeRangeSmokeTest
14:44:18.254 [main] INFO  - refactoring method pair: org.apache.solr.update.processor.ClassificationUpdateProcessorTest.java#knnMultiClass_boostFieldsMaxOutputClasses2_shouldAssignMax2Classes <---> org.apache.solr.update.processor.ClassificationUpdateProcessorTest.java#bayesMultiClass_boostFieldsMaxOutputClasses2_shouldAssignMax2Classes
14:44:18.876 [main] INFO  - refactoring method pair: org.apache.solr.cloud.rule.ImplicitSnitchTest.java#testGetTags_with_wrong_ipv4_format_ip_returns_nothing <---> org.apache.solr.cloud.rule.ImplicitSnitchTest.java#testGetTags_with_correct_ipv6_format_ip_returns_nothing
14:44:19.262 [main] INFO  - refactoring method pair: org.apache.solr.handler.component.InfixSuggestersTest.java#testAnalyzingInfixSuggesterBuildThenReload <---> org.apache.solr.handler.component.InfixSuggestersTest.java#testBlendedInfixSuggesterBuildThenReload
14:44:19.653 [main] INFO  - refactoring method pair: org.apache.solr.handler.component.FacetPivotSmallTest.java#setUp <---> org.apache.solr.handler.component.StatsComponentTest.java#setUp
14:44:20.142 [main] INFO  - refactoring method pair: org.apache.solr.core.TestQuerySenderListener.java#testRequestHandlerRegistry <---> org.apache.solr.core.TestQuerySenderNoQuery.java#testRequestHandlerRegistry
14:44:20.501 [main] INFO  - refactoring method pair: org.apache.solr.util.hll.FullHLLTest.java#normalRangeSmokeTest <---> org.apache.solr.util.hll.SparseHLLTest.java#normalRangeSmokeTest
14:44:20.843 [main] INFO  - refactoring method pair: org.apache.solr.update.processor.ClassificationUpdateProcessorTest.java#knnMultiClass_maxOutputClasses2_shouldAssignMax2Classes <---> org.apache.solr.update.processor.ClassificationUpdateProcessorTest.java#bayesMultiClass_maxOutputClasses2_shouldAssignMax2Classes
14:44:21.816 [main] INFO  - refactoring method pair: org.apache.solr.request.TestIntervalFaceting.java#testMultipleFields <---> org.apache.solr.request.TestIntervalFaceting.java#testWithFieldCache
14:44:22.189 [main] INFO  - refactoring method pair: org.apache.solr.search.TestComponentsName.java#tearDown <---> org.apache.solr.search.TestIndexSearcher.java#tearDown
14:44:22.578 [main] INFO  - refactoring method pair: org.apache.solr.search.ReturnFieldsTest.java#testHyphenInFieldName <---> org.apache.solr.search.ReturnFieldsTest.java#testTrailingDollarInFieldName
14:44:23.184 [main] INFO  - refactoring method pair: org.apache.solr.cloud.rule.ImplicitSnitchTest.java#testGetTags_withAllIPv4RequestedTags_with_omitted_zeros_returns_four_tags <---> org.apache.solr.cloud.rule.ImplicitSnitchTest.java#testGetTags_withAllIPv4RequestedTags_returns_four_tags
14:44:23.589 [main] INFO  - refactoring method pair: org.apache.solr.TestTolerantSearch.java#testGetFieldsPhaseError <---> org.apache.solr.TestTolerantSearch.java#testGetTopIdsPhaseError
14:44:23.943 [main] INFO  - refactoring method pair: org.apache.solr.request.TestFacetMethods.java#testNumericMultiValuedDV <---> org.apache.solr.request.TestFacetMethods.java#testTextMultiValuedDV
14:44:24.804 [main] INFO  - refactoring method pair: org.apache.solr.highlight.HighlighterMaxOffsetTest.java#testIndexedSingleValued <---> org.apache.solr.highlight.HighlighterMaxOffsetTest.java#testNonIndexedSingleValued
14:44:25.177 [main] INFO  - refactoring method pair: org.apache.solr.rest.schema.TestDynamicFieldResource.java#testJsonGetDynamicField <---> org.apache.solr.rest.schema.TestFieldTypeResource.java#testJsonGetFieldType
14:44:25.520 [main] INFO  - refactoring method pair: org.apache.solr.update.SoftAutoCommitTest.java#postCommit <---> org.apache.solr.update.SoftAutoCommitTest.java#postSoftCommit
14:44:25.998 [main] INFO  - refactoring method pair: org.apache.solr.update.processor.ClassificationUpdateProcessorFactoryTest.java#init_emptyInputFields_shouldThrowExceptionWithDetailedMessage <---> org.apache.solr.update.processor.ClassificationUpdateProcessorFactoryTest.java#init_emptyClassField_shouldThrowExceptionWithDetailedMessage
14:44:26.321 [main] INFO  - refactoring method pair: org.apache.solr.update.processor.SkipExistingDocumentsProcessorFactoryTest.java#testSkippableInsertIsSkippedIfSkipInsertsTrue <---> org.apache.solr.update.processor.SkipExistingDocumentsProcessorFactoryTest.java#testSkippableUpdateIsSkippedIfSkipUpdatesTrue
14:44:26.689 [main] INFO  - refactoring method pair: org.apache.solr.highlight.HighlighterTest.java#testTermVectorWithoutOffsetsHighlight <---> org.apache.solr.highlight.HighlighterTest.java#testHighlightDisabled
14:44:27.167 [main] INFO  - refactoring method pair: org.apache.solr.schema.DocValuesMissingTest.java#testStringSort <---> org.apache.solr.schema.DocValuesMissingTest.java#testBoolSort
14:44:27.493 [main] INFO  - refactoring method pair: org.apache.solr.handler.component.QueryElevationComponentTest.java#testFieldType <---> org.apache.solr.handler.component.QueryElevationComponentTest.java#testTrieFieldType
14:44:27.836 [main] INFO  - refactoring method pair: org.apache.solr.util.hll.BigEndianAscendingWordDeserializerTest.java#ascendingSmokeTest <---> org.apache.solr.util.hll.BigEndianAscendingWordDeserializerTest.java#randomSmokeTest
14:44:28.471 [main] INFO  - Finished testing refactorabiliy of clones in /home/daveroar/Graduation_Studies/ThesisWork/JRefactoring/JRefactoring-Template/results/solr-6.6.6/solr-6.6.6-deckard-30-0.95-0-selected.xls, output file: /home/daveroar/Graduation_Studies/ThesisWork/JRefactoring/JRefactoring-Template/results/solr-6.6.6/solr-6.6.6-deckard-30-0.95-0-selected-analyzed.xls
