14:20:03.423 [main] INFO  - log file in /home/daveroar/Graduation_Studies/ThesisWork/JRefactoring/JRefactoring-Template/results/commons-io-2.5/log.log
14:20:03.429 [main] INFO  - Testing refactorabiliy of clones in /home/daveroar/Graduation_Studies/ThesisWork/JRefactoring/JRefactoring-Template/results/commons-io-2.5/commons-io-2.5-deckard-selected.xls
14:20:03.930 [main] INFO  - 1%: Reading information from row 2 (Clone group ID 3, clone #1)
14:20:03.942 [main] INFO  - 1%: Generating PDG for method "setUpTestFilters" in "org.apache.commons.io.filefilter.AndFileFilterTestCase"
14:20:04.007 [main] INFO  - 1%: Reading information from row 3 (Clone group ID 3, clone #2)
14:20:04.019 [main] INFO  - 1%: Generating PDG for method "setUpTestFilters" in "org.apache.commons.io.filefilter.OrFileFilterTestCase"
14:20:04.035 [main] INFO  - 1%: Analyzing Clone #1 (Group 3, Pair 1-2): org.apache.commons.io.filefilter.AndFileFilterTestCase#setUpTestFilters (row 2) and org.apache.commons.io.filefilter.OrFileFilterTestCase#setUpTestFilters (row 3)
14:20:04.054 [main] INFO  - CDT 1 depth = 0, CDT 2 depth = 0
14:20:04.054 [main] INFO  - CDT 1 leaves = 1, CDT 2 leaves = 1
14:20:06.226 [main] INFO  - start to refactor clone pair
14:20:06.254 [main] INFO  - Containing unrefactorable ThisExpression: this
14:20:06.255 [main] INFO  - Containing unrefactorable private field access: testFilters
14:20:06.256 [main] INFO  - Containing unrefactorable ThisExpression: this
14:20:06.256 [main] INFO  - Containing unrefactorable private field access: testTrueResults
14:20:06.257 [main] INFO  - Containing unrefactorable ThisExpression: this
14:20:06.257 [main] INFO  - Containing unrefactorable private field access: testFalseResults
14:20:06.257 [main] INFO  - Containing unrefactorable ThisExpression: this
14:20:06.257 [main] INFO  - Containing unrefactorable private field access: testFileResults
14:20:06.257 [main] INFO  - Containing unrefactorable ThisExpression: this
14:20:06.257 [main] INFO  - Containing unrefactorable private field access: testFilenameResults
14:20:06.257 [main] INFO  - Containing unrefactorable private field access: testFilters
14:20:06.258 [main] INFO  - Containing unrefactorable private field access: testTrueResults
14:20:06.258 [main] INFO  - Containing unrefactorable private field access: testFalseResults
14:20:06.258 [main] INFO  - Containing unrefactorable private field access: testFileResults
14:20:06.258 [main] INFO  - Containing unrefactorable private field access: testFilenameResults
14:20:06.260 [main] INFO  - Containing unrefactorable private field access: testFilters
14:20:06.261 [main] INFO  - Containing unrefactorable private field access: testTrueResults
14:20:06.261 [main] INFO  - Containing unrefactorable private field access: testFalseResults
14:20:06.261 [main] INFO  - Containing unrefactorable private field access: testFileResults
14:20:06.261 [main] INFO  - Containing unrefactorable private field access: testFilenameResults
14:20:06.262 [main] INFO  - Containing unrefactorable private field access: testFilters
14:20:06.263 [main] INFO  - Containing unrefactorable private field access: testTrueResults
14:20:06.263 [main] INFO  - Containing unrefactorable private field access: testFalseResults
14:20:06.263 [main] INFO  - Containing unrefactorable private field access: testFileResults
14:20:06.264 [main] INFO  - Containing unrefactorable private field access: testFilenameResults
14:20:06.266 [main] INFO  - Containing unrefactorable private field access: testFilters
14:20:06.266 [main] INFO  - Containing unrefactorable private field access: testTrueResults
14:20:06.267 [main] INFO  - Containing unrefactorable private field access: testFalseResults
14:20:06.267 [main] INFO  - Containing unrefactorable private field access: testFileResults
14:20:06.267 [main] INFO  - Containing unrefactorable private field access: testFilenameResults
14:20:06.268 [main] INFO  - Containing unrefactorable private field access: testFilters
14:20:06.268 [main] INFO  - Containing unrefactorable private field access: testTrueResults
14:20:06.269 [main] INFO  - Containing unrefactorable private field access: testFalseResults
14:20:06.269 [main] INFO  - Containing unrefactorable private field access: testFileResults
14:20:06.269 [main] INFO  - Containing unrefactorable private field access: testFilenameResults
14:20:06.269 [main] INFO  - Containing unrefactorable private field access: testFilters
14:20:06.270 [main] INFO  - Containing unrefactorable private field access: testTrueResults
14:20:06.270 [main] INFO  - Containing unrefactorable private field access: testFalseResults
14:20:06.270 [main] INFO  - Containing unrefactorable private field access: testFileResults
14:20:06.270 [main] INFO  - Containing unrefactorable private field access: testFilenameResults
14:20:06.271 [main] INFO  - Containing unrefactorable private field access: testFilters
14:20:06.271 [main] INFO  - Containing unrefactorable private field access: testTrueResults
14:20:06.271 [main] INFO  - Containing unrefactorable private field access: testFalseResults
14:20:06.271 [main] INFO  - Containing unrefactorable private field access: testFileResults
14:20:06.271 [main] INFO  - Containing unrefactorable private field access: testFilenameResults
14:20:06.272 [main] INFO  - Containing unrefactorable private field access: testFilters
14:20:06.272 [main] INFO  - Containing unrefactorable private field access: testTrueResults
14:20:06.273 [main] INFO  - Containing unrefactorable private field access: testFalseResults
14:20:06.273 [main] INFO  - Containing unrefactorable private field access: testFileResults
14:20:06.273 [main] INFO  - Containing unrefactorable private field access: testFilenameResults
14:20:06.274 [main] INFO  - Containing unrefactorable private field access: testFilters
14:20:06.274 [main] INFO  - Containing unrefactorable private field access: testTrueResults
14:20:06.274 [main] INFO  - Containing unrefactorable private field access: testFalseResults
14:20:06.274 [main] INFO  - Containing unrefactorable private field access: testFileResults
14:20:06.274 [main] INFO  - Containing unrefactorable private field access: testFilenameResults
14:20:06.275 [main] INFO  - Containing unrefactorable private field access: testFilters
14:20:06.275 [main] INFO  - Containing unrefactorable private field access: testTrueResults
14:20:06.275 [main] INFO  - Containing unrefactorable private field access: testFalseResults
14:20:06.275 [main] INFO  - Containing unrefactorable private field access: testFileResults
14:20:06.275 [main] INFO  - Containing unrefactorable private field access: testFilenameResults
14:20:06.277 [main] INFO  - 2%: Reading information from row 4 (Clone group ID 6, clone #1)
14:20:06.302 [main] INFO  - 2%: Generating PDG for method "testFileCreate" in "org.apache.commons.io.monitor.FileAlterationObserverTestCase"
14:20:06.552 [main] INFO  - 2%: Reading information from row 5 (Clone group ID 6, clone #2)
14:20:06.554 [main] INFO  - 2%: Generating PDG for method "testFileDelete" in "org.apache.commons.io.monitor.FileAlterationObserverTestCase"
14:20:06.584 [main] INFO  - 2%: Analyzing Clone #2 (Group 6, Pair 1-2): org.apache.commons.io.monitor.FileAlterationObserverTestCase#testFileCreate (row 4) and org.apache.commons.io.monitor.FileAlterationObserverTestCase#testFileDelete (row 5)
14:20:06.602 [main] INFO  - CDT 1 depth = 1, CDT 2 depth = 1
14:20:06.602 [main] INFO  - CDT 1 leaves = 1, CDT 2 leaves = 1
14:20:06.606 [main] INFO  - Start mapping
14:20:13.907 [main] INFO  - End mapping
14:20:13.907 [main] INFO  - start to refactor clone pair
14:20:13.909 [main] ERROR - CloneStructure has PDG gap node.
14:20:13.909 [main] INFO  - 3%: Reading information from row 6 (Clone group ID 7, clone #1)
14:20:13.955 [main] INFO  - 3%: Generating PDG for method "testMakeCVSAware" in "org.apache.commons.io.filefilter.FileFilterTestCase"
14:20:14.579 [main] INFO  - 3%: Reading information from row 7 (Clone group ID 7, clone #2)
14:20:14.581 [main] INFO  - 3%: Generating PDG for method "testMakeSVNAware" in "org.apache.commons.io.filefilter.FileFilterTestCase"
14:20:14.597 [main] INFO  - 3%: Analyzing Clone #3 (Group 7, Pair 1-2): org.apache.commons.io.filefilter.FileFilterTestCase#testMakeCVSAware (row 6) and org.apache.commons.io.filefilter.FileFilterTestCase#testMakeSVNAware (row 7)
14:20:14.628 [main] INFO  - CDT 1 depth = 1, CDT 2 depth = 1
14:20:14.629 [main] INFO  - CDT 1 leaves = 6, CDT 2 leaves = 6
14:20:14.647 [main] INFO  - Start mapping
14:20:14.696 [main] INFO  - End mapping
14:20:14.697 [main] INFO  - start to refactor clone pair
14:20:14.704 [main] INFO  - 4%: Reading information from row 8 (Clone group ID 8, clone #1)
14:20:14.795 [main] INFO  - 4%: Generating PDG for method "testMoveFileToDirectory_Errors" in "org.apache.commons.io.FileUtilsTestCase"
14:20:14.879 [main] INFO  - 4%: Reading information from row 9 (Clone group ID 8, clone #2)
14:20:14.883 [main] INFO  - 4%: Generating PDG for method "testMoveDirectoryToDirectory_Errors" in "org.apache.commons.io.FileUtilsTestCase"
14:20:14.888 [main] INFO  - 4%: Analyzing Clone #4 (Group 8, Pair 1-2): org.apache.commons.io.FileUtilsTestCase#testMoveFileToDirectory_Errors (row 8) and org.apache.commons.io.FileUtilsTestCase#testMoveDirectoryToDirectory_Errors (row 9)
14:20:14.942 [main] INFO  - CDT 1 depth = 1, CDT 2 depth = 1
14:20:14.942 [main] INFO  - CDT 1 leaves = 8, CDT 2 leaves = 8
14:20:14.948 [main] INFO  - Start mapping
14:20:15.002 [main] INFO  - End mapping
14:20:15.003 [main] INFO  - start to refactor clone pair
14:20:15.007 [main] INFO  - 6%: Reading information from row 10 (Clone group ID 9, clone #1)
14:20:15.014 [main] INFO  - 6%: Generating PDG for method "testMarkAndReset" in "org.apache.commons.io.input.NullInputStreamTest"
14:20:15.016 [main] INFO  - 6%: Reading information from row 11 (Clone group ID 9, clone #2)
14:20:15.022 [main] INFO  - 6%: Generating PDG for method "testMarkAndReset" in "org.apache.commons.io.input.NullReaderTest"
14:20:15.023 [main] INFO  - 6%: Analyzing Clone #5 (Group 9, Pair 1-2): org.apache.commons.io.input.NullInputStreamTest#testMarkAndReset (row 10) and org.apache.commons.io.input.NullReaderTest#testMarkAndReset (row 11)
14:20:15.034 [main] INFO  - CDT 1 depth = 1, CDT 2 depth = 1
14:20:15.035 [main] INFO  - CDT 1 leaves = 5, CDT 2 leaves = 5
14:20:15.052 [main] INFO  - Start mapping
14:20:15.085 [main] INFO  - End mapping
14:20:15.086 [main] INFO  - start to refactor clone pair
14:20:15.091 [main] INFO  - non-refactored node pair with SimpleName node: position  <--->  position + i  (TYPE_COMPATIBLE_REPLACEMENT)
14:20:15.093 [main] INFO  - 7%: Reading information from row 12 (Clone group ID 10, clone #1)
14:20:15.143 [main] INFO  - 7%: Generating PDG for method "setUp" in "org.apache.commons.io.FileUtilsTestCase"
14:20:15.209 [main] INFO  - 7%: Reading information from row 13 (Clone group ID 10, clone #2)
14:20:15.239 [main] INFO  - 7%: Generating PDG for method "setUp" in "org.apache.commons.io.FilenameUtilsTestCase"
14:20:15.242 [main] INFO  - 7%: Analyzing Clone #6 (Group 10, Pair 1-2): org.apache.commons.io.FileUtilsTestCase#setUp (row 12) and org.apache.commons.io.FilenameUtilsTestCase#setUp (row 13)
14:20:15.335 [main] INFO  - CDT 1 depth = 1, CDT 2 depth = 1
14:20:15.335 [main] INFO  - CDT 1 leaves = 8, CDT 2 leaves = 8
14:20:15.342 [main] INFO  - Start mapping
14:20:15.630 [main] INFO  - End mapping
14:20:15.630 [main] INFO  - start to refactor clone pair
14:20:15.631 [main] ERROR - CloneStructure has PDG gap node.
14:20:15.631 [main] INFO  - 8%: Reading information from row 14 (Clone group ID 11, clone #1)
14:20:15.670 [main] INFO  - 8%: Generating PDG for method "testMakeDirectoryOnly" in "org.apache.commons.io.filefilter.FileFilterTestCase"
14:20:16.136 [main] INFO  - 8%: Reading information from row 15 (Clone group ID 11, clone #2)
14:20:16.138 [main] INFO  - 8%: Generating PDG for method "testMakeFileOnly" in "org.apache.commons.io.filefilter.FileFilterTestCase"
14:20:16.152 [main] INFO  - 8%: Analyzing Clone #7 (Group 11, Pair 1-2): org.apache.commons.io.filefilter.FileFilterTestCase#testMakeDirectoryOnly (row 14) and org.apache.commons.io.filefilter.FileFilterTestCase#testMakeFileOnly (row 15)
14:20:16.187 [main] INFO  - CDT 1 depth = 1, CDT 2 depth = 1
14:20:16.187 [main] INFO  - CDT 1 leaves = 4, CDT 2 leaves = 4
14:20:16.188 [main] INFO  - Start mapping
14:20:16.217 [main] INFO  - End mapping
14:20:16.218 [main] INFO  - start to refactor clone pair
14:20:16.220 [main] INFO  - 10%: Reading information from row 16 (Clone group ID 14, clone #1)
14:20:16.225 [main] INFO  - 10%: Generating PDG for method "testReadByteArray" in "org.apache.commons.io.input.NullInputStreamTest"
14:20:16.227 [main] INFO  - 10%: Reading information from row 17 (Clone group ID 14, clone #2)
14:20:16.232 [main] INFO  - 10%: Generating PDG for method "testReadCharArray" in "org.apache.commons.io.input.NullReaderTest"
14:20:16.234 [main] INFO  - 10%: Analyzing Clone #8 (Group 14, Pair 1-2): org.apache.commons.io.input.NullInputStreamTest#testReadByteArray (row 16) and org.apache.commons.io.input.NullReaderTest#testReadCharArray (row 17)
14:20:16.244 [main] INFO  - CDT 1 depth = 1, CDT 2 depth = 1
14:20:16.244 [main] INFO  - CDT 1 leaves = 4, CDT 2 leaves = 4
14:20:16.248 [main] INFO  - Start mapping
14:20:16.278 [main] INFO  - End mapping
14:20:16.279 [main] INFO  - start to refactor clone pair
14:20:16.279 [main] ERROR - CloneStructure has PDG gap node.
14:20:16.280 [main] INFO  - 11%: Reading information from row 18 (Clone group ID 17, clone #1)
14:20:16.324 [main] INFO  - 11%: Generating PDG for method "testListFilesWithDirs" in "org.apache.commons.io.FileUtilsTestCase"
14:20:16.382 [main] INFO  - 11%: Reading information from row 19 (Clone group ID 17, clone #2)
14:20:16.385 [main] INFO  - 11%: Generating PDG for method "testMoveToDirectory" in "org.apache.commons.io.FileUtilsTestCase"
14:20:16.406 [main] INFO  - 11%: Analyzing Clone #9 (Group 17, Pair 1-2): org.apache.commons.io.FileUtilsTestCase#testListFilesWithDirs (row 18) and org.apache.commons.io.FileUtilsTestCase#testMoveToDirectory (row 19)
14:20:16.458 [main] INFO  - CDT 1 depth = 1, CDT 2 depth = 1
14:20:16.458 [main] INFO  - CDT 1 leaves = 2, CDT 2 leaves = 2
14:20:16.460 [main] INFO  - Start mapping
14:20:16.482 [main] INFO  - End mapping
14:20:16.483 [main] INFO  - start to refactor clone pair
14:20:16.483 [main] INFO  - Non refactorable CloneType: Type 3
14:20:16.483 [main] INFO  - 12%: Reading information from row 20 (Clone group ID 20, clone #1)
14:20:16.506 [main] INFO  - 12%: Generating PDG for method "testGetFullPath" in "org.apache.commons.io.FilenameUtilsTestCase"
14:20:16.522 [main] INFO  - 12%: Reading information from row 21 (Clone group ID 20, clone #2)
14:20:16.523 [main] INFO  - 12%: Generating PDG for method "testGetFullPathNoEndSeparator" in "org.apache.commons.io.FilenameUtilsTestCase"
14:20:16.524 [main] INFO  - 12%: Analyzing Clone #10 (Group 20, Pair 1-2): org.apache.commons.io.FilenameUtilsTestCase#testGetFullPath (row 20) and org.apache.commons.io.FilenameUtilsTestCase#testGetFullPathNoEndSeparator (row 21)
14:20:16.548 [main] INFO  - CDT 1 depth = 0, CDT 2 depth = 0
14:20:16.548 [main] INFO  - CDT 1 leaves = 1, CDT 2 leaves = 1
14:20:16.769 [main] INFO  - start to refactor clone pair
14:20:16.776 [main] INFO  - 13%: Reading information from row 22 (Clone group ID 22, clone #1)
14:20:16.788 [main] INFO  - 13%: Generating PDG for method "testWriteToSmall" in "org.apache.commons.io.output.DeferredFileOutputStreamTest"
14:20:16.910 [main] INFO  - 13%: Reading information from row 23 (Clone group ID 22, clone #2)
14:20:16.911 [main] INFO  - 13%: Generating PDG for method "testWriteToLarge" in "org.apache.commons.io.output.DeferredFileOutputStreamTest"
14:20:16.914 [main] INFO  - 13%: Analyzing Clone #11 (Group 22, Pair 1-2): org.apache.commons.io.output.DeferredFileOutputStreamTest#testWriteToSmall (row 22) and org.apache.commons.io.output.DeferredFileOutputStreamTest#testWriteToLarge (row 23)
14:20:16.921 [main] INFO  - CDT 1 depth = 2, CDT 2 depth = 2
14:20:16.921 [main] INFO  - CDT 1 leaves = 1, CDT 2 leaves = 1
14:20:16.922 [main] INFO  - Start mapping
14:20:16.948 [main] INFO  - End mapping
14:20:16.949 [main] INFO  - start to refactor clone pair
14:20:16.949 [main] INFO  - Non refactorable CloneType: Type 3
14:20:16.949 [main] INFO  - 15%: Reading information from row 24 (Clone group ID 26, clone #1)
14:20:16.978 [main] INFO  - 15%: Generating PDG for method "testReadWithBOMUtf32Be" in "org.apache.commons.io.input.BOMInputStreamTest"
14:20:17.065 [main] INFO  - 15%: Reading information from row 25 (Clone group ID 26, clone #2)
14:20:17.067 [main] INFO  - 15%: Generating PDG for method "testReadWithBOMUtf32Le" in "org.apache.commons.io.input.BOMInputStreamTest"
14:20:17.070 [main] INFO  - 15%: Analyzing Clone #12 (Group 26, Pair 1-2): org.apache.commons.io.input.BOMInputStreamTest#testReadWithBOMUtf32Be (row 24) and org.apache.commons.io.input.BOMInputStreamTest#testReadWithBOMUtf32Le (row 25)
14:20:17.091 [main] INFO  - CDT 1 depth = 1, CDT 2 depth = 1
14:20:17.091 [main] INFO  - CDT 1 leaves = 1, CDT 2 leaves = 1
14:20:17.092 [main] INFO  - Start mapping
14:20:17.332 [main] INFO  - End mapping
14:20:17.333 [main] INFO  - start to refactor clone pair
14:20:17.335 [main] INFO  - 16%: Reading information from row 26 (Clone group ID 41, clone #1)
14:20:17.381 [main] INFO  - 16%: Generating PDG for method "testCopyURLToFile" in "org.apache.commons.io.FileUtilsTestCase"
14:20:17.430 [main] INFO  - 16%: Reading information from row 27 (Clone group ID 41, clone #2)
14:20:17.433 [main] INFO  - 16%: Generating PDG for method "testIO300" in "org.apache.commons.io.FileUtilsTestCase"
14:20:17.450 [main] INFO  - 16%: Analyzing Clone #13 (Group 41, Pair 1-2): org.apache.commons.io.FileUtilsTestCase#testCopyURLToFile (row 26) and org.apache.commons.io.FileUtilsTestCase#testIO300 (row 27)
14:20:17.494 [main] INFO  - CDT 1 depth = 1, CDT 2 depth = 1
14:20:17.495 [main] INFO  - CDT 1 leaves = 1, CDT 2 leaves = 1
14:20:17.495 [main] INFO  - Start mapping
14:20:17.500 [main] INFO  - End mapping
14:20:17.500 [main] INFO  - start to refactor clone pair
14:20:17.500 [main] INFO  - Non refactorable CloneType: Type 3
14:20:17.500 [main] INFO  - 17%: Reading information from row 28 (Clone group ID 44, clone #1)
14:20:17.515 [main] INFO  - 17%: Generating PDG for method "testReadWithBOMUtf16Be" in "org.apache.commons.io.input.BOMInputStreamTest"
14:20:17.533 [main] INFO  - 17%: Reading information from row 29 (Clone group ID 44, clone #2)
14:20:17.535 [main] INFO  - 17%: Generating PDG for method "testReadWithBOMUtf16Le" in "org.apache.commons.io.input.BOMInputStreamTest"
14:20:17.537 [main] INFO  - 17%: Analyzing Clone #14 (Group 44, Pair 1-2): org.apache.commons.io.input.BOMInputStreamTest#testReadWithBOMUtf16Be (row 28) and org.apache.commons.io.input.BOMInputStreamTest#testReadWithBOMUtf16Le (row 29)
14:20:17.552 [main] INFO  - CDT 1 depth = 1, CDT 2 depth = 1
14:20:17.552 [main] INFO  - CDT 1 leaves = 1, CDT 2 leaves = 1
14:20:17.552 [main] INFO  - Start mapping
14:20:17.648 [main] INFO  - End mapping
14:20:17.649 [main] INFO  - start to refactor clone pair
14:20:17.651 [main] INFO  - 18%: Reading information from row 30 (Clone group ID 46, clone #1)
14:20:17.660 [main] INFO  - 18%: Generating PDG for method "testIdentifiesBrokenSymlinkFile" in "org.apache.commons.io.FileUtilsCleanSymlinksTestCase"
14:20:17.712 [main] INFO  - 18%: Reading information from row 31 (Clone group ID 46, clone #2)
14:20:17.713 [main] INFO  - 18%: Generating PDG for method "testCorrectlyIdentifySymlinkWithParentSymLink" in "org.apache.commons.io.FileUtilsCleanSymlinksTestCase"
14:20:17.714 [main] INFO  - 18%: Analyzing Clone #15 (Group 46, Pair 1-2): org.apache.commons.io.FileUtilsCleanSymlinksTestCase#testIdentifiesBrokenSymlinkFile (row 30) and org.apache.commons.io.FileUtilsCleanSymlinksTestCase#testCorrectlyIdentifySymlinkWithParentSymLink (row 31)
14:20:17.720 [main] INFO  - CDT 1 depth = 1, CDT 2 depth = 1
14:20:17.720 [main] INFO  - CDT 1 leaves = 1, CDT 2 leaves = 1
14:20:17.720 [main] INFO  - Start mapping
14:20:17.772 [main] INFO  - End mapping
14:20:17.772 [main] INFO  - start to refactor clone pair
14:20:17.772 [main] INFO  - Non refactorable CloneType: Type 3
14:20:17.773 [main] INFO  - 20%: Reading information from row 32 (Clone group ID 55, clone #1)
14:20:17.777 [main] INFO  - 20%: Generating PDG for method "testMarkNotSupported" in "org.apache.commons.io.input.NullInputStreamTest"
14:20:17.778 [main] INFO  - 20%: Reading information from row 33 (Clone group ID 55, clone #2)
14:20:17.782 [main] INFO  - 20%: Generating PDG for method "testMarkNotSupported" in "org.apache.commons.io.input.NullReaderTest"
14:20:17.783 [main] INFO  - 20%: Analyzing Clone #16 (Group 55, Pair 1-2): org.apache.commons.io.input.NullInputStreamTest#testMarkNotSupported (row 32) and org.apache.commons.io.input.NullReaderTest#testMarkNotSupported (row 33)
14:20:17.791 [main] INFO  - CDT 1 depth = 1, CDT 2 depth = 1
14:20:17.791 [main] INFO  - CDT 1 leaves = 2, CDT 2 leaves = 2
14:20:17.792 [main] INFO  - Start mapping
14:20:17.796 [main] INFO  - End mapping
14:20:17.796 [main] INFO  - start to refactor clone pair
14:20:17.799 [main] INFO  - 21%: Reading information from row 34 (Clone group ID 60, clone #1)
14:20:17.829 [main] INFO  - 21%: Generating PDG for method "testFilterListNullParameters" in "org.apache.commons.io.filefilter.FileFilterTestCase"
14:20:17.991 [main] INFO  - 21%: Reading information from row 35 (Clone group ID 60, clone #2)
14:20:17.992 [main] INFO  - 21%: Generating PDG for method "testFilterSetNullParameters" in "org.apache.commons.io.filefilter.FileFilterTestCase"
14:20:18.119 [main] INFO  - 21%: Analyzing Clone #17 (Group 60, Pair 1-2): org.apache.commons.io.filefilter.FileFilterTestCase#testFilterListNullParameters (row 34) and org.apache.commons.io.filefilter.FileFilterTestCase#testFilterSetNullParameters (row 35)
14:20:18.149 [main] INFO  - CDT 1 depth = 1, CDT 2 depth = 1
14:20:18.149 [main] INFO  - CDT 1 leaves = 2, CDT 2 leaves = 2
14:20:18.150 [main] INFO  - Start mapping
14:20:18.166 [main] INFO  - End mapping
14:20:18.167 [main] INFO  - start to refactor clone pair
14:20:18.168 [main] INFO  - non-refactored node pair with MethodInvocation node: Arrays.asList((File)null)  <--->  new HashSet<File>(Arrays.asList((File)null))  (SUBCLASS_TYPE_MISMATCH, TYPE_COMPATIBLE_REPLACEMENT)
14:20:18.169 [main] INFO  - 22%: Reading information from row 36 (Clone group ID 61, clone #1)
14:20:18.174 [main] INFO  - 22%: Generating PDG for method "testBelowThreshold" in "org.apache.commons.io.output.DeferredFileOutputStreamTest"
14:20:18.191 [main] INFO  - 22%: Reading information from row 37 (Clone group ID 61, clone #2)
14:20:18.191 [main] INFO  - 22%: Generating PDG for method "testAtThreshold" in "org.apache.commons.io.output.DeferredFileOutputStreamTest"
14:20:18.191 [main] INFO  - 22%: Analyzing Clone #18 (Group 61, Pair 1-2): org.apache.commons.io.output.DeferredFileOutputStreamTest#testBelowThreshold (row 36) and org.apache.commons.io.output.DeferredFileOutputStreamTest#testAtThreshold (row 37)
14:20:18.197 [main] INFO  - CDT 1 depth = 1, CDT 2 depth = 1
14:20:18.197 [main] INFO  - CDT 1 leaves = 1, CDT 2 leaves = 1
14:20:18.197 [main] INFO  - Start mapping
14:20:18.201 [main] INFO  - End mapping
14:20:18.201 [main] INFO  - start to refactor clone pair
14:20:18.202 [main] INFO  - 24%: Reading information from row 38 (Clone group ID 62, clone #1)
14:20:18.248 [main] INFO  - 24%: Generating PDG for method "testCopyFile2ToDir" in "org.apache.commons.io.FileUtilsTestCase"
14:20:18.281 [main] INFO  - 24%: Reading information from row 39 (Clone group ID 62, clone #2)
14:20:18.295 [main] INFO  - 24%: Generating PDG for method "testWrite_byteArrayToOutputStream" in "org.apache.commons.io.IOUtilsWriteTestCase"
14:20:18.327 [main] INFO  - 24%: Analyzing Clone #19 (Group 62, Pair 1-2): org.apache.commons.io.FileUtilsTestCase#testCopyFile2ToDir (row 38) and org.apache.commons.io.IOUtilsWriteTestCase#testWrite_byteArrayToOutputStream (row 39)
14:20:18.385 [main] INFO  - CDT 1 depth = 1, CDT 2 depth = 0
14:20:18.385 [main] INFO  - CDT 1 leaves = 1, CDT 2 leaves = 1
14:20:18.398 [main] INFO  - start to refactor clone pair
14:20:18.398 [main] INFO  - Non refactorable CloneType: Type 3
14:20:18.398 [main] INFO  - 25%: Reading information from row 40 (Clone group ID 63, clone #1)
14:20:18.411 [main] INFO  - 25%: Generating PDG for method "testFileCleanerDirectory" in "org.apache.commons.io.FileCleaningTrackerTestCase"
14:20:18.430 [main] INFO  - 25%: Reading information from row 41 (Clone group ID 63, clone #2)
14:20:18.430 [main] INFO  - 25%: Generating PDG for method "testFileCleanerDirectory_NullStrategy" in "org.apache.commons.io.FileCleaningTrackerTestCase"
14:20:18.431 [main] INFO  - 25%: Analyzing Clone #20 (Group 63, Pair 1-2): org.apache.commons.io.FileCleaningTrackerTestCase#testFileCleanerDirectory (row 40) and org.apache.commons.io.FileCleaningTrackerTestCase#testFileCleanerDirectory_NullStrategy (row 41)
14:20:18.443 [main] INFO  - CDT 1 depth = 0, CDT 2 depth = 0
14:20:18.443 [main] INFO  - CDT 1 leaves = 1, CDT 2 leaves = 1
14:20:18.456 [main] INFO  - start to refactor clone pair
14:20:18.456 [main] INFO  - non-refactored node pair with MethodInvocation node: theInstance.track(getTestDirectory(),obj)  <--->  theInstance.track(getTestDirectory(),obj,null)  (ARGUMENT_NUMBER_MISMATCH)
14:20:18.457 [main] INFO  - 26%: Reading information from row 42 (Clone group ID 65, clone #1)
14:20:18.462 [main] INFO  - 26%: Generating PDG for method "testSkip" in "org.apache.commons.io.input.NullInputStreamTest"
14:20:18.463 [main] INFO  - 26%: Reading information from row 43 (Clone group ID 65, clone #2)
14:20:18.469 [main] INFO  - 26%: Generating PDG for method "testSkip" in "org.apache.commons.io.input.NullReaderTest"
14:20:18.469 [main] INFO  - 26%: Analyzing Clone #21 (Group 65, Pair 1-2): org.apache.commons.io.input.NullInputStreamTest#testSkip (row 42) and org.apache.commons.io.input.NullReaderTest#testSkip (row 43)
14:20:18.478 [main] INFO  - CDT 1 depth = 1, CDT 2 depth = 1
14:20:18.478 [main] INFO  - CDT 1 leaves = 1, CDT 2 leaves = 1
14:20:18.479 [main] INFO  - Start mapping
14:20:18.491 [main] INFO  - End mapping
14:20:18.491 [main] INFO  - start to refactor clone pair
14:20:18.493 [main] INFO  - 27%: Reading information from row 44 (Clone group ID 72, clone #1)
14:20:18.506 [main] INFO  - 27%: Generating PDG for method "testWriteLines_OutputStream_Encoding" in "org.apache.commons.io.IOUtilsWriteTestCase"
14:20:18.538 [main] INFO  - 27%: Reading information from row 45 (Clone group ID 72, clone #2)
14:20:18.540 [main] INFO  - 27%: Generating PDG for method "testWriteLines_OutputStream_Encoding_nullEncoding" in "org.apache.commons.io.IOUtilsWriteTestCase"
14:20:18.541 [main] INFO  - 27%: Analyzing Clone #22 (Group 72, Pair 1-2): org.apache.commons.io.IOUtilsWriteTestCase#testWriteLines_OutputStream_Encoding (row 44) and org.apache.commons.io.IOUtilsWriteTestCase#testWriteLines_OutputStream_Encoding_nullEncoding (row 45)
14:20:18.554 [main] INFO  - CDT 1 depth = 0, CDT 2 depth = 0
14:20:18.554 [main] INFO  - CDT 1 leaves = 1, CDT 2 leaves = 1
14:20:18.565 [main] INFO  - start to refactor clone pair
14:20:18.567 [main] INFO  - non-refactored node pair with MethodInvocation node: baout.toString("UTF-8")  <--->  baout.toString()  (ARGUMENT_NUMBER_MISMATCH)
14:20:18.567 [main] INFO  - 29%: Reading information from row 46 (Clone group ID 74, clone #1)
14:20:18.577 [main] INFO  - 29%: Generating PDG for method "testGetFreeSpaceWindows_String_NormalResponse" in "org.apache.commons.io.FileSystemUtilsTestCase"
14:20:18.604 [main] INFO  - 29%: Reading information from row 47 (Clone group ID 74, clone #2)
14:20:18.605 [main] INFO  - 29%: Generating PDG for method "testGetFreeSpaceWindows_String_StripDrive" in "org.apache.commons.io.FileSystemUtilsTestCase"
14:20:18.605 [main] INFO  - 29%: Analyzing Clone #23 (Group 74, Pair 1-2): org.apache.commons.io.FileSystemUtilsTestCase#testGetFreeSpaceWindows_String_NormalResponse (row 46) and org.apache.commons.io.FileSystemUtilsTestCase#testGetFreeSpaceWindows_String_StripDrive (row 47)
14:20:18.615 [main] INFO  - CDT 1 depth = 0, CDT 2 depth = 0
14:20:18.615 [main] INFO  - CDT 1 leaves = 1, CDT 2 leaves = 1
14:20:18.617 [main] INFO  - start to refactor clone pair
14:20:18.618 [main] INFO  - 30%: Reading information from row 48 (Clone group ID 76, clone #1)
14:20:18.628 [main] INFO  - 30%: Generating PDG for method "testOutputStream" in "org.apache.commons.io.DemuxTestCase"
14:20:18.630 [main] INFO  - 30%: Reading information from row 49 (Clone group ID 76, clone #2)
14:20:18.631 [main] INFO  - 30%: Generating PDG for method "testInputStream" in "org.apache.commons.io.DemuxTestCase"
14:20:18.632 [main] INFO  - 30%: Analyzing Clone #24 (Group 76, Pair 1-2): org.apache.commons.io.DemuxTestCase#testOutputStream (row 48) and org.apache.commons.io.DemuxTestCase#testInputStream (row 49)
14:20:18.643 [main] INFO  - CDT 1 depth = 0, CDT 2 depth = 0
14:20:18.643 [main] INFO  - CDT 1 leaves = 1, CDT 2 leaves = 1
14:20:18.660 [main] INFO  - start to refactor clone pair
14:20:18.662 [main] INFO  - 31%: Reading information from row 50 (Clone group ID 84, clone #1)
14:20:18.671 [main] INFO  - 31%: Generating PDG for method "testIdentifiesSymlinkDir" in "org.apache.commons.io.FileUtilsCleanSymlinksTestCase"
14:20:18.755 [main] INFO  - 31%: Reading information from row 51 (Clone group ID 84, clone #2)
14:20:18.756 [main] INFO  - 31%: Generating PDG for method "testIdentifiesSymlinkFile" in "org.apache.commons.io.FileUtilsCleanSymlinksTestCase"
14:20:18.778 [main] INFO  - 31%: Analyzing Clone #25 (Group 84, Pair 1-2): org.apache.commons.io.FileUtilsCleanSymlinksTestCase#testIdentifiesSymlinkDir (row 50) and org.apache.commons.io.FileUtilsCleanSymlinksTestCase#testIdentifiesSymlinkFile (row 51)
14:20:18.786 [main] INFO  - CDT 1 depth = 1, CDT 2 depth = 1
14:20:18.786 [main] INFO  - CDT 1 leaves = 1, CDT 2 leaves = 1
14:20:18.786 [main] INFO  - Start mapping
14:20:18.790 [main] INFO  - End mapping
14:20:18.790 [main] INFO  - start to refactor clone pair
14:20:18.791 [main] ERROR - CloneStructure has PDG gap node.
14:20:18.791 [main] INFO  - 32%: Reading information from row 52 (Clone group ID 85, clone #1)
14:20:18.807 [main] INFO  - 32%: Generating PDG for method "testGetBOMFirstThenReadInclude" in "org.apache.commons.io.input.BOMInputStreamTest"
14:20:18.828 [main] INFO  - 32%: Reading information from row 53 (Clone group ID 85, clone #2)
14:20:18.829 [main] INFO  - 32%: Generating PDG for method "testReadWithBOMInclude" in "org.apache.commons.io.input.BOMInputStreamTest"
14:20:18.830 [main] INFO  - 32%: Analyzing Clone #26 (Group 85, Pair 1-2): org.apache.commons.io.input.BOMInputStreamTest#testGetBOMFirstThenReadInclude (row 52) and org.apache.commons.io.input.BOMInputStreamTest#testReadWithBOMInclude (row 53)
14:20:18.845 [main] INFO  - CDT 1 depth = 0, CDT 2 depth = 0
14:20:18.845 [main] INFO  - CDT 1 leaves = 1, CDT 2 leaves = 1
14:20:18.891 [main] INFO  - start to refactor clone pair
14:20:18.892 [main] INFO  - 34%: Reading information from row 54 (Clone group ID 87, clone #1)
14:20:18.905 [main] INFO  - 34%: Generating PDG for method "testWriteLines_OutputStream_nullSeparator" in "org.apache.commons.io.IOUtilsWriteTestCase"
14:20:18.938 [main] INFO  - 34%: Reading information from row 55 (Clone group ID 87, clone #2)
14:20:18.938 [main] INFO  - 34%: Generating PDG for method "testWriteLines_OutputStream_Encoding_nullSeparator" in "org.apache.commons.io.IOUtilsWriteTestCase"
14:20:18.939 [main] INFO  - 34%: Analyzing Clone #27 (Group 87, Pair 1-2): org.apache.commons.io.IOUtilsWriteTestCase#testWriteLines_OutputStream_nullSeparator (row 54) and org.apache.commons.io.IOUtilsWriteTestCase#testWriteLines_OutputStream_Encoding_nullSeparator (row 55)
14:20:18.953 [main] INFO  - CDT 1 depth = 0, CDT 2 depth = 0
14:20:18.953 [main] INFO  - CDT 1 leaves = 1, CDT 2 leaves = 1
14:20:18.974 [main] INFO  - start to refactor clone pair
14:20:18.975 [main] INFO  - non-refactored node pair with MethodInvocation node: IOUtils.writeLines(list,null,out)  <--->  IOUtils.writeLines(list,null,out,"US-ASCII")  (ARGUMENT_NUMBER_MISMATCH)
14:20:18.975 [main] INFO  - 35%: Reading information from row 56 (Clone group ID 88, clone #1)
14:20:18.995 [main] INFO  - 35%: Generating PDG for method "testGetExtension" in "org.apache.commons.io.FilenameUtilsTestCase"
14:20:19.008 [main] INFO  - 35%: Reading information from row 57 (Clone group ID 88, clone #2)
14:20:19.008 [main] INFO  - 35%: Generating PDG for method "testRemoveExtension" in "org.apache.commons.io.FilenameUtilsTestCase"
14:20:19.009 [main] INFO  - 35%: Analyzing Clone #28 (Group 88, Pair 1-2): org.apache.commons.io.FilenameUtilsTestCase#testGetExtension (row 56) and org.apache.commons.io.FilenameUtilsTestCase#testRemoveExtension (row 57)
14:20:19.031 [main] INFO  - CDT 1 depth = 0, CDT 2 depth = 0
14:20:19.032 [main] INFO  - CDT 1 leaves = 1, CDT 2 leaves = 1
14:20:19.066 [main] INFO  - start to refactor clone pair
14:20:19.068 [main] INFO  - 36%: Reading information from row 58 (Clone group ID 89, clone #1)
14:20:19.073 [main] INFO  - 36%: Generating PDG for method "readMulti" in "org.apache.commons.io.input.BoundedReaderTest"
14:20:19.075 [main] INFO  - 36%: Reading information from row 59 (Clone group ID 89, clone #2)
14:20:19.076 [main] INFO  - 36%: Generating PDG for method "readMultiWithOffset" in "org.apache.commons.io.input.BoundedReaderTest"
14:20:19.076 [main] INFO  - 36%: Analyzing Clone #29 (Group 89, Pair 1-2): org.apache.commons.io.input.BoundedReaderTest#readMulti (row 58) and org.apache.commons.io.input.BoundedReaderTest#readMultiWithOffset (row 59)
14:20:19.079 [main] INFO  - CDT 1 depth = 1, CDT 2 depth = 1
14:20:19.079 [main] INFO  - CDT 1 leaves = 1, CDT 2 leaves = 1
14:20:19.080 [main] INFO  - Start mapping
14:20:19.085 [main] INFO  - End mapping
14:20:19.085 [main] INFO  - start to refactor clone pair
14:20:19.086 [main] INFO  - 38%: Reading information from row 60 (Clone group ID 93, clone #1)
14:20:19.093 [main] INFO  - 38%: Generating PDG for method "testFileDoesNotExistBug" in "org.apache.commons.io.FileUtilsDirectoryContainsTestCase"
14:20:19.131 [main] INFO  - 38%: Reading information from row 61 (Clone group ID 93, clone #2)
14:20:19.170 [main] INFO  - 38%: Generating PDG for method "testCopyFile2WithoutFileDatePreservation" in "org.apache.commons.io.FileUtilsTestCase"
14:20:19.172 [main] INFO  - 38%: Analyzing Clone #30 (Group 93, Pair 1-2): org.apache.commons.io.FileUtilsDirectoryContainsTestCase#testFileDoesNotExistBug (row 60) and org.apache.commons.io.FileUtilsTestCase#testCopyFile2WithoutFileDatePreservation (row 61)
14:20:19.213 [main] INFO  - CDT 1 depth = 0, CDT 2 depth = 0
14:20:19.213 [main] INFO  - CDT 1 leaves = 1, CDT 2 leaves = 1
14:20:19.241 [main] INFO  - start to refactor clone pair
14:20:19.241 [main] ERROR - CloneStructure has PDG gap node.
14:20:19.241 [main] INFO  - 39%: Reading information from row 62 (Clone group ID 102, clone #1)
14:20:19.243 [main] INFO  - 39%: Generating PDG for method "testWriteLines_5argsWithAppendOptionTrue_ShouldNotDeletePreviousFileLines" in "org.apache.commons.io.FileUtilsTestCase"
14:20:19.287 [main] INFO  - 39%: Reading information from row 63 (Clone group ID 102, clone #2)
14:20:19.289 [main] INFO  - 39%: Generating PDG for method "testWriteLines_5argsWithAppendOptionFalse_ShouldDeletePreviousFileLines" in "org.apache.commons.io.FileUtilsTestCase"
14:20:19.290 [main] INFO  - 39%: Analyzing Clone #31 (Group 102, Pair 1-2): org.apache.commons.io.FileUtilsTestCase#testWriteLines_5argsWithAppendOptionTrue_ShouldNotDeletePreviousFileLines (row 62) and org.apache.commons.io.FileUtilsTestCase#testWriteLines_5argsWithAppendOptionFalse_ShouldDeletePreviousFileLines (row 63)
14:20:19.329 [main] INFO  - CDT 1 depth = 0, CDT 2 depth = 0
14:20:19.329 [main] INFO  - CDT 1 leaves = 1, CDT 2 leaves = 1
14:20:19.335 [main] INFO  - start to refactor clone pair
14:20:19.336 [main] INFO  - 40%: Reading information from row 64 (Clone group ID 104, clone #1)
14:20:19.338 [main] INFO  - 40%: Generating PDG for method "testWriteLines_3argsWithAppendOptionTrue_ShouldNotDeletePreviousFileLines" in "org.apache.commons.io.FileUtilsTestCase"
14:20:19.406 [main] INFO  - 40%: Reading information from row 65 (Clone group ID 104, clone #2)
14:20:19.408 [main] INFO  - 40%: Generating PDG for method "testWriteLines_3argsWithAppendOptionFalse_ShouldDeletePreviousFileLines" in "org.apache.commons.io.FileUtilsTestCase"
14:20:19.410 [main] INFO  - 40%: Analyzing Clone #32 (Group 104, Pair 1-2): org.apache.commons.io.FileUtilsTestCase#testWriteLines_3argsWithAppendOptionTrue_ShouldNotDeletePreviousFileLines (row 64) and org.apache.commons.io.FileUtilsTestCase#testWriteLines_3argsWithAppendOptionFalse_ShouldDeletePreviousFileLines (row 65)
14:20:19.447 [main] INFO  - CDT 1 depth = 0, CDT 2 depth = 0
14:20:19.448 [main] INFO  - CDT 1 leaves = 1, CDT 2 leaves = 1
14:20:19.453 [main] INFO  - start to refactor clone pair
14:20:19.454 [main] INFO  - 41%: Reading information from row 66 (Clone group ID 105, clone #1)
14:20:19.456 [main] INFO  - 41%: Generating PDG for method "testWriteLines_4arg_nullSeparator" in "org.apache.commons.io.FileUtilsTestCase"
14:20:19.522 [main] INFO  - 41%: Reading information from row 67 (Clone group ID 105, clone #2)
14:20:19.524 [main] INFO  - 41%: Generating PDG for method "testWriteLines_3arg_nullSeparator" in "org.apache.commons.io.FileUtilsTestCase"
14:20:19.525 [main] INFO  - 41%: Analyzing Clone #33 (Group 105, Pair 1-2): org.apache.commons.io.FileUtilsTestCase#testWriteLines_4arg_nullSeparator (row 66) and org.apache.commons.io.FileUtilsTestCase#testWriteLines_3arg_nullSeparator (row 67)
14:20:19.584 [main] INFO  - CDT 1 depth = 0, CDT 2 depth = 0
14:20:19.584 [main] INFO  - CDT 1 leaves = 1, CDT 2 leaves = 1
14:20:19.612 [main] INFO  - start to refactor clone pair
14:20:19.613 [main] INFO  - non-refactored node pair with MethodInvocation node: FileUtils.writeLines(file,"US-ASCII",list,null)  <--->  FileUtils.writeLines(file,"US-ASCII",list)  (ARGUMENT_NUMBER_MISMATCH)
14:20:19.613 [main] INFO  - 43%: Reading information from row 68 (Clone group ID 108, clone #1)
14:20:19.625 [main] INFO  - 43%: Generating PDG for method "testMarkResetBeforeReadWithBOM" in "org.apache.commons.io.input.BOMInputStreamTest"
14:20:19.633 [main] INFO  - 43%: Reading information from row 69 (Clone group ID 108, clone #2)
14:20:19.633 [main] INFO  - 43%: Generating PDG for method "testMarkResetBeforeReadWithoutBOM" in "org.apache.commons.io.input.BOMInputStreamTest"
14:20:19.634 [main] INFO  - 43%: Analyzing Clone #34 (Group 108, Pair 1-2): org.apache.commons.io.input.BOMInputStreamTest#testMarkResetBeforeReadWithBOM (row 68) and org.apache.commons.io.input.BOMInputStreamTest#testMarkResetBeforeReadWithoutBOM (row 69)
14:20:19.645 [main] INFO  - CDT 1 depth = 0, CDT 2 depth = 0
14:20:19.645 [main] INFO  - CDT 1 leaves = 1, CDT 2 leaves = 1
14:20:19.648 [main] INFO  - start to refactor clone pair
14:20:19.649 [main] INFO  - 44%: Reading information from row 70 (Clone group ID 110, clone #1)
14:20:19.652 [main] INFO  - 44%: Generating PDG for method "markReset" in "org.apache.commons.io.input.BoundedReaderTest"
14:20:19.655 [main] INFO  - 44%: Reading information from row 71 (Clone group ID 110, clone #2)
14:20:19.655 [main] INFO  - 44%: Generating PDG for method "markResetMarkMore" in "org.apache.commons.io.input.BoundedReaderTest"
14:20:19.655 [main] INFO  - 44%: Analyzing Clone #35 (Group 110, Pair 1-2): org.apache.commons.io.input.BoundedReaderTest#markReset (row 70) and org.apache.commons.io.input.BoundedReaderTest#markResetMarkMore (row 71)
14:20:19.658 [main] INFO  - CDT 1 depth = 0, CDT 2 depth = 0
14:20:19.659 [main] INFO  - CDT 1 leaves = 1, CDT 2 leaves = 1
14:20:19.667 [main] INFO  - start to refactor clone pair
14:20:19.667 [main] INFO  - 45%: Reading information from row 72 (Clone group ID 112, clone #1)
14:20:19.677 [main] INFO  - 45%: Generating PDG for method "constructor_File_encoding_badEncoding" in "org.apache.commons.io.output.FileWriterWithEncodingTest"
14:20:19.685 [main] INFO  - 45%: Reading information from row 73 (Clone group ID 112, clone #2)
14:20:19.685 [main] INFO  - 45%: Generating PDG for method "constructor_File_directory" in "org.apache.commons.io.output.FileWriterWithEncodingTest"
14:20:19.687 [main] INFO  - 45%: Analyzing Clone #36 (Group 112, Pair 1-2): org.apache.commons.io.output.FileWriterWithEncodingTest#constructor_File_encoding_badEncoding (row 72) and org.apache.commons.io.output.FileWriterWithEncodingTest#constructor_File_directory (row 73)
14:20:19.697 [main] INFO  - CDT 1 depth = 1, CDT 2 depth = 1
14:20:19.697 [main] INFO  - CDT 1 leaves = 1, CDT 2 leaves = 1
14:20:19.697 [main] INFO  - Start mapping
14:20:19.700 [main] INFO  - End mapping
14:20:19.700 [main] INFO  - start to refactor clone pair
14:20:19.700 [main] INFO  - non-refactored node pair with SimpleName node: file1  <--->  getTestDirectory()  (TYPE_COMPATIBLE_REPLACEMENT)
14:20:19.701 [main] INFO  - 46%: Reading information from row 74 (Clone group ID 113, clone #1)
14:20:19.701 [main] INFO  - 46%: Generating PDG for method "constructor_File_nullFile" in "org.apache.commons.io.output.FileWriterWithEncodingTest"
14:20:19.709 [main] INFO  - 46%: Reading information from row 75 (Clone group ID 113, clone #2)
14:20:19.710 [main] INFO  - 46%: Generating PDG for method "constructor_fileName_nullFile" in "org.apache.commons.io.output.FileWriterWithEncodingTest"
14:20:19.710 [main] INFO  - 46%: Analyzing Clone #37 (Group 113, Pair 1-2): org.apache.commons.io.output.FileWriterWithEncodingTest#constructor_File_nullFile (row 74) and org.apache.commons.io.output.FileWriterWithEncodingTest#constructor_fileName_nullFile (row 75)
14:20:19.719 [main] INFO  - CDT 1 depth = 1, CDT 2 depth = 1
14:20:19.719 [main] INFO  - CDT 1 leaves = 1, CDT 2 leaves = 1
14:20:19.719 [main] INFO  - Start mapping
14:20:19.721 [main] INFO  - End mapping
14:20:19.721 [main] INFO  - start to refactor clone pair
14:20:19.721 [main] INFO  - unrefactorable castExpr node pair: (File)null, (String)null
14:20:19.722 [main] INFO  - 48%: Reading information from row 76 (Clone group ID 114, clone #1)
14:20:19.760 [main] INFO  - 48%: Generating PDG for method "test_openInputStream_existsButIsDirectory" in "org.apache.commons.io.FileUtilsTestCase"
14:20:19.788 [main] INFO  - 48%: Reading information from row 77 (Clone group ID 114, clone #2)
14:20:19.789 [main] INFO  - 48%: Generating PDG for method "test_openOutputStream_existsButIsDirectory" in "org.apache.commons.io.FileUtilsTestCase"
14:20:19.790 [main] INFO  - 48%: Analyzing Clone #38 (Group 114, Pair 1-2): org.apache.commons.io.FileUtilsTestCase#test_openInputStream_existsButIsDirectory (row 76) and org.apache.commons.io.FileUtilsTestCase#test_openOutputStream_existsButIsDirectory (row 77)
14:20:19.826 [main] INFO  - CDT 1 depth = 1, CDT 2 depth = 1
14:20:19.826 [main] INFO  - CDT 1 leaves = 1, CDT 2 leaves = 1
14:20:19.827 [main] INFO  - Start mapping
14:20:19.857 [main] INFO  - End mapping
14:20:19.857 [main] INFO  - start to refactor clone pair
14:20:19.858 [main] INFO  - unrefactorable finally block: {
  IOUtils.closeQuietly(in);
}
 <---> {
  IOUtils.closeQuietly(out);
}

14:20:19.858 [main] INFO  - 49%: Reading information from row 78 (Clone group ID 128, clone #1)
14:20:19.860 [main] INFO  - 49%: Generating PDG for method "testChecksumOnNullChecksum" in "org.apache.commons.io.FileUtilsTestCase"
14:20:19.882 [main] INFO  - 49%: Reading information from row 79 (Clone group ID 128, clone #2)
14:20:19.891 [main] INFO  - 49%: Generating PDG for method "testMissingFile" in "org.apache.commons.io.LineIteratorTestCase"
14:20:19.892 [main] INFO  - 49%: Analyzing Clone #39 (Group 128, Pair 1-2): org.apache.commons.io.FileUtilsTestCase#testChecksumOnNullChecksum (row 78) and org.apache.commons.io.LineIteratorTestCase#testMissingFile (row 79)
14:20:19.938 [main] INFO  - CDT 1 depth = 1, CDT 2 depth = 1
14:20:19.938 [main] INFO  - CDT 1 leaves = 1, CDT 2 leaves = 1
14:20:19.938 [main] INFO  - Start mapping
14:20:19.941 [main] INFO  - End mapping
14:20:19.942 [main] INFO  - start to refactor clone pair
14:20:19.942 [main] INFO  - Non refactorable CloneType: Type 3
14:20:19.942 [main] INFO  - 50%: Reading information from row 80 (Clone group ID 129, clone #1)
14:20:19.949 [main] INFO  - 50%: Generating PDG for method "testCalculateRawEncodingAdditonalUTF16" in "org.apache.commons.io.input.XmlStreamReaderUtilitiesTest"
14:20:19.950 [main] INFO  - 50%: Reading information from row 81 (Clone group ID 129, clone #2)
14:20:19.950 [main] INFO  - 50%: Generating PDG for method "testCalculateRawEncodingAdditonalUTF32" in "org.apache.commons.io.input.XmlStreamReaderUtilitiesTest"
14:20:19.951 [main] INFO  - 50%: Analyzing Clone #40 (Group 129, Pair 1-2): org.apache.commons.io.input.XmlStreamReaderUtilitiesTest#testCalculateRawEncodingAdditonalUTF16 (row 80) and org.apache.commons.io.input.XmlStreamReaderUtilitiesTest#testCalculateRawEncodingAdditonalUTF32 (row 81)
14:20:19.956 [main] INFO  - CDT 1 depth = 0, CDT 2 depth = 0
14:20:19.957 [main] INFO  - CDT 1 leaves = 1, CDT 2 leaves = 1
14:20:19.974 [main] INFO  - start to refactor clone pair
14:20:19.976 [main] INFO  - 52%: Reading information from row 82 (Clone group ID 132, clone #1)
14:20:19.980 [main] INFO  - 52%: Generating PDG for method "testEOFException" in "org.apache.commons.io.input.NullInputStreamTest"
14:20:19.981 [main] INFO  - 52%: Reading information from row 83 (Clone group ID 132, clone #2)
14:20:19.985 [main] INFO  - 52%: Generating PDG for method "testEOFException" in "org.apache.commons.io.input.NullReaderTest"
14:20:19.985 [main] INFO  - 52%: Analyzing Clone #41 (Group 132, Pair 1-2): org.apache.commons.io.input.NullInputStreamTest#testEOFException (row 82) and org.apache.commons.io.input.NullReaderTest#testEOFException (row 83)
14:20:19.993 [main] INFO  - CDT 1 depth = 1, CDT 2 depth = 1
14:20:19.994 [main] INFO  - CDT 1 leaves = 1, CDT 2 leaves = 1
14:20:19.994 [main] INFO  - Start mapping
14:20:19.997 [main] INFO  - End mapping
14:20:19.998 [main] INFO  - start to refactor clone pair
14:20:20.000 [main] INFO  - 53%: Reading information from row 84 (Clone group ID 134, clone #1)
14:20:20.012 [main] INFO  - 53%: Generating PDG for method "testWrite_byteArrayToWriter_nullData" in "org.apache.commons.io.IOUtilsWriteTestCase"
14:20:20.041 [main] INFO  - 53%: Reading information from row 85 (Clone group ID 134, clone #2)
14:20:20.042 [main] INFO  - 53%: Generating PDG for method "testWrite_charArrayToWriter_Encoding_nullData" in "org.apache.commons.io.IOUtilsWriteTestCase"
14:20:20.043 [main] INFO  - 53%: Analyzing Clone #42 (Group 134, Pair 1-2): org.apache.commons.io.IOUtilsWriteTestCase#testWrite_byteArrayToWriter_nullData (row 84) and org.apache.commons.io.IOUtilsWriteTestCase#testWrite_charArrayToWriter_Encoding_nullData (row 85)
14:20:20.055 [main] INFO  - CDT 1 depth = 0, CDT 2 depth = 0
14:20:20.055 [main] INFO  - CDT 1 leaves = 1, CDT 2 leaves = 1
14:20:20.058 [main] INFO  - start to refactor clone pair
14:20:20.059 [main] INFO  - 54%: Reading information from row 86 (Clone group ID 138, clone #1)
14:20:20.088 [main] INFO  - 54%: Generating PDG for method "testFilterList" in "org.apache.commons.io.filefilter.FileFilterTestCase"
14:20:20.230 [main] INFO  - 54%: Reading information from row 87 (Clone group ID 138, clone #2)
14:20:20.231 [main] INFO  - 54%: Generating PDG for method "testFilterSet" in "org.apache.commons.io.filefilter.FileFilterTestCase"
14:20:20.348 [main] INFO  - 54%: Analyzing Clone #43 (Group 138, Pair 1-2): org.apache.commons.io.filefilter.FileFilterTestCase#testFilterList (row 86) and org.apache.commons.io.filefilter.FileFilterTestCase#testFilterSet (row 87)
14:20:20.374 [main] INFO  - CDT 1 depth = 0, CDT 2 depth = 0
14:20:20.375 [main] INFO  - CDT 1 leaves = 1, CDT 2 leaves = 1
14:20:20.410 [main] INFO  - start to refactor clone pair
14:20:20.411 [main] INFO  - non-refactored node pair with initializer node: Arrays.asList(fileA,fileB)  <--->  new HashSet<File>(Arrays.asList(fileA,fileB))  (SUBCLASS_TYPE_MISMATCH, TYPE_COMPATIBLE_REPLACEMENT)
14:20:20.412 [main] INFO  - 55%: Reading information from row 88 (Clone group ID 139, clone #1)
14:20:20.424 [main] INFO  - 55%: Generating PDG for method "testGetBOMFirstThenRead" in "org.apache.commons.io.input.BOMInputStreamTest"
14:20:20.439 [main] INFO  - 55%: Reading information from row 89 (Clone group ID 139, clone #2)
14:20:20.440 [main] INFO  - 55%: Generating PDG for method "testReadWithoutBOM" in "org.apache.commons.io.input.BOMInputStreamTest"
14:20:20.441 [main] INFO  - 55%: Analyzing Clone #44 (Group 139, Pair 1-2): org.apache.commons.io.input.BOMInputStreamTest#testGetBOMFirstThenRead (row 88) and org.apache.commons.io.input.BOMInputStreamTest#testReadWithoutBOM (row 89)
14:20:20.453 [main] INFO  - CDT 1 depth = 0, CDT 2 depth = 0
14:20:20.453 [main] INFO  - CDT 1 leaves = 1, CDT 2 leaves = 1
14:20:20.486 [main] INFO  - start to refactor clone pair
14:20:20.486 [main] INFO  - non-refactored node pair with MethodInvocation node: assertEquals("getBOM",ByteOrderMark.UTF_8,in.getBOM())  <--->  assertNull("getBOM",in.getBOM())  (ARGUMENT_NUMBER_MISMATCH)
14:20:20.487 [main] INFO  - 57%: Reading information from row 90 (Clone group ID 141, clone #1)
14:20:20.515 [main] INFO  - 57%: Generating PDG for method "testFilterList_fromArray" in "org.apache.commons.io.filefilter.FileFilterTestCase"
14:20:20.656 [main] INFO  - 57%: Reading information from row 91 (Clone group ID 141, clone #2)
14:20:20.657 [main] INFO  - 57%: Generating PDG for method "testFilterSet_fromArray" in "org.apache.commons.io.filefilter.FileFilterTestCase"
14:20:20.776 [main] INFO  - 57%: Analyzing Clone #45 (Group 141, Pair 1-2): org.apache.commons.io.filefilter.FileFilterTestCase#testFilterList_fromArray (row 90) and org.apache.commons.io.filefilter.FileFilterTestCase#testFilterSet_fromArray (row 91)
14:20:20.803 [main] INFO  - CDT 1 depth = 0, CDT 2 depth = 0
14:20:20.803 [main] INFO  - CDT 1 leaves = 1, CDT 2 leaves = 1
14:20:20.817 [main] INFO  - start to refactor clone pair
14:20:20.818 [main] INFO  - 58%: Reading information from row 92 (Clone group ID 142, clone #1)
14:20:20.826 [main] INFO  - 58%: Generating PDG for method "testZeroLength2" in "org.apache.commons.io.input.CountingInputStreamTest"
14:20:20.835 [main] INFO  - 58%: Reading information from row 93 (Clone group ID 142, clone #2)
14:20:20.835 [main] INFO  - 58%: Generating PDG for method "testEOF2" in "org.apache.commons.io.input.CountingInputStreamTest"
14:20:20.836 [main] INFO  - 58%: Analyzing Clone #46 (Group 142, Pair 1-2): org.apache.commons.io.input.CountingInputStreamTest#testZeroLength2 (row 92) and org.apache.commons.io.input.CountingInputStreamTest#testEOF2 (row 93)
14:20:20.842 [main] INFO  - CDT 1 depth = 0, CDT 2 depth = 0
14:20:20.842 [main] INFO  - CDT 1 leaves = 1, CDT 2 leaves = 1
14:20:20.844 [main] INFO  - start to refactor clone pair
14:20:20.844 [main] INFO  - 59%: Reading information from row 94 (Clone group ID 143, clone #1)
14:20:20.883 [main] INFO  - 59%: Generating PDG for method "testReadFileToStringWithEncoding" in "org.apache.commons.io.FileUtilsTestCase"
14:20:20.929 [main] INFO  - 59%: Reading information from row 95 (Clone group ID 143, clone #2)
14:20:20.931 [main] INFO  - 59%: Generating PDG for method "testWriteByteArrayToFile_WithAppendOptionTrue_ShouldNotDeletePreviousFileLines" in "org.apache.commons.io.FileUtilsTestCase"
14:20:20.954 [main] INFO  - 59%: Analyzing Clone #47 (Group 143, Pair 1-2): org.apache.commons.io.FileUtilsTestCase#testReadFileToStringWithEncoding (row 94) and org.apache.commons.io.FileUtilsTestCase#testWriteByteArrayToFile_WithAppendOptionTrue_ShouldNotDeletePreviousFileLines (row 95)
14:20:20.992 [main] INFO  - CDT 1 depth = 0, CDT 2 depth = 0
14:20:20.993 [main] INFO  - CDT 1 leaves = 1, CDT 2 leaves = 1
14:20:21.030 [main] INFO  - start to refactor clone pair
14:20:21.030 [main] INFO  - Non refactorable CloneType: Type 3
14:20:21.031 [main] INFO  - 61%: Reading information from row 96 (Clone group ID 146, clone #1)
14:20:21.035 [main] INFO  - 61%: Generating PDG for method "testCloseBranchIOException" in "org.apache.commons.io.output.TeeOutputStreamTest"
14:20:21.038 [main] INFO  - 61%: Reading information from row 97 (Clone group ID 146, clone #2)
14:20:21.038 [main] INFO  - 61%: Generating PDG for method "testCloseMainIOException" in "org.apache.commons.io.output.TeeOutputStreamTest"
14:20:21.039 [main] INFO  - 61%: Analyzing Clone #48 (Group 146, Pair 1-2): org.apache.commons.io.output.TeeOutputStreamTest#testCloseBranchIOException (row 96) and org.apache.commons.io.output.TeeOutputStreamTest#testCloseMainIOException (row 97)
14:20:21.042 [main] INFO  - CDT 1 depth = 1, CDT 2 depth = 1
14:20:21.042 [main] INFO  - CDT 1 leaves = 1, CDT 2 leaves = 1
14:20:21.042 [main] INFO  - Start mapping
14:20:21.044 [main] INFO  - End mapping
14:20:21.045 [main] INFO  - start to refactor clone pair
14:20:21.046 [main] INFO  - 62%: Reading information from row 98 (Clone group ID 150, clone #1)
14:20:21.084 [main] INFO  - 62%: Generating PDG for method "testWriteByteArrayToFile_WithOffsetAndLength_WithAppendOptionTrue_ShouldNotDeletePreviousFileLines" in "org.apache.commons.io.FileUtilsTestCase"
14:20:21.150 [main] INFO  - 62%: Reading information from row 99 (Clone group ID 150, clone #2)
14:20:21.153 [main] INFO  - 62%: Generating PDG for method "testWriteByteArrayToFile_WithOffsetAndLength_WithAppendOptionTrue_ShouldDeletePreviousFileLines" in "org.apache.commons.io.FileUtilsTestCase"
14:20:21.154 [main] INFO  - 62%: Analyzing Clone #49 (Group 150, Pair 1-2): org.apache.commons.io.FileUtilsTestCase#testWriteByteArrayToFile_WithOffsetAndLength_WithAppendOptionTrue_ShouldNotDeletePreviousFileLines (row 98) and org.apache.commons.io.FileUtilsTestCase#testWriteByteArrayToFile_WithOffsetAndLength_WithAppendOptionTrue_ShouldDeletePreviousFileLines (row 99)
14:20:21.189 [main] INFO  - CDT 1 depth = 0, CDT 2 depth = 0
14:20:21.189 [main] INFO  - CDT 1 leaves = 1, CDT 2 leaves = 1
14:20:21.194 [main] INFO  - start to refactor clone pair
14:20:21.195 [main] INFO  - non-refactored node pair with initializer node: "This line was there before you..." + "this is brand new data"  <--->  "this is brand new data"  (TYPE_COMPATIBLE_REPLACEMENT)
14:20:21.195 [main] INFO  - 63%: Reading information from row 100 (Clone group ID 151, clone #1)
14:20:21.201 [main] INFO  - 63%: Generating PDG for method "testZeroLength3" in "org.apache.commons.io.input.CountingInputStreamTest"
14:20:21.209 [main] INFO  - 63%: Reading information from row 101 (Clone group ID 151, clone #2)
14:20:21.210 [main] INFO  - 63%: Generating PDG for method "testEOF3" in "org.apache.commons.io.input.CountingInputStreamTest"
14:20:21.210 [main] INFO  - 63%: Analyzing Clone #50 (Group 151, Pair 1-2): org.apache.commons.io.input.CountingInputStreamTest#testZeroLength3 (row 100) and org.apache.commons.io.input.CountingInputStreamTest#testEOF3 (row 101)
14:20:21.216 [main] INFO  - CDT 1 depth = 0, CDT 2 depth = 0
14:20:21.216 [main] INFO  - CDT 1 leaves = 1, CDT 2 leaves = 1
14:20:21.218 [main] INFO  - start to refactor clone pair
14:20:21.219 [main] INFO  - 64%: Reading information from row 102 (Clone group ID 155, clone #1)
14:20:21.277 [main] INFO  - 64%: Generating PDG for method "test_openInputStream_exists" in "org.apache.commons.io.FileUtilsTestCase"
14:20:21.312 [main] INFO  - 64%: Reading information from row 103 (Clone group ID 155, clone #2)
14:20:21.335 [main] INFO  - 64%: Generating PDG for method "testToString_InputStream" in "org.apache.commons.io.IOUtilsTestCase"
14:20:21.355 [main] INFO  - 64%: Analyzing Clone #51 (Group 155, Pair 1-2): org.apache.commons.io.FileUtilsTestCase#test_openInputStream_exists (row 102) and org.apache.commons.io.IOUtilsTestCase#testToString_InputStream (row 103)
14:20:21.410 [main] INFO  - CDT 1 depth = 1, CDT 2 depth = 1
14:20:21.410 [main] INFO  - CDT 1 leaves = 1, CDT 2 leaves = 1
14:20:21.411 [main] INFO  - Start mapping
14:20:21.429 [main] INFO  - End mapping
14:20:21.429 [main] INFO  - start to refactor clone pair
14:20:21.429 [main] INFO  - Non refactorable CloneType: Type 3
14:20:21.429 [main] INFO  - 66%: Reading information from row 104 (Clone group ID 166, clone #1)
14:20:21.447 [main] INFO  - 66%: Generating PDG for method "testNormalizeUnixWin" in "org.apache.commons.io.FilenameUtilsTestCase"
14:20:21.457 [main] INFO  - 66%: Reading information from row 105 (Clone group ID 166, clone #2)
14:20:21.458 [main] INFO  - 66%: Generating PDG for method "testNormalizeNoEndSeparatorUnixWin" in "org.apache.commons.io.FilenameUtilsTestCase"
14:20:21.458 [main] INFO  - 66%: Analyzing Clone #52 (Group 166, Pair 1-2): org.apache.commons.io.FilenameUtilsTestCase#testNormalizeUnixWin (row 104) and org.apache.commons.io.FilenameUtilsTestCase#testNormalizeNoEndSeparatorUnixWin (row 105)
14:20:21.475 [main] INFO  - CDT 1 depth = 0, CDT 2 depth = 0
14:20:21.475 [main] INFO  - CDT 1 leaves = 1, CDT 2 leaves = 1
14:20:21.489 [main] INFO  - start to refactor clone pair
14:20:21.490 [main] INFO  - 67%: Reading information from row 106 (Clone group ID 173, clone #1)
14:20:21.491 [main] INFO  - 67%: Generating PDG for method "testEqualsNormalized" in "org.apache.commons.io.FilenameUtilsTestCase"
14:20:21.492 [main] INFO  - 67%: Reading information from row 107 (Clone group ID 173, clone #2)
14:20:21.493 [main] INFO  - 67%: Generating PDG for method "testEqualsNormalizedOnSystem" in "org.apache.commons.io.FilenameUtilsTestCase"
14:20:21.494 [main] INFO  - 67%: Analyzing Clone #53 (Group 173, Pair 1-2): org.apache.commons.io.FilenameUtilsTestCase#testEqualsNormalized (row 106) and org.apache.commons.io.FilenameUtilsTestCase#testEqualsNormalizedOnSystem (row 107)
14:20:21.512 [main] INFO  - CDT 1 depth = 0, CDT 2 depth = 0
14:20:21.512 [main] INFO  - CDT 1 leaves = 1, CDT 2 leaves = 1
14:20:21.532 [main] INFO  - start to refactor clone pair
14:20:21.533 [main] INFO  - non-refactored node pair with MethodInvocation node: assertFalse(FilenameUtils.equalsNormalized("file.txt","FILE.TXT"))  <--->  assertEquals(WINDOWS,FilenameUtils.equalsNormalizedOnSystem("file.txt","FILE.TXT"))  (ARGUMENT_NUMBER_MISMATCH)
14:20:21.533 [main] INFO  - 68%: Reading information from row 108 (Clone group ID 174, clone #1)
14:20:21.536 [main] INFO  - 68%: Generating PDG for method "testTimeout" in "org.apache.commons.io.ThreadMonitorTestCase"
14:20:21.546 [main] INFO  - 68%: Reading information from row 109 (Clone group ID 174, clone #2)
14:20:21.546 [main] INFO  - 68%: Generating PDG for method "testCompletedWithoutTimeout" in "org.apache.commons.io.ThreadMonitorTestCase"
14:20:21.547 [main] INFO  - 68%: Analyzing Clone #54 (Group 174, Pair 1-2): org.apache.commons.io.ThreadMonitorTestCase#testTimeout (row 108) and org.apache.commons.io.ThreadMonitorTestCase#testCompletedWithoutTimeout (row 109)
14:20:21.549 [main] INFO  - CDT 1 depth = 1, CDT 2 depth = 1
14:20:21.549 [main] INFO  - CDT 1 leaves = 1, CDT 2 leaves = 1
14:20:21.549 [main] INFO  - Start mapping
14:20:21.549 [main] INFO  - End mapping
14:20:21.549 [main] INFO  - start to refactor clone pair
14:20:21.549 [main] INFO  - 69%: Reading information from row 110 (Clone group ID 177, clone #1)
14:20:21.557 [main] INFO  - 69%: Generating PDG for method "testNextLineOnlyNullEncoding" in "org.apache.commons.io.LineIteratorTestCase"
14:20:21.604 [main] INFO  - 69%: Reading information from row 111 (Clone group ID 177, clone #2)
14:20:21.605 [main] INFO  - 69%: Generating PDG for method "testNextLineOnlyUtf8Encoding" in "org.apache.commons.io.LineIteratorTestCase"
14:20:21.605 [main] INFO  - 69%: Analyzing Clone #55 (Group 177, Pair 1-2): org.apache.commons.io.LineIteratorTestCase#testNextLineOnlyNullEncoding (row 110) and org.apache.commons.io.LineIteratorTestCase#testNextLineOnlyUtf8Encoding (row 111)
14:20:21.613 [main] INFO  - CDT 1 depth = 0, CDT 2 depth = 0
14:20:21.613 [main] INFO  - CDT 1 leaves = 1, CDT 2 leaves = 1
14:20:21.616 [main] INFO  - start to refactor clone pair
14:20:21.616 [main] INFO  - non-refactored node pair with initializer node: null  <--->  "UTF-8"  (TYPE_COMPATIBLE_REPLACEMENT)
14:20:21.617 [main] INFO  - 71%: Reading information from row 112 (Clone group ID 178, clone #1)
14:20:21.620 [main] INFO  - 71%: Generating PDG for method "markResetWithMarkOutsideBoundedReaderMax" in "org.apache.commons.io.input.BoundedReaderTest"
14:20:21.622 [main] INFO  - 71%: Reading information from row 113 (Clone group ID 178, clone #2)
14:20:21.622 [main] INFO  - 71%: Generating PDG for method "markResetWithMarkOutsideBoundedReaderMaxAndInitialOffset" in "org.apache.commons.io.input.BoundedReaderTest"
14:20:21.622 [main] INFO  - 71%: Analyzing Clone #56 (Group 178, Pair 1-2): org.apache.commons.io.input.BoundedReaderTest#markResetWithMarkOutsideBoundedReaderMax (row 112) and org.apache.commons.io.input.BoundedReaderTest#markResetWithMarkOutsideBoundedReaderMaxAndInitialOffset (row 113)
14:20:21.625 [main] INFO  - CDT 1 depth = 0, CDT 2 depth = 0
14:20:21.625 [main] INFO  - CDT 1 leaves = 1, CDT 2 leaves = 1
14:20:21.629 [main] INFO  - start to refactor clone pair
14:20:21.629 [main] INFO  - 72%: Reading information from row 114 (Clone group ID 181, clone #1)
14:20:21.647 [main] INFO  - 72%: Generating PDG for method "testGetBaseName" in "org.apache.commons.io.FilenameUtilsTestCase"
14:20:21.657 [main] INFO  - 72%: Reading information from row 115 (Clone group ID 181, clone #2)
14:20:21.658 [main] INFO  - 72%: Generating PDG for method "testEquals" in "org.apache.commons.io.FilenameUtilsTestCase"
14:20:21.658 [main] INFO  - 72%: Analyzing Clone #57 (Group 181, Pair 1-2): org.apache.commons.io.FilenameUtilsTestCase#testGetBaseName (row 114) and org.apache.commons.io.FilenameUtilsTestCase#testEquals (row 115)
14:20:21.676 [main] INFO  - CDT 1 depth = 0, CDT 2 depth = 0
14:20:21.676 [main] INFO  - CDT 1 leaves = 1, CDT 2 leaves = 1
14:20:26.066 [main] INFO  - start to refactor clone pair
14:20:26.067 [main] INFO  - non-refactored node pair with MethodInvocation node: assertEquals(null,FilenameUtils.getBaseName(null))  <--->  assertTrue(FilenameUtils.equals(null,null))  (ARGUMENT_NUMBER_MISMATCH)
14:20:26.067 [main] INFO  - non-refactored node pair with MethodInvocation node: assertEquals("noseperator",FilenameUtils.getBaseName("noseperator.inthispath"))  <--->  assertFalse(FilenameUtils.equals(null,""))  (ARGUMENT_NUMBER_MISMATCH)
14:20:26.067 [main] INFO  - non-refactored node pair with MethodInvocation node: assertEquals("c",FilenameUtils.getBaseName("a/b/c.txt"))  <--->  assertFalse(FilenameUtils.equals("",null))  (ARGUMENT_NUMBER_MISMATCH)
14:20:26.067 [main] INFO  - non-refactored node pair with MethodInvocation node: assertEquals("c",FilenameUtils.getBaseName("a/b/c"))  <--->  assertTrue(FilenameUtils.equals("",""))  (ARGUMENT_NUMBER_MISMATCH)
14:20:26.067 [main] INFO  - non-refactored node pair with MethodInvocation node: assertEquals("",FilenameUtils.getBaseName("a/b/c/"))  <--->  assertTrue(FilenameUtils.equals("file.txt","file.txt"))  (ARGUMENT_NUMBER_MISMATCH)
14:20:26.067 [main] INFO  - non-refactored node pair with MethodInvocation node: assertEquals("c",FilenameUtils.getBaseName("a\\b\\c"))  <--->  assertFalse(FilenameUtils.equals("file.txt","FILE.TXT"))  (ARGUMENT_NUMBER_MISMATCH)
14:20:26.067 [main] INFO  - non-refactored node pair with MethodInvocation node: assertEquals("file.txt",FilenameUtils.getBaseName("file.txt.bak"))  <--->  assertFalse(FilenameUtils.equals("a\\b\\file.txt","a/b/file.txt"))  (ARGUMENT_NUMBER_MISMATCH)
14:20:26.067 [main] INFO  - 73%: Reading information from row 116 (Clone group ID 191, clone #1)
14:20:26.072 [main] INFO  - 73%: Generating PDG for method "testFileSizeIsExactMultipleOfBlockSize" in "org.apache.commons.io.input.ReversedLinesFileReaderTestParamBlockSize"
14:20:26.081 [main] INFO  - 73%: Reading information from row 117 (Clone group ID 191, clone #2)
14:20:26.085 [main] INFO  - 73%: Generating PDG for method "testFileSizeIsExactMultipleOfBlockSize" in "org.apache.commons.io.input.ReversedLinesFileReaderTestSimple"
14:20:26.085 [main] INFO  - 73%: Analyzing Clone #58 (Group 191, Pair 1-2): org.apache.commons.io.input.ReversedLinesFileReaderTestParamBlockSize#testFileSizeIsExactMultipleOfBlockSize (row 116) and org.apache.commons.io.input.ReversedLinesFileReaderTestSimple#testFileSizeIsExactMultipleOfBlockSize (row 117)
14:20:26.091 [main] INFO  - CDT 1 depth = 0, CDT 2 depth = 0
14:20:26.091 [main] INFO  - CDT 1 leaves = 1, CDT 2 leaves = 1
14:20:26.094 [main] INFO  - start to refactor clone pair
14:20:26.095 [main] INFO  - Containing unrefactorable ThisExpression: this
14:20:26.095 [main] INFO  - Containing unrefactorable private field access: reversedLinesFileReader
14:20:26.095 [main] INFO  - Containing unrefactorable private field access: ISO_8859_1
14:20:26.095 [main] INFO  - different local method access: assertEqualsAndNoLineBreaks
14:20:26.095 [main] INFO  - different local method access: assertEqualsAndNoLineBreaks
14:20:26.095 [main] INFO  - 75%: Reading information from row 118 (Clone group ID 199, clone #1)
14:20:26.098 [main] INFO  - 75%: Generating PDG for method "testWriteCharArrayPortion" in "org.apache.commons.io.output.StringBuilderWriterTest"
14:20:26.101 [main] INFO  - 75%: Reading information from row 119 (Clone group ID 199, clone #2)
14:20:26.101 [main] INFO  - 75%: Generating PDG for method "testWriteStringPortion" in "org.apache.commons.io.output.StringBuilderWriterTest"
14:20:26.101 [main] INFO  - 75%: Analyzing Clone #59 (Group 199, Pair 1-2): org.apache.commons.io.output.StringBuilderWriterTest#testWriteCharArrayPortion (row 118) and org.apache.commons.io.output.StringBuilderWriterTest#testWriteStringPortion (row 119)
14:20:26.104 [main] INFO  - CDT 1 depth = 0, CDT 2 depth = 0
14:20:26.104 [main] INFO  - CDT 1 leaves = 1, CDT 2 leaves = 1
14:20:26.107 [main] INFO  - start to refactor clone pair
14:20:26.107 [main] ERROR - CloneStructure has PDG gap node.
14:20:26.107 [main] INFO  - 76%: Reading information from row 120 (Clone group ID 201, clone #1)
14:20:26.119 [main] INFO  - 76%: Generating PDG for method "testSmallBufferWithBOM" in "org.apache.commons.io.input.BOMInputStreamTest"
14:20:26.126 [main] INFO  - 76%: Reading information from row 121 (Clone group ID 201, clone #2)
14:20:26.127 [main] INFO  - 76%: Generating PDG for method "testSmallBufferWithoutBOM" in "org.apache.commons.io.input.BOMInputStreamTest"
14:20:26.128 [main] INFO  - 76%: Analyzing Clone #60 (Group 201, Pair 1-2): org.apache.commons.io.input.BOMInputStreamTest#testSmallBufferWithBOM (row 120) and org.apache.commons.io.input.BOMInputStreamTest#testSmallBufferWithoutBOM (row 121)
14:20:26.139 [main] INFO  - CDT 1 depth = 0, CDT 2 depth = 0
14:20:26.139 [main] INFO  - CDT 1 leaves = 1, CDT 2 leaves = 1
14:20:26.142 [main] INFO  - start to refactor clone pair
14:20:26.142 [main] INFO  - 77%: Reading information from row 122 (Clone group ID 207, clone #1)
14:20:26.143 [main] INFO  - 77%: Generating PDG for method "testLargeBufferWithBOM" in "org.apache.commons.io.input.BOMInputStreamTest"
14:20:26.150 [main] INFO  - 77%: Reading information from row 123 (Clone group ID 207, clone #2)
14:20:26.151 [main] INFO  - 77%: Generating PDG for method "testLargeBufferWithoutBOM" in "org.apache.commons.io.input.BOMInputStreamTest"
14:20:26.151 [main] INFO  - 77%: Analyzing Clone #61 (Group 207, Pair 1-2): org.apache.commons.io.input.BOMInputStreamTest#testLargeBufferWithBOM (row 122) and org.apache.commons.io.input.BOMInputStreamTest#testLargeBufferWithoutBOM (row 123)
14:20:26.161 [main] INFO  - CDT 1 depth = 0, CDT 2 depth = 0
14:20:26.161 [main] INFO  - CDT 1 leaves = 1, CDT 2 leaves = 1
14:20:26.164 [main] INFO  - start to refactor clone pair
14:20:26.164 [main] INFO  - 78%: Reading information from row 124 (Clone group ID 208, clone #1)
14:20:26.165 [main] INFO  - 78%: Generating PDG for method "testSkipWithBOM" in "org.apache.commons.io.input.BOMInputStreamTest"
14:20:26.172 [main] INFO  - 78%: Reading information from row 125 (Clone group ID 208, clone #2)
14:20:26.173 [main] INFO  - 78%: Generating PDG for method "testSkipWithoutBOM" in "org.apache.commons.io.input.BOMInputStreamTest"
14:20:26.174 [main] INFO  - 78%: Analyzing Clone #62 (Group 208, Pair 1-2): org.apache.commons.io.input.BOMInputStreamTest#testSkipWithBOM (row 124) and org.apache.commons.io.input.BOMInputStreamTest#testSkipWithoutBOM (row 125)
14:20:26.186 [main] INFO  - CDT 1 depth = 0, CDT 2 depth = 0
14:20:26.186 [main] INFO  - CDT 1 leaves = 1, CDT 2 leaves = 1
14:20:26.188 [main] INFO  - start to refactor clone pair
14:20:26.188 [main] INFO  - 80%: Reading information from row 126 (Clone group ID 209, clone #1)
14:20:26.192 [main] INFO  - 80%: Generating PDG for method "testReadEverything" in "org.apache.commons.io.input.TeeInputStreamTest"
14:20:26.193 [main] INFO  - 80%: Reading information from row 127 (Clone group ID 209, clone #2)
14:20:26.193 [main] INFO  - 80%: Generating PDG for method "testSkip" in "org.apache.commons.io.input.TeeInputStreamTest"
14:20:26.194 [main] INFO  - 80%: Analyzing Clone #63 (Group 209, Pair 1-2): org.apache.commons.io.input.TeeInputStreamTest#testReadEverything (row 126) and org.apache.commons.io.input.TeeInputStreamTest#testSkip (row 127)
14:20:26.196 [main] INFO  - CDT 1 depth = 0, CDT 2 depth = 0
14:20:26.196 [main] INFO  - CDT 1 leaves = 1, CDT 2 leaves = 1
14:20:26.199 [main] INFO  - start to refactor clone pair
14:20:26.200 [main] ERROR - CloneStructure has PDG gap node.
14:20:26.200 [main] INFO  - 81%: Reading information from row 128 (Clone group ID 210, clone #1)
14:20:26.225 [main] INFO  - 81%: Generating PDG for method "testTrue" in "org.apache.commons.io.filefilter.FileFilterTestCase"
14:20:26.402 [main] INFO  - 81%: Reading information from row 129 (Clone group ID 210, clone #2)
14:20:26.402 [main] INFO  - 81%: Generating PDG for method "testFalse" in "org.apache.commons.io.filefilter.FileFilterTestCase"
14:20:26.435 [main] INFO  - 81%: Analyzing Clone #64 (Group 210, Pair 1-2): org.apache.commons.io.filefilter.FileFilterTestCase#testTrue (row 128) and org.apache.commons.io.filefilter.FileFilterTestCase#testFalse (row 129)
14:20:26.463 [main] INFO  - CDT 1 depth = 0, CDT 2 depth = 0
14:20:26.463 [main] INFO  - CDT 1 leaves = 1, CDT 2 leaves = 1
14:20:26.476 [main] INFO  - start to refactor clone pair
14:20:26.477 [main] INFO  - 82%: Reading information from row 130 (Clone group ID 211, clone #1)
14:20:26.484 [main] INFO  - 82%: Generating PDG for method "testReadSwappedInteger" in "org.apache.commons.io.EndianUtilsTest"
14:20:26.491 [main] INFO  - 82%: Reading information from row 131 (Clone group ID 211, clone #2)
14:20:26.491 [main] INFO  - 82%: Generating PDG for method "testReadSwappedUnsignedInteger" in "org.apache.commons.io.EndianUtilsTest"
14:20:26.491 [main] INFO  - 82%: Analyzing Clone #65 (Group 211, Pair 1-2): org.apache.commons.io.EndianUtilsTest#testReadSwappedInteger (row 130) and org.apache.commons.io.EndianUtilsTest#testReadSwappedUnsignedInteger (row 131)
14:20:26.496 [main] INFO  - CDT 1 depth = 0, CDT 2 depth = 0
14:20:26.496 [main] INFO  - CDT 1 leaves = 1, CDT 2 leaves = 1
14:20:26.504 [main] INFO  - start to refactor clone pair
14:20:26.505 [main] INFO  - get compatible primitive type
14:20:26.505 [main] INFO  - get compatible primitive type
14:20:26.506 [main] INFO  - 83%: Reading information from row 132 (Clone group ID 214, clone #1)
14:20:26.517 [main] INFO  - 83%: Generating PDG for method "testEmptyBufferWithBOM" in "org.apache.commons.io.input.BOMInputStreamTest"
14:20:26.524 [main] INFO  - 83%: Reading information from row 133 (Clone group ID 214, clone #2)
14:20:26.524 [main] INFO  - 83%: Generating PDG for method "testEmptyBufferWithoutBOM" in "org.apache.commons.io.input.BOMInputStreamTest"
14:20:26.525 [main] INFO  - 83%: Analyzing Clone #66 (Group 214, Pair 1-2): org.apache.commons.io.input.BOMInputStreamTest#testEmptyBufferWithBOM (row 132) and org.apache.commons.io.input.BOMInputStreamTest#testEmptyBufferWithoutBOM (row 133)
14:20:26.536 [main] INFO  - CDT 1 depth = 0, CDT 2 depth = 0
14:20:26.536 [main] INFO  - CDT 1 leaves = 1, CDT 2 leaves = 1
14:20:26.538 [main] INFO  - start to refactor clone pair
14:20:26.539 [main] INFO  - 85%: Reading information from row 134 (Clone group ID 215, clone #1)
14:20:26.540 [main] INFO  - 85%: Generating PDG for method "testReadXmlWithBOMUtf32Be" in "org.apache.commons.io.input.BOMInputStreamTest"
14:20:26.541 [main] INFO  - 85%: Reading information from row 135 (Clone group ID 215, clone #2)
14:20:26.542 [main] INFO  - 85%: Generating PDG for method "testReadXmlWithBOMUtf32Le" in "org.apache.commons.io.input.BOMInputStreamTest"
14:20:26.542 [main] INFO  - 85%: Analyzing Clone #67 (Group 215, Pair 1-2): org.apache.commons.io.input.BOMInputStreamTest#testReadXmlWithBOMUtf32Be (row 134) and org.apache.commons.io.input.BOMInputStreamTest#testReadXmlWithBOMUtf32Le (row 135)
14:20:26.553 [main] INFO  - CDT 1 depth = 0, CDT 2 depth = 0
14:20:26.554 [main] INFO  - CDT 1 leaves = 1, CDT 2 leaves = 1
14:20:26.557 [main] INFO  - start to refactor clone pair
14:20:26.557 [main] INFO  - continue to resolve inner expression diff without creating new adapter action
14:20:26.558 [main] INFO  - 86%: Reading information from row 136 (Clone group ID 216, clone #1)
14:20:26.563 [main] INFO  - 86%: Generating PDG for method "testFileDoesNotExist" in "org.apache.commons.io.FileUtilsDirectoryContainsTestCase"
14:20:26.598 [main] INFO  - 86%: Reading information from row 137 (Clone group ID 216, clone #2)
14:20:26.639 [main] INFO  - 86%: Generating PDG for method "testMoveFile_Rename" in "org.apache.commons.io.FileUtilsTestCase"
14:20:26.645 [main] INFO  - 86%: Analyzing Clone #68 (Group 216, Pair 1-2): org.apache.commons.io.FileUtilsDirectoryContainsTestCase#testFileDoesNotExist (row 136) and org.apache.commons.io.FileUtilsTestCase#testMoveFile_Rename (row 137)
14:20:26.687 [main] INFO  - CDT 1 depth = 0, CDT 2 depth = 0
14:20:26.687 [main] INFO  - CDT 1 leaves = 1, CDT 2 leaves = 1
14:20:26.716 [main] INFO  - start to refactor clone pair
14:20:26.717 [main] ERROR - CloneStructure has PDG gap node.
14:20:26.717 [main] INFO  - 87%: Reading information from row 138 (Clone group ID 218, clone #1)
14:20:26.718 [main] INFO  - 87%: Generating PDG for method "testForceDeleteAFile1" in "org.apache.commons.io.FileUtilsTestCase"
14:20:26.733 [main] INFO  - 87%: Reading information from row 139 (Clone group ID 218, clone #2)
14:20:26.734 [main] INFO  - 87%: Generating PDG for method "testForceDeleteAFile2" in "org.apache.commons.io.FileUtilsTestCase"
14:20:26.735 [main] INFO  - 87%: Analyzing Clone #69 (Group 218, Pair 1-2): org.apache.commons.io.FileUtilsTestCase#testForceDeleteAFile1 (row 138) and org.apache.commons.io.FileUtilsTestCase#testForceDeleteAFile2 (row 139)
14:20:26.771 [main] INFO  - CDT 1 depth = 0, CDT 2 depth = 0
14:20:26.772 [main] INFO  - CDT 1 leaves = 1, CDT 2 leaves = 1
14:20:26.775 [main] INFO  - start to refactor clone pair
14:20:26.776 [main] INFO  - 89%: Reading information from row 140 (Clone group ID 219, clone #1)
14:20:26.787 [main] INFO  - 89%: Generating PDG for method "testFilterAndLimitD" in "org.apache.commons.io.DirectoryWalkerTestCaseJava4"
14:20:26.788 [main] INFO  - 89%: Reading information from row 141 (Clone group ID 219, clone #2)
14:20:26.788 [main] INFO  - 89%: Generating PDG for method "testFilterDirAndFile3" in "org.apache.commons.io.DirectoryWalkerTestCaseJava4"
14:20:26.788 [main] INFO  - 89%: Analyzing Clone #70 (Group 219, Pair 1-2): org.apache.commons.io.DirectoryWalkerTestCaseJava4#testFilterAndLimitD (row 140) and org.apache.commons.io.DirectoryWalkerTestCaseJava4#testFilterDirAndFile3 (row 141)
14:20:26.797 [main] INFO  - CDT 1 depth = 0, CDT 2 depth = 0
14:20:26.797 [main] INFO  - CDT 1 leaves = 1, CDT 2 leaves = 1
14:20:26.800 [main] INFO  - start to refactor clone pair
14:20:26.800 [main] ERROR - CloneStructure has PDG gap node.
14:20:26.800 [main] INFO  - 90%: Reading information from row 142 (Clone group ID 227, clone #1)
14:20:26.805 [main] INFO  - 90%: Generating PDG for method "testReadSwappedShort" in "org.apache.commons.io.EndianUtilsTest"
14:20:26.812 [main] INFO  - 90%: Reading information from row 143 (Clone group ID 227, clone #2)
14:20:26.812 [main] INFO  - 90%: Generating PDG for method "testReadSwappedUnsignedShort" in "org.apache.commons.io.EndianUtilsTest"
14:20:26.812 [main] INFO  - 90%: Analyzing Clone #71 (Group 227, Pair 1-2): org.apache.commons.io.EndianUtilsTest#testReadSwappedShort (row 142) and org.apache.commons.io.EndianUtilsTest#testReadSwappedUnsignedShort (row 143)
14:20:26.817 [main] INFO  - CDT 1 depth = 0, CDT 2 depth = 0
14:20:26.817 [main] INFO  - CDT 1 leaves = 1, CDT 2 leaves = 1
14:20:26.825 [main] INFO  - start to refactor clone pair
14:20:26.826 [main] INFO  - 91%: Reading information from row 144 (Clone group ID 229, clone #1)
14:20:26.837 [main] INFO  - 91%: Generating PDG for method "skipReturnValueWithBom" in "org.apache.commons.io.input.BOMInputStreamTest"
14:20:26.852 [main] INFO  - 91%: Reading information from row 145 (Clone group ID 229, clone #2)
14:20:26.853 [main] INFO  - 91%: Generating PDG for method "skipReturnValueWithoutBom" in "org.apache.commons.io.input.BOMInputStreamTest"
14:20:26.853 [main] INFO  - 91%: Analyzing Clone #72 (Group 229, Pair 1-2): org.apache.commons.io.input.BOMInputStreamTest#skipReturnValueWithBom (row 144) and org.apache.commons.io.input.BOMInputStreamTest#skipReturnValueWithoutBom (row 145)
14:20:26.864 [main] INFO  - CDT 1 depth = 0, CDT 2 depth = 0
14:20:26.864 [main] INFO  - CDT 1 leaves = 1, CDT 2 leaves = 1
14:20:26.867 [main] INFO  - start to refactor clone pair
14:20:26.868 [main] INFO  - continue to resolve inner expression diff without creating new adapter action
14:20:26.868 [main] INFO  - continue to resolve inner expression diff without creating new adapter action
14:20:26.868 [main] INFO  - continue to resolve inner expression diff without creating new adapter action
14:20:26.868 [main] INFO  - 92%: Reading information from row 146 (Clone group ID 233, clone #1)
14:20:26.871 [main] INFO  - 92%: Generating PDG for method "shortReader" in "org.apache.commons.io.input.BoundedReaderTest"
14:20:26.873 [main] INFO  - 92%: Reading information from row 147 (Clone group ID 233, clone #2)
14:20:26.873 [main] INFO  - 92%: Generating PDG for method "skipTest" in "org.apache.commons.io.input.BoundedReaderTest"
14:20:26.874 [main] INFO  - 92%: Analyzing Clone #73 (Group 233, Pair 1-2): org.apache.commons.io.input.BoundedReaderTest#shortReader (row 146) and org.apache.commons.io.input.BoundedReaderTest#skipTest (row 147)
14:20:26.877 [main] INFO  - CDT 1 depth = 0, CDT 2 depth = 0
14:20:26.877 [main] INFO  - CDT 1 leaves = 1, CDT 2 leaves = 1
14:20:26.878 [main] INFO  - start to refactor clone pair
14:20:26.879 [main] ERROR - CloneStructure has PDG gap node.
14:20:26.879 [main] INFO  - 94%: Reading information from row 148 (Clone group ID 236, clone #1)
14:20:26.890 [main] INFO  - 94%: Generating PDG for method "testAvailableWithBOM" in "org.apache.commons.io.input.BOMInputStreamTest"
14:20:26.897 [main] INFO  - 94%: Reading information from row 149 (Clone group ID 236, clone #2)
14:20:26.897 [main] INFO  - 94%: Generating PDG for method "testAvailableWithoutBOM" in "org.apache.commons.io.input.BOMInputStreamTest"
14:20:26.898 [main] INFO  - 94%: Analyzing Clone #74 (Group 236, Pair 1-2): org.apache.commons.io.input.BOMInputStreamTest#testAvailableWithBOM (row 148) and org.apache.commons.io.input.BOMInputStreamTest#testAvailableWithoutBOM (row 149)
14:20:26.908 [main] INFO  - CDT 1 depth = 0, CDT 2 depth = 0
14:20:26.908 [main] INFO  - CDT 1 leaves = 1, CDT 2 leaves = 1
14:20:26.910 [main] INFO  - start to refactor clone pair
14:20:26.910 [main] INFO  - 95%: Reading information from row 150 (Clone group ID 242, clone #1)
14:20:26.915 [main] INFO  - 95%: Generating PDG for method "testSwapFloat" in "org.apache.commons.io.EndianUtilsTest"
14:20:26.923 [main] INFO  - 95%: Reading information from row 151 (Clone group ID 242, clone #2)
14:20:26.923 [main] INFO  - 95%: Generating PDG for method "testSwapDouble" in "org.apache.commons.io.EndianUtilsTest"
14:20:26.923 [main] INFO  - 95%: Analyzing Clone #75 (Group 242, Pair 1-2): org.apache.commons.io.EndianUtilsTest#testSwapFloat (row 150) and org.apache.commons.io.EndianUtilsTest#testSwapDouble (row 151)
14:20:26.928 [main] INFO  - CDT 1 depth = 0, CDT 2 depth = 0
14:20:26.928 [main] INFO  - CDT 1 leaves = 1, CDT 2 leaves = 1
14:20:26.937 [main] INFO  - start to refactor clone pair
14:20:26.937 [main] ERROR - CloneStructure has PDG gap node.
14:20:26.937 [main] INFO  - 96%: Reading information from row 152 (Clone group ID 246, clone #1)
14:20:26.960 [main] INFO  - 96%: Generating PDG for method "testToString_URI" in "org.apache.commons.io.IOUtilsTestCase"
14:20:26.980 [main] INFO  - 96%: Reading information from row 153 (Clone group ID 246, clone #2)
14:20:26.981 [main] INFO  - 96%: Generating PDG for method "testToString_URL" in "org.apache.commons.io.IOUtilsTestCase"
14:20:26.983 [main] INFO  - 96%: Analyzing Clone #76 (Group 246, Pair 1-2): org.apache.commons.io.IOUtilsTestCase#testToString_URI (row 152) and org.apache.commons.io.IOUtilsTestCase#testToString_URL (row 153)
14:20:27.007 [main] INFO  - CDT 1 depth = 0, CDT 2 depth = 0
14:20:27.007 [main] INFO  - CDT 1 leaves = 1, CDT 2 leaves = 1
14:20:27.008 [main] INFO  - start to refactor clone pair
14:20:27.008 [main] ERROR - CloneStructure has PDG gap node.
14:20:27.009 [main] INFO  - 97%: Reading information from row 154 (Clone group ID 250, clone #1)
14:20:27.014 [main] INFO  - 97%: Generating PDG for method "testComparator" in "org.apache.commons.io.comparator.ComparatorAbstractTestCase"
14:20:27.014 [main] INFO  - 97%: Reading information from row 155 (Clone group ID 250, clone #2)
14:20:27.014 [main] INFO  - 97%: Generating PDG for method "testReverseComparator" in "org.apache.commons.io.comparator.ComparatorAbstractTestCase"
14:20:27.015 [main] INFO  - 97%: Analyzing Clone #77 (Group 250, Pair 1-2): org.apache.commons.io.comparator.ComparatorAbstractTestCase#testComparator (row 154) and org.apache.commons.io.comparator.ComparatorAbstractTestCase#testReverseComparator (row 155)
14:20:27.020 [main] INFO  - CDT 1 depth = 0, CDT 2 depth = 0
14:20:27.020 [main] INFO  - CDT 1 leaves = 1, CDT 2 leaves = 1
14:20:27.022 [main] INFO  - start to refactor clone pair
14:20:27.022 [main] INFO  - Skip refactoring field level SimpleName node pair: comparator, reverse
14:20:27.023 [main] INFO  - Skip refactoring field level SimpleName node pair: lessFile, moreFile
14:20:27.023 [main] INFO  - Skip refactoring field level SimpleName node pair: moreFile, lessFile
14:20:27.023 [main] INFO  - Skip refactoring field level SimpleName node pair: comparator, reverse
14:20:27.023 [main] INFO  - Skip refactoring field level SimpleName node pair: moreFile, lessFile
14:20:27.023 [main] INFO  - Skip refactoring field level SimpleName node pair: lessFile, moreFile
14:20:27.023 [main] INFO  - Skip refactoring field level SimpleName node pair: comparator, reverse
14:20:27.023 [main] INFO  - 99%: Reading information from row 156 (Clone group ID 257, clone #1)
14:20:27.030 [main] INFO  - 99%: Generating PDG for method "test_getName" in "org.apache.commons.io.IOCaseTestCase"
14:20:27.031 [main] INFO  - 99%: Reading information from row 157 (Clone group ID 257, clone #2)
14:20:27.031 [main] INFO  - 99%: Generating PDG for method "test_toString" in "org.apache.commons.io.IOCaseTestCase"
14:20:27.031 [main] INFO  - 99%: Analyzing Clone #78 (Group 257, Pair 1-2): org.apache.commons.io.IOCaseTestCase#test_getName (row 156) and org.apache.commons.io.IOCaseTestCase#test_toString (row 157)
14:20:27.039 [main] INFO  - CDT 1 depth = 0, CDT 2 depth = 0
14:20:27.039 [main] INFO  - CDT 1 leaves = 1, CDT 2 leaves = 1
14:20:27.041 [main] INFO  - start to refactor clone pair
14:20:27.463 [main] INFO  - Applying changes to source files
14:20:27.463 [main] INFO  - refactoring 38 clone method pairs.
14:20:27.463 [main] INFO  - skipping 31 clone method pairs:
14:20:27.463 [main] INFO  - 	0 not test cases
14:20:27.463 [main] INFO  - 	12 containing gap nodes (type3)
14:20:27.463 [main] INFO  - 	18 not refactorable
14:20:27.463 [main] INFO  - 	1 repeated naming
14:20:27.463 [main] INFO  - 	2 access issues
14:20:27.463 [main] INFO  - 	 *org.apache.commons.io.input.CountingInputStreamTest: void testZeroLength2() <---> org.apache.commons.io.input.CountingInputStreamTest: void testEOF2()
14:20:27.463 [main] INFO  - 	  org.apache.commons.io.input.CountingInputStreamTest: void testZeroLength3() <---> org.apache.commons.io.input.CountingInputStreamTest: void testEOF3()
14:20:27.463 [main] INFO  - type1 count: 2
14:20:27.463 [main] INFO  - type2 count: 67
14:20:27.463 [main] INFO  - type3 count: 8
14:20:27.464 [main] INFO  - effective refactoring ratio: 38/56 = 67.9%
14:20:27.464 [main] INFO  - refactoring method pair: org.apache.commons.io.filefilter.FileFilterTestCase.java#testMakeCVSAware <---> org.apache.commons.io.filefilter.FileFilterTestCase.java#testMakeSVNAware
14:20:28.753 [main] INFO  - refactoring method pair: org.apache.commons.io.FileUtilsTestCase.java#testMoveFileToDirectory_Errors <---> org.apache.commons.io.FileUtilsTestCase.java#testMoveDirectoryToDirectory_Errors
14:20:29.039 [main] INFO  - refactoring method pair: org.apache.commons.io.filefilter.FileFilterTestCase.java#testMakeDirectoryOnly <---> org.apache.commons.io.filefilter.FileFilterTestCase.java#testMakeFileOnly
14:20:29.182 [main] INFO  - refactoring method pair: org.apache.commons.io.FilenameUtilsTestCase.java#testGetFullPath <---> org.apache.commons.io.FilenameUtilsTestCase.java#testGetFullPathNoEndSeparator
14:20:29.321 [main] INFO  - refactoring method pair: org.apache.commons.io.input.BOMInputStreamTest.java#testReadWithBOMUtf32Be <---> org.apache.commons.io.input.BOMInputStreamTest.java#testReadWithBOMUtf32Le
14:20:29.442 [main] INFO  - refactoring method pair: org.apache.commons.io.input.BOMInputStreamTest.java#testReadWithBOMUtf16Be <---> org.apache.commons.io.input.BOMInputStreamTest.java#testReadWithBOMUtf16Le
14:20:29.534 [main] INFO  - refactoring method pair: org.apache.commons.io.input.NullInputStreamTest.java#testMarkNotSupported <---> org.apache.commons.io.input.NullReaderTest.java#testMarkNotSupported
14:20:29.598 [main] INFO  - refactoring method pair: org.apache.commons.io.output.DeferredFileOutputStreamTest.java#testBelowThreshold <---> org.apache.commons.io.output.DeferredFileOutputStreamTest.java#testAtThreshold
14:20:29.638 [main] INFO  - refactoring method pair: org.apache.commons.io.input.NullInputStreamTest.java#testSkip <---> org.apache.commons.io.input.NullReaderTest.java#testSkip
14:20:29.700 [main] INFO  - refactoring method pair: org.apache.commons.io.FileSystemUtilsTestCase.java#testGetFreeSpaceWindows_String_NormalResponse <---> org.apache.commons.io.FileSystemUtilsTestCase.java#testGetFreeSpaceWindows_String_StripDrive
14:20:29.748 [main] INFO  - refactoring method pair: org.apache.commons.io.DemuxTestCase.java#testOutputStream <---> org.apache.commons.io.DemuxTestCase.java#testInputStream
14:20:29.814 [main] INFO  - refactoring method pair: org.apache.commons.io.input.BOMInputStreamTest.java#testGetBOMFirstThenReadInclude <---> org.apache.commons.io.input.BOMInputStreamTest.java#testReadWithBOMInclude
14:20:29.864 [main] INFO  - refactoring method pair: org.apache.commons.io.FilenameUtilsTestCase.java#testGetExtension <---> org.apache.commons.io.FilenameUtilsTestCase.java#testRemoveExtension
14:20:29.991 [main] INFO  - refactoring method pair: org.apache.commons.io.input.BoundedReaderTest.java#readMulti <---> org.apache.commons.io.input.BoundedReaderTest.java#readMultiWithOffset
14:20:30.024 [main] INFO  - refactoring method pair: org.apache.commons.io.FileUtilsTestCase.java#testWriteLines_5argsWithAppendOptionTrue_ShouldNotDeletePreviousFileLines <---> org.apache.commons.io.FileUtilsTestCase.java#testWriteLines_5argsWithAppendOptionFalse_ShouldDeletePreviousFileLines
14:20:30.136 [main] INFO  - refactoring method pair: org.apache.commons.io.FileUtilsTestCase.java#testWriteLines_3argsWithAppendOptionTrue_ShouldNotDeletePreviousFileLines <---> org.apache.commons.io.FileUtilsTestCase.java#testWriteLines_3argsWithAppendOptionFalse_ShouldDeletePreviousFileLines
14:20:30.277 [main] INFO  - refactoring method pair: org.apache.commons.io.input.BOMInputStreamTest.java#testMarkResetBeforeReadWithBOM <---> org.apache.commons.io.input.BOMInputStreamTest.java#testMarkResetBeforeReadWithoutBOM
14:20:30.328 [main] INFO  - refactoring method pair: org.apache.commons.io.input.BoundedReaderTest.java#markReset <---> org.apache.commons.io.input.BoundedReaderTest.java#markResetMarkMore
14:20:30.359 [main] INFO  - refactoring method pair: org.apache.commons.io.input.XmlStreamReaderUtilitiesTest.java#testCalculateRawEncodingAdditonalUTF16 <---> org.apache.commons.io.input.XmlStreamReaderUtilitiesTest.java#testCalculateRawEncodingAdditonalUTF32
14:20:30.411 [main] INFO  - refactoring method pair: org.apache.commons.io.input.NullInputStreamTest.java#testEOFException <---> org.apache.commons.io.input.NullReaderTest.java#testEOFException
14:20:30.468 [main] INFO  - refactoring method pair: org.apache.commons.io.IOUtilsWriteTestCase.java#testWrite_byteArrayToWriter_nullData <---> org.apache.commons.io.IOUtilsWriteTestCase.java#testWrite_charArrayToWriter_Encoding_nullData
14:20:30.519 [main] INFO  - refactoring method pair: org.apache.commons.io.filefilter.FileFilterTestCase.java#testFilterList_fromArray <---> org.apache.commons.io.filefilter.FileFilterTestCase.java#testFilterSet_fromArray
14:20:30.646 [main] INFO  - refactoring method pair: org.apache.commons.io.input.CountingInputStreamTest.java#testZeroLength2 <---> org.apache.commons.io.input.CountingInputStreamTest.java#testEOF2
14:20:30.682 [main] INFO  - refactoring method pair: org.apache.commons.io.output.TeeOutputStreamTest.java#testCloseBranchIOException <---> org.apache.commons.io.output.TeeOutputStreamTest.java#testCloseMainIOException
14:20:30.729 [main] INFO  - refactoring method pair: org.apache.commons.io.FilenameUtilsTestCase.java#testNormalizeUnixWin <---> org.apache.commons.io.FilenameUtilsTestCase.java#testNormalizeNoEndSeparatorUnixWin
14:20:30.850 [main] INFO  - refactoring method pair: org.apache.commons.io.input.BoundedReaderTest.java#markResetWithMarkOutsideBoundedReaderMax <---> org.apache.commons.io.input.BoundedReaderTest.java#markResetWithMarkOutsideBoundedReaderMaxAndInitialOffset
14:20:30.881 [main] INFO  - refactoring method pair: org.apache.commons.io.input.BOMInputStreamTest.java#testSmallBufferWithBOM <---> org.apache.commons.io.input.BOMInputStreamTest.java#testSmallBufferWithoutBOM
14:20:30.939 [main] INFO  - refactoring method pair: org.apache.commons.io.input.BOMInputStreamTest.java#testLargeBufferWithBOM <---> org.apache.commons.io.input.BOMInputStreamTest.java#testLargeBufferWithoutBOM
14:20:30.991 [main] INFO  - refactoring method pair: org.apache.commons.io.input.BOMInputStreamTest.java#testSkipWithBOM <---> org.apache.commons.io.input.BOMInputStreamTest.java#testSkipWithoutBOM
14:20:31.038 [main] INFO  - refactoring method pair: org.apache.commons.io.filefilter.FileFilterTestCase.java#testTrue <---> org.apache.commons.io.filefilter.FileFilterTestCase.java#testFalse
14:20:31.169 [main] INFO  - refactoring method pair: org.apache.commons.io.EndianUtilsTest.java#testReadSwappedInteger <---> org.apache.commons.io.EndianUtilsTest.java#testReadSwappedUnsignedInteger
14:20:31.226 [main] INFO  - refactoring method pair: org.apache.commons.io.input.BOMInputStreamTest.java#testEmptyBufferWithBOM <---> org.apache.commons.io.input.BOMInputStreamTest.java#testEmptyBufferWithoutBOM
14:20:31.275 [main] INFO  - refactoring method pair: org.apache.commons.io.FileUtilsTestCase.java#testForceDeleteAFile1 <---> org.apache.commons.io.FileUtilsTestCase.java#testForceDeleteAFile2
14:20:31.380 [main] INFO  - refactoring method pair: org.apache.commons.io.EndianUtilsTest.java#testReadSwappedShort <---> org.apache.commons.io.EndianUtilsTest.java#testReadSwappedUnsignedShort
14:20:31.438 [main] INFO  - refactoring method pair: org.apache.commons.io.input.BOMInputStreamTest.java#skipReturnValueWithBom <---> org.apache.commons.io.input.BOMInputStreamTest.java#skipReturnValueWithoutBom
14:20:31.487 [main] INFO  - refactoring method pair: org.apache.commons.io.input.BOMInputStreamTest.java#testAvailableWithBOM <---> org.apache.commons.io.input.BOMInputStreamTest.java#testAvailableWithoutBOM
14:20:31.536 [main] INFO  - refactoring method pair: org.apache.commons.io.comparator.ComparatorAbstractTestCase.java#testComparator <---> org.apache.commons.io.comparator.ComparatorAbstractTestCase.java#testReverseComparator
14:20:31.620 [main] INFO  - refactoring method pair: org.apache.commons.io.IOCaseTestCase.java#test_getName <---> org.apache.commons.io.IOCaseTestCase.java#test_toString
14:20:31.680 [main] INFO  - Finished testing refactorabiliy of clones in /home/daveroar/Graduation_Studies/ThesisWork/JRefactoring/JRefactoring-Template/results/commons-io-2.5/commons-io-2.5-deckard-selected.xls, output file: /home/daveroar/Graduation_Studies/ThesisWork/JRefactoring/JRefactoring-Template/results/commons-io-2.5/commons-io-2.5-deckard-selected-analyzed.xls
